2024-11-02 16:51:28,909 training config:{'data': {'input_type': '',
          'max_rul': 125,
          'num_worker': 4,
          'root': './data',
          'seq_len': 30,
          'set': 'FD004',
          'test_id': 0},
 'dist_backend': 'nccl',
 'dist_url': 'tcp://224.66.41.62:23456',
 'distributed': False,
 'gpu': '0',
 'multiprocessing_distributed': False,
 'net': {'aux_dim': 4,
         'hand_craft': False,
         'hand_dim': 28,
         'input_dim': 14,
         'name': 'bilstm_clip',
         'num_hidden': 18},
 'output_pt': '/home/qchenax/astar/rul_prompt/output/clip/FD004',
 'rank': -1,
 'save_frequency': 1,
 'seed': 5000,
 'task': 't1',
 'test': {'model_name': 'exp_202110121100_cnn_pe_ep-0050.pth',
          'model_path': './output/basic/FD004'},
 'train': {'batch_size': 128,
           'callback_freq': 50,
           'end_epoch': 160,
           'fine_tune': True,
           'lr': 0.001,
           'lr_epoch': [50, 100],
           'lr_factor': 0.1,
           'lr_mult': 0.2,
           'optimizer': 'adam',
           'resume_epoch': 0,
           'warmup_iters': 0},
 'world_size': -1}

2024-11-02 16:51:29,250 CMPDataIter:: iterator initialized (train dataset: 'FD004', shape: (61249, 26))
2024-11-02 16:51:29,251 CMPDataIter:: iterator initialized (test dataset: 'FD004', shape: (41214, 26))
2024-11-02 16:51:29,417 CMPDataIter:: iterator initialized (train engine number: 249)
2024-11-02 16:51:29,540 CMPDataIter:: iterator initialized (test engine number: 248)
2024-11-02 16:51:29,586 CMPDataIter:: data includes multi operating conditions
2024-11-02 16:51:29,792 CMPDataIter:: iterator initialized (train data shape: 54028)
2024-11-02 16:51:29,792 CMPDataIter:: iterator initialized (train operation shape: 54028)
2024-11-02 16:51:29,792 CMPDataIter:: iterator initialized (train label shape: 54028)
2024-11-02 16:51:29,792 CMPDataIter:: iterator initialized (test data shape: 248)
2024-11-02 16:51:29,792 CMPDataIter:: iterator initialized (test operation shape: 248)
2024-11-02 16:51:29,792 CMPDataIter:: iterator initialized (test label shape: 248)
2024-11-02 16:51:29,849 CMPDataIter:: initialize the dataset
2024-11-02 16:51:31,292 Train-Epoch[0/160]Batch[0]	Speed 145.8 (+401.7) sample/sec 	RMSE = 75.21952, RULscore = 133102.98955, CLIP_Loss = 1.08964 	
2024-11-02 16:51:32,599 Train-Epoch[0/160]Batch[50]	Speed 4897.5 (+28.9) sample/sec 	RMSE = 61.00108, RULscore = 5476803.04889, CLIP_Loss = 1.09277 	
2024-11-02 16:51:33,847 Train-Epoch[0/160]Batch[100]	Speed 5128.8 (+30.7) sample/sec 	RMSE = 56.37807, RULscore = 8536013.67658, CLIP_Loss = 1.09418 	
2024-11-02 16:51:35,066 Train-Epoch[0/160]Batch[150]	Speed 5249.8 (+33.9) sample/sec 	RMSE = 53.42008, RULscore = 10043690.03443, CLIP_Loss = 1.09208 	
2024-11-02 16:51:36,319 Train-Epoch[0/160]Batch[200]	Speed 5105.1 (+34.4) sample/sec 	RMSE = 53.93823, RULscore = 20023070.54897, CLIP_Loss = 1.09205 	
2024-11-02 16:51:37,499 Train-Epoch[0/160]Batch[250]	Speed 5426.9 (+34.1) sample/sec 	RMSE = 52.45683, RULscore = 23401898.56820, CLIP_Loss = 1.08584 	
2024-11-02 16:51:38,577 Train-Epoch[0/160]Batch[300]	Speed 5933.9 (+39.9) sample/sec 	RMSE = 49.98871, RULscore = 24631489.92640, CLIP_Loss = 1.08039 	
2024-11-02 16:51:39,487 Train-Epoch[0/160]Batch[339]	Speed 5268.1 (+36.8) sample/sec 	RMSE = 48.20596, RULscore = 24967548.74291, CLIP_Loss = 1.07582 	
2024-11-02 16:51:39,549 Test-Epoch[0/160]Batch[0]	Speed 1011.2 (+882.6) sample/sec 	RMSE = 34.42425, RULscore = 1551.73238, CLIP_Loss = 1.42033 	
2024-11-02 16:51:39,584 Test-Epoch[0/160]Batch[3]	Speed 6606.2 (+539.0) sample/sec 	RMSE = 34.74107, RULscore = 6066.12423, CLIP_Loss = 1.36939 	
2024-11-02 16:51:39,585 Test-Epoch[0/160]Batch[3]	RMSE = 34.74107, RULscore = 6066.12423, CLIP_Loss = 1.36939 	
2024-11-02 16:51:39,585 Final_Epoch [0]   time cost: 9.17 sec (0.00 h)
2024-11-02 16:51:39,585 Train_RMSE = 48.20596, Train_RULscore = 24967548.74291, Train_CLIP_Loss = 1.07582, Test_RMSE = 34.74107, Test_RULscore = 6066.12423, Test_CLIP_Loss = 1.36939, Train_RMSE_cor = 48.20596, Train_RULscore_min = 24967548.74291, Test_RMSE_cor = 34.74107, Test_RULscore_min = 6066.12423, Model_ID = 1.00000 	
2024-11-02 16:51:39,593 Checkpoint (model & optimizer) saved to: /home/qchenax/astar/rul_prompt/output/clip/FD004/exp_202411021651_bilstm_clip_ep-0001.pth
2024-11-02 16:51:39,698 Train-Epoch[1/160]Batch[0]	Speed 1298.9 (+1106.6) sample/sec 	RMSE = 28.80145, RULscore = 4705.61921, CLIP_Loss = 1.01238 	
