2024-11-01 20:54:54,565 training config:{'data': {'input_type': '',
          'max_rul': 125,
          'num_worker': 4,
          'root': './data',
          'seq_len': 30,
          'set': 'FD004',
          'test_id': 0},
 'dist_backend': 'nccl',
 'dist_url': 'tcp://224.66.41.62:23456',
 'distributed': False,
 'gpu': '0',
 'multiprocessing_distributed': False,
 'net': {'aux_dim': 4,
         'hand_craft': False,
         'hand_dim': 28,
         'input_dim': 14,
         'name': 'bilstm_clip',
         'num_hidden': 18},
 'output_pt': '/home/qchenax/astar/rul_prompt/output/clip/FD004',
 'rank': -1,
 'save_frequency': 1,
 'seed': 3000,
 'task': 't1',
 'test': {'model_name': 'exp_202110121100_cnn_pe_ep-0050.pth',
          'model_path': './output/basic/FD004'},
 'train': {'batch_size': 128,
           'callback_freq': 50,
           'end_epoch': 160,
           'fine_tune': True,
           'lr': 0.001,
           'lr_epoch': [1000],
           'lr_factor': 0.1,
           'lr_mult': 0.2,
           'optimizer': 'adam',
           'resume_epoch': 0,
           'warmup_iters': 0},
 'world_size': -1}

2024-11-01 20:54:54,921 CMPDataIter:: iterator initialized (train dataset: 'FD004', shape: (61249, 26))
2024-11-01 20:54:54,921 CMPDataIter:: iterator initialized (test dataset: 'FD004', shape: (41214, 26))
2024-11-01 20:54:55,093 CMPDataIter:: iterator initialized (train engine number: 249)
2024-11-01 20:54:55,212 CMPDataIter:: iterator initialized (test engine number: 248)
2024-11-01 20:54:55,255 CMPDataIter:: data includes multi operating conditions
2024-11-01 20:54:55,462 CMPDataIter:: iterator initialized (train data shape: 54028)
2024-11-01 20:54:55,462 CMPDataIter:: iterator initialized (train operation shape: 54028)
2024-11-01 20:54:55,462 CMPDataIter:: iterator initialized (train label shape: 54028)
2024-11-01 20:54:55,462 CMPDataIter:: iterator initialized (test data shape: 248)
2024-11-01 20:54:55,462 CMPDataIter:: iterator initialized (test operation shape: 248)
2024-11-01 20:54:55,462 CMPDataIter:: iterator initialized (test label shape: 248)
2024-11-01 20:54:55,517 CMPDataIter:: initialize the dataset
2024-11-01 20:54:56,782 Train-Epoch[0/160]Batch[0]	Speed 150.7 (+426.8) sample/sec 	RMSE = 76.29220, RULscore = 149796.63019, CLIP_Loss = 1.09844 	
2024-11-01 20:54:57,961 Train-Epoch[0/160]Batch[50]	Speed 5426.5 (+36.7) sample/sec 	RMSE = 56.76651, RULscore = 13934517.70075, CLIP_Loss = 1.09253 	
2024-11-01 20:54:59,100 Train-Epoch[0/160]Batch[100]	Speed 5623.8 (+39.6) sample/sec 	RMSE = 51.22084, RULscore = 17412498.68512, CLIP_Loss = 1.08761 	
2024-11-01 20:55:00,210 Train-Epoch[0/160]Batch[150]	Speed 5762.7 (+38.4) sample/sec 	RMSE = 46.89586, RULscore = 18405867.20904, CLIP_Loss = 1.08201 	
2024-11-01 20:55:01,407 Train-Epoch[0/160]Batch[200]	Speed 5348.3 (+32.3) sample/sec 	RMSE = 43.98761, RULscore = 18896452.68461, CLIP_Loss = 1.07723 	
2024-11-01 20:55:02,556 Train-Epoch[0/160]Batch[250]	Speed 5569.4 (+35.4) sample/sec 	RMSE = 41.56122, RULscore = 19228462.05907, CLIP_Loss = 1.07384 	
2024-11-01 20:55:03,733 Train-Epoch[0/160]Batch[300]	Speed 5436.6 (+33.5) sample/sec 	RMSE = 39.90060, RULscore = 19575156.37665, CLIP_Loss = 1.06726 	
2024-11-01 20:55:04,603 Train-Epoch[0/160]Batch[339]	Speed 5486.7 (+38.0) sample/sec 	RMSE = 38.80558, RULscore = 19740440.53634, CLIP_Loss = 1.06311 	
2024-11-01 20:55:04,656 Test-Epoch[0/160]Batch[0]	Speed 1198.7 (+1919.1) sample/sec 	RMSE = 31.07633, RULscore = 1013.73961, CLIP_Loss = 1.41238 	
2024-11-01 20:55:04,696 Test-Epoch[0/160]Batch[3]	Speed 5597.4 (+285.5) sample/sec 	RMSE = 31.52337, RULscore = 4432.73305, CLIP_Loss = 1.36011 	
2024-11-01 20:55:04,696 Test-Epoch[0/160]Batch[3]	RMSE = 31.52337, RULscore = 4432.73305, CLIP_Loss = 1.36011 	
2024-11-01 20:55:04,696 Final_Epoch [0]   time cost: 8.77 sec (0.00 h)
2024-11-01 20:55:04,696 Train_RMSE = 38.80558, Train_RULscore = 19740440.53634, Train_CLIP_Loss = 1.06311, Test_RMSE = 31.52337, Test_RULscore = 4432.73305, Test_CLIP_Loss = 1.36011, Train_RMSE_cor = 38.80558, Train_RULscore_min = 19740440.53634, Test_RMSE_cor = 31.52337, Test_RULscore_min = 4432.73305, Model_ID = 1.00000 	
2024-11-01 20:55:04,702 Checkpoint (model & optimizer) saved to: /home/qchenax/astar/rul_prompt/output/clip/FD004/exp_202411012054_bilstm_clip_ep-0001.pth
2024-11-01 20:55:04,782 Train-Epoch[1/160]Batch[0]	Speed 1746.0 (+2355.0) sample/sec 	RMSE = 23.39605, RULscore = 2989.53819, CLIP_Loss = 1.01540 	
2024-11-01 20:55:06,140 Train-Epoch[1/160]Batch[50]	Speed 4710.3 (+41.3) sample/sec 	RMSE = 26.00906, RULscore = 290634.13334, CLIP_Loss = 1.04882 	
2024-11-01 20:55:07,365 Train-Epoch[1/160]Batch[100]	Speed 5223.4 (+31.6) sample/sec 	RMSE = 25.91561, RULscore = 565273.01698, CLIP_Loss = 1.04645 	
2024-11-01 20:55:08,518 Train-Epoch[1/160]Batch[150]	Speed 5555.4 (+34.7) sample/sec 	RMSE = 25.56013, RULscore = 790185.12989, CLIP_Loss = 1.04237 	
2024-11-01 20:55:09,673 Train-Epoch[1/160]Batch[200]	Speed 5539.1 (+34.1) sample/sec 	RMSE = 25.58479, RULscore = 1028330.46065, CLIP_Loss = 1.04573 	
2024-11-01 20:55:10,836 Train-Epoch[1/160]Batch[250]	Speed 5504.6 (+32.2) sample/sec 	RMSE = 25.36305, RULscore = 1261006.51272, CLIP_Loss = 1.04521 	
2024-11-01 20:55:12,096 Train-Epoch[1/160]Batch[300]	Speed 5077.9 (+29.0) sample/sec 	RMSE = 25.67226, RULscore = 1475688.95423, CLIP_Loss = 1.04245 	
2024-11-01 20:55:13,024 Train-Epoch[1/160]Batch[339]	Speed 5192.6 (+32.7) sample/sec 	RMSE = 25.71823, RULscore = 1596901.64248, CLIP_Loss = 1.03916 	
2024-11-01 20:55:13,073 Test-Epoch[1/160]Batch[0]	Speed 1301.7 (+2681.5) sample/sec 	RMSE = 31.56784, RULscore = 1063.15976, CLIP_Loss = 1.40945 	
2024-11-01 20:55:13,103 Test-Epoch[1/160]Batch[3]	Speed 7296.8 (+708.1) sample/sec 	RMSE = 32.38605, RULscore = 4676.10877, CLIP_Loss = 1.35485 	
2024-11-01 20:55:13,103 Test-Epoch[1/160]Batch[3]	RMSE = 32.38605, RULscore = 4676.10877, CLIP_Loss = 1.35485 	
2024-11-01 20:55:13,103 Final_Epoch [1]   time cost: 8.40 sec (0.00 h)
2024-11-01 20:55:13,103 Train_RMSE = 25.71823, Train_RULscore = 1596901.64248, Train_CLIP_Loss = 1.03916, Test_RMSE = 32.38605, Test_RULscore = 4676.10877, Test_CLIP_Loss = 1.35485, Train_RMSE_cor = 25.71823, Train_RULscore_min = 1596901.64248, Test_RMSE_cor = 31.52337, Test_RULscore_min = 4432.73305, Model_ID = 1.00000 	
2024-11-01 20:55:13,109 Checkpoint (model & optimizer) saved to: /home/qchenax/astar/rul_prompt/output/clip/FD004/exp_202411012054_bilstm_clip_ep-0002.pth
2024-11-01 20:55:13,207 Train-Epoch[2/160]Batch[0]	Speed 1397.7 (+2060.7) sample/sec 	RMSE = 21.39820, RULscore = 1654.31264, CLIP_Loss = 1.00379 	
2024-11-01 20:55:14,510 Train-Epoch[2/160]Batch[50]	Speed 4909.0 (+28.3) sample/sec 	RMSE = 25.00327, RULscore = 177490.52666, CLIP_Loss = 1.03381 	
2024-11-01 20:55:15,774 Train-Epoch[2/160]Batch[100]	Speed 5063.8 (+28.9) sample/sec 	RMSE = 24.72883, RULscore = 408486.23218, CLIP_Loss = 1.02954 	
2024-11-01 20:55:17,129 Train-Epoch[2/160]Batch[150]	Speed 4723.0 (+26.9) sample/sec 	RMSE = 24.45572, RULscore = 645972.60570, CLIP_Loss = 1.02982 	
2024-11-01 20:55:18,617 Train-Epoch[2/160]Batch[200]	Speed 4300.4 (+27.3) sample/sec 	RMSE = 24.47775, RULscore = 803717.51770, CLIP_Loss = 1.03269 	
2024-11-01 20:55:19,967 Train-Epoch[2/160]Batch[250]	Speed 4741.1 (+33.4) sample/sec 	RMSE = 24.25968, RULscore = 1001882.25720, CLIP_Loss = 1.03213 	
2024-11-01 20:55:21,365 Train-Epoch[2/160]Batch[300]	Speed 4578.3 (+29.2) sample/sec 	RMSE = 24.19345, RULscore = 1190895.35559, CLIP_Loss = 1.02767 	
2024-11-01 20:55:22,447 Train-Epoch[2/160]Batch[339]	Speed 4472.0 (+28.0) sample/sec 	RMSE = 24.11158, RULscore = 1300986.62731, CLIP_Loss = 1.02414 	
2024-11-01 20:55:22,508 Test-Epoch[2/160]Batch[0]	Speed 1033.8 (+1984.4) sample/sec 	RMSE = 32.13539, RULscore = 1141.46939, CLIP_Loss = 1.39910 	
2024-11-01 20:55:22,544 Test-Epoch[2/160]Batch[3]	Speed 6564.0 (+409.9) sample/sec 	RMSE = 33.04724, RULscore = 5058.86964, CLIP_Loss = 1.34616 	
2024-11-01 20:55:22,545 Test-Epoch[2/160]Batch[3]	RMSE = 33.04724, RULscore = 5058.86964, CLIP_Loss = 1.34616 	
2024-11-01 20:55:22,545 Final_Epoch [2]   time cost: 9.44 sec (0.00 h)
2024-11-01 20:55:22,545 Train_RMSE = 24.11158, Train_RULscore = 1300986.62731, Train_CLIP_Loss = 1.02414, Test_RMSE = 33.04724, Test_RULscore = 5058.86964, Test_CLIP_Loss = 1.34616, Train_RMSE_cor = 24.11158, Train_RULscore_min = 1300986.62731, Test_RMSE_cor = 31.52337, Test_RULscore_min = 4432.73305, Model_ID = 1.00000 	
2024-11-01 20:55:22,555 Checkpoint (model & optimizer) saved to: /home/qchenax/astar/rul_prompt/output/clip/FD004/exp_202411012054_bilstm_clip_ep-0003.pth
2024-11-01 20:55:22,644 Train-Epoch[3/160]Batch[0]	Speed 1543.4 (+2177.2) sample/sec 	RMSE = 20.77051, RULscore = 2384.15631, CLIP_Loss = 0.99234 	
2024-11-01 20:55:24,038 Train-Epoch[3/160]Batch[50]	Speed 4591.1 (+29.0) sample/sec 	RMSE = 23.25672, RULscore = 161246.68372, CLIP_Loss = 1.02201 	
2024-11-01 20:55:25,480 Train-Epoch[3/160]Batch[100]	Speed 4439.2 (+28.1) sample/sec 	RMSE = 23.44394, RULscore = 342251.40745, CLIP_Loss = 1.02199 	
2024-11-01 20:55:26,881 Train-Epoch[3/160]Batch[150]	Speed 4565.1 (+28.8) sample/sec 	RMSE = 23.19549, RULscore = 548826.84177, CLIP_Loss = 1.02175 	
2024-11-01 20:55:28,180 Train-Epoch[3/160]Batch[200]	Speed 4928.6 (+32.1) sample/sec 	RMSE = 23.31218, RULscore = 773213.10033, CLIP_Loss = 1.02477 	
2024-11-01 20:55:29,657 Train-Epoch[3/160]Batch[250]	Speed 4332.9 (+25.8) sample/sec 	RMSE = 23.29416, RULscore = 1004743.93840, CLIP_Loss = 1.02550 	
2024-11-01 20:55:31,007 Train-Epoch[3/160]Batch[300]	Speed 4742.4 (+29.8) sample/sec 	RMSE = 23.19647, RULscore = 1187446.73153, CLIP_Loss = 1.02105 	
2024-11-01 20:55:32,143 Train-Epoch[3/160]Batch[339]	Speed 4229.8 (+25.7) sample/sec 	RMSE = 23.32092, RULscore = 1305482.49338, CLIP_Loss = 1.01847 	
2024-11-01 20:55:32,191 Test-Epoch[3/160]Batch[0]	Speed 1317.2 (+3378.0) sample/sec 	RMSE = 32.14183, RULscore = 1156.90411, CLIP_Loss = 1.38211 	
2024-11-01 20:55:32,227 Test-Epoch[3/160]Batch[3]	Speed 6211.2 (+422.7) sample/sec 	RMSE = 33.07969, RULscore = 5084.42331, CLIP_Loss = 1.33574 	
2024-11-01 20:55:32,227 Test-Epoch[3/160]Batch[3]	RMSE = 33.07969, RULscore = 5084.42331, CLIP_Loss = 1.33574 	
2024-11-01 20:55:32,227 Final_Epoch [3]   time cost: 9.67 sec (0.00 h)
2024-11-01 20:55:32,227 Train_RMSE = 23.32092, Train_RULscore = 1305482.49338, Train_CLIP_Loss = 1.01847, Test_RMSE = 33.07969, Test_RULscore = 5084.42331, Test_CLIP_Loss = 1.33574, Train_RMSE_cor = 24.11158, Train_RULscore_min = 1300986.62731, Test_RMSE_cor = 31.52337, Test_RULscore_min = 4432.73305, Model_ID = 1.00000 	
2024-11-01 20:55:32,237 Checkpoint (model & optimizer) saved to: /home/qchenax/astar/rul_prompt/output/clip/FD004/exp_202411012054_bilstm_clip_ep-0004.pth
2024-11-01 20:55:32,356 Train-Epoch[4/160]Batch[0]	Speed 1147.8 (+1019.1) sample/sec 	RMSE = 26.68508, RULscore = 2234.37409, CLIP_Loss = 0.98593 	
2024-11-01 20:55:33,857 Train-Epoch[4/160]Batch[50]	Speed 4265.5 (+24.9) sample/sec 	RMSE = 23.45165, RULscore = 160888.77170, CLIP_Loss = 1.02465 	
2024-11-01 20:55:35,238 Train-Epoch[4/160]Batch[100]	Speed 4631.6 (+28.2) sample/sec 	RMSE = 23.34078, RULscore = 327441.23614, CLIP_Loss = 1.01940 	
2024-11-01 20:55:36,699 Train-Epoch[4/160]Batch[150]	Speed 4381.3 (+26.0) sample/sec 	RMSE = 23.27069, RULscore = 637874.66374, CLIP_Loss = 1.01629 	
2024-11-01 20:55:38,201 Train-Epoch[4/160]Batch[200]	Speed 4262.1 (+24.5) sample/sec 	RMSE = 23.10282, RULscore = 776185.88399, CLIP_Loss = 1.01764 	
2024-11-01 20:55:39,632 Train-Epoch[4/160]Batch[250]	Speed 4472.5 (+25.8) sample/sec 	RMSE = 22.74463, RULscore = 941397.25721, CLIP_Loss = 1.01914 	
2024-11-01 20:55:40,912 Train-Epoch[4/160]Batch[300]	Speed 4997.5 (+32.3) sample/sec 	RMSE = 22.59777, RULscore = 1065738.63098, CLIP_Loss = 1.01543 	
2024-11-01 20:55:42,080 Train-Epoch[4/160]Batch[339]	Speed 4113.2 (+23.1) sample/sec 	RMSE = 22.62720, RULscore = 1183254.61906, CLIP_Loss = 1.01246 	
2024-11-01 20:55:42,134 Test-Epoch[4/160]Batch[0]	Speed 1168.4 (+3099.2) sample/sec 	RMSE = 31.38508, RULscore = 1049.07715, CLIP_Loss = 1.37918 	
2024-11-01 20:55:42,166 Test-Epoch[4/160]Batch[3]	Speed 7052.6 (+620.5) sample/sec 	RMSE = 32.33778, RULscore = 4661.22476, CLIP_Loss = 1.33170 	
2024-11-01 20:55:42,167 Test-Epoch[4/160]Batch[3]	RMSE = 32.33778, RULscore = 4661.22476, CLIP_Loss = 1.33170 	
2024-11-01 20:55:42,167 Final_Epoch [4]   time cost: 9.93 sec (0.00 h)
2024-11-01 20:55:42,167 Train_RMSE = 22.62720, Train_RULscore = 1183254.61906, Train_CLIP_Loss = 1.01246, Test_RMSE = 32.33778, Test_RULscore = 4661.22476, Test_CLIP_Loss = 1.33170, Train_RMSE_cor = 22.62720, Train_RULscore_min = 1183254.61906, Test_RMSE_cor = 31.52337, Test_RULscore_min = 4432.73305, Model_ID = 1.00000 	
2024-11-01 20:55:42,172 Checkpoint (model & optimizer) saved to: /home/qchenax/astar/rul_prompt/output/clip/FD004/exp_202411012054_bilstm_clip_ep-0005.pth
2024-11-01 20:55:42,267 Train-Epoch[5/160]Batch[0]	Speed 1450.9 (+1788.0) sample/sec 	RMSE = 25.34373, RULscore = 5191.83068, CLIP_Loss = 0.99941 	
2024-11-01 20:55:43,571 Train-Epoch[5/160]Batch[50]	Speed 4904.1 (+33.1) sample/sec 	RMSE = 22.19969, RULscore = 156635.86953, CLIP_Loss = 1.02150 	
2024-11-01 20:55:44,961 Train-Epoch[5/160]Batch[100]	Speed 4604.7 (+28.3) sample/sec 	RMSE = 22.74780, RULscore = 351966.18195, CLIP_Loss = 1.01780 	
2024-11-01 20:55:46,350 Train-Epoch[5/160]Batch[150]	Speed 4608.1 (+29.1) sample/sec 	RMSE = 22.81192, RULscore = 608262.06154, CLIP_Loss = 1.01895 	
2024-11-01 20:55:47,699 Train-Epoch[5/160]Batch[200]	Speed 4745.0 (+30.4) sample/sec 	RMSE = 22.99125, RULscore = 820353.65193, CLIP_Loss = 1.01897 	
2024-11-01 20:55:49,073 Train-Epoch[5/160]Batch[250]	Speed 4658.8 (+29.7) sample/sec 	RMSE = 22.76380, RULscore = 987270.08490, CLIP_Loss = 1.01912 	
2024-11-01 20:55:50,359 Train-Epoch[5/160]Batch[300]	Speed 4974.3 (+33.2) sample/sec 	RMSE = 22.78455, RULscore = 1199738.61296, CLIP_Loss = 1.01490 	
2024-11-01 20:55:51,440 Train-Epoch[5/160]Batch[339]	Speed 4433.0 (+29.3) sample/sec 	RMSE = 22.80276, RULscore = 1315251.89819, CLIP_Loss = 1.01290 	
2024-11-01 20:55:51,487 Test-Epoch[5/160]Batch[0]	Speed 1338.9 (+4028.9) sample/sec 	RMSE = 32.35562, RULscore = 1246.90065, CLIP_Loss = 1.37068 	
2024-11-01 20:55:51,519 Test-Epoch[5/160]Batch[3]	Speed 7398.2 (+449.1) sample/sec 	RMSE = 33.72525, RULscore = 5704.82106, CLIP_Loss = 1.32663 	
2024-11-01 20:55:51,519 Test-Epoch[5/160]Batch[3]	RMSE = 33.72525, RULscore = 5704.82106, CLIP_Loss = 1.32663 	
2024-11-01 20:55:51,519 Final_Epoch [5]   time cost: 9.35 sec (0.00 h)
2024-11-01 20:55:51,519 Train_RMSE = 22.80276, Train_RULscore = 1315251.89819, Train_CLIP_Loss = 1.01290, Test_RMSE = 33.72525, Test_RULscore = 5704.82106, Test_CLIP_Loss = 1.32663, Train_RMSE_cor = 22.62720, Train_RULscore_min = 1183254.61906, Test_RMSE_cor = 31.52337, Test_RULscore_min = 4432.73305, Model_ID = 1.00000 	
2024-11-01 20:55:51,524 Checkpoint (model & optimizer) saved to: /home/qchenax/astar/rul_prompt/output/clip/FD004/exp_202411012054_bilstm_clip_ep-0006.pth
2024-11-01 20:55:51,628 Train-Epoch[6/160]Batch[0]	Speed 1313.7 (+2353.8) sample/sec 	RMSE = 21.55860, RULscore = 1427.05650, CLIP_Loss = 0.97813 	
2024-11-01 20:55:52,990 Train-Epoch[6/160]Batch[50]	Speed 4698.9 (+33.3) sample/sec 	RMSE = 22.72156, RULscore = 119878.19265, CLIP_Loss = 1.01899 	
2024-11-01 20:55:54,289 Train-Epoch[6/160]Batch[100]	Speed 4924.7 (+31.6) sample/sec 	RMSE = 23.03854, RULscore = 372827.41781, CLIP_Loss = 1.01871 	
2024-11-01 20:55:55,632 Train-Epoch[6/160]Batch[150]	Speed 4767.2 (+31.2) sample/sec 	RMSE = 22.57229, RULscore = 545271.90132, CLIP_Loss = 1.01518 	
2024-11-01 20:55:57,066 Train-Epoch[6/160]Batch[200]	Speed 4461.9 (+26.6) sample/sec 	RMSE = 22.57312, RULscore = 730828.28239, CLIP_Loss = 1.01853 	
2024-11-01 20:55:58,344 Train-Epoch[6/160]Batch[250]	Speed 5006.6 (+31.9) sample/sec 	RMSE = 22.49886, RULscore = 893435.48112, CLIP_Loss = 1.01884 	
2024-11-01 20:55:59,636 Train-Epoch[6/160]Batch[300]	Speed 4955.2 (+31.4) sample/sec 	RMSE = 22.75213, RULscore = 1351575.74321, CLIP_Loss = 1.01565 	
2024-11-01 20:56:00,741 Train-Epoch[6/160]Batch[339]	Speed 4356.4 (+28.1) sample/sec 	RMSE = 22.86340, RULscore = 1510279.85670, CLIP_Loss = 1.01279 	
2024-11-01 20:56:00,797 Test-Epoch[6/160]Batch[0]	Speed 1114.8 (+2124.8) sample/sec 	RMSE = 33.35271, RULscore = 1426.88278, CLIP_Loss = 1.36280 	
2024-11-01 20:56:00,840 Test-Epoch[6/160]Batch[3]	Speed 4932.6 (+310.0) sample/sec 	RMSE = 34.74007, RULscore = 6405.95371, CLIP_Loss = 1.32235 	
2024-11-01 20:56:00,841 Test-Epoch[6/160]Batch[3]	RMSE = 34.74007, RULscore = 6405.95371, CLIP_Loss = 1.32235 	
2024-11-01 20:56:00,841 Final_Epoch [6]   time cost: 9.32 sec (0.00 h)
2024-11-01 20:56:00,841 Train_RMSE = 22.86340, Train_RULscore = 1510279.85670, Train_CLIP_Loss = 1.01279, Test_RMSE = 34.74007, Test_RULscore = 6405.95371, Test_CLIP_Loss = 1.32235, Train_RMSE_cor = 22.62720, Train_RULscore_min = 1183254.61906, Test_RMSE_cor = 31.52337, Test_RULscore_min = 4432.73305, Model_ID = 1.00000 	
2024-11-01 20:56:00,846 Checkpoint (model & optimizer) saved to: /home/qchenax/astar/rul_prompt/output/clip/FD004/exp_202411012054_bilstm_clip_ep-0007.pth
2024-11-01 20:56:00,946 Train-Epoch[7/160]Batch[0]	Speed 1360.1 (+1596.4) sample/sec 	RMSE = 19.79268, RULscore = 1141.86071, CLIP_Loss = 0.97474 	
2024-11-01 20:56:02,357 Train-Epoch[7/160]Batch[50]	Speed 4536.3 (+27.7) sample/sec 	RMSE = 22.27499, RULscore = 174684.73251, CLIP_Loss = 1.01048 	
2024-11-01 20:56:03,730 Train-Epoch[7/160]Batch[100]	Speed 4659.8 (+29.4) sample/sec 	RMSE = 22.39979, RULscore = 369882.16820, CLIP_Loss = 1.00898 	
2024-11-01 20:56:05,148 Train-Epoch[7/160]Batch[150]	Speed 4515.5 (+26.7) sample/sec 	RMSE = 22.03436, RULscore = 685525.99998, CLIP_Loss = 1.00768 	
2024-11-01 20:56:06,490 Train-Epoch[7/160]Batch[200]	Speed 4766.8 (+29.3) sample/sec 	RMSE = 22.22955, RULscore = 870169.79673, CLIP_Loss = 1.01058 	
2024-11-01 20:56:07,926 Train-Epoch[7/160]Batch[250]	Speed 4456.9 (+29.6) sample/sec 	RMSE = 21.91904, RULscore = 1031089.06057, CLIP_Loss = 1.01059 	
2024-11-01 20:56:09,366 Train-Epoch[7/160]Batch[300]	Speed 4446.4 (+28.9) sample/sec 	RMSE = 21.97345, RULscore = 1292994.60138, CLIP_Loss = 1.00642 	
2024-11-01 20:56:10,497 Train-Epoch[7/160]Batch[339]	Speed 4232.8 (+29.5) sample/sec 	RMSE = 22.05527, RULscore = 1490080.38728, CLIP_Loss = 1.00347 	
2024-11-01 20:56:10,552 Test-Epoch[7/160]Batch[0]	Speed 1134.7 (+2707.7) sample/sec 	RMSE = 34.41370, RULscore = 1625.15754, CLIP_Loss = 1.35982 	
2024-11-01 20:56:10,604 Test-Epoch[7/160]Batch[3]	Speed 4274.5 (+214.9) sample/sec 	RMSE = 35.52817, RULscore = 6991.57786, CLIP_Loss = 1.31843 	
2024-11-01 20:56:10,605 Test-Epoch[7/160]Batch[3]	RMSE = 35.52817, RULscore = 6991.57786, CLIP_Loss = 1.31843 	
2024-11-01 20:56:10,605 Final_Epoch [7]   time cost: 9.76 sec (0.00 h)
2024-11-01 20:56:10,605 Train_RMSE = 22.05527, Train_RULscore = 1490080.38728, Train_CLIP_Loss = 1.00347, Test_RMSE = 35.52817, Test_RULscore = 6991.57786, Test_CLIP_Loss = 1.31843, Train_RMSE_cor = 22.62720, Train_RULscore_min = 1183254.61906, Test_RMSE_cor = 31.52337, Test_RULscore_min = 4432.73305, Model_ID = 1.00000 	
2024-11-01 20:56:10,610 Checkpoint (model & optimizer) saved to: /home/qchenax/astar/rul_prompt/output/clip/FD004/exp_202411012054_bilstm_clip_ep-0008.pth
2024-11-01 20:56:10,732 Train-Epoch[8/160]Batch[0]	Speed 1107.3 (+1041.9) sample/sec 	RMSE = 19.79583, RULscore = 1175.17578, CLIP_Loss = 0.96989 	
2024-11-01 20:56:12,214 Train-Epoch[8/160]Batch[50]	Speed 4319.3 (+27.5) sample/sec 	RMSE = 21.77120, RULscore = 277107.21958, CLIP_Loss = 1.00330 	
2024-11-01 20:56:13,573 Train-Epoch[8/160]Batch[100]	Speed 4707.3 (+31.4) sample/sec 	RMSE = 22.52463, RULscore = 970738.94632, CLIP_Loss = 1.00368 	
2024-11-01 20:56:14,843 Train-Epoch[8/160]Batch[150]	Speed 5042.1 (+33.4) sample/sec 	RMSE = 22.24629, RULscore = 1386006.12017, CLIP_Loss = 1.00342 	
2024-11-01 20:56:16,248 Train-Epoch[8/160]Batch[200]	Speed 4552.2 (+27.8) sample/sec 	RMSE = 22.45774, RULscore = 1786803.58094, CLIP_Loss = 1.00707 	
2024-11-01 20:56:17,610 Train-Epoch[8/160]Batch[250]	Speed 4700.9 (+28.9) sample/sec 	RMSE = 22.31885, RULscore = 2002385.98301, CLIP_Loss = 1.00797 	
2024-11-01 20:56:19,080 Train-Epoch[8/160]Batch[300]	Speed 4353.4 (+28.3) sample/sec 	RMSE = 22.27712, RULscore = 2542259.78361, CLIP_Loss = 1.00361 	
2024-11-01 20:56:20,297 Train-Epoch[8/160]Batch[339]	Speed 3943.0 (+26.2) sample/sec 	RMSE = 22.19041, RULscore = 2724161.34080, CLIP_Loss = 1.00119 	
2024-11-01 20:56:20,348 Test-Epoch[8/160]Batch[0]	Speed 1248.3 (+2150.6) sample/sec 	RMSE = 33.77609, RULscore = 1558.73164, CLIP_Loss = 1.34973 	
2024-11-01 20:56:20,385 Test-Epoch[8/160]Batch[3]	Speed 5973.7 (+405.6) sample/sec 	RMSE = 34.86742, RULscore = 6735.41911, CLIP_Loss = 1.30959 	
2024-11-01 20:56:20,385 Test-Epoch[8/160]Batch[3]	RMSE = 34.86742, RULscore = 6735.41911, CLIP_Loss = 1.30959 	
2024-11-01 20:56:20,385 Final_Epoch [8]   time cost: 9.78 sec (0.00 h)
2024-11-01 20:56:20,386 Train_RMSE = 22.19041, Train_RULscore = 2724161.34080, Train_CLIP_Loss = 1.00119, Test_RMSE = 34.86742, Test_RULscore = 6735.41911, Test_CLIP_Loss = 1.30959, Train_RMSE_cor = 22.62720, Train_RULscore_min = 1183254.61906, Test_RMSE_cor = 31.52337, Test_RULscore_min = 4432.73305, Model_ID = 1.00000 	
2024-11-01 20:56:20,391 Checkpoint (model & optimizer) saved to: /home/qchenax/astar/rul_prompt/output/clip/FD004/exp_202411012054_bilstm_clip_ep-0009.pth
2024-11-01 20:56:20,493 Train-Epoch[9/160]Batch[0]	Speed 1326.6 (+1205.4) sample/sec 	RMSE = 21.15290, RULscore = 1210.64214, CLIP_Loss = 0.96245 	
2024-11-01 20:56:21,889 Train-Epoch[9/160]Batch[50]	Speed 4585.3 (+31.4) sample/sec 	RMSE = 21.97428, RULscore = 411553.38578, CLIP_Loss = 1.00954 	
2024-11-01 20:56:23,268 Train-Epoch[9/160]Batch[100]	Speed 4639.5 (+28.4) sample/sec 	RMSE = 23.56787, RULscore = 1415269.56309, CLIP_Loss = 1.00501 	
2024-11-01 20:56:24,602 Train-Epoch[9/160]Batch[150]	Speed 4799.0 (+30.2) sample/sec 	RMSE = 22.90025, RULscore = 1725479.91338, CLIP_Loss = 1.00115 	
2024-11-01 20:56:26,019 Train-Epoch[9/160]Batch[200]	Speed 4516.1 (+32.6) sample/sec 	RMSE = 22.57201, RULscore = 1974796.99836, CLIP_Loss = 1.00263 	
2024-11-01 20:56:27,389 Train-Epoch[9/160]Batch[250]	Speed 4671.6 (+29.7) sample/sec 	RMSE = 22.18278, RULscore = 2184080.57940, CLIP_Loss = 1.00436 	
2024-11-01 20:56:28,744 Train-Epoch[9/160]Batch[300]	Speed 4722.8 (+30.0) sample/sec 	RMSE = 22.13506, RULscore = 2823895.49968, CLIP_Loss = 1.00032 	
2024-11-01 20:56:29,896 Train-Epoch[9/160]Batch[339]	Speed 4190.8 (+27.0) sample/sec 	RMSE = 21.95705, RULscore = 2954164.06609, CLIP_Loss = 0.99737 	
2024-11-01 20:56:29,946 Test-Epoch[9/160]Batch[0]	Speed 1275.7 (+3003.5) sample/sec 	RMSE = 33.61225, RULscore = 1562.01890, CLIP_Loss = 1.34741 	
2024-11-01 20:56:29,986 Test-Epoch[9/160]Batch[3]	Speed 5325.7 (+324.3) sample/sec 	RMSE = 34.77901, RULscore = 6727.23885, CLIP_Loss = 1.31009 	
2024-11-01 20:56:29,987 Test-Epoch[9/160]Batch[3]	RMSE = 34.77901, RULscore = 6727.23885, CLIP_Loss = 1.31009 	
2024-11-01 20:56:29,987 Final_Epoch [9]   time cost: 9.60 sec (0.00 h)
2024-11-01 20:56:29,987 Train_RMSE = 21.95705, Train_RULscore = 2954164.06609, Train_CLIP_Loss = 0.99737, Test_RMSE = 34.77901, Test_RULscore = 6727.23885, Test_CLIP_Loss = 1.31009, Train_RMSE_cor = 22.62720, Train_RULscore_min = 1183254.61906, Test_RMSE_cor = 31.52337, Test_RULscore_min = 4432.73305, Model_ID = 1.00000 	
2024-11-01 20:56:29,991 Checkpoint (model & optimizer) saved to: /home/qchenax/astar/rul_prompt/output/clip/FD004/exp_202411012054_bilstm_clip_ep-0010.pth
2024-11-01 20:56:30,088 Train-Epoch[10/160]Batch[0]	Speed 1412.2 (+1500.9) sample/sec 	RMSE = 23.36765, RULscore = 17051.49014, CLIP_Loss = 0.98193 	
2024-11-01 20:56:31,405 Train-Epoch[10/160]Batch[50]	Speed 4860.9 (+33.3) sample/sec 	RMSE = 21.02960, RULscore = 476880.32353, CLIP_Loss = 1.00653 	
2024-11-01 20:56:32,747 Train-Epoch[10/160]Batch[100]	Speed 4769.1 (+33.1) sample/sec 	RMSE = 21.82677, RULscore = 1013958.92039, CLIP_Loss = 1.00200 	
2024-11-01 20:56:34,069 Train-Epoch[10/160]Batch[150]	Speed 4839.7 (+30.7) sample/sec 	RMSE = 21.80746, RULscore = 1379038.49068, CLIP_Loss = 1.00369 	
2024-11-01 20:56:35,413 Train-Epoch[10/160]Batch[200]	Speed 4761.4 (+29.0) sample/sec 	RMSE = 21.63451, RULscore = 1652063.46418, CLIP_Loss = 1.00358 	
2024-11-01 20:56:36,738 Train-Epoch[10/160]Batch[250]	Speed 4831.4 (+30.8) sample/sec 	RMSE = 21.29382, RULscore = 1805250.93554, CLIP_Loss = 1.00429 	
2024-11-01 20:56:38,063 Train-Epoch[10/160]Batch[300]	Speed 4829.5 (+31.8) sample/sec 	RMSE = 21.42562, RULscore = 2239449.62961, CLIP_Loss = 1.00051 	
2024-11-01 20:56:39,089 Train-Epoch[10/160]Batch[339]	Speed 4701.6 (+30.0) sample/sec 	RMSE = 21.39165, RULscore = 2374349.76976, CLIP_Loss = 0.99880 	
2024-11-01 20:56:39,142 Test-Epoch[10/160]Batch[0]	Speed 1199.8 (+3661.5) sample/sec 	RMSE = 33.19622, RULscore = 1516.72328, CLIP_Loss = 1.34801 	
2024-11-01 20:56:39,182 Test-Epoch[10/160]Batch[3]	Speed 5641.7 (+364.9) sample/sec 	RMSE = 34.31737, RULscore = 6551.99876, CLIP_Loss = 1.31049 	
2024-11-01 20:56:39,182 Test-Epoch[10/160]Batch[3]	RMSE = 34.31737, RULscore = 6551.99876, CLIP_Loss = 1.31049 	
2024-11-01 20:56:39,182 Final_Epoch [10]   time cost: 9.19 sec (0.00 h)
2024-11-01 20:56:39,183 Train_RMSE = 21.39165, Train_RULscore = 2374349.76976, Train_CLIP_Loss = 0.99880, Test_RMSE = 34.31737, Test_RULscore = 6551.99876, Test_CLIP_Loss = 1.31049, Train_RMSE_cor = 22.62720, Train_RULscore_min = 1183254.61906, Test_RMSE_cor = 31.52337, Test_RULscore_min = 4432.73305, Model_ID = 1.00000 	
2024-11-01 20:56:39,190 Checkpoint (model & optimizer) saved to: /home/qchenax/astar/rul_prompt/output/clip/FD004/exp_202411012054_bilstm_clip_ep-0011.pth
2024-11-01 20:56:39,280 Train-Epoch[11/160]Batch[0]	Speed 1546.2 (+2253.7) sample/sec 	RMSE = 21.16712, RULscore = 12855.78113, CLIP_Loss = 0.95887 	
2024-11-01 20:56:40,759 Train-Epoch[11/160]Batch[50]	Speed 4327.1 (+28.5) sample/sec 	RMSE = 20.51930, RULscore = 198691.92185, CLIP_Loss = 1.00454 	
2024-11-01 20:56:42,079 Train-Epoch[11/160]Batch[100]	Speed 4845.5 (+33.8) sample/sec 	RMSE = 21.28832, RULscore = 608856.58695, CLIP_Loss = 1.00572 	
2024-11-01 20:56:43,379 Train-Epoch[11/160]Batch[150]	Speed 4923.4 (+32.0) sample/sec 	RMSE = 20.92443, RULscore = 794305.32514, CLIP_Loss = 1.00295 	
2024-11-01 20:56:44,671 Train-Epoch[11/160]Batch[200]	Speed 4955.7 (+34.4) sample/sec 	RMSE = 20.77612, RULscore = 934479.52598, CLIP_Loss = 1.00641 	
2024-11-01 20:56:46,003 Train-Epoch[11/160]Batch[250]	Speed 4805.8 (+30.4) sample/sec 	RMSE = 20.52049, RULscore = 1099517.66432, CLIP_Loss = 1.00672 	
2024-11-01 20:56:47,312 Train-Epoch[11/160]Batch[300]	Speed 4888.8 (+34.9) sample/sec 	RMSE = 20.62464, RULscore = 1293383.15163, CLIP_Loss = 1.00391 	
2024-11-01 20:56:48,274 Train-Epoch[11/160]Batch[339]	Speed 4994.6 (+36.6) sample/sec 	RMSE = 20.58678, RULscore = 1384509.31109, CLIP_Loss = 1.00121 	
2024-11-01 20:56:48,320 Test-Epoch[11/160]Batch[0]	Speed 1375.6 (+4306.5) sample/sec 	RMSE = 32.70083, RULscore = 1421.03007, CLIP_Loss = 1.34615 	
2024-11-01 20:56:48,354 Test-Epoch[11/160]Batch[3]	Speed 6797.8 (+386.7) sample/sec 	RMSE = 33.70714, RULscore = 5965.36798, CLIP_Loss = 1.30675 	
2024-11-01 20:56:48,354 Test-Epoch[11/160]Batch[3]	RMSE = 33.70714, RULscore = 5965.36798, CLIP_Loss = 1.30675 	
2024-11-01 20:56:48,355 Final_Epoch [11]   time cost: 9.16 sec (0.00 h)
2024-11-01 20:56:48,355 Train_RMSE = 20.58678, Train_RULscore = 1384509.31109, Train_CLIP_Loss = 1.00121, Test_RMSE = 33.70714, Test_RULscore = 5965.36798, Test_CLIP_Loss = 1.30675, Train_RMSE_cor = 22.62720, Train_RULscore_min = 1183254.61906, Test_RMSE_cor = 31.52337, Test_RULscore_min = 4432.73305, Model_ID = 1.00000 	
2024-11-01 20:56:48,365 Checkpoint (model & optimizer) saved to: /home/qchenax/astar/rul_prompt/output/clip/FD004/exp_202411012054_bilstm_clip_ep-0012.pth
2024-11-01 20:56:48,464 Train-Epoch[12/160]Batch[0]	Speed 1381.7 (+1972.6) sample/sec 	RMSE = 20.50667, RULscore = 1172.21830, CLIP_Loss = 0.96199 	
2024-11-01 20:56:49,839 Train-Epoch[12/160]Batch[50]	Speed 4654.5 (+42.1) sample/sec 	RMSE = 20.17644, RULscore = 173554.95379, CLIP_Loss = 0.99935 	
2024-11-01 20:56:51,104 Train-Epoch[12/160]Batch[100]	Speed 5056.9 (+35.9) sample/sec 	RMSE = 20.77494, RULscore = 516474.09747, CLIP_Loss = 0.99740 	
2024-11-01 20:56:52,532 Train-Epoch[12/160]Batch[150]	Speed 4483.6 (+28.3) sample/sec 	RMSE = 20.61982, RULscore = 775816.61046, CLIP_Loss = 0.99717 	
2024-11-01 20:56:53,881 Train-Epoch[12/160]Batch[200]	Speed 4745.7 (+30.1) sample/sec 	RMSE = 20.55769, RULscore = 1022999.16252, CLIP_Loss = 1.00039 	
2024-11-01 20:56:55,202 Train-Epoch[12/160]Batch[250]	Speed 4843.1 (+32.8) sample/sec 	RMSE = 20.29610, RULscore = 1179358.91728, CLIP_Loss = 1.00025 	
2024-11-01 20:56:56,733 Train-Epoch[12/160]Batch[300]	Speed 4179.9 (+25.5) sample/sec 	RMSE = 20.14007, RULscore = 1309512.27145, CLIP_Loss = 0.99642 	
2024-11-01 20:56:57,845 Train-Epoch[12/160]Batch[339]	Speed 4330.8 (+28.8) sample/sec 	RMSE = 20.11558, RULscore = 1358676.55598, CLIP_Loss = 0.99335 	
2024-11-01 20:56:57,902 Test-Epoch[12/160]Batch[0]	Speed 1113.6 (+2823.1) sample/sec 	RMSE = 33.40370, RULscore = 1491.95803, CLIP_Loss = 1.34997 	
2024-11-01 20:56:57,935 Test-Epoch[12/160]Batch[3]	Speed 6899.9 (+562.4) sample/sec 	RMSE = 34.68751, RULscore = 6461.82973, CLIP_Loss = 1.30902 	
2024-11-01 20:56:57,935 Test-Epoch[12/160]Batch[3]	RMSE = 34.68751, RULscore = 6461.82973, CLIP_Loss = 1.30902 	
2024-11-01 20:56:57,935 Final_Epoch [12]   time cost: 9.57 sec (0.00 h)
2024-11-01 20:56:57,935 Train_RMSE = 20.11558, Train_RULscore = 1358676.55598, Train_CLIP_Loss = 0.99335, Test_RMSE = 34.68751, Test_RULscore = 6461.82973, Test_CLIP_Loss = 1.30902, Train_RMSE_cor = 22.62720, Train_RULscore_min = 1183254.61906, Test_RMSE_cor = 31.52337, Test_RULscore_min = 4432.73305, Model_ID = 1.00000 	
2024-11-01 20:56:57,941 Checkpoint (model & optimizer) saved to: /home/qchenax/astar/rul_prompt/output/clip/FD004/exp_202411012054_bilstm_clip_ep-0013.pth
2024-11-01 20:56:58,045 Train-Epoch[13/160]Batch[0]	Speed 1338.1 (+1812.2) sample/sec 	RMSE = 19.95718, RULscore = 1196.42918, CLIP_Loss = 0.95827 	
2024-11-01 20:56:59,375 Train-Epoch[13/160]Batch[50]	Speed 4809.1 (+33.7) sample/sec 	RMSE = 19.75913, RULscore = 127142.07153, CLIP_Loss = 0.99222 	
2024-11-01 20:57:00,875 Train-Epoch[13/160]Batch[100]	Speed 4269.6 (+26.2) sample/sec 	RMSE = 20.09911, RULscore = 336079.09575, CLIP_Loss = 0.99479 	
2024-11-01 20:57:02,337 Train-Epoch[13/160]Batch[150]	Speed 4376.1 (+26.0) sample/sec 	RMSE = 20.01904, RULscore = 508427.81742, CLIP_Loss = 0.99438 	
2024-11-01 20:57:03,644 Train-Epoch[13/160]Batch[200]	Speed 4896.3 (+31.1) sample/sec 	RMSE = 19.99982, RULscore = 689353.10597, CLIP_Loss = 0.99723 	
2024-11-01 20:57:04,892 Train-Epoch[13/160]Batch[250]	Speed 5127.4 (+32.5) sample/sec 	RMSE = 19.87232, RULscore = 848588.82218, CLIP_Loss = 0.99795 	
2024-11-01 20:57:06,227 Train-Epoch[13/160]Batch[300]	Speed 4795.2 (+29.4) sample/sec 	RMSE = 19.74437, RULscore = 962624.50033, CLIP_Loss = 0.99402 	
2024-11-01 20:57:07,284 Train-Epoch[13/160]Batch[339]	Speed 4557.6 (+29.3) sample/sec 	RMSE = 19.74438, RULscore = 1048220.82630, CLIP_Loss = 0.99163 	
2024-11-01 20:57:07,341 Test-Epoch[13/160]Batch[0]	Speed 1104.6 (+1848.7) sample/sec 	RMSE = 33.43146, RULscore = 1556.47834, CLIP_Loss = 1.34589 	
2024-11-01 20:57:07,381 Test-Epoch[13/160]Batch[3]	Speed 5397.3 (+383.7) sample/sec 	RMSE = 34.44842, RULscore = 6600.88711, CLIP_Loss = 1.30455 	
2024-11-01 20:57:07,382 Test-Epoch[13/160]Batch[3]	RMSE = 34.44842, RULscore = 6600.88711, CLIP_Loss = 1.30455 	
2024-11-01 20:57:07,382 Final_Epoch [13]   time cost: 9.44 sec (0.00 h)
2024-11-01 20:57:07,382 Train_RMSE = 19.74438, Train_RULscore = 1048220.82630, Train_CLIP_Loss = 0.99163, Test_RMSE = 34.44842, Test_RULscore = 6600.88711, Test_CLIP_Loss = 1.30455, Train_RMSE_cor = 19.74438, Train_RULscore_min = 1048220.82630, Test_RMSE_cor = 31.52337, Test_RULscore_min = 4432.73305, Model_ID = 1.00000 	
2024-11-01 20:57:07,387 Checkpoint (model & optimizer) saved to: /home/qchenax/astar/rul_prompt/output/clip/FD004/exp_202411012054_bilstm_clip_ep-0014.pth
2024-11-01 20:57:07,490 Train-Epoch[14/160]Batch[0]	Speed 1316.7 (+1210.0) sample/sec 	RMSE = 23.31979, RULscore = 12223.32766, CLIP_Loss = 0.95864 	
2024-11-01 20:57:08,789 Train-Epoch[14/160]Batch[50]	Speed 4929.7 (+32.8) sample/sec 	RMSE = 19.75236, RULscore = 159278.36833, CLIP_Loss = 1.00104 	
2024-11-01 20:57:10,120 Train-Epoch[14/160]Batch[100]	Speed 4806.1 (+29.9) sample/sec 	RMSE = 20.05695, RULscore = 298073.58910, CLIP_Loss = 0.99745 	
2024-11-01 20:57:11,429 Train-Epoch[14/160]Batch[150]	Speed 4888.6 (+30.7) sample/sec 	RMSE = 19.91520, RULscore = 487343.44060, CLIP_Loss = 0.99353 	
2024-11-01 20:57:12,766 Train-Epoch[14/160]Batch[200]	Speed 4789.8 (+32.8) sample/sec 	RMSE = 19.74758, RULscore = 578306.98440, CLIP_Loss = 0.99479 	
2024-11-01 20:57:14,127 Train-Epoch[14/160]Batch[250]	Speed 4699.5 (+31.4) sample/sec 	RMSE = 19.73163, RULscore = 715745.77644, CLIP_Loss = 0.99713 	
