2024-11-02 12:47:25,125 training config:{'data': {'input_type': '',
          'max_rul': 125,
          'num_worker': 4,
          'root': './data',
          'seq_len': 30,
          'set': 'FD004',
          'test_id': 0},
 'dist_backend': 'nccl',
 'dist_url': 'tcp://224.66.41.62:23456',
 'distributed': False,
 'gpu': '0',
 'multiprocessing_distributed': False,
 'net': {'aux_dim': 4,
         'hand_craft': False,
         'hand_dim': 28,
         'input_dim': 14,
         'name': 'bilstm_clip',
         'num_hidden': 18},
 'output_pt': '/home/qchenax/astar/rul_prompt/output/clip/FD004',
 'rank': -1,
 'save_frequency': 1,
 'seed': 4000,
 'task': 't1',
 'test': {'model_name': 'exp_202110121100_cnn_pe_ep-0050.pth',
          'model_path': './output/basic/FD004'},
 'train': {'batch_size': 128,
           'callback_freq': 50,
           'end_epoch': 160,
           'fine_tune': True,
           'lr': 0.001,
           'lr_epoch': [1000],
           'lr_factor': 0.1,
           'lr_mult': 0.2,
           'optimizer': 'adam',
           'resume_epoch': 0,
           'warmup_iters': 0},
 'world_size': -1}

2024-11-02 12:47:25,700 CMPDataIter:: iterator initialized (train dataset: 'FD004', shape: (61249, 26))
2024-11-02 12:47:25,700 CMPDataIter:: iterator initialized (test dataset: 'FD004', shape: (41214, 26))
2024-11-02 12:47:25,870 CMPDataIter:: iterator initialized (train engine number: 249)
2024-11-02 12:47:25,992 CMPDataIter:: iterator initialized (test engine number: 248)
2024-11-02 12:47:26,038 CMPDataIter:: data includes multi operating conditions
2024-11-02 12:47:26,250 CMPDataIter:: iterator initialized (train data shape: 54028)
2024-11-02 12:47:26,250 CMPDataIter:: iterator initialized (train operation shape: 54028)
2024-11-02 12:47:26,250 CMPDataIter:: iterator initialized (train label shape: 54028)
2024-11-02 12:47:26,250 CMPDataIter:: iterator initialized (test data shape: 248)
2024-11-02 12:47:26,250 CMPDataIter:: iterator initialized (test operation shape: 248)
2024-11-02 12:47:26,250 CMPDataIter:: iterator initialized (test label shape: 248)
2024-11-02 12:47:26,308 CMPDataIter:: initialize the dataset
2024-11-02 12:47:28,127 Train-Epoch[0/160]Batch[0]	Speed 126.5 (+249.4) sample/sec 	RMSE = 75.28763, RULscore = 145387.76777, CLIP_Loss = 1.07757 	
2024-11-02 12:47:29,325 Train-Epoch[0/160]Batch[50]	Speed 5343.7 (+40.2) sample/sec 	RMSE = 47.95617, RULscore = 7007180.65121, CLIP_Loss = 1.08366 	
2024-11-02 12:47:30,472 Train-Epoch[0/160]Batch[100]	Speed 5580.0 (+34.8) sample/sec 	RMSE = 44.05286, RULscore = 10174308.92789, CLIP_Loss = 1.08179 	
2024-11-02 12:47:31,624 Train-Epoch[0/160]Batch[150]	Speed 5556.3 (+33.2) sample/sec 	RMSE = 41.08739, RULscore = 10720327.48516, CLIP_Loss = 1.07428 	
2024-11-02 12:47:32,742 Train-Epoch[0/160]Batch[200]	Speed 5721.1 (+32.7) sample/sec 	RMSE = 37.93390, RULscore = 10950452.61055, CLIP_Loss = 1.07140 	
2024-11-02 12:47:33,848 Train-Epoch[0/160]Batch[250]	Speed 5790.9 (+63.2) sample/sec 	RMSE = 35.65004, RULscore = 11157252.09203, CLIP_Loss = 1.06699 	
2024-11-02 12:47:35,047 Train-Epoch[0/160]Batch[300]	Speed 5334.7 (+30.3) sample/sec 	RMSE = 34.14902, RULscore = 11455469.23057, CLIP_Loss = 1.06490 	
2024-11-02 12:47:35,998 Train-Epoch[0/160]Batch[339]	Speed 5012.7 (+28.4) sample/sec 	RMSE = 33.32009, RULscore = 11679900.55564, CLIP_Loss = 1.06108 	
2024-11-02 12:47:36,065 Test-Epoch[0/160]Batch[0]	Speed 948.7 (+716.6) sample/sec 	RMSE = 32.80321, RULscore = 2342.96065, CLIP_Loss = 1.43547 	
2024-11-02 12:47:36,094 Test-Epoch[0/160]Batch[3]	Speed 7388.2 (+653.5) sample/sec 	RMSE = 31.01208, RULscore = 7887.34698, CLIP_Loss = 1.37552 	
2024-11-02 12:47:36,094 Test-Epoch[0/160]Batch[3]	RMSE = 31.01208, RULscore = 7887.34698, CLIP_Loss = 1.37552 	
2024-11-02 12:47:36,095 Final_Epoch [0]   time cost: 8.98 sec (0.00 h)
2024-11-02 12:47:36,095 Train_RMSE = 33.32009, Train_RULscore = 11679900.55564, Train_CLIP_Loss = 1.06108, Test_RMSE = 31.01208, Test_RULscore = 7887.34698, Test_CLIP_Loss = 1.37552, Train_RMSE_cor = 33.32009, Train_RULscore_min = 11679900.55564, Test_RMSE_cor = 31.01208, Test_RULscore_min = 7887.34698, Model_ID = 1.00000 	
2024-11-02 12:47:36,103 Checkpoint (model & optimizer) saved to: /home/qchenax/astar/rul_prompt/output/clip/FD004/exp_202411021247_bilstm_clip_ep-0001.pth
2024-11-02 12:47:36,209 Train-Epoch[1/160]Batch[0]	Speed 1317.5 (+1038.6) sample/sec 	RMSE = 32.06609, RULscore = 7323.58613, CLIP_Loss = 1.01692 	
2024-11-02 12:47:37,342 Train-Epoch[1/160]Batch[50]	Speed 5648.6 (+35.8) sample/sec 	RMSE = 24.16344, RULscore = 233004.21721, CLIP_Loss = 1.05321 	
2024-11-02 12:47:38,520 Train-Epoch[1/160]Batch[100]	Speed 5433.0 (+32.5) sample/sec 	RMSE = 24.15545, RULscore = 439477.47745, CLIP_Loss = 1.04945 	
2024-11-02 12:47:39,652 Train-Epoch[1/160]Batch[150]	Speed 5656.8 (+35.5) sample/sec 	RMSE = 24.37102, RULscore = 619691.24793, CLIP_Loss = 1.05109 	
2024-11-02 12:47:40,841 Train-Epoch[1/160]Batch[200]	Speed 5381.5 (+33.7) sample/sec 	RMSE = 24.14113, RULscore = 822400.29587, CLIP_Loss = 1.05317 	
2024-11-02 12:47:41,952 Train-Epoch[1/160]Batch[250]	Speed 5762.2 (+38.1) sample/sec 	RMSE = 23.91426, RULscore = 966138.66415, CLIP_Loss = 1.05080 	
2024-11-02 12:47:43,037 Train-Epoch[1/160]Batch[300]	Speed 5897.3 (+39.7) sample/sec 	RMSE = 23.79192, RULscore = 1148490.56397, CLIP_Loss = 1.05006 	
2024-11-02 12:47:43,900 Train-Epoch[1/160]Batch[339]	Speed 5557.5 (+35.4) sample/sec 	RMSE = 23.86795, RULscore = 1301958.23369, CLIP_Loss = 1.04744 	
2024-11-02 12:47:43,946 Test-Epoch[1/160]Batch[0]	Speed 1402.0 (+3118.1) sample/sec 	RMSE = 31.61529, RULscore = 1382.83056, CLIP_Loss = 1.41892 	
2024-11-02 12:47:43,977 Test-Epoch[1/160]Batch[3]	Speed 6952.8 (+397.4) sample/sec 	RMSE = 30.98038, RULscore = 5321.38718, CLIP_Loss = 1.36450 	
2024-11-02 12:47:43,978 Test-Epoch[1/160]Batch[3]	RMSE = 30.98038, RULscore = 5321.38718, CLIP_Loss = 1.36450 	
2024-11-02 12:47:43,978 Final_Epoch [1]   time cost: 7.87 sec (0.00 h)
2024-11-02 12:47:43,978 Train_RMSE = 23.86795, Train_RULscore = 1301958.23369, Train_CLIP_Loss = 1.04744, Test_RMSE = 30.98038, Test_RULscore = 5321.38718, Test_CLIP_Loss = 1.36450, Train_RMSE_cor = 23.86795, Train_RULscore_min = 1301958.23369, Test_RMSE_cor = 30.98038, Test_RULscore_min = 5321.38718, Model_ID = 2.00000 	
2024-11-02 12:47:43,987 Checkpoint (model & optimizer) saved to: /home/qchenax/astar/rul_prompt/output/clip/FD004/exp_202411021247_bilstm_clip_ep-0002.pth
2024-11-02 12:47:44,071 Train-Epoch[2/160]Batch[0]	Speed 1655.1 (+1786.2) sample/sec 	RMSE = 36.61561, RULscore = 7345.31380, CLIP_Loss = 1.01691 	
2024-11-02 12:47:45,195 Train-Epoch[2/160]Batch[50]	Speed 5693.7 (+38.7) sample/sec 	RMSE = 23.39112, RULscore = 172952.33511, CLIP_Loss = 1.04373 	
2024-11-02 12:47:46,272 Train-Epoch[2/160]Batch[100]	Speed 5944.1 (+41.4) sample/sec 	RMSE = 23.25807, RULscore = 330102.60652, CLIP_Loss = 1.03970 	
2024-11-02 12:47:47,418 Train-Epoch[2/160]Batch[150]	Speed 5583.3 (+37.0) sample/sec 	RMSE = 23.25951, RULscore = 491037.92853, CLIP_Loss = 1.04532 	
2024-11-02 12:47:48,583 Train-Epoch[2/160]Batch[200]	Speed 5494.2 (+37.0) sample/sec 	RMSE = 23.26548, RULscore = 684281.26880, CLIP_Loss = 1.04475 	
2024-11-02 12:47:49,615 Train-Epoch[2/160]Batch[250]	Speed 6199.0 (+43.4) sample/sec 	RMSE = 23.07149, RULscore = 842839.62715, CLIP_Loss = 1.04304 	
2024-11-02 12:47:50,885 Train-Epoch[2/160]Batch[300]	Speed 5042.6 (+31.6) sample/sec 	RMSE = 23.25249, RULscore = 993394.33624, CLIP_Loss = 1.04453 	
2024-11-02 12:47:51,897 Train-Epoch[2/160]Batch[339]	Speed 4737.5 (+34.2) sample/sec 	RMSE = 23.15173, RULscore = 1117243.27198, CLIP_Loss = 1.04459 	
2024-11-02 12:47:51,944 Test-Epoch[2/160]Batch[0]	Speed 1343.8 (+3711.1) sample/sec 	RMSE = 28.83342, RULscore = 1175.41643, CLIP_Loss = 1.41870 	
2024-11-02 12:47:51,982 Test-Epoch[2/160]Batch[3]	Speed 5758.9 (+358.6) sample/sec 	RMSE = 27.23383, RULscore = 4129.29606, CLIP_Loss = 1.35974 	
2024-11-02 12:47:51,983 Test-Epoch[2/160]Batch[3]	RMSE = 27.23383, RULscore = 4129.29606, CLIP_Loss = 1.35974 	
2024-11-02 12:47:51,983 Final_Epoch [2]   time cost: 8.00 sec (0.00 h)
2024-11-02 12:47:51,983 Train_RMSE = 23.15173, Train_RULscore = 1117243.27198, Train_CLIP_Loss = 1.04459, Test_RMSE = 27.23383, Test_RULscore = 4129.29606, Test_CLIP_Loss = 1.35974, Train_RMSE_cor = 23.15173, Train_RULscore_min = 1117243.27198, Test_RMSE_cor = 27.23383, Test_RULscore_min = 4129.29606, Model_ID = 3.00000 	
2024-11-02 12:47:51,988 Checkpoint (model & optimizer) saved to: /home/qchenax/astar/rul_prompt/output/clip/FD004/exp_202411021247_bilstm_clip_ep-0003.pth
2024-11-02 12:47:52,085 Train-Epoch[3/160]Batch[0]	Speed 1409.7 (+1510.9) sample/sec 	RMSE = 29.27430, RULscore = 17515.70180, CLIP_Loss = 1.00976 	
2024-11-02 12:47:53,537 Train-Epoch[3/160]Batch[50]	Speed 4408.2 (+32.4) sample/sec 	RMSE = 22.94082, RULscore = 195622.79116, CLIP_Loss = 1.04161 	
2024-11-02 12:47:54,867 Train-Epoch[3/160]Batch[100]	Speed 4814.4 (+32.0) sample/sec 	RMSE = 22.54825, RULscore = 325304.95707, CLIP_Loss = 1.03861 	
2024-11-02 12:47:56,104 Train-Epoch[3/160]Batch[150]	Speed 5170.3 (+36.5) sample/sec 	RMSE = 22.67985, RULscore = 460482.35077, CLIP_Loss = 1.04567 	
2024-11-02 12:47:57,515 Train-Epoch[3/160]Batch[200]	Speed 4536.1 (+32.7) sample/sec 	RMSE = 22.42176, RULscore = 596853.50750, CLIP_Loss = 1.04437 	
2024-11-02 12:47:58,934 Train-Epoch[3/160]Batch[250]	Speed 4510.5 (+30.5) sample/sec 	RMSE = 22.31637, RULscore = 736074.26040, CLIP_Loss = 1.04339 	
2024-11-02 12:48:00,313 Train-Epoch[3/160]Batch[300]	Speed 4642.0 (+32.9) sample/sec 	RMSE = 22.33528, RULscore = 858985.46869, CLIP_Loss = 1.04420 	
2024-11-02 12:48:01,378 Train-Epoch[3/160]Batch[339]	Speed 4507.7 (+31.7) sample/sec 	RMSE = 22.39685, RULscore = 968028.91288, CLIP_Loss = 1.04339 	
2024-11-02 12:48:01,428 Test-Epoch[3/160]Batch[0]	Speed 1269.9 (+2915.4) sample/sec 	RMSE = 28.02960, RULscore = 1115.16659, CLIP_Loss = 1.41260 	
2024-11-02 12:48:01,466 Test-Epoch[3/160]Batch[3]	Speed 5731.5 (+420.5) sample/sec 	RMSE = 26.09212, RULscore = 3915.25043, CLIP_Loss = 1.35948 	
2024-11-02 12:48:01,466 Test-Epoch[3/160]Batch[3]	RMSE = 26.09212, RULscore = 3915.25043, CLIP_Loss = 1.35948 	
2024-11-02 12:48:01,466 Final_Epoch [3]   time cost: 9.48 sec (0.00 h)
2024-11-02 12:48:01,466 Train_RMSE = 22.39685, Train_RULscore = 968028.91288, Train_CLIP_Loss = 1.04339, Test_RMSE = 26.09212, Test_RULscore = 3915.25043, Test_CLIP_Loss = 1.35948, Train_RMSE_cor = 22.39685, Train_RULscore_min = 968028.91288, Test_RMSE_cor = 26.09212, Test_RULscore_min = 3915.25043, Model_ID = 4.00000 	
2024-11-02 12:48:01,471 Checkpoint (model & optimizer) saved to: /home/qchenax/astar/rul_prompt/output/clip/FD004/exp_202411021247_bilstm_clip_ep-0004.pth
2024-11-02 12:48:01,568 Train-Epoch[4/160]Batch[0]	Speed 1402.2 (+2291.4) sample/sec 	RMSE = 27.93687, RULscore = 6091.41380, CLIP_Loss = 1.00927 	
2024-11-02 12:48:03,159 Train-Epoch[4/160]Batch[50]	Speed 4022.8 (+26.2) sample/sec 	RMSE = 23.00169, RULscore = 153149.35937, CLIP_Loss = 1.03004 	
2024-11-02 12:48:04,588 Train-Epoch[4/160]Batch[100]	Speed 4478.9 (+32.0) sample/sec 	RMSE = 22.43810, RULscore = 299641.66471, CLIP_Loss = 1.03372 	
2024-11-02 12:48:05,904 Train-Epoch[4/160]Batch[150]	Speed 4865.3 (+29.8) sample/sec 	RMSE = 22.42122, RULscore = 420438.59079, CLIP_Loss = 1.03891 	
2024-11-02 12:48:07,285 Train-Epoch[4/160]Batch[200]	Speed 4631.9 (+32.1) sample/sec 	RMSE = 22.55141, RULscore = 594496.75663, CLIP_Loss = 1.03961 	
2024-11-02 12:48:08,693 Train-Epoch[4/160]Batch[250]	Speed 4545.7 (+27.7) sample/sec 	RMSE = 22.34786, RULscore = 727472.58004, CLIP_Loss = 1.03837 	
2024-11-02 12:48:10,275 Train-Epoch[4/160]Batch[300]	Speed 4045.1 (+25.3) sample/sec 	RMSE = 22.22081, RULscore = 859365.34068, CLIP_Loss = 1.03935 	
2024-11-02 12:48:11,436 Train-Epoch[4/160]Batch[339]	Speed 4140.5 (+27.0) sample/sec 	RMSE = 22.25976, RULscore = 978328.41748, CLIP_Loss = 1.03789 	
2024-11-02 12:48:11,486 Test-Epoch[4/160]Batch[0]	Speed 1261.3 (+2558.9) sample/sec 	RMSE = 31.38140, RULscore = 1469.02292, CLIP_Loss = 1.41552 	
2024-11-02 12:48:11,521 Test-Epoch[4/160]Batch[3]	Speed 6314.6 (+403.0) sample/sec 	RMSE = 30.33245, RULscore = 5609.77046, CLIP_Loss = 1.36187 	
2024-11-02 12:48:11,522 Test-Epoch[4/160]Batch[3]	RMSE = 30.33245, RULscore = 5609.77046, CLIP_Loss = 1.36187 	
2024-11-02 12:48:11,522 Final_Epoch [4]   time cost: 10.05 sec (0.00 h)
2024-11-02 12:48:11,522 Train_RMSE = 22.25976, Train_RULscore = 978328.41748, Train_CLIP_Loss = 1.03789, Test_RMSE = 30.33245, Test_RULscore = 5609.77046, Test_CLIP_Loss = 1.36187, Train_RMSE_cor = 22.39685, Train_RULscore_min = 968028.91288, Test_RMSE_cor = 26.09212, Test_RULscore_min = 3915.25043, Model_ID = 4.00000 	
2024-11-02 12:48:11,530 Checkpoint (model & optimizer) saved to: /home/qchenax/astar/rul_prompt/output/clip/FD004/exp_202411021247_bilstm_clip_ep-0005.pth
2024-11-02 12:48:11,628 Train-Epoch[5/160]Batch[0]	Speed 1391.8 (+1486.4) sample/sec 	RMSE = 30.20244, RULscore = 2743.92023, CLIP_Loss = 1.04760 	
2024-11-02 12:48:12,967 Train-Epoch[5/160]Batch[50]	Speed 4777.6 (+32.2) sample/sec 	RMSE = 22.74331, RULscore = 160367.93729, CLIP_Loss = 1.03925 	
2024-11-02 12:48:14,288 Train-Epoch[5/160]Batch[100]	Speed 4846.7 (+31.9) sample/sec 	RMSE = 21.99975, RULscore = 283610.52272, CLIP_Loss = 1.04083 	
2024-11-02 12:48:15,646 Train-Epoch[5/160]Batch[150]	Speed 4712.4 (+29.0) sample/sec 	RMSE = 21.70647, RULscore = 405667.02410, CLIP_Loss = 1.03908 	
2024-11-02 12:48:17,100 Train-Epoch[5/160]Batch[200]	Speed 4401.5 (+29.5) sample/sec 	RMSE = 21.61491, RULscore = 518035.43966, CLIP_Loss = 1.04057 	
2024-11-02 12:48:18,555 Train-Epoch[5/160]Batch[250]	Speed 4398.8 (+30.8) sample/sec 	RMSE = 21.52450, RULscore = 639223.32040, CLIP_Loss = 1.03920 	
2024-11-02 12:48:19,993 Train-Epoch[5/160]Batch[300]	Speed 4452.1 (+28.3) sample/sec 	RMSE = 21.49844, RULscore = 735560.08495, CLIP_Loss = 1.03921 	
2024-11-02 12:48:21,031 Train-Epoch[5/160]Batch[339]	Speed 4647.1 (+31.5) sample/sec 	RMSE = 21.76599, RULscore = 848420.03466, CLIP_Loss = 1.03673 	
2024-11-02 12:48:21,081 Test-Epoch[5/160]Batch[0]	Speed 1264.1 (+2142.1) sample/sec 	RMSE = 29.55701, RULscore = 1333.72848, CLIP_Loss = 1.41101 	
2024-11-02 12:48:21,114 Test-Epoch[5/160]Batch[3]	Speed 6953.1 (+566.1) sample/sec 	RMSE = 28.26244, RULscore = 5265.47006, CLIP_Loss = 1.35996 	
2024-11-02 12:48:21,114 Test-Epoch[5/160]Batch[3]	RMSE = 28.26244, RULscore = 5265.47006, CLIP_Loss = 1.35996 	
2024-11-02 12:48:21,114 Final_Epoch [5]   time cost: 9.58 sec (0.00 h)
2024-11-02 12:48:21,114 Train_RMSE = 21.76599, Train_RULscore = 848420.03466, Train_CLIP_Loss = 1.03673, Test_RMSE = 28.26244, Test_RULscore = 5265.47006, Test_CLIP_Loss = 1.35996, Train_RMSE_cor = 21.76599, Train_RULscore_min = 848420.03466, Test_RMSE_cor = 26.09212, Test_RULscore_min = 3915.25043, Model_ID = 4.00000 	
2024-11-02 12:48:21,119 Checkpoint (model & optimizer) saved to: /home/qchenax/astar/rul_prompt/output/clip/FD004/exp_202411021247_bilstm_clip_ep-0006.pth
2024-11-02 12:48:21,234 Train-Epoch[6/160]Batch[0]	Speed 1172.9 (+1001.7) sample/sec 	RMSE = 29.97603, RULscore = 19139.21250, CLIP_Loss = 1.01281 	
2024-11-02 12:48:22,507 Train-Epoch[6/160]Batch[50]	Speed 5026.9 (+35.4) sample/sec 	RMSE = 22.02016, RULscore = 173382.99952, CLIP_Loss = 1.04218 	
2024-11-02 12:48:23,903 Train-Epoch[6/160]Batch[100]	Speed 4583.9 (+31.0) sample/sec 	RMSE = 21.39056, RULscore = 290177.05260, CLIP_Loss = 1.03807 	
2024-11-02 12:48:25,337 Train-Epoch[6/160]Batch[150]	Speed 4464.9 (+29.7) sample/sec 	RMSE = 21.37195, RULscore = 405297.87914, CLIP_Loss = 1.03945 	
2024-11-02 12:48:26,713 Train-Epoch[6/160]Batch[200]	Speed 4650.5 (+29.8) sample/sec 	RMSE = 21.16308, RULscore = 519663.77968, CLIP_Loss = 1.04155 	
2024-11-02 12:48:28,012 Train-Epoch[6/160]Batch[250]	Speed 4925.5 (+33.2) sample/sec 	RMSE = 21.05209, RULscore = 622408.96467, CLIP_Loss = 1.03945 	
2024-11-02 12:48:29,228 Train-Epoch[6/160]Batch[300]	Speed 5263.5 (+36.3) sample/sec 	RMSE = 20.96694, RULscore = 719788.49432, CLIP_Loss = 1.03888 	
2024-11-02 12:48:30,312 Train-Epoch[6/160]Batch[339]	Speed 4459.9 (+29.2) sample/sec 	RMSE = 20.96107, RULscore = 823962.26405, CLIP_Loss = 1.03641 	
2024-11-02 12:48:30,358 Test-Epoch[6/160]Batch[0]	Speed 1358.2 (+3245.1) sample/sec 	RMSE = 21.70246, RULscore = 1060.20344, CLIP_Loss = 1.40341 	
2024-11-02 12:48:30,396 Test-Epoch[6/160]Batch[3]	Speed 6290.1 (+481.2) sample/sec 	RMSE = 20.65845, RULscore = 2771.32403, CLIP_Loss = 1.35223 	
2024-11-02 12:48:30,396 Test-Epoch[6/160]Batch[3]	RMSE = 20.65845, RULscore = 2771.32403, CLIP_Loss = 1.35223 	
2024-11-02 12:48:30,396 Final_Epoch [6]   time cost: 9.28 sec (0.00 h)
2024-11-02 12:48:30,397 Train_RMSE = 20.96107, Train_RULscore = 823962.26405, Train_CLIP_Loss = 1.03641, Test_RMSE = 20.65845, Test_RULscore = 2771.32403, Test_CLIP_Loss = 1.35223, Train_RMSE_cor = 20.96107, Train_RULscore_min = 823962.26405, Test_RMSE_cor = 20.65845, Test_RULscore_min = 2771.32403, Model_ID = 7.00000 	
2024-11-02 12:48:30,402 Checkpoint (model & optimizer) saved to: /home/qchenax/astar/rul_prompt/output/clip/FD004/exp_202411021247_bilstm_clip_ep-0007.pth
2024-11-02 12:48:30,489 Train-Epoch[7/160]Batch[0]	Speed 1576.8 (+1964.3) sample/sec 	RMSE = 23.04513, RULscore = 6731.84779, CLIP_Loss = 0.99805 	
2024-11-02 12:48:31,869 Train-Epoch[7/160]Batch[50]	Speed 4637.8 (+29.8) sample/sec 	RMSE = 20.29426, RULscore = 104643.46620, CLIP_Loss = 1.03363 	
2024-11-02 12:48:33,180 Train-Epoch[7/160]Batch[100]	Speed 4881.5 (+31.2) sample/sec 	RMSE = 20.66973, RULscore = 202316.42473, CLIP_Loss = 1.03022 	
2024-11-02 12:48:34,483 Train-Epoch[7/160]Batch[150]	Speed 4913.9 (+32.4) sample/sec 	RMSE = 20.64915, RULscore = 307395.74104, CLIP_Loss = 1.03531 	
2024-11-02 12:48:35,783 Train-Epoch[7/160]Batch[200]	Speed 4921.9 (+30.5) sample/sec 	RMSE = 20.42569, RULscore = 428112.54455, CLIP_Loss = 1.03462 	
2024-11-02 12:48:37,385 Train-Epoch[7/160]Batch[250]	Speed 3996.2 (+27.0) sample/sec 	RMSE = 20.38106, RULscore = 544267.92740, CLIP_Loss = 1.03330 	
2024-11-02 12:48:38,878 Train-Epoch[7/160]Batch[300]	Speed 4285.7 (+31.5) sample/sec 	RMSE = 20.33229, RULscore = 638073.52476, CLIP_Loss = 1.03473 	
2024-11-02 12:48:40,135 Train-Epoch[7/160]Batch[339]	Speed 3803.8 (+24.8) sample/sec 	RMSE = 20.38361, RULscore = 731663.86787, CLIP_Loss = 1.03511 	
2024-11-02 12:48:40,187 Test-Epoch[7/160]Batch[0]	Speed 1220.4 (+1833.6) sample/sec 	RMSE = 27.58836, RULscore = 1102.65308, CLIP_Loss = 1.40960 	
2024-11-02 12:48:40,216 Test-Epoch[7/160]Batch[3]	Speed 8127.6 (+869.0) sample/sec 	RMSE = 25.86339, RULscore = 4099.54571, CLIP_Loss = 1.35440 	
2024-11-02 12:48:40,216 Test-Epoch[7/160]Batch[3]	RMSE = 25.86339, RULscore = 4099.54571, CLIP_Loss = 1.35440 	
2024-11-02 12:48:40,216 Final_Epoch [7]   time cost: 9.81 sec (0.00 h)
2024-11-02 12:48:40,216 Train_RMSE = 20.38361, Train_RULscore = 731663.86787, Train_CLIP_Loss = 1.03511, Test_RMSE = 25.86339, Test_RULscore = 4099.54571, Test_CLIP_Loss = 1.35440, Train_RMSE_cor = 20.38361, Train_RULscore_min = 731663.86787, Test_RMSE_cor = 20.65845, Test_RULscore_min = 2771.32403, Model_ID = 7.00000 	
2024-11-02 12:48:40,221 Checkpoint (model & optimizer) saved to: /home/qchenax/astar/rul_prompt/output/clip/FD004/exp_202411021247_bilstm_clip_ep-0008.pth
2024-11-02 12:48:40,316 Train-Epoch[8/160]Batch[0]	Speed 1444.6 (+1585.0) sample/sec 	RMSE = 27.44341, RULscore = 10858.15019, CLIP_Loss = 1.00445 	
2024-11-02 12:48:41,753 Train-Epoch[8/160]Batch[50]	Speed 4451.6 (+30.9) sample/sec 	RMSE = 20.66830, RULscore = 112026.46199, CLIP_Loss = 1.03318 	
2024-11-02 12:48:43,170 Train-Epoch[8/160]Batch[100]	Speed 4517.4 (+33.7) sample/sec 	RMSE = 20.26210, RULscore = 200934.86831, CLIP_Loss = 1.03042 	
2024-11-02 12:48:44,657 Train-Epoch[8/160]Batch[150]	Speed 4305.5 (+27.1) sample/sec 	RMSE = 20.04058, RULscore = 277429.37898, CLIP_Loss = 1.03726 	
2024-11-02 12:48:46,205 Train-Epoch[8/160]Batch[200]	Speed 4132.6 (+24.8) sample/sec 	RMSE = 19.89565, RULscore = 367652.41614, CLIP_Loss = 1.03600 	
2024-11-02 12:48:47,535 Train-Epoch[8/160]Batch[250]	Speed 4812.4 (+33.5) sample/sec 	RMSE = 19.85958, RULscore = 468451.09444, CLIP_Loss = 1.03519 	
2024-11-02 12:48:48,935 Train-Epoch[8/160]Batch[300]	Speed 4572.2 (+29.0) sample/sec 	RMSE = 19.76882, RULscore = 549441.58401, CLIP_Loss = 1.03582 	
2024-11-02 12:48:49,949 Train-Epoch[8/160]Batch[339]	Speed 4781.3 (+35.2) sample/sec 	RMSE = 19.90589, RULscore = 628611.56346, CLIP_Loss = 1.03529 	
2024-11-02 12:48:49,992 Test-Epoch[8/160]Batch[0]	Speed 1466.4 (+4148.9) sample/sec 	RMSE = 20.98411, RULscore = 800.33945, CLIP_Loss = 1.40027 	
2024-11-02 12:48:50,026 Test-Epoch[8/160]Batch[3]	Speed 6666.6 (+515.5) sample/sec 	RMSE = 20.05947, RULscore = 2510.55969, CLIP_Loss = 1.34861 	
2024-11-02 12:48:50,026 Test-Epoch[8/160]Batch[3]	RMSE = 20.05947, RULscore = 2510.55969, CLIP_Loss = 1.34861 	
2024-11-02 12:48:50,026 Final_Epoch [8]   time cost: 9.80 sec (0.00 h)
2024-11-02 12:48:50,026 Train_RMSE = 19.90589, Train_RULscore = 628611.56346, Train_CLIP_Loss = 1.03529, Test_RMSE = 20.05947, Test_RULscore = 2510.55969, Test_CLIP_Loss = 1.34861, Train_RMSE_cor = 19.90589, Train_RULscore_min = 628611.56346, Test_RMSE_cor = 20.05947, Test_RULscore_min = 2510.55969, Model_ID = 9.00000 	
2024-11-02 12:48:50,032 Checkpoint (model & optimizer) saved to: /home/qchenax/astar/rul_prompt/output/clip/FD004/exp_202411021247_bilstm_clip_ep-0009.pth
2024-11-02 12:48:50,129 Train-Epoch[9/160]Batch[0]	Speed 1423.4 (+2155.1) sample/sec 	RMSE = 21.32065, RULscore = 8838.98523, CLIP_Loss = 0.99775 	
2024-11-02 12:48:51,493 Train-Epoch[9/160]Batch[50]	Speed 4691.6 (+32.4) sample/sec 	RMSE = 19.83367, RULscore = 90142.82210, CLIP_Loss = 1.02118 	
2024-11-02 12:48:53,021 Train-Epoch[9/160]Batch[100]	Speed 4186.7 (+27.2) sample/sec 	RMSE = 19.17646, RULscore = 188077.62128, CLIP_Loss = 1.02485 	
2024-11-02 12:48:54,363 Train-Epoch[9/160]Batch[150]	Speed 4769.9 (+33.2) sample/sec 	RMSE = 19.42049, RULscore = 284940.57994, CLIP_Loss = 1.03045 	
2024-11-02 12:48:55,755 Train-Epoch[9/160]Batch[200]	Speed 4598.4 (+32.1) sample/sec 	RMSE = 19.44462, RULscore = 397597.63041, CLIP_Loss = 1.03112 	
2024-11-02 12:48:57,110 Train-Epoch[9/160]Batch[250]	Speed 4724.5 (+32.4) sample/sec 	RMSE = 19.33292, RULscore = 485118.52957, CLIP_Loss = 1.02982 	
2024-11-02 12:48:58,429 Train-Epoch[9/160]Batch[300]	Speed 4850.6 (+35.5) sample/sec 	RMSE = 19.34239, RULscore = 597525.12629, CLIP_Loss = 1.03088 	
2024-11-02 12:48:59,389 Train-Epoch[9/160]Batch[339]	Speed 5023.7 (+36.3) sample/sec 	RMSE = 19.32256, RULscore = 663084.75008, CLIP_Loss = 1.02928 	
2024-11-02 12:48:59,446 Test-Epoch[9/160]Batch[0]	Speed 1109.6 (+1756.8) sample/sec 	RMSE = 19.28058, RULscore = 502.50799, CLIP_Loss = 1.38583 	
2024-11-02 12:48:59,487 Test-Epoch[9/160]Batch[3]	Speed 5419.2 (+362.3) sample/sec 	RMSE = 18.96567, RULscore = 1816.54025, CLIP_Loss = 1.33948 	
2024-11-02 12:48:59,488 Test-Epoch[9/160]Batch[3]	RMSE = 18.96567, RULscore = 1816.54025, CLIP_Loss = 1.33948 	
2024-11-02 12:48:59,488 Final_Epoch [9]   time cost: 9.46 sec (0.00 h)
2024-11-02 12:48:59,488 Train_RMSE = 19.32256, Train_RULscore = 663084.75008, Train_CLIP_Loss = 1.02928, Test_RMSE = 18.96567, Test_RULscore = 1816.54025, Test_CLIP_Loss = 1.33948, Train_RMSE_cor = 19.90589, Train_RULscore_min = 628611.56346, Test_RMSE_cor = 18.96567, Test_RULscore_min = 1816.54025, Model_ID = 10.00000 	
2024-11-02 12:48:59,498 Checkpoint (model & optimizer) saved to: /home/qchenax/astar/rul_prompt/output/clip/FD004/exp_202411021247_bilstm_clip_ep-0010.pth
2024-11-02 12:48:59,615 Train-Epoch[10/160]Batch[0]	Speed 1170.5 (+873.6) sample/sec 	RMSE = 15.39303, RULscore = 512.17798, CLIP_Loss = 1.01719 	
2024-11-02 12:49:01,156 Train-Epoch[10/160]Batch[50]	Speed 4151.9 (+25.7) sample/sec 	RMSE = 19.61422, RULscore = 97546.95039, CLIP_Loss = 1.02930 	
2024-11-02 12:49:02,453 Train-Epoch[10/160]Batch[100]	Speed 4935.0 (+36.0) sample/sec 	RMSE = 19.25632, RULscore = 202918.85954, CLIP_Loss = 1.03204 	
2024-11-02 12:49:03,916 Train-Epoch[10/160]Batch[150]	Speed 4375.4 (+29.9) sample/sec 	RMSE = 19.25576, RULscore = 315876.21064, CLIP_Loss = 1.03109 	
2024-11-02 12:49:05,218 Train-Epoch[10/160]Batch[200]	Speed 4915.5 (+36.6) sample/sec 	RMSE = 19.32413, RULscore = 403393.39535, CLIP_Loss = 1.03285 	
2024-11-02 12:49:06,875 Train-Epoch[10/160]Batch[250]	Speed 3862.1 (+25.9) sample/sec 	RMSE = 19.33203, RULscore = 493611.13413, CLIP_Loss = 1.03183 	
2024-11-02 12:49:08,233 Train-Epoch[10/160]Batch[300]	Speed 4714.5 (+36.6) sample/sec 	RMSE = 19.30837, RULscore = 587066.09777, CLIP_Loss = 1.03192 	
2024-11-02 12:49:09,303 Train-Epoch[10/160]Batch[339]	Speed 4501.7 (+33.8) sample/sec 	RMSE = 19.30512, RULscore = 678050.62330, CLIP_Loss = 1.02932 	
2024-11-02 12:49:09,360 Test-Epoch[10/160]Batch[0]	Speed 1121.7 (+2383.8) sample/sec 	RMSE = 19.71252, RULscore = 523.81159, CLIP_Loss = 1.39141 	
2024-11-02 12:49:09,403 Test-Epoch[10/160]Batch[3]	Speed 5297.2 (+361.3) sample/sec 	RMSE = 19.33397, RULscore = 1717.76407, CLIP_Loss = 1.34126 	
2024-11-02 12:49:09,403 Test-Epoch[10/160]Batch[3]	RMSE = 19.33397, RULscore = 1717.76407, CLIP_Loss = 1.34126 	
2024-11-02 12:49:09,403 Final_Epoch [10]   time cost: 9.91 sec (0.00 h)
2024-11-02 12:49:09,403 Train_RMSE = 19.30512, Train_RULscore = 678050.62330, Train_CLIP_Loss = 1.02932, Test_RMSE = 19.33397, Test_RULscore = 1717.76407, Test_CLIP_Loss = 1.34126, Train_RMSE_cor = 19.90589, Train_RULscore_min = 628611.56346, Test_RMSE_cor = 19.33397, Test_RULscore_min = 1717.76407, Model_ID = 11.00000 	
2024-11-02 12:49:09,409 Checkpoint (model & optimizer) saved to: /home/qchenax/astar/rul_prompt/output/clip/FD004/exp_202411021247_bilstm_clip_ep-0011.pth
2024-11-02 12:49:09,512 Train-Epoch[11/160]Batch[0]	Speed 1313.6 (+1304.7) sample/sec 	RMSE = 20.94580, RULscore = 5940.23792, CLIP_Loss = 0.98992 	
2024-11-02 12:49:11,019 Train-Epoch[11/160]Batch[50]	Speed 4249.1 (+34.0) sample/sec 	RMSE = 19.11527, RULscore = 139447.60621, CLIP_Loss = 1.03297 	
2024-11-02 12:49:12,442 Train-Epoch[11/160]Batch[100]	Speed 4495.3 (+31.1) sample/sec 	RMSE = 18.94607, RULscore = 290926.83680, CLIP_Loss = 1.03005 	
2024-11-02 12:49:13,741 Train-Epoch[11/160]Batch[150]	Speed 4928.8 (+33.5) sample/sec 	RMSE = 19.09400, RULscore = 393386.57946, CLIP_Loss = 1.03190 	
2024-11-02 12:49:15,189 Train-Epoch[11/160]Batch[200]	Speed 4417.7 (+29.3) sample/sec 	RMSE = 19.09319, RULscore = 502237.06597, CLIP_Loss = 1.03457 	
2024-11-02 12:49:16,625 Train-Epoch[11/160]Batch[250]	Speed 4459.4 (+32.8) sample/sec 	RMSE = 18.98556, RULscore = 599024.65111, CLIP_Loss = 1.03263 	
2024-11-02 12:49:17,969 Train-Epoch[11/160]Batch[300]	Speed 4761.7 (+32.6) sample/sec 	RMSE = 18.98424, RULscore = 720823.17213, CLIP_Loss = 1.03223 	
2024-11-02 12:49:19,014 Train-Epoch[11/160]Batch[339]	Speed 4586.0 (+34.9) sample/sec 	RMSE = 19.02230, RULscore = 824947.91246, CLIP_Loss = 1.02979 	
2024-11-02 12:49:19,072 Test-Epoch[11/160]Batch[0]	Speed 1085.5 (+1775.9) sample/sec 	RMSE = 19.82603, RULscore = 829.62588, CLIP_Loss = 1.39997 	
2024-11-02 12:49:19,117 Test-Epoch[11/160]Batch[3]	Speed 4863.6 (+287.8) sample/sec 	RMSE = 19.30179, RULscore = 2557.62862, CLIP_Loss = 1.34761 	
2024-11-02 12:49:19,117 Test-Epoch[11/160]Batch[3]	RMSE = 19.30179, RULscore = 2557.62862, CLIP_Loss = 1.34761 	
2024-11-02 12:49:19,118 Final_Epoch [11]   time cost: 9.71 sec (0.00 h)
2024-11-02 12:49:19,118 Train_RMSE = 19.02230, Train_RULscore = 824947.91246, Train_CLIP_Loss = 1.02979, Test_RMSE = 19.30179, Test_RULscore = 2557.62862, Test_CLIP_Loss = 1.34761, Train_RMSE_cor = 19.90589, Train_RULscore_min = 628611.56346, Test_RMSE_cor = 19.33397, Test_RULscore_min = 1717.76407, Model_ID = 11.00000 	
2024-11-02 12:49:19,126 Checkpoint (model & optimizer) saved to: /home/qchenax/astar/rul_prompt/output/clip/FD004/exp_202411021247_bilstm_clip_ep-0012.pth
2024-11-02 12:49:19,237 Train-Epoch[12/160]Batch[0]	Speed 1220.3 (+1161.4) sample/sec 	RMSE = 20.44161, RULscore = 6109.88335, CLIP_Loss = 0.99620 	
2024-11-02 12:49:20,529 Train-Epoch[12/160]Batch[50]	Speed 4954.7 (+36.9) sample/sec 	RMSE = 19.57658, RULscore = 110920.68397, CLIP_Loss = 1.02972 	
2024-11-02 12:49:21,888 Train-Epoch[12/160]Batch[100]	Speed 4709.1 (+32.6) sample/sec 	RMSE = 19.15216, RULscore = 233369.13164, CLIP_Loss = 1.02541 	
2024-11-02 12:49:23,122 Train-Epoch[12/160]Batch[150]	Speed 5184.6 (+37.2) sample/sec 	RMSE = 19.23003, RULscore = 357187.76068, CLIP_Loss = 1.03024 	
2024-11-02 12:49:24,344 Train-Epoch[12/160]Batch[200]	Speed 5237.8 (+37.1) sample/sec 	RMSE = 19.09346, RULscore = 486918.13888, CLIP_Loss = 1.02948 	
2024-11-02 12:49:25,716 Train-Epoch[12/160]Batch[250]	Speed 4666.8 (+31.3) sample/sec 	RMSE = 18.97708, RULscore = 606071.04929, CLIP_Loss = 1.02810 	
2024-11-02 12:49:27,058 Train-Epoch[12/160]Batch[300]	Speed 4767.9 (+31.2) sample/sec 	RMSE = 18.91955, RULscore = 716854.72571, CLIP_Loss = 1.02950 	
2024-11-02 12:49:28,089 Train-Epoch[12/160]Batch[339]	Speed 4656.0 (+34.3) sample/sec 	RMSE = 18.95941, RULscore = 825741.64509, CLIP_Loss = 1.02975 	
2024-11-02 12:49:28,150 Test-Epoch[12/160]Batch[0]	Speed 1038.5 (+4860.0) sample/sec 	RMSE = 22.31739, RULscore = 728.22254, CLIP_Loss = 1.39099 	
2024-11-02 12:49:28,185 Test-Epoch[12/160]Batch[3]	Speed 7101.5 (+311.6) sample/sec 	RMSE = 19.89569, RULscore = 1999.99993, CLIP_Loss = 1.33525 	
2024-11-02 12:49:28,185 Test-Epoch[12/160]Batch[3]	RMSE = 19.89569, RULscore = 1999.99993, CLIP_Loss = 1.33525 	
2024-11-02 12:49:28,185 Final_Epoch [12]   time cost: 9.06 sec (0.00 h)
2024-11-02 12:49:28,185 Train_RMSE = 18.95941, Train_RULscore = 825741.64509, Train_CLIP_Loss = 1.02975, Test_RMSE = 19.89569, Test_RULscore = 1999.99993, Test_CLIP_Loss = 1.33525, Train_RMSE_cor = 19.90589, Train_RULscore_min = 628611.56346, Test_RMSE_cor = 19.33397, Test_RULscore_min = 1717.76407, Model_ID = 11.00000 	
2024-11-02 12:49:28,190 Checkpoint (model & optimizer) saved to: /home/qchenax/astar/rul_prompt/output/clip/FD004/exp_202411021247_bilstm_clip_ep-0013.pth
2024-11-02 12:49:28,287 Train-Epoch[13/160]Batch[0]	Speed 1421.8 (+1489.8) sample/sec 	RMSE = 22.27947, RULscore = 6323.85787, CLIP_Loss = 0.99381 	
2024-11-02 12:49:29,668 Train-Epoch[13/160]Batch[50]	Speed 4632.4 (+30.5) sample/sec 	RMSE = 18.65158, RULscore = 111069.76512, CLIP_Loss = 1.02676 	
2024-11-02 12:49:31,085 Train-Epoch[13/160]Batch[100]	Speed 4518.5 (+28.7) sample/sec 	RMSE = 18.61981, RULscore = 247529.79690, CLIP_Loss = 1.02453 	
2024-11-02 12:49:32,390 Train-Epoch[13/160]Batch[150]	Speed 4904.2 (+35.1) sample/sec 	RMSE = 18.62276, RULscore = 356073.95626, CLIP_Loss = 1.03177 	
2024-11-02 12:49:33,829 Train-Epoch[13/160]Batch[200]	Speed 4445.5 (+31.6) sample/sec 	RMSE = 18.51933, RULscore = 470992.14285, CLIP_Loss = 1.03064 	
2024-11-02 12:49:35,246 Train-Epoch[13/160]Batch[250]	Speed 4516.9 (+34.6) sample/sec 	RMSE = 18.54931, RULscore = 599534.42108, CLIP_Loss = 1.02998 	
2024-11-02 12:49:36,637 Train-Epoch[13/160]Batch[300]	Speed 4601.6 (+33.3) sample/sec 	RMSE = 18.57869, RULscore = 719527.67094, CLIP_Loss = 1.03082 	
2024-11-02 12:49:37,627 Train-Epoch[13/160]Batch[339]	Speed 4886.1 (+37.2) sample/sec 	RMSE = 18.58937, RULscore = 790729.79484, CLIP_Loss = 1.03010 	
2024-11-02 12:49:37,671 Test-Epoch[13/160]Batch[0]	Speed 1443.4 (+4242.2) sample/sec 	RMSE = 19.30737, RULscore = 1056.15073, CLIP_Loss = 1.39555 	
2024-11-02 12:49:37,716 Test-Epoch[13/160]Batch[3]	Speed 4750.3 (+253.9) sample/sec 	RMSE = 19.05989, RULscore = 3223.49208, CLIP_Loss = 1.34602 	
2024-11-02 12:49:37,716 Test-Epoch[13/160]Batch[3]	RMSE = 19.05989, RULscore = 3223.49208, CLIP_Loss = 1.34602 	
2024-11-02 12:49:37,716 Final_Epoch [13]   time cost: 9.53 sec (0.00 h)
2024-11-02 12:49:37,717 Train_RMSE = 18.58937, Train_RULscore = 790729.79484, Train_CLIP_Loss = 1.03010, Test_RMSE = 19.05989, Test_RULscore = 3223.49208, Test_CLIP_Loss = 1.34602, Train_RMSE_cor = 19.90589, Train_RULscore_min = 628611.56346, Test_RMSE_cor = 19.33397, Test_RULscore_min = 1717.76407, Model_ID = 11.00000 	
2024-11-02 12:49:37,721 Checkpoint (model & optimizer) saved to: /home/qchenax/astar/rul_prompt/output/clip/FD004/exp_202411021247_bilstm_clip_ep-0014.pth
2024-11-02 12:49:37,825 Train-Epoch[14/160]Batch[0]	Speed 1328.5 (+1544.1) sample/sec 	RMSE = 20.00312, RULscore = 6083.73613, CLIP_Loss = 0.99806 	
2024-11-02 12:49:39,214 Train-Epoch[14/160]Batch[50]	Speed 4606.2 (+33.7) sample/sec 	RMSE = 18.59119, RULscore = 103596.76211, CLIP_Loss = 1.01718 	
2024-11-02 12:49:40,513 Train-Epoch[14/160]Batch[100]	Speed 4925.8 (+32.9) sample/sec 	RMSE = 18.12519, RULscore = 229889.17040, CLIP_Loss = 1.02074 	
2024-11-02 12:49:41,829 Train-Epoch[14/160]Batch[150]	Speed 4865.0 (+35.5) sample/sec 	RMSE = 18.26532, RULscore = 351316.98469, CLIP_Loss = 1.02597 	
2024-11-02 12:49:43,169 Train-Epoch[14/160]Batch[200]	Speed 4776.8 (+35.1) sample/sec 	RMSE = 18.30350, RULscore = 488289.34542, CLIP_Loss = 1.02651 	
2024-11-02 12:49:44,691 Train-Epoch[14/160]Batch[250]	Speed 4205.0 (+28.8) sample/sec 	RMSE = 18.23965, RULscore = 569311.19383, CLIP_Loss = 1.02534 	
2024-11-02 12:49:45,993 Train-Epoch[14/160]Batch[300]	Speed 4915.8 (+37.1) sample/sec 	RMSE = 18.21491, RULscore = 688526.69414, CLIP_Loss = 1.02649 	
2024-11-02 12:49:47,062 Train-Epoch[14/160]Batch[339]	Speed 4485.0 (+32.4) sample/sec 	RMSE = 18.24748, RULscore = 780479.47730, CLIP_Loss = 1.02489 	
2024-11-02 12:49:47,111 Test-Epoch[14/160]Batch[0]	Speed 1284.5 (+2928.6) sample/sec 	RMSE = 18.71402, RULscore = 500.48383, CLIP_Loss = 1.38666 	
2024-11-02 12:49:47,147 Test-Epoch[14/160]Batch[3]	Speed 6364.4 (+448.6) sample/sec 	RMSE = 18.13143, RULscore = 1752.14768, CLIP_Loss = 1.33631 	
2024-11-02 12:49:47,147 Test-Epoch[14/160]Batch[3]	RMSE = 18.13143, RULscore = 1752.14768, CLIP_Loss = 1.33631 	
2024-11-02 12:49:47,148 Final_Epoch [14]   time cost: 9.43 sec (0.00 h)
2024-11-02 12:49:47,148 Train_RMSE = 18.24748, Train_RULscore = 780479.47730, Train_CLIP_Loss = 1.02489, Test_RMSE = 18.13143, Test_RULscore = 1752.14768, Test_CLIP_Loss = 1.33631, Train_RMSE_cor = 19.90589, Train_RULscore_min = 628611.56346, Test_RMSE_cor = 19.33397, Test_RULscore_min = 1717.76407, Model_ID = 11.00000 	
2024-11-02 12:49:47,153 Checkpoint (model & optimizer) saved to: /home/qchenax/astar/rul_prompt/output/clip/FD004/exp_202411021247_bilstm_clip_ep-0015.pth
2024-11-02 12:49:47,254 Train-Epoch[15/160]Batch[0]	Speed 1347.6 (+1774.8) sample/sec 	RMSE = 15.03460, RULscore = 505.77427, CLIP_Loss = 1.01476 	
2024-11-02 12:49:48,653 Train-Epoch[15/160]Batch[50]	Speed 4574.8 (+31.4) sample/sec 	RMSE = 18.50723, RULscore = 115786.45004, CLIP_Loss = 1.02494 	
2024-11-02 12:49:49,958 Train-Epoch[15/160]Batch[100]	Speed 4904.1 (+36.3) sample/sec 	RMSE = 18.14224, RULscore = 216297.11793, CLIP_Loss = 1.02770 	
2024-11-02 12:49:51,310 Train-Epoch[15/160]Batch[150]	Speed 4734.9 (+31.4) sample/sec 	RMSE = 18.15490, RULscore = 323177.65035, CLIP_Loss = 1.02672 	
2024-11-02 12:49:52,565 Train-Epoch[15/160]Batch[200]	Speed 5099.0 (+36.5) sample/sec 	RMSE = 18.23641, RULscore = 413616.38550, CLIP_Loss = 1.02854 	
2024-11-02 12:49:53,958 Train-Epoch[15/160]Batch[250]	Speed 4596.9 (+32.0) sample/sec 	RMSE = 18.26238, RULscore = 518390.96147, CLIP_Loss = 1.02764 	
2024-11-02 12:49:55,370 Train-Epoch[15/160]Batch[300]	Speed 4531.4 (+32.1) sample/sec 	RMSE = 18.21961, RULscore = 619916.42710, CLIP_Loss = 1.02774 	
2024-11-02 12:49:56,450 Train-Epoch[15/160]Batch[339]	Speed 4463.5 (+31.8) sample/sec 	RMSE = 18.17434, RULscore = 717883.72675, CLIP_Loss = 1.02500 	
2024-11-02 12:49:56,506 Test-Epoch[15/160]Batch[0]	Speed 1121.2 (+2478.4) sample/sec 	RMSE = 20.32323, RULscore = 452.11986, CLIP_Loss = 1.39060 	
2024-11-02 12:49:56,543 Test-Epoch[15/160]Batch[3]	Speed 6114.4 (+538.3) sample/sec 	RMSE = 19.26651, RULscore = 1701.56228, CLIP_Loss = 1.33557 	
2024-11-02 12:49:56,543 Test-Epoch[15/160]Batch[3]	RMSE = 19.26651, RULscore = 1701.56228, CLIP_Loss = 1.33557 	
2024-11-02 12:49:56,544 Final_Epoch [15]   time cost: 9.39 sec (0.00 h)
2024-11-02 12:49:56,544 Train_RMSE = 18.17434, Train_RULscore = 717883.72675, Train_CLIP_Loss = 1.02500, Test_RMSE = 19.26651, Test_RULscore = 1701.56228, Test_CLIP_Loss = 1.33557, Train_RMSE_cor = 19.90589, Train_RULscore_min = 628611.56346, Test_RMSE_cor = 19.26651, Test_RULscore_min = 1701.56228, Model_ID = 16.00000 	
2024-11-02 12:49:56,553 Checkpoint (model & optimizer) saved to: /home/qchenax/astar/rul_prompt/output/clip/FD004/exp_202411021247_bilstm_clip_ep-0016.pth
2024-11-02 12:49:56,654 Train-Epoch[16/160]Batch[0]	Speed 1348.9 (+1380.8) sample/sec 	RMSE = 22.21029, RULscore = 6223.03321, CLIP_Loss = 0.98955 	
2024-11-02 12:49:58,053 Train-Epoch[16/160]Batch[50]	Speed 4575.4 (+34.9) sample/sec 	RMSE = 18.57603, RULscore = 113627.31603, CLIP_Loss = 1.02986 	
2024-11-02 12:49:59,504 Train-Epoch[16/160]Batch[100]	Speed 4408.4 (+29.8) sample/sec 	RMSE = 18.10857, RULscore = 232359.28650, CLIP_Loss = 1.02705 	
2024-11-02 12:50:00,776 Train-Epoch[16/160]Batch[150]	Speed 5032.1 (+38.5) sample/sec 	RMSE = 18.13536, RULscore = 350007.30714, CLIP_Loss = 1.02897 	
2024-11-02 12:50:01,947 Train-Epoch[16/160]Batch[200]	Speed 5468.3 (+42.2) sample/sec 	RMSE = 18.14791, RULscore = 463357.03764, CLIP_Loss = 1.03120 	
2024-11-02 12:50:03,276 Train-Epoch[16/160]Batch[250]	Speed 4812.4 (+31.6) sample/sec 	RMSE = 18.17193, RULscore = 563033.31383, CLIP_Loss = 1.02931 	
2024-11-02 12:50:04,606 Train-Epoch[16/160]Batch[300]	Speed 4815.1 (+32.9) sample/sec 	RMSE = 18.15761, RULscore = 680378.01532, CLIP_Loss = 1.02891 	
2024-11-02 12:50:05,574 Train-Epoch[16/160]Batch[339]	Speed 4978.0 (+34.8) sample/sec 	RMSE = 18.18376, RULscore = 788813.70715, CLIP_Loss = 1.02643 	
2024-11-02 12:50:05,629 Test-Epoch[16/160]Batch[0]	Speed 1146.7 (+1855.6) sample/sec 	RMSE = 20.32945, RULscore = 570.97579, CLIP_Loss = 1.38850 	
2024-11-02 12:50:05,670 Test-Epoch[16/160]Batch[3]	Speed 5298.1 (+459.9) sample/sec 	RMSE = 18.71594, RULscore = 1664.92217, CLIP_Loss = 1.33317 	
2024-11-02 12:50:05,671 Test-Epoch[16/160]Batch[3]	RMSE = 18.71594, RULscore = 1664.92217, CLIP_Loss = 1.33317 	
2024-11-02 12:50:05,671 Final_Epoch [16]   time cost: 9.12 sec (0.00 h)
2024-11-02 12:50:05,671 Train_RMSE = 18.18376, Train_RULscore = 788813.70715, Train_CLIP_Loss = 1.02643, Test_RMSE = 18.71594, Test_RULscore = 1664.92217, Test_CLIP_Loss = 1.33317, Train_RMSE_cor = 19.90589, Train_RULscore_min = 628611.56346, Test_RMSE_cor = 18.71594, Test_RULscore_min = 1664.92217, Model_ID = 17.00000 	
2024-11-02 12:50:05,680 Checkpoint (model & optimizer) saved to: /home/qchenax/astar/rul_prompt/output/clip/FD004/exp_202411021247_bilstm_clip_ep-0017.pth
2024-11-02 12:50:05,785 Train-Epoch[17/160]Batch[0]	Speed 1329.7 (+1166.9) sample/sec 	RMSE = 21.04627, RULscore = 3272.94646, CLIP_Loss = 0.99089 	
2024-11-02 12:50:07,131 Train-Epoch[17/160]Batch[50]	Speed 4752.2 (+33.7) sample/sec 	RMSE = 17.88540, RULscore = 83958.99720, CLIP_Loss = 1.02515 	
2024-11-02 12:50:08,373 Train-Epoch[17/160]Batch[100]	Speed 5154.2 (+36.7) sample/sec 	RMSE = 17.79183, RULscore = 166094.27970, CLIP_Loss = 1.02137 	
2024-11-02 12:50:09,695 Train-Epoch[17/160]Batch[150]	Speed 4840.0 (+32.9) sample/sec 	RMSE = 18.07757, RULscore = 282161.82378, CLIP_Loss = 1.02686 	
2024-11-02 12:50:10,954 Train-Epoch[17/160]Batch[200]	Speed 5083.8 (+34.2) sample/sec 	RMSE = 18.02492, RULscore = 408556.04698, CLIP_Loss = 1.02621 	
2024-11-02 12:50:12,237 Train-Epoch[17/160]Batch[250]	Speed 4988.1 (+34.6) sample/sec 	RMSE = 17.99384, RULscore = 520349.17077, CLIP_Loss = 1.02470 	
2024-11-02 12:50:13,534 Train-Epoch[17/160]Batch[300]	Speed 4936.7 (+33.5) sample/sec 	RMSE = 17.97117, RULscore = 613213.33241, CLIP_Loss = 1.02617 	
2024-11-02 12:50:14,577 Train-Epoch[17/160]Batch[339]	Speed 4599.9 (+39.2) sample/sec 	RMSE = 18.02611, RULscore = 717224.30995, CLIP_Loss = 1.02643 	
2024-11-02 12:50:14,629 Test-Epoch[17/160]Batch[0]	Speed 1214.7 (+4569.8) sample/sec 	RMSE = 18.45903, RULscore = 531.12731, CLIP_Loss = 1.38654 	
2024-11-02 12:50:14,663 Test-Epoch[17/160]Batch[3]	Speed 6712.5 (+317.3) sample/sec 	RMSE = 17.66385, RULscore = 1692.61173, CLIP_Loss = 1.33512 	
2024-11-02 12:50:14,663 Test-Epoch[17/160]Batch[3]	RMSE = 17.66385, RULscore = 1692.61173, CLIP_Loss = 1.33512 	
2024-11-02 12:50:14,664 Final_Epoch [17]   time cost: 8.98 sec (0.00 h)
2024-11-02 12:50:14,664 Train_RMSE = 18.02611, Train_RULscore = 717224.30995, Train_CLIP_Loss = 1.02643, Test_RMSE = 17.66385, Test_RULscore = 1692.61173, Test_CLIP_Loss = 1.33512, Train_RMSE_cor = 19.90589, Train_RULscore_min = 628611.56346, Test_RMSE_cor = 18.71594, Test_RULscore_min = 1664.92217, Model_ID = 17.00000 	
2024-11-02 12:50:14,673 Checkpoint (model & optimizer) saved to: /home/qchenax/astar/rul_prompt/output/clip/FD004/exp_202411021247_bilstm_clip_ep-0018.pth
2024-11-02 12:50:14,770 Train-Epoch[18/160]Batch[0]	Speed 1443.9 (+2059.8) sample/sec 	RMSE = 20.41503, RULscore = 5555.39252, CLIP_Loss = 0.99646 	
2024-11-02 12:50:16,166 Train-Epoch[18/160]Batch[50]	Speed 4584.2 (+36.3) sample/sec 	RMSE = 17.85782, RULscore = 92760.25232, CLIP_Loss = 1.02446 	
2024-11-02 12:50:17,726 Train-Epoch[18/160]Batch[100]	Speed 4100.6 (+26.6) sample/sec 	RMSE = 17.80928, RULscore = 208353.71521, CLIP_Loss = 1.02207 	
2024-11-02 12:50:19,197 Train-Epoch[18/160]Batch[150]	Speed 4351.6 (+33.8) sample/sec 	RMSE = 17.85714, RULscore = 289353.25935, CLIP_Loss = 1.02939 	
2024-11-02 12:50:20,697 Train-Epoch[18/160]Batch[200]	Speed 4266.9 (+33.4) sample/sec 	RMSE = 17.85750, RULscore = 401478.77993, CLIP_Loss = 1.02836 	
2024-11-02 12:50:22,188 Train-Epoch[18/160]Batch[250]	Speed 4293.3 (+33.5) sample/sec 	RMSE = 17.85167, RULscore = 520130.87444, CLIP_Loss = 1.02762 	
2024-11-02 12:50:23,626 Train-Epoch[18/160]Batch[300]	Speed 4450.2 (+37.3) sample/sec 	RMSE = 17.82197, RULscore = 634038.93475, CLIP_Loss = 1.02838 	
2024-11-02 12:50:24,851 Train-Epoch[18/160]Batch[339]	Speed 3949.4 (+30.9) sample/sec 	RMSE = 17.83932, RULscore = 708431.12028, CLIP_Loss = 1.02761 	
2024-11-02 12:50:24,912 Test-Epoch[18/160]Batch[0]	Speed 1040.8 (+1790.1) sample/sec 	RMSE = 18.84964, RULscore = 598.13407, CLIP_Loss = 1.39147 	
2024-11-02 12:50:24,953 Test-Epoch[18/160]Batch[3]	Speed 5253.2 (+394.5) sample/sec 	RMSE = 18.31325, RULscore = 1980.39958, CLIP_Loss = 1.33937 	
2024-11-02 12:50:24,953 Test-Epoch[18/160]Batch[3]	RMSE = 18.31325, RULscore = 1980.39958, CLIP_Loss = 1.33937 	
2024-11-02 12:50:24,953 Final_Epoch [18]   time cost: 10.28 sec (0.00 h)
2024-11-02 12:50:24,953 Train_RMSE = 17.83932, Train_RULscore = 708431.12028, Train_CLIP_Loss = 1.02761, Test_RMSE = 18.31325, Test_RULscore = 1980.39958, Test_CLIP_Loss = 1.33937, Train_RMSE_cor = 19.90589, Train_RULscore_min = 628611.56346, Test_RMSE_cor = 18.71594, Test_RULscore_min = 1664.92217, Model_ID = 17.00000 	
2024-11-02 12:50:24,959 Checkpoint (model & optimizer) saved to: /home/qchenax/astar/rul_prompt/output/clip/FD004/exp_202411021247_bilstm_clip_ep-0019.pth
2024-11-02 12:50:25,063 Train-Epoch[19/160]Batch[0]	Speed 1321.2 (+1738.3) sample/sec 	RMSE = 20.27044, RULscore = 8568.47725, CLIP_Loss = 0.99172 	
2024-11-02 12:50:26,550 Train-Epoch[19/160]Batch[50]	Speed 4304.5 (+32.7) sample/sec 	RMSE = 18.10334, RULscore = 89288.03494, CLIP_Loss = 1.01416 	
2024-11-02 12:50:27,998 Train-Epoch[19/160]Batch[100]	Speed 4419.3 (+33.6) sample/sec 	RMSE = 17.88901, RULscore = 215869.36176, CLIP_Loss = 1.01848 	
2024-11-02 12:50:29,504 Train-Epoch[19/160]Batch[150]	Speed 4251.2 (+33.2) sample/sec 	RMSE = 17.77235, RULscore = 308293.47054, CLIP_Loss = 1.02359 	
2024-11-02 12:50:30,797 Train-Epoch[19/160]Batch[200]	Speed 4948.8 (+39.4) sample/sec 	RMSE = 17.88352, RULscore = 439625.86230, CLIP_Loss = 1.02424 	
2024-11-02 12:50:32,143 Train-Epoch[19/160]Batch[250]	Speed 4755.5 (+38.0) sample/sec 	RMSE = 17.81400, RULscore = 521657.72945, CLIP_Loss = 1.02304 	
2024-11-02 12:50:33,657 Train-Epoch[19/160]Batch[300]	Speed 4226.4 (+30.9) sample/sec 	RMSE = 17.86486, RULscore = 645235.86088, CLIP_Loss = 1.02419 	
2024-11-02 12:50:34,703 Train-Epoch[19/160]Batch[339]	Speed 4605.8 (+36.1) sample/sec 	RMSE = 17.87814, RULscore = 742505.91700, CLIP_Loss = 1.02261 	
2024-11-02 12:50:34,756 Test-Epoch[19/160]Batch[0]	Speed 1199.6 (+2771.8) sample/sec 	RMSE = 19.97837, RULscore = 452.19404, CLIP_Loss = 1.38555 	
2024-11-02 12:50:34,789 Test-Epoch[19/160]Batch[3]	Speed 6742.5 (+589.9) sample/sec 	RMSE = 18.93017, RULscore = 1689.43699, CLIP_Loss = 1.33075 	
2024-11-02 12:50:34,790 Test-Epoch[19/160]Batch[3]	RMSE = 18.93017, RULscore = 1689.43699, CLIP_Loss = 1.33075 	
2024-11-02 12:50:34,790 Final_Epoch [19]   time cost: 9.83 sec (0.00 h)
2024-11-02 12:50:34,790 Train_RMSE = 17.87814, Train_RULscore = 742505.91700, Train_CLIP_Loss = 1.02261, Test_RMSE = 18.93017, Test_RULscore = 1689.43699, Test_CLIP_Loss = 1.33075, Train_RMSE_cor = 19.90589, Train_RULscore_min = 628611.56346, Test_RMSE_cor = 18.71594, Test_RULscore_min = 1664.92217, Model_ID = 17.00000 	
2024-11-02 12:50:34,798 Checkpoint (model & optimizer) saved to: /home/qchenax/astar/rul_prompt/output/clip/FD004/exp_202411021247_bilstm_clip_ep-0020.pth
2024-11-02 12:50:34,899 Train-Epoch[20/160]Batch[0]	Speed 1392.5 (+1587.4) sample/sec 	RMSE = 15.27585, RULscore = 416.92723, CLIP_Loss = 1.01225 	
2024-11-02 12:50:36,339 Train-Epoch[20/160]Batch[50]	Speed 4443.9 (+30.8) sample/sec 	RMSE = 18.13658, RULscore = 99311.68142, CLIP_Loss = 1.02416 	
2024-11-02 12:50:37,703 Train-Epoch[20/160]Batch[100]	Speed 4693.2 (+35.6) sample/sec 	RMSE = 17.73240, RULscore = 178845.92157, CLIP_Loss = 1.02653 	
2024-11-02 12:50:38,976 Train-Epoch[20/160]Batch[150]	Speed 5025.1 (+36.4) sample/sec 	RMSE = 17.61706, RULscore = 264307.58109, CLIP_Loss = 1.02515 	
2024-11-02 12:50:40,340 Train-Epoch[20/160]Batch[200]	Speed 4695.2 (+30.8) sample/sec 	RMSE = 17.60378, RULscore = 354017.53605, CLIP_Loss = 1.02678 	
2024-11-02 12:50:41,578 Train-Epoch[20/160]Batch[250]	Speed 5167.5 (+39.8) sample/sec 	RMSE = 17.63085, RULscore = 455005.99339, CLIP_Loss = 1.02579 	
2024-11-02 12:50:42,927 Train-Epoch[20/160]Batch[300]	Speed 4743.7 (+34.7) sample/sec 	RMSE = 17.63444, RULscore = 546795.80563, CLIP_Loss = 1.02581 	
2024-11-02 12:50:43,994 Train-Epoch[20/160]Batch[339]	Speed 4513.3 (+31.0) sample/sec 	RMSE = 17.63328, RULscore = 625570.13395, CLIP_Loss = 1.02315 	
2024-11-02 12:50:44,047 Test-Epoch[20/160]Batch[0]	Speed 1196.6 (+4077.9) sample/sec 	RMSE = 17.02623, RULscore = 470.10237, CLIP_Loss = 1.38041 	
2024-11-02 12:50:44,089 Test-Epoch[20/160]Batch[3]	Speed 5133.4 (+308.2) sample/sec 	RMSE = 17.19921, RULscore = 1664.42806, CLIP_Loss = 1.33664 	
2024-11-02 12:50:44,090 Test-Epoch[20/160]Batch[3]	RMSE = 17.19921, RULscore = 1664.42806, CLIP_Loss = 1.33664 	
2024-11-02 12:50:44,090 Final_Epoch [20]   time cost: 9.29 sec (0.00 h)
2024-11-02 12:50:44,090 Train_RMSE = 17.63328, Train_RULscore = 625570.13395, Train_CLIP_Loss = 1.02315, Test_RMSE = 17.19921, Test_RULscore = 1664.42806, Test_CLIP_Loss = 1.33664, Train_RMSE_cor = 17.63328, Train_RULscore_min = 625570.13395, Test_RMSE_cor = 17.19921, Test_RULscore_min = 1664.42806, Model_ID = 21.00000 	
2024-11-02 12:50:44,099 Checkpoint (model & optimizer) saved to: /home/qchenax/astar/rul_prompt/output/clip/FD004/exp_202411021247_bilstm_clip_ep-0021.pth
2024-11-02 12:50:44,196 Train-Epoch[21/160]Batch[0]	Speed 1453.6 (+2679.8) sample/sec 	RMSE = 19.01500, RULscore = 4542.88175, CLIP_Loss = 0.99361 	
2024-11-02 12:50:45,575 Train-Epoch[21/160]Batch[50]	Speed 4639.6 (+31.2) sample/sec 	RMSE = 17.92954, RULscore = 111841.14760, CLIP_Loss = 1.02781 	
2024-11-02 12:50:46,899 Train-Epoch[21/160]Batch[100]	Speed 4833.4 (+33.1) sample/sec 	RMSE = 17.71461, RULscore = 235537.74669, CLIP_Loss = 1.02486 	
2024-11-02 12:50:48,088 Train-Epoch[21/160]Batch[150]	Speed 5383.0 (+40.4) sample/sec 	RMSE = 17.72937, RULscore = 346516.50234, CLIP_Loss = 1.02653 	
2024-11-02 12:50:49,301 Train-Epoch[21/160]Batch[200]	Speed 5276.7 (+38.3) sample/sec 	RMSE = 17.63294, RULscore = 455325.67792, CLIP_Loss = 1.02878 	
2024-11-02 12:50:50,576 Train-Epoch[21/160]Batch[250]	Speed 5020.8 (+34.9) sample/sec 	RMSE = 17.66912, RULscore = 556848.54973, CLIP_Loss = 1.02712 	
2024-11-02 12:50:52,095 Train-Epoch[21/160]Batch[300]	Speed 4213.8 (+25.5) sample/sec 	RMSE = 17.66196, RULscore = 668063.67856, CLIP_Loss = 1.02672 	
2024-11-02 12:50:53,107 Train-Epoch[21/160]Batch[339]	Speed 4747.8 (+41.6) sample/sec 	RMSE = 17.70096, RULscore = 758595.49031, CLIP_Loss = 1.02421 	
2024-11-02 12:50:53,158 Test-Epoch[21/160]Batch[0]	Speed 1245.6 (+3013.2) sample/sec 	RMSE = 18.73731, RULscore = 449.55867, CLIP_Loss = 1.38567 	
2024-11-02 12:50:53,189 Test-Epoch[21/160]Batch[3]	Speed 7976.8 (+714.9) sample/sec 	RMSE = 18.03206, RULscore = 1499.45835, CLIP_Loss = 1.33352 	
2024-11-02 12:50:53,189 Test-Epoch[21/160]Batch[3]	RMSE = 18.03206, RULscore = 1499.45835, CLIP_Loss = 1.33352 	
2024-11-02 12:50:53,189 Final_Epoch [21]   time cost: 9.09 sec (0.00 h)
2024-11-02 12:50:53,189 Train_RMSE = 17.70096, Train_RULscore = 758595.49031, Train_CLIP_Loss = 1.02421, Test_RMSE = 18.03206, Test_RULscore = 1499.45835, Test_CLIP_Loss = 1.33352, Train_RMSE_cor = 17.63328, Train_RULscore_min = 625570.13395, Test_RMSE_cor = 18.03206, Test_RULscore_min = 1499.45835, Model_ID = 22.00000 	
2024-11-02 12:50:53,194 Checkpoint (model & optimizer) saved to: /home/qchenax/astar/rul_prompt/output/clip/FD004/exp_202411021247_bilstm_clip_ep-0022.pth
2024-11-02 12:50:53,291 Train-Epoch[22/160]Batch[0]	Speed 1412.4 (+1796.7) sample/sec 	RMSE = 21.68507, RULscore = 4783.47011, CLIP_Loss = 0.99305 	
2024-11-02 12:50:54,644 Train-Epoch[22/160]Batch[50]	Speed 4732.5 (+30.9) sample/sec 	RMSE = 17.91317, RULscore = 109854.45469, CLIP_Loss = 1.02360 	
2024-11-02 12:50:55,984 Train-Epoch[22/160]Batch[100]	Speed 4775.6 (+31.1) sample/sec 	RMSE = 17.79915, RULscore = 211481.59169, CLIP_Loss = 1.01969 	
2024-11-02 12:50:57,317 Train-Epoch[22/160]Batch[150]	Speed 4801.9 (+30.1) sample/sec 	RMSE = 17.95234, RULscore = 311034.44409, CLIP_Loss = 1.02520 	
2024-11-02 12:50:58,559 Train-Epoch[22/160]Batch[200]	Speed 5153.7 (+34.7) sample/sec 	RMSE = 17.87636, RULscore = 437237.38627, CLIP_Loss = 1.02463 	
2024-11-02 12:50:59,809 Train-Epoch[22/160]Batch[250]	Speed 5119.0 (+36.7) sample/sec 	RMSE = 17.76231, RULscore = 532825.47447, CLIP_Loss = 1.02306 	
2024-11-02 12:51:01,182 Train-Epoch[22/160]Batch[300]	Speed 4662.2 (+30.9) sample/sec 	RMSE = 17.67707, RULscore = 627549.13109, CLIP_Loss = 1.02436 	
2024-11-02 12:51:02,120 Train-Epoch[22/160]Batch[339]	Speed 5140.6 (+37.2) sample/sec 	RMSE = 17.68466, RULscore = 708296.76090, CLIP_Loss = 1.02457 	
2024-11-02 12:51:02,176 Test-Epoch[22/160]Batch[0]	Speed 1115.3 (+2354.0) sample/sec 	RMSE = 18.35668, RULscore = 394.80283, CLIP_Loss = 1.38242 	
2024-11-02 12:51:02,209 Test-Epoch[22/160]Batch[3]	Speed 6982.3 (+539.3) sample/sec 	RMSE = 17.91905, RULscore = 1469.72998, CLIP_Loss = 1.33060 	
2024-11-02 12:51:02,210 Test-Epoch[22/160]Batch[3]	RMSE = 17.91905, RULscore = 1469.72998, CLIP_Loss = 1.33060 	
2024-11-02 12:51:02,210 Final_Epoch [22]   time cost: 9.01 sec (0.00 h)
2024-11-02 12:51:02,210 Train_RMSE = 17.68466, Train_RULscore = 708296.76090, Train_CLIP_Loss = 1.02457, Test_RMSE = 17.91905, Test_RULscore = 1469.72998, Test_CLIP_Loss = 1.33060, Train_RMSE_cor = 17.63328, Train_RULscore_min = 625570.13395, Test_RMSE_cor = 17.91905, Test_RULscore_min = 1469.72998, Model_ID = 23.00000 	
2024-11-02 12:51:02,215 Checkpoint (model & optimizer) saved to: /home/qchenax/astar/rul_prompt/output/clip/FD004/exp_202411021247_bilstm_clip_ep-0023.pth
2024-11-02 12:51:02,295 Train-Epoch[23/160]Batch[0]	Speed 1717.3 (+2163.1) sample/sec 	RMSE = 20.59524, RULscore = 4617.04537, CLIP_Loss = 0.99274 	
2024-11-02 12:51:03,630 Train-Epoch[23/160]Batch[50]	Speed 4795.1 (+34.8) sample/sec 	RMSE = 17.43987, RULscore = 87650.15227, CLIP_Loss = 1.02217 	
2024-11-02 12:51:05,048 Train-Epoch[23/160]Batch[100]	Speed 4513.8 (+29.7) sample/sec 	RMSE = 17.39114, RULscore = 185186.01792, CLIP_Loss = 1.01988 	
2024-11-02 12:51:06,309 Train-Epoch[23/160]Batch[150]	Speed 5074.3 (+34.3) sample/sec 	RMSE = 17.44614, RULscore = 277645.17158, CLIP_Loss = 1.02754 	
2024-11-02 12:51:07,629 Train-Epoch[23/160]Batch[200]	Speed 4848.4 (+32.6) sample/sec 	RMSE = 17.46262, RULscore = 388829.16039, CLIP_Loss = 1.02663 	
2024-11-02 12:51:08,857 Train-Epoch[23/160]Batch[250]	Speed 5212.1 (+37.2) sample/sec 	RMSE = 17.50100, RULscore = 490357.06320, CLIP_Loss = 1.02584 	
2024-11-02 12:51:10,085 Train-Epoch[23/160]Batch[300]	Speed 5210.4 (+37.8) sample/sec 	RMSE = 17.50716, RULscore = 595891.42314, CLIP_Loss = 1.02656 	
2024-11-02 12:51:11,177 Train-Epoch[23/160]Batch[339]	Speed 4390.3 (+31.5) sample/sec 	RMSE = 17.50434, RULscore = 670925.87756, CLIP_Loss = 1.02578 	
2024-11-02 12:51:11,224 Test-Epoch[23/160]Batch[0]	Speed 1372.8 (+2293.8) sample/sec 	RMSE = 17.97968, RULscore = 462.31259, CLIP_Loss = 1.38979 	
2024-11-02 12:51:11,270 Test-Epoch[23/160]Batch[3]	Speed 4633.6 (+236.5) sample/sec 	RMSE = 17.87135, RULscore = 1809.62262, CLIP_Loss = 1.33758 	
2024-11-02 12:51:11,270 Test-Epoch[23/160]Batch[3]	RMSE = 17.87135, RULscore = 1809.62262, CLIP_Loss = 1.33758 	
2024-11-02 12:51:11,270 Final_Epoch [23]   time cost: 9.06 sec (0.00 h)
2024-11-02 12:51:11,271 Train_RMSE = 17.50434, Train_RULscore = 670925.87756, Train_CLIP_Loss = 1.02578, Test_RMSE = 17.87135, Test_RULscore = 1809.62262, Test_CLIP_Loss = 1.33758, Train_RMSE_cor = 17.63328, Train_RULscore_min = 625570.13395, Test_RMSE_cor = 17.91905, Test_RULscore_min = 1469.72998, Model_ID = 23.00000 	
2024-11-02 12:51:11,280 Checkpoint (model & optimizer) saved to: /home/qchenax/astar/rul_prompt/output/clip/FD004/exp_202411021247_bilstm_clip_ep-0024.pth
2024-11-02 12:51:11,386 Train-Epoch[24/160]Batch[0]	Speed 1282.2 (+1345.9) sample/sec 	RMSE = 20.37864, RULscore = 6220.23951, CLIP_Loss = 0.99246 	
2024-11-02 12:51:12,817 Train-Epoch[24/160]Batch[50]	Speed 4471.6 (+33.3) sample/sec 	RMSE = 17.70543, RULscore = 85840.01380, CLIP_Loss = 1.01292 	
2024-11-02 12:51:14,273 Train-Epoch[24/160]Batch[100]	Speed 4395.8 (+36.1) sample/sec 	RMSE = 17.48220, RULscore = 204453.79819, CLIP_Loss = 1.01681 	
2024-11-02 12:51:15,726 Train-Epoch[24/160]Batch[150]	Speed 4405.4 (+33.3) sample/sec 	RMSE = 17.39479, RULscore = 302345.56975, CLIP_Loss = 1.02214 	
2024-11-02 12:51:17,168 Train-Epoch[24/160]Batch[200]	Speed 4439.7 (+33.4) sample/sec 	RMSE = 17.49086, RULscore = 429391.15588, CLIP_Loss = 1.02259 	
2024-11-02 12:51:18,576 Train-Epoch[24/160]Batch[250]	Speed 4544.1 (+34.4) sample/sec 	RMSE = 17.41121, RULscore = 525852.65298, CLIP_Loss = 1.02136 	
2024-11-02 12:51:19,949 Train-Epoch[24/160]Batch[300]	Speed 4663.0 (+36.9) sample/sec 	RMSE = 17.45688, RULscore = 653666.35175, CLIP_Loss = 1.02251 	
2024-11-02 12:51:21,098 Train-Epoch[24/160]Batch[339]	Speed 4183.1 (+33.9) sample/sec 	RMSE = 17.53890, RULscore = 743820.42953, CLIP_Loss = 1.02106 	
2024-11-02 12:51:21,149 Test-Epoch[24/160]Batch[0]	Speed 1256.2 (+1749.7) sample/sec 	RMSE = 18.72484, RULscore = 309.92726, CLIP_Loss = 1.37761 	
2024-11-02 12:51:21,204 Test-Epoch[24/160]Batch[3]	Speed 3993.0 (+270.3) sample/sec 	RMSE = 18.35439, RULscore = 1366.62403, CLIP_Loss = 1.32507 	
2024-11-02 12:51:21,204 Test-Epoch[24/160]Batch[3]	RMSE = 18.35439, RULscore = 1366.62403, CLIP_Loss = 1.32507 	
2024-11-02 12:51:21,204 Final_Epoch [24]   time cost: 9.92 sec (0.00 h)
2024-11-02 12:51:21,204 Train_RMSE = 17.53890, Train_RULscore = 743820.42953, Train_CLIP_Loss = 1.02106, Test_RMSE = 18.35439, Test_RULscore = 1366.62403, Test_CLIP_Loss = 1.32507, Train_RMSE_cor = 17.63328, Train_RULscore_min = 625570.13395, Test_RMSE_cor = 18.35439, Test_RULscore_min = 1366.62403, Model_ID = 25.00000 	
2024-11-02 12:51:21,213 Checkpoint (model & optimizer) saved to: /home/qchenax/astar/rul_prompt/output/clip/FD004/exp_202411021247_bilstm_clip_ep-0025.pth
2024-11-02 12:51:21,314 Train-Epoch[25/160]Batch[0]	Speed 1349.6 (+1319.4) sample/sec 	RMSE = 16.86713, RULscore = 558.53059, CLIP_Loss = 1.01098 	
2024-11-02 12:51:22,759 Train-Epoch[25/160]Batch[50]	Speed 4427.5 (+36.1) sample/sec 	RMSE = 17.63791, RULscore = 88438.54207, CLIP_Loss = 1.02167 	
2024-11-02 12:51:24,107 Train-Epoch[25/160]Batch[100]	Speed 4747.7 (+36.0) sample/sec 	RMSE = 17.39208, RULscore = 190207.49947, CLIP_Loss = 1.02440 	
2024-11-02 12:51:25,633 Train-Epoch[25/160]Batch[150]	Speed 4195.3 (+26.8) sample/sec 	RMSE = 17.45438, RULscore = 287981.77664, CLIP_Loss = 1.02369 	
2024-11-02 12:51:26,982 Train-Epoch[25/160]Batch[200]	Speed 4744.3 (+34.5) sample/sec 	RMSE = 17.39677, RULscore = 378135.96292, CLIP_Loss = 1.02528 	
2024-11-02 12:51:28,328 Train-Epoch[25/160]Batch[250]	Speed 4755.3 (+34.1) sample/sec 	RMSE = 17.41914, RULscore = 471522.63585, CLIP_Loss = 1.02429 	
2024-11-02 12:51:29,624 Train-Epoch[25/160]Batch[300]	Speed 4937.3 (+32.5) sample/sec 	RMSE = 17.40474, RULscore = 575159.35335, CLIP_Loss = 1.02421 	
2024-11-02 12:51:30,743 Train-Epoch[25/160]Batch[339]	Speed 4299.4 (+28.2) sample/sec 	RMSE = 17.41470, RULscore = 659482.01224, CLIP_Loss = 1.02169 	
2024-11-02 12:51:30,803 Test-Epoch[25/160]Batch[0]	Speed 1038.2 (+2955.2) sample/sec 	RMSE = 17.81547, RULscore = 395.01106, CLIP_Loss = 1.37826 	
2024-11-02 12:51:30,838 Test-Epoch[25/160]Batch[3]	Speed 7054.3 (+392.7) sample/sec 	RMSE = 17.58526, RULscore = 1524.72784, CLIP_Loss = 1.33020 	
2024-11-02 12:51:30,838 Test-Epoch[25/160]Batch[3]	RMSE = 17.58526, RULscore = 1524.72784, CLIP_Loss = 1.33020 	
2024-11-02 12:51:30,838 Final_Epoch [25]   time cost: 9.62 sec (0.00 h)
2024-11-02 12:51:30,838 Train_RMSE = 17.41470, Train_RULscore = 659482.01224, Train_CLIP_Loss = 1.02169, Test_RMSE = 17.58526, Test_RULscore = 1524.72784, Test_CLIP_Loss = 1.33020, Train_RMSE_cor = 17.63328, Train_RULscore_min = 625570.13395, Test_RMSE_cor = 18.35439, Test_RULscore_min = 1366.62403, Model_ID = 25.00000 	
2024-11-02 12:51:30,846 Checkpoint (model & optimizer) saved to: /home/qchenax/astar/rul_prompt/output/clip/FD004/exp_202411021247_bilstm_clip_ep-0026.pth
2024-11-02 12:51:30,939 Train-Epoch[26/160]Batch[0]	Speed 1471.3 (+1899.3) sample/sec 	RMSE = 21.03550, RULscore = 4825.14842, CLIP_Loss = 0.99047 	
2024-11-02 12:51:32,217 Train-Epoch[26/160]Batch[50]	Speed 5009.2 (+37.8) sample/sec 	RMSE = 17.69371, RULscore = 110640.21629, CLIP_Loss = 1.02689 	
2024-11-02 12:51:33,506 Train-Epoch[26/160]Batch[100]	Speed 4961.9 (+32.8) sample/sec 	RMSE = 17.41223, RULscore = 225961.76199, CLIP_Loss = 1.02337 	
2024-11-02 12:51:34,807 Train-Epoch[26/160]Batch[150]	Speed 4922.2 (+31.5) sample/sec 	RMSE = 17.50738, RULscore = 325747.94613, CLIP_Loss = 1.02526 	
2024-11-02 12:51:36,079 Train-Epoch[26/160]Batch[200]	Speed 5031.6 (+33.7) sample/sec 	RMSE = 17.47328, RULscore = 437284.49719, CLIP_Loss = 1.02758 	
2024-11-02 12:51:37,335 Train-Epoch[26/160]Batch[250]	Speed 5094.9 (+34.1) sample/sec 	RMSE = 17.46755, RULscore = 529588.96795, CLIP_Loss = 1.02580 	
2024-11-02 12:51:38,532 Train-Epoch[26/160]Batch[300]	Speed 5344.8 (+36.0) sample/sec 	RMSE = 17.45427, RULscore = 640561.09628, CLIP_Loss = 1.02544 	
2024-11-02 12:51:39,519 Train-Epoch[26/160]Batch[339]	Speed 4870.8 (+33.7) sample/sec 	RMSE = 17.48208, RULscore = 724738.90653, CLIP_Loss = 1.02292 	
2024-11-02 12:51:39,571 Test-Epoch[26/160]Batch[0]	Speed 1199.8 (+1750.1) sample/sec 	RMSE = 19.13191, RULscore = 329.99417, CLIP_Loss = 1.38481 	
2024-11-02 12:51:39,616 Test-Epoch[26/160]Batch[3]	Speed 4779.2 (+295.6) sample/sec 	RMSE = 18.99482, RULscore = 1568.13019, CLIP_Loss = 1.33092 	
2024-11-02 12:51:39,616 Test-Epoch[26/160]Batch[3]	RMSE = 18.99482, RULscore = 1568.13019, CLIP_Loss = 1.33092 	
2024-11-02 12:51:39,616 Final_Epoch [26]   time cost: 8.77 sec (0.00 h)
2024-11-02 12:51:39,616 Train_RMSE = 17.48208, Train_RULscore = 724738.90653, Train_CLIP_Loss = 1.02292, Test_RMSE = 18.99482, Test_RULscore = 1568.13019, Test_CLIP_Loss = 1.33092, Train_RMSE_cor = 17.63328, Train_RULscore_min = 625570.13395, Test_RMSE_cor = 18.35439, Test_RULscore_min = 1366.62403, Model_ID = 25.00000 	
2024-11-02 12:51:39,621 Checkpoint (model & optimizer) saved to: /home/qchenax/astar/rul_prompt/output/clip/FD004/exp_202411021247_bilstm_clip_ep-0027.pth
2024-11-02 12:51:39,713 Train-Epoch[27/160]Batch[0]	Speed 1507.3 (+3045.5) sample/sec 	RMSE = 22.30576, RULscore = 6372.42799, CLIP_Loss = 0.98837 	
2024-11-02 12:51:41,007 Train-Epoch[27/160]Batch[50]	Speed 4942.2 (+33.1) sample/sec 	RMSE = 17.44851, RULscore = 88438.40002, CLIP_Loss = 1.02231 	
2024-11-02 12:51:42,273 Train-Epoch[27/160]Batch[100]	Speed 5058.0 (+35.0) sample/sec 	RMSE = 17.59446, RULscore = 325750.00814, CLIP_Loss = 1.01859 	
2024-11-02 12:51:43,472 Train-Epoch[27/160]Batch[150]	Speed 5338.4 (+39.1) sample/sec 	RMSE = 17.60517, RULscore = 432076.39616, CLIP_Loss = 1.02395 	
2024-11-02 12:51:44,778 Train-Epoch[27/160]Batch[200]	Speed 4900.8 (+31.6) sample/sec 	RMSE = 17.54437, RULscore = 565590.66445, CLIP_Loss = 1.02345 	
2024-11-02 12:51:46,159 Train-Epoch[27/160]Batch[250]	Speed 4634.9 (+30.4) sample/sec 	RMSE = 17.47665, RULscore = 651236.42442, CLIP_Loss = 1.02203 	
2024-11-02 12:51:47,569 Train-Epoch[27/160]Batch[300]	Speed 4537.9 (+26.6) sample/sec 	RMSE = 17.47230, RULscore = 760412.08166, CLIP_Loss = 1.02340 	
2024-11-02 12:51:48,520 Train-Epoch[27/160]Batch[339]	Speed 5075.7 (+35.4) sample/sec 	RMSE = 17.51036, RULscore = 840104.90733, CLIP_Loss = 1.02376 	
2024-11-02 12:51:48,571 Test-Epoch[27/160]Batch[0]	Speed 1256.8 (+3324.4) sample/sec 	RMSE = 20.59618, RULscore = 421.91951, CLIP_Loss = 1.38587 	
2024-11-02 12:51:48,605 Test-Epoch[27/160]Batch[3]	Speed 6757.2 (+493.6) sample/sec 	RMSE = 19.54965, RULscore = 1733.80258, CLIP_Loss = 1.33072 	
2024-11-02 12:51:48,605 Test-Epoch[27/160]Batch[3]	RMSE = 19.54965, RULscore = 1733.80258, CLIP_Loss = 1.33072 	
2024-11-02 12:51:48,606 Final_Epoch [27]   time cost: 8.98 sec (0.00 h)
2024-11-02 12:51:48,606 Train_RMSE = 17.51036, Train_RULscore = 840104.90733, Train_CLIP_Loss = 1.02376, Test_RMSE = 19.54965, Test_RULscore = 1733.80258, Test_CLIP_Loss = 1.33072, Train_RMSE_cor = 17.63328, Train_RULscore_min = 625570.13395, Test_RMSE_cor = 18.35439, Test_RULscore_min = 1366.62403, Model_ID = 25.00000 	
2024-11-02 12:51:48,611 Checkpoint (model & optimizer) saved to: /home/qchenax/astar/rul_prompt/output/clip/FD004/exp_202411021247_bilstm_clip_ep-0028.pth
2024-11-02 12:51:48,726 Train-Epoch[28/160]Batch[0]	Speed 1174.6 (+833.7) sample/sec 	RMSE = 21.07261, RULscore = 5362.76674, CLIP_Loss = 0.99174 	
2024-11-02 12:51:50,167 Train-Epoch[28/160]Batch[50]	Speed 4439.6 (+30.0) sample/sec 	RMSE = 17.46570, RULscore = 99441.12930, CLIP_Loss = 1.02171 	
2024-11-02 12:51:51,450 Train-Epoch[28/160]Batch[100]	Speed 4989.8 (+33.9) sample/sec 	RMSE = 17.32072, RULscore = 198835.25811, CLIP_Loss = 1.01900 	
2024-11-02 12:51:52,762 Train-Epoch[28/160]Batch[150]	Speed 4877.7 (+33.8) sample/sec 	RMSE = 17.30442, RULscore = 282098.42856, CLIP_Loss = 1.02627 	
2024-11-02 12:51:54,163 Train-Epoch[28/160]Batch[200]	Speed 4568.9 (+30.7) sample/sec 	RMSE = 17.28635, RULscore = 395600.86613, CLIP_Loss = 1.02531 	
2024-11-02 12:51:55,579 Train-Epoch[28/160]Batch[250]	Speed 4520.5 (+28.3) sample/sec 	RMSE = 17.24847, RULscore = 489722.38204, CLIP_Loss = 1.02455 	
2024-11-02 12:51:56,978 Train-Epoch[28/160]Batch[300]	Speed 4572.2 (+29.5) sample/sec 	RMSE = 17.25808, RULscore = 597702.06036, CLIP_Loss = 1.02523 	
2024-11-02 12:51:58,015 Train-Epoch[28/160]Batch[339]	Speed 4669.0 (+33.2) sample/sec 	RMSE = 17.27502, RULscore = 673566.04821, CLIP_Loss = 1.02449 	
2024-11-02 12:51:58,071 Test-Epoch[28/160]Batch[0]	Speed 1138.8 (+2156.7) sample/sec 	RMSE = 17.17427, RULscore = 372.20027, CLIP_Loss = 1.38262 	
2024-11-02 12:51:58,116 Test-Epoch[28/160]Batch[3]	Speed 4787.8 (+204.3) sample/sec 	RMSE = 17.36195, RULscore = 1623.89257, CLIP_Loss = 1.33299 	
2024-11-02 12:51:58,117 Test-Epoch[28/160]Batch[3]	RMSE = 17.36195, RULscore = 1623.89257, CLIP_Loss = 1.33299 	
2024-11-02 12:51:58,117 Final_Epoch [28]   time cost: 9.51 sec (0.00 h)
2024-11-02 12:51:58,117 Train_RMSE = 17.27502, Train_RULscore = 673566.04821, Train_CLIP_Loss = 1.02449, Test_RMSE = 17.36195, Test_RULscore = 1623.89257, Test_CLIP_Loss = 1.33299, Train_RMSE_cor = 17.63328, Train_RULscore_min = 625570.13395, Test_RMSE_cor = 18.35439, Test_RULscore_min = 1366.62403, Model_ID = 25.00000 	
2024-11-02 12:51:58,122 Checkpoint (model & optimizer) saved to: /home/qchenax/astar/rul_prompt/output/clip/FD004/exp_202411021247_bilstm_clip_ep-0029.pth
2024-11-02 12:51:58,216 Train-Epoch[29/160]Batch[0]	Speed 1470.9 (+1440.5) sample/sec 	RMSE = 20.91389, RULscore = 5306.63861, CLIP_Loss = 0.99159 	
2024-11-02 12:51:59,482 Train-Epoch[29/160]Batch[50]	Speed 5054.0 (+38.0) sample/sec 	RMSE = 17.35208, RULscore = 87059.94880, CLIP_Loss = 1.01149 	
2024-11-02 12:52:00,873 Train-Epoch[29/160]Batch[100]	Speed 4599.3 (+27.4) sample/sec 	RMSE = 17.23123, RULscore = 188798.37302, CLIP_Loss = 1.01591 	
2024-11-02 12:52:02,138 Train-Epoch[29/160]Batch[150]	Speed 5058.9 (+32.8) sample/sec 	RMSE = 17.19889, RULscore = 288915.97385, CLIP_Loss = 1.02118 	
2024-11-02 12:52:03,382 Train-Epoch[29/160]Batch[200]	Speed 5147.0 (+36.0) sample/sec 	RMSE = 17.28493, RULscore = 419689.92101, CLIP_Loss = 1.02150 	
2024-11-02 12:52:04,820 Train-Epoch[29/160]Batch[250]	Speed 4448.7 (+27.4) sample/sec 	RMSE = 17.21198, RULscore = 497208.31194, CLIP_Loss = 1.02030 	
2024-11-02 12:52:06,154 Train-Epoch[29/160]Batch[300]	Speed 4799.2 (+30.0) sample/sec 	RMSE = 17.27062, RULscore = 629536.42038, CLIP_Loss = 1.02144 	
2024-11-02 12:52:07,155 Train-Epoch[29/160]Batch[339]	Speed 4833.3 (+35.4) sample/sec 	RMSE = 17.29277, RULscore = 718295.45995, CLIP_Loss = 1.01992 	
2024-11-02 12:52:07,197 Test-Epoch[29/160]Batch[0]	Speed 1491.2 (+3525.3) sample/sec 	RMSE = 19.32450, RULscore = 346.61586, CLIP_Loss = 1.37637 	
2024-11-02 12:52:07,238 Test-Epoch[29/160]Batch[3]	Speed 5388.9 (+303.3) sample/sec 	RMSE = 18.92536, RULscore = 1515.29430, CLIP_Loss = 1.32420 	
2024-11-02 12:52:07,238 Test-Epoch[29/160]Batch[3]	RMSE = 18.92536, RULscore = 1515.29430, CLIP_Loss = 1.32420 	
2024-11-02 12:52:07,238 Final_Epoch [29]   time cost: 9.12 sec (0.00 h)
2024-11-02 12:52:07,238 Train_RMSE = 17.29277, Train_RULscore = 718295.45995, Train_CLIP_Loss = 1.01992, Test_RMSE = 18.92536, Test_RULscore = 1515.29430, Test_CLIP_Loss = 1.32420, Train_RMSE_cor = 17.63328, Train_RULscore_min = 625570.13395, Test_RMSE_cor = 18.35439, Test_RULscore_min = 1366.62403, Model_ID = 25.00000 	
2024-11-02 12:52:07,248 Checkpoint (model & optimizer) saved to: /home/qchenax/astar/rul_prompt/output/clip/FD004/exp_202411021247_bilstm_clip_ep-0030.pth
2024-11-02 12:52:07,374 Train-Epoch[30/160]Batch[0]	Speed 1064.6 (+927.5) sample/sec 	RMSE = 16.32196, RULscore = 499.05959, CLIP_Loss = 1.01449 	
2024-11-02 12:52:08,702 Train-Epoch[30/160]Batch[50]	Speed 4820.1 (+32.3) sample/sec 	RMSE = 17.37527, RULscore = 88888.02050, CLIP_Loss = 1.02077 	
2024-11-02 12:52:09,951 Train-Epoch[30/160]Batch[100]	Speed 5124.1 (+36.2) sample/sec 	RMSE = 17.06802, RULscore = 169820.24324, CLIP_Loss = 1.02343 	
2024-11-02 12:52:11,338 Train-Epoch[30/160]Batch[150]	Speed 4614.7 (+29.5) sample/sec 	RMSE = 17.14875, RULscore = 268159.65976, CLIP_Loss = 1.02271 	
2024-11-02 12:52:12,684 Train-Epoch[30/160]Batch[200]	Speed 4754.8 (+31.4) sample/sec 	RMSE = 17.09861, RULscore = 359609.87249, CLIP_Loss = 1.02431 	
2024-11-02 12:52:13,901 Train-Epoch[30/160]Batch[250]	Speed 5257.4 (+37.0) sample/sec 	RMSE = 17.13426, RULscore = 456706.50547, CLIP_Loss = 1.02329 	
2024-11-02 12:52:15,156 Train-Epoch[30/160]Batch[300]	Speed 5097.3 (+34.5) sample/sec 	RMSE = 17.17701, RULscore = 560083.73386, CLIP_Loss = 1.02319 	
2024-11-02 12:52:16,196 Train-Epoch[30/160]Batch[339]	Speed 4613.3 (+29.7) sample/sec 	RMSE = 17.18775, RULscore = 649411.62261, CLIP_Loss = 1.02057 	
2024-11-02 12:52:16,240 Test-Epoch[30/160]Batch[0]	Speed 1417.1 (+4309.8) sample/sec 	RMSE = 17.12594, RULscore = 385.80206, CLIP_Loss = 1.37902 	
2024-11-02 12:52:16,274 Test-Epoch[30/160]Batch[3]	Speed 7378.7 (+564.9) sample/sec 	RMSE = 17.17938, RULscore = 1502.53717, CLIP_Loss = 1.33192 	
2024-11-02 12:52:16,274 Test-Epoch[30/160]Batch[3]	RMSE = 17.17938, RULscore = 1502.53717, CLIP_Loss = 1.33192 	
2024-11-02 12:52:16,274 Final_Epoch [30]   time cost: 9.03 sec (0.00 h)
2024-11-02 12:52:16,274 Train_RMSE = 17.18775, Train_RULscore = 649411.62261, Train_CLIP_Loss = 1.02057, Test_RMSE = 17.17938, Test_RULscore = 1502.53717, Test_CLIP_Loss = 1.33192, Train_RMSE_cor = 17.63328, Train_RULscore_min = 625570.13395, Test_RMSE_cor = 18.35439, Test_RULscore_min = 1366.62403, Model_ID = 25.00000 	
2024-11-02 12:52:16,282 Checkpoint (model & optimizer) saved to: /home/qchenax/astar/rul_prompt/output/clip/FD004/exp_202411021247_bilstm_clip_ep-0031.pth
2024-11-02 12:52:16,373 Train-Epoch[31/160]Batch[0]	Speed 1515.6 (+2047.8) sample/sec 	RMSE = 20.05033, RULscore = 6027.05408, CLIP_Loss = 0.99128 	
2024-11-02 12:52:17,758 Train-Epoch[31/160]Batch[50]	Speed 4620.7 (+29.0) sample/sec 	RMSE = 17.45586, RULscore = 111244.49212, CLIP_Loss = 1.02510 	
2024-11-02 12:52:19,164 Train-Epoch[31/160]Batch[100]	Speed 4552.8 (+29.1) sample/sec 	RMSE = 17.18933, RULscore = 212746.94401, CLIP_Loss = 1.02233 	
2024-11-02 12:52:20,408 Train-Epoch[31/160]Batch[150]	Speed 5143.4 (+34.3) sample/sec 	RMSE = 17.19003, RULscore = 308397.82844, CLIP_Loss = 1.02422 	
2024-11-02 12:52:21,634 Train-Epoch[31/160]Batch[200]	Speed 5219.6 (+34.6) sample/sec 	RMSE = 17.21386, RULscore = 416693.14178, CLIP_Loss = 1.02652 	
2024-11-02 12:52:22,965 Train-Epoch[31/160]Batch[250]	Speed 4809.4 (+30.1) sample/sec 	RMSE = 17.21598, RULscore = 509242.98870, CLIP_Loss = 1.02467 	
2024-11-02 12:52:24,183 Train-Epoch[31/160]Batch[300]	Speed 5252.6 (+36.0) sample/sec 	RMSE = 17.21827, RULscore = 620301.55021, CLIP_Loss = 1.02430 	
2024-11-02 12:52:25,126 Train-Epoch[31/160]Batch[339]	Speed 5127.7 (+35.2) sample/sec 	RMSE = 17.26573, RULscore = 714556.88636, CLIP_Loss = 1.02184 	
2024-11-02 12:52:25,182 Test-Epoch[31/160]Batch[0]	Speed 1124.2 (+2103.4) sample/sec 	RMSE = 17.41849, RULscore = 460.62392, CLIP_Loss = 1.38352 	
2024-11-02 12:52:25,214 Test-Epoch[31/160]Batch[3]	Speed 6898.7 (+447.6) sample/sec 	RMSE = 17.13476, RULscore = 1527.46207, CLIP_Loss = 1.33515 	
2024-11-02 12:52:25,215 Test-Epoch[31/160]Batch[3]	RMSE = 17.13476, RULscore = 1527.46207, CLIP_Loss = 1.33515 	
2024-11-02 12:52:25,215 Final_Epoch [31]   time cost: 8.93 sec (0.00 h)
2024-11-02 12:52:25,215 Train_RMSE = 17.26573, Train_RULscore = 714556.88636, Train_CLIP_Loss = 1.02184, Test_RMSE = 17.13476, Test_RULscore = 1527.46207, Test_CLIP_Loss = 1.33515, Train_RMSE_cor = 17.63328, Train_RULscore_min = 625570.13395, Test_RMSE_cor = 18.35439, Test_RULscore_min = 1366.62403, Model_ID = 25.00000 	
2024-11-02 12:52:25,220 Checkpoint (model & optimizer) saved to: /home/qchenax/astar/rul_prompt/output/clip/FD004/exp_202411021247_bilstm_clip_ep-0032.pth
2024-11-02 12:52:25,332 Train-Epoch[32/160]Batch[0]	Speed 1200.8 (+1377.8) sample/sec 	RMSE = 20.45517, RULscore = 3835.81965, CLIP_Loss = 0.99377 	
2024-11-02 12:52:26,579 Train-Epoch[32/160]Batch[50]	Speed 5133.7 (+34.4) sample/sec 	RMSE = 17.00197, RULscore = 82243.09317, CLIP_Loss = 1.02096 	
2024-11-02 12:52:27,889 Train-Epoch[32/160]Batch[100]	Speed 4884.8 (+31.6) sample/sec 	RMSE = 17.16214, RULscore = 186419.42999, CLIP_Loss = 1.01733 	
2024-11-02 12:52:29,142 Train-Epoch[32/160]Batch[150]	Speed 5107.4 (+35.0) sample/sec 	RMSE = 17.16453, RULscore = 286911.85965, CLIP_Loss = 1.02263 	
2024-11-02 12:52:30,414 Train-Epoch[32/160]Batch[200]	Speed 5033.7 (+32.0) sample/sec 	RMSE = 17.23305, RULscore = 420216.30170, CLIP_Loss = 1.02209 	
2024-11-02 12:52:31,759 Train-Epoch[32/160]Batch[250]	Speed 4759.4 (+32.0) sample/sec 	RMSE = 17.18197, RULscore = 503744.62865, CLIP_Loss = 1.02059 	
2024-11-02 12:52:33,007 Train-Epoch[32/160]Batch[300]	Speed 5126.9 (+34.5) sample/sec 	RMSE = 17.17128, RULscore = 614496.28141, CLIP_Loss = 1.02199 	
2024-11-02 12:52:34,000 Train-Epoch[32/160]Batch[339]	Speed 4860.1 (+33.6) sample/sec 	RMSE = 17.17614, RULscore = 687550.68543, CLIP_Loss = 1.02227 	
2024-11-02 12:52:34,054 Test-Epoch[32/160]Batch[0]	Speed 1164.1 (+2932.5) sample/sec 	RMSE = 20.54608, RULscore = 416.83794, CLIP_Loss = 1.37934 	
2024-11-02 12:52:34,091 Test-Epoch[32/160]Batch[3]	Speed 6402.2 (+499.2) sample/sec 	RMSE = 19.69525, RULscore = 1680.91394, CLIP_Loss = 1.32680 	
2024-11-02 12:52:34,092 Test-Epoch[32/160]Batch[3]	RMSE = 19.69525, RULscore = 1680.91394, CLIP_Loss = 1.32680 	
2024-11-02 12:52:34,092 Final_Epoch [32]   time cost: 8.87 sec (0.00 h)
2024-11-02 12:52:34,092 Train_RMSE = 17.17614, Train_RULscore = 687550.68543, Train_CLIP_Loss = 1.02227, Test_RMSE = 19.69525, Test_RULscore = 1680.91394, Test_CLIP_Loss = 1.32680, Train_RMSE_cor = 17.63328, Train_RULscore_min = 625570.13395, Test_RMSE_cor = 18.35439, Test_RULscore_min = 1366.62403, Model_ID = 25.00000 	
2024-11-02 12:52:34,101 Checkpoint (model & optimizer) saved to: /home/qchenax/astar/rul_prompt/output/clip/FD004/exp_202411021247_bilstm_clip_ep-0033.pth
2024-11-02 12:52:34,191 Train-Epoch[33/160]Batch[0]	Speed 1537.6 (+2146.5) sample/sec 	RMSE = 21.70793, RULscore = 4923.20144, CLIP_Loss = 0.99057 	
2024-11-02 12:52:35,505 Train-Epoch[33/160]Batch[50]	Speed 4870.1 (+33.2) sample/sec 	RMSE = 17.34882, RULscore = 98550.46550, CLIP_Loss = 1.02059 	
2024-11-02 12:52:36,753 Train-Epoch[33/160]Batch[100]	Speed 5127.6 (+35.0) sample/sec 	RMSE = 17.11837, RULscore = 210624.95912, CLIP_Loss = 1.01823 	
2024-11-02 12:52:37,978 Train-Epoch[33/160]Batch[150]	Speed 5227.3 (+36.9) sample/sec 	RMSE = 17.07895, RULscore = 312281.69876, CLIP_Loss = 1.02561 	
2024-11-02 12:52:39,203 Train-Epoch[33/160]Batch[200]	Speed 5220.8 (+35.8) sample/sec 	RMSE = 17.13684, RULscore = 423120.88088, CLIP_Loss = 1.02452 	
2024-11-02 12:52:40,489 Train-Epoch[33/160]Batch[250]	Speed 4977.7 (+32.6) sample/sec 	RMSE = 17.14577, RULscore = 524496.98695, CLIP_Loss = 1.02355 	
2024-11-02 12:52:41,697 Train-Epoch[33/160]Batch[300]	Speed 5300.5 (+38.2) sample/sec 	RMSE = 17.19122, RULscore = 640198.53787, CLIP_Loss = 1.02436 	
2024-11-02 12:52:42,645 Train-Epoch[33/160]Batch[339]	Speed 5069.3 (+36.2) sample/sec 	RMSE = 17.19767, RULscore = 712272.77570, CLIP_Loss = 1.02375 	
2024-11-02 12:52:42,710 Test-Epoch[33/160]Batch[0]	Speed 975.7 (+2362.2) sample/sec 	RMSE = 18.18496, RULscore = 435.10164, CLIP_Loss = 1.38662 	
2024-11-02 12:52:42,752 Test-Epoch[33/160]Batch[3]	Speed 5299.5 (+228.0) sample/sec 	RMSE = 18.34769, RULscore = 1909.69373, CLIP_Loss = 1.33502 	
2024-11-02 12:52:42,753 Test-Epoch[33/160]Batch[3]	RMSE = 18.34769, RULscore = 1909.69373, CLIP_Loss = 1.33502 	
2024-11-02 12:52:42,753 Final_Epoch [33]   time cost: 8.65 sec (0.00 h)
2024-11-02 12:52:42,753 Train_RMSE = 17.19767, Train_RULscore = 712272.77570, Train_CLIP_Loss = 1.02375, Test_RMSE = 18.34769, Test_RULscore = 1909.69373, Test_CLIP_Loss = 1.33502, Train_RMSE_cor = 17.63328, Train_RULscore_min = 625570.13395, Test_RMSE_cor = 18.35439, Test_RULscore_min = 1366.62403, Model_ID = 25.00000 	
2024-11-02 12:52:42,759 Checkpoint (model & optimizer) saved to: /home/qchenax/astar/rul_prompt/output/clip/FD004/exp_202411021247_bilstm_clip_ep-0034.pth
2024-11-02 12:52:42,847 Train-Epoch[34/160]Batch[0]	Speed 1556.7 (+1763.0) sample/sec 	RMSE = 21.79647, RULscore = 6580.49211, CLIP_Loss = 0.99228 	
2024-11-02 12:52:44,202 Train-Epoch[34/160]Batch[50]	Speed 4722.1 (+30.2) sample/sec 	RMSE = 17.72653, RULscore = 100706.57123, CLIP_Loss = 1.01158 	
2024-11-02 12:52:45,623 Train-Epoch[34/160]Batch[100]	Speed 4505.1 (+27.1) sample/sec 	RMSE = 17.36656, RULscore = 186635.83804, CLIP_Loss = 1.01524 	
2024-11-02 12:52:46,870 Train-Epoch[34/160]Batch[150]	Speed 5131.1 (+35.6) sample/sec 	RMSE = 17.18468, RULscore = 294477.50911, CLIP_Loss = 1.02041 	
2024-11-02 12:52:48,049 Train-Epoch[34/160]Batch[200]	Speed 5428.7 (+38.7) sample/sec 	RMSE = 17.24899, RULscore = 421560.84668, CLIP_Loss = 1.02076 	
2024-11-02 12:52:49,288 Train-Epoch[34/160]Batch[250]	Speed 5168.1 (+34.9) sample/sec 	RMSE = 17.10192, RULscore = 496364.79177, CLIP_Loss = 1.01949 	
2024-11-02 12:52:50,537 Train-Epoch[34/160]Batch[300]	Speed 5124.8 (+34.1) sample/sec 	RMSE = 17.16621, RULscore = 629959.42087, CLIP_Loss = 1.02058 	
2024-11-02 12:52:51,541 Train-Epoch[34/160]Batch[339]	Speed 4773.1 (+32.1) sample/sec 	RMSE = 23.52499, RULscore = 21861953.28997, CLIP_Loss = nan 	
2024-11-02 12:52:51,591 Test-Epoch[34/160]Batch[0]	Speed 1279.7 (+3097.7) sample/sec 	RMSE = nan, RULscore = nan, CLIP_Loss = nan 	
2024-11-02 12:52:51,624 Test-Epoch[34/160]Batch[3]	Speed 6754.0 (+550.3) sample/sec 	RMSE = nan, RULscore = nan, CLIP_Loss = nan 	
2024-11-02 12:52:51,625 Test-Epoch[34/160]Batch[3]	RMSE = nan, RULscore = nan, CLIP_Loss = nan 	
2024-11-02 12:52:51,625 Final_Epoch [34]   time cost: 8.87 sec (0.00 h)
2024-11-02 12:52:51,625 Train_RMSE = 23.52499, Train_RULscore = 21861953.28997, Train_CLIP_Loss = nan, Test_RMSE = nan, Test_RULscore = nan, Test_CLIP_Loss = nan, Train_RMSE_cor = 17.63328, Train_RULscore_min = 625570.13395, Test_RMSE_cor = 18.35439, Test_RULscore_min = 1366.62403, Model_ID = 25.00000 	
2024-11-02 12:52:51,635 Checkpoint (model & optimizer) saved to: /home/qchenax/astar/rul_prompt/output/clip/FD004/exp_202411021247_bilstm_clip_ep-0035.pth
2024-11-02 12:52:51,732 Train-Epoch[35/160]Batch[0]	Speed 1434.2 (+2293.0) sample/sec 	RMSE = 53.26093, RULscore = 842180.99367, CLIP_Loss = nan 	
2024-11-02 12:52:53,312 Train-Epoch[35/160]Batch[50]	Speed 4050.2 (+22.9) sample/sec 	RMSE = 58.37340, RULscore = 37820136.26301, CLIP_Loss = nan 	
2024-11-02 12:52:54,560 Train-Epoch[35/160]Batch[100]	Speed 5128.1 (+35.9) sample/sec 	RMSE = 59.56226, RULscore = 78616453.30201, CLIP_Loss = nan 	
2024-11-02 12:52:55,902 Train-Epoch[35/160]Batch[150]	Speed 4770.8 (+32.2) sample/sec 	RMSE = 59.64002, RULscore = 122991610.67110, CLIP_Loss = nan 	
