2024-11-02 13:13:12,241 training config:{'data': {'input_type': '',
          'max_rul': 125,
          'num_worker': 4,
          'root': './data',
          'seq_len': 30,
          'set': 'FD004',
          'test_id': 0},
 'dist_backend': 'nccl',
 'dist_url': 'tcp://224.66.41.62:23456',
 'distributed': False,
 'gpu': '0',
 'multiprocessing_distributed': False,
 'net': {'aux_dim': 4,
         'hand_craft': False,
         'hand_dim': 28,
         'input_dim': 14,
         'name': 'bilstm_clip',
         'num_hidden': 18},
 'output_pt': '/home/qchenax/astar/rul_prompt/output/clip/FD004',
 'rank': -1,
 'save_frequency': 1,
 'seed': 5000,
 'task': 't1',
 'test': {'model_name': 'exp_202110121100_cnn_pe_ep-0050.pth',
          'model_path': './output/basic/FD004'},
 'train': {'batch_size': 128,
           'callback_freq': 50,
           'end_epoch': 160,
           'fine_tune': True,
           'lr': 0.001,
           'lr_epoch': [1000],
           'lr_factor': 0.1,
           'lr_mult': 0.2,
           'optimizer': 'adam',
           'resume_epoch': 0,
           'warmup_iters': 0},
 'world_size': -1}

2024-11-02 13:13:12,585 CMPDataIter:: iterator initialized (train dataset: 'FD004', shape: (61249, 26))
2024-11-02 13:13:12,585 CMPDataIter:: iterator initialized (test dataset: 'FD004', shape: (41214, 26))
2024-11-02 13:13:12,752 CMPDataIter:: iterator initialized (train engine number: 249)
2024-11-02 13:13:12,871 CMPDataIter:: iterator initialized (test engine number: 248)
2024-11-02 13:13:12,913 CMPDataIter:: data includes multi operating conditions
2024-11-02 13:13:13,123 CMPDataIter:: iterator initialized (train data shape: 54028)
2024-11-02 13:13:13,123 CMPDataIter:: iterator initialized (train operation shape: 54028)
2024-11-02 13:13:13,123 CMPDataIter:: iterator initialized (train label shape: 54028)
2024-11-02 13:13:13,123 CMPDataIter:: iterator initialized (test data shape: 248)
2024-11-02 13:13:13,123 CMPDataIter:: iterator initialized (test operation shape: 248)
2024-11-02 13:13:13,123 CMPDataIter:: iterator initialized (test label shape: 248)
2024-11-02 13:13:13,178 CMPDataIter:: initialize the dataset
2024-11-02 13:13:14,501 Train-Epoch[0/160]Batch[0]	Speed 168.4 (+451.9) sample/sec 	RMSE = 75.21952, RULscore = 133102.98955, CLIP_Loss = 1.08964 	
2024-11-02 13:13:15,694 Train-Epoch[0/160]Batch[50]	Speed 5366.6 (+35.4) sample/sec 	RMSE = 61.00108, RULscore = 5476803.04889, CLIP_Loss = 1.09277 	
2024-11-02 13:13:16,763 Train-Epoch[0/160]Batch[100]	Speed 5984.1 (+42.1) sample/sec 	RMSE = 56.37807, RULscore = 8536013.67658, CLIP_Loss = 1.09418 	
2024-11-02 13:13:17,957 Train-Epoch[0/160]Batch[150]	Speed 5361.1 (+33.1) sample/sec 	RMSE = 53.42008, RULscore = 10043690.03443, CLIP_Loss = 1.09208 	
2024-11-02 13:13:19,133 Train-Epoch[0/160]Batch[200]	Speed 5442.5 (+34.3) sample/sec 	RMSE = 53.93823, RULscore = 20023070.54897, CLIP_Loss = 1.09205 	
2024-11-02 13:13:20,401 Train-Epoch[0/160]Batch[250]	Speed 5045.8 (+33.2) sample/sec 	RMSE = 52.45683, RULscore = 23401898.56820, CLIP_Loss = 1.08584 	
2024-11-02 13:13:21,630 Train-Epoch[0/160]Batch[300]	Speed 5209.1 (+35.3) sample/sec 	RMSE = 49.98871, RULscore = 24631489.92640, CLIP_Loss = 1.08039 	
2024-11-02 13:13:22,654 Train-Epoch[0/160]Batch[339]	Speed 4661.4 (+31.7) sample/sec 	RMSE = 48.20596, RULscore = 24967548.74291, CLIP_Loss = 1.07582 	
2024-11-02 13:13:22,716 Test-Epoch[0/160]Batch[0]	Speed 1028.1 (+1615.1) sample/sec 	RMSE = 34.42425, RULscore = 1551.73238, CLIP_Loss = 1.42033 	
2024-11-02 13:13:22,744 Test-Epoch[0/160]Batch[3]	Speed 8247.8 (+532.4) sample/sec 	RMSE = 34.74107, RULscore = 6066.12423, CLIP_Loss = 1.36939 	
2024-11-02 13:13:22,744 Test-Epoch[0/160]Batch[3]	RMSE = 34.74107, RULscore = 6066.12423, CLIP_Loss = 1.36939 	
2024-11-02 13:13:22,744 Final_Epoch [0]   time cost: 9.01 sec (0.00 h)
2024-11-02 13:13:22,745 Train_RMSE = 48.20596, Train_RULscore = 24967548.74291, Train_CLIP_Loss = 1.07582, Test_RMSE = 34.74107, Test_RULscore = 6066.12423, Test_CLIP_Loss = 1.36939, Train_RMSE_cor = 48.20596, Train_RULscore_min = 24967548.74291, Test_RMSE_cor = 34.74107, Test_RULscore_min = 6066.12423, Model_ID = 1.00000 	
2024-11-02 13:13:22,752 Checkpoint (model & optimizer) saved to: /home/qchenax/astar/rul_prompt/output/clip/FD004/exp_202411021313_bilstm_clip_ep-0001.pth
2024-11-02 13:13:22,848 Train-Epoch[1/160]Batch[0]	Speed 1445.9 (+2534.9) sample/sec 	RMSE = 28.80145, RULscore = 4705.61921, CLIP_Loss = 1.01238 	
2024-11-02 13:13:24,282 Train-Epoch[1/160]Batch[50]	Speed 4464.5 (+28.0) sample/sec 	RMSE = 27.66123, RULscore = 463548.86393, CLIP_Loss = 1.05699 	
2024-11-02 13:13:25,520 Train-Epoch[1/160]Batch[100]	Speed 5167.0 (+36.7) sample/sec 	RMSE = 28.61586, RULscore = 824221.31492, CLIP_Loss = 1.05644 	
2024-11-02 13:13:26,724 Train-Epoch[1/160]Batch[150]	Speed 5316.3 (+36.0) sample/sec 	RMSE = 28.03502, RULscore = 1242119.53545, CLIP_Loss = 1.05399 	
2024-11-02 13:13:27,964 Train-Epoch[1/160]Batch[200]	Speed 5164.1 (+35.7) sample/sec 	RMSE = 27.49450, RULscore = 1576039.08338, CLIP_Loss = 1.05322 	
2024-11-02 13:13:29,165 Train-Epoch[1/160]Batch[250]	Speed 5327.0 (+38.1) sample/sec 	RMSE = 27.01565, RULscore = 1863303.29806, CLIP_Loss = 1.04778 	
2024-11-02 13:13:30,430 Train-Epoch[1/160]Batch[300]	Speed 5060.8 (+35.9) sample/sec 	RMSE = 26.59808, RULscore = 2142105.77494, CLIP_Loss = 1.04475 	
2024-11-02 13:13:31,397 Train-Epoch[1/160]Batch[339]	Speed 4965.4 (+33.9) sample/sec 	RMSE = 26.64421, RULscore = 2339140.89713, CLIP_Loss = 1.04192 	
2024-11-02 13:13:31,451 Test-Epoch[1/160]Batch[0]	Speed 1175.7 (+2705.9) sample/sec 	RMSE = 31.61851, RULscore = 1079.24373, CLIP_Loss = 1.40905 	
2024-11-02 13:13:31,483 Test-Epoch[1/160]Batch[3]	Speed 7275.8 (+717.9) sample/sec 	RMSE = 32.09753, RULscore = 4508.40816, CLIP_Loss = 1.35774 	
2024-11-02 13:13:31,483 Test-Epoch[1/160]Batch[3]	RMSE = 32.09753, RULscore = 4508.40816, CLIP_Loss = 1.35774 	
2024-11-02 13:13:31,484 Final_Epoch [1]   time cost: 8.73 sec (0.00 h)
2024-11-02 13:13:31,484 Train_RMSE = 26.64421, Train_RULscore = 2339140.89713, Train_CLIP_Loss = 1.04192, Test_RMSE = 32.09753, Test_RULscore = 4508.40816, Test_CLIP_Loss = 1.35774, Train_RMSE_cor = 26.64421, Train_RULscore_min = 2339140.89713, Test_RMSE_cor = 32.09753, Test_RULscore_min = 4508.40816, Model_ID = 2.00000 	
2024-11-02 13:13:31,490 Checkpoint (model & optimizer) saved to: /home/qchenax/astar/rul_prompt/output/clip/FD004/exp_202411021313_bilstm_clip_ep-0002.pth
2024-11-02 13:13:31,586 Train-Epoch[2/160]Batch[0]	Speed 1418.4 (+2143.4) sample/sec 	RMSE = 22.74313, RULscore = 2898.90714, CLIP_Loss = 1.00571 	
2024-11-02 13:13:32,874 Train-Epoch[2/160]Batch[50]	Speed 4968.5 (+34.8) sample/sec 	RMSE = 24.42445, RULscore = 278289.75224, CLIP_Loss = 1.04000 	
2024-11-02 13:13:34,189 Train-Epoch[2/160]Batch[100]	Speed 4868.6 (+32.4) sample/sec 	RMSE = 26.82433, RULscore = 558884.46396, CLIP_Loss = 1.04305 	
2024-11-02 13:13:35,405 Train-Epoch[2/160]Batch[150]	Speed 5261.9 (+37.2) sample/sec 	RMSE = 26.21746, RULscore = 841200.96221, CLIP_Loss = 1.04117 	
2024-11-02 13:13:36,685 Train-Epoch[2/160]Batch[200]	Speed 4999.6 (+33.4) sample/sec 	RMSE = 25.74232, RULscore = 1089139.98793, CLIP_Loss = 1.04259 	
2024-11-02 13:13:37,987 Train-Epoch[2/160]Batch[250]	Speed 4916.3 (+33.3) sample/sec 	RMSE = 25.34565, RULscore = 1328260.37460, CLIP_Loss = 1.03783 	
2024-11-02 13:13:39,280 Train-Epoch[2/160]Batch[300]	Speed 4948.8 (+33.5) sample/sec 	RMSE = 25.24586, RULscore = 1552551.85618, CLIP_Loss = 1.03540 	
2024-11-02 13:13:40,312 Train-Epoch[2/160]Batch[339]	Speed 4671.9 (+30.6) sample/sec 	RMSE = 25.15467, RULscore = 1717217.13529, CLIP_Loss = 1.03390 	
2024-11-02 13:13:40,370 Test-Epoch[2/160]Batch[0]	Speed 1090.4 (+1822.0) sample/sec 	RMSE = 31.91146, RULscore = 1099.01092, CLIP_Loss = 1.39642 	
2024-11-02 13:13:40,411 Test-Epoch[2/160]Batch[3]	Speed 5435.0 (+324.5) sample/sec 	RMSE = 32.49668, RULscore = 4654.56303, CLIP_Loss = 1.34877 	
2024-11-02 13:13:40,411 Test-Epoch[2/160]Batch[3]	RMSE = 32.49668, RULscore = 4654.56303, CLIP_Loss = 1.34877 	
2024-11-02 13:13:40,411 Final_Epoch [2]   time cost: 8.92 sec (0.00 h)
2024-11-02 13:13:40,411 Train_RMSE = 25.15467, Train_RULscore = 1717217.13529, Train_CLIP_Loss = 1.03390, Test_RMSE = 32.49668, Test_RULscore = 4654.56303, Test_CLIP_Loss = 1.34877, Train_RMSE_cor = 25.15467, Train_RULscore_min = 1717217.13529, Test_RMSE_cor = 32.09753, Test_RULscore_min = 4508.40816, Model_ID = 2.00000 	
2024-11-02 13:13:40,417 Checkpoint (model & optimizer) saved to: /home/qchenax/astar/rul_prompt/output/clip/FD004/exp_202411021313_bilstm_clip_ep-0003.pth
2024-11-02 13:13:40,535 Train-Epoch[3/160]Batch[0]	Speed 1159.9 (+1059.1) sample/sec 	RMSE = 22.42975, RULscore = 2939.34656, CLIP_Loss = 1.00231 	
2024-11-02 13:13:41,865 Train-Epoch[3/160]Batch[50]	Speed 4810.5 (+33.0) sample/sec 	RMSE = 24.31604, RULscore = 261487.42664, CLIP_Loss = 1.03713 	
2024-11-02 13:13:43,042 Train-Epoch[3/160]Batch[100]	Speed 5435.9 (+39.7) sample/sec 	RMSE = 24.93260, RULscore = 451277.11364, CLIP_Loss = 1.03641 	
2024-11-02 13:13:44,303 Train-Epoch[3/160]Batch[150]	Speed 5076.8 (+33.0) sample/sec 	RMSE = 24.58519, RULscore = 688531.70245, CLIP_Loss = 1.03743 	
2024-11-02 13:13:45,477 Train-Epoch[3/160]Batch[200]	Speed 5450.2 (+37.9) sample/sec 	RMSE = 24.66991, RULscore = 884530.71882, CLIP_Loss = 1.03772 	
2024-11-02 13:13:46,644 Train-Epoch[3/160]Batch[250]	Speed 5483.5 (+40.1) sample/sec 	RMSE = 24.49747, RULscore = 1109047.87633, CLIP_Loss = 1.03376 	
2024-11-02 13:13:47,890 Train-Epoch[3/160]Batch[300]	Speed 5138.8 (+34.5) sample/sec 	RMSE = 24.43244, RULscore = 1297046.55147, CLIP_Loss = 1.03282 	
2024-11-02 13:13:48,887 Train-Epoch[3/160]Batch[339]	Speed 4866.3 (+34.1) sample/sec 	RMSE = 24.71780, RULscore = 1497090.17650, CLIP_Loss = 1.03029 	
2024-11-02 13:13:48,938 Test-Epoch[3/160]Batch[0]	Speed 1231.8 (+1843.6) sample/sec 	RMSE = 31.52467, RULscore = 1037.03184, CLIP_Loss = 1.39437 	
2024-11-02 13:13:48,971 Test-Epoch[3/160]Batch[3]	Speed 7046.3 (+492.3) sample/sec 	RMSE = 32.20656, RULscore = 4510.21258, CLIP_Loss = 1.34790 	
2024-11-02 13:13:48,972 Test-Epoch[3/160]Batch[3]	RMSE = 32.20656, RULscore = 4510.21258, CLIP_Loss = 1.34790 	
2024-11-02 13:13:48,972 Final_Epoch [3]   time cost: 8.55 sec (0.00 h)
2024-11-02 13:13:48,972 Train_RMSE = 24.71780, Train_RULscore = 1497090.17650, Train_CLIP_Loss = 1.03029, Test_RMSE = 32.20656, Test_RULscore = 4510.21258, Test_CLIP_Loss = 1.34790, Train_RMSE_cor = 24.71780, Train_RULscore_min = 1497090.17650, Test_RMSE_cor = 32.09753, Test_RULscore_min = 4508.40816, Model_ID = 2.00000 	
2024-11-02 13:13:48,980 Checkpoint (model & optimizer) saved to: /home/qchenax/astar/rul_prompt/output/clip/FD004/exp_202411021313_bilstm_clip_ep-0004.pth
2024-11-02 13:13:49,069 Train-Epoch[4/160]Batch[0]	Speed 1554.5 (+2637.8) sample/sec 	RMSE = 22.62431, RULscore = 3265.23965, CLIP_Loss = 1.00369 	
2024-11-02 13:13:50,301 Train-Epoch[4/160]Batch[50]	Speed 5191.8 (+38.3) sample/sec 	RMSE = 23.51034, RULscore = 241510.98818, CLIP_Loss = 1.03073 	
2024-11-02 13:13:51,491 Train-Epoch[4/160]Batch[100]	Speed 5378.4 (+37.3) sample/sec 	RMSE = 24.95984, RULscore = 429241.38547, CLIP_Loss = 1.03378 	
2024-11-02 13:13:52,782 Train-Epoch[4/160]Batch[150]	Speed 4958.8 (+31.5) sample/sec 	RMSE = 24.36188, RULscore = 640743.90117, CLIP_Loss = 1.03203 	
2024-11-02 13:13:54,011 Train-Epoch[4/160]Batch[200]	Speed 5205.8 (+35.6) sample/sec 	RMSE = 24.05060, RULscore = 823740.68314, CLIP_Loss = 1.03499 	
2024-11-02 13:13:55,297 Train-Epoch[4/160]Batch[250]	Speed 4977.1 (+34.0) sample/sec 	RMSE = 23.73725, RULscore = 1000337.31701, CLIP_Loss = 1.03062 	
2024-11-02 13:13:56,606 Train-Epoch[4/160]Batch[300]	Speed 4892.5 (+30.9) sample/sec 	RMSE = 23.72637, RULscore = 1190719.08411, CLIP_Loss = 1.02882 	
2024-11-02 13:13:57,557 Train-Epoch[4/160]Batch[339]	Speed 5074.3 (+35.6) sample/sec 	RMSE = 23.68343, RULscore = 1335391.30074, CLIP_Loss = 1.02636 	
2024-11-02 13:13:57,604 Test-Epoch[4/160]Batch[0]	Speed 1365.3 (+4109.3) sample/sec 	RMSE = 32.43477, RULscore = 1163.16060, CLIP_Loss = 1.40212 	
2024-11-02 13:13:57,644 Test-Epoch[4/160]Batch[3]	Speed 5459.0 (+369.7) sample/sec 	RMSE = 33.08593, RULscore = 4938.80562, CLIP_Loss = 1.35085 	
2024-11-02 13:13:57,645 Test-Epoch[4/160]Batch[3]	RMSE = 33.08593, RULscore = 4938.80562, CLIP_Loss = 1.35085 	
2024-11-02 13:13:57,645 Final_Epoch [4]   time cost: 8.66 sec (0.00 h)
2024-11-02 13:13:57,645 Train_RMSE = 23.68343, Train_RULscore = 1335391.30074, Train_CLIP_Loss = 1.02636, Test_RMSE = 33.08593, Test_RULscore = 4938.80562, Test_CLIP_Loss = 1.35085, Train_RMSE_cor = 23.68343, Train_RULscore_min = 1335391.30074, Test_RMSE_cor = 32.09753, Test_RULscore_min = 4508.40816, Model_ID = 2.00000 	
2024-11-02 13:13:57,650 Checkpoint (model & optimizer) saved to: /home/qchenax/astar/rul_prompt/output/clip/FD004/exp_202411021313_bilstm_clip_ep-0005.pth
2024-11-02 13:13:57,743 Train-Epoch[5/160]Batch[0]	Speed 1479.8 (+1969.2) sample/sec 	RMSE = 18.32370, RULscore = 1135.28396, CLIP_Loss = 1.00515 	
2024-11-02 13:13:59,045 Train-Epoch[5/160]Batch[50]	Speed 4915.9 (+33.6) sample/sec 	RMSE = 22.81191, RULscore = 217199.13629, CLIP_Loss = 1.03056 	
2024-11-02 13:14:00,265 Train-Epoch[5/160]Batch[100]	Speed 5245.1 (+35.1) sample/sec 	RMSE = 24.44841, RULscore = 387863.11765, CLIP_Loss = 1.03391 	
2024-11-02 13:14:01,631 Train-Epoch[5/160]Batch[150]	Speed 4683.8 (+28.8) sample/sec 	RMSE = 23.88988, RULscore = 575161.70234, CLIP_Loss = 1.03335 	
2024-11-02 13:14:03,089 Train-Epoch[5/160]Batch[200]	Speed 4389.4 (+24.7) sample/sec 	RMSE = 23.87501, RULscore = 757185.43535, CLIP_Loss = 1.03382 	
2024-11-02 13:14:04,402 Train-Epoch[5/160]Batch[250]	Speed 4875.9 (+30.5) sample/sec 	RMSE = 23.82589, RULscore = 900661.82634, CLIP_Loss = 1.02935 	
2024-11-02 13:14:05,670 Train-Epoch[5/160]Batch[300]	Speed 5046.0 (+33.0) sample/sec 	RMSE = 23.87226, RULscore = 1049033.25677, CLIP_Loss = 1.02763 	
2024-11-02 13:14:06,636 Train-Epoch[5/160]Batch[339]	Speed 4978.0 (+35.1) sample/sec 	RMSE = 23.81068, RULscore = 1175400.02931, CLIP_Loss = 1.02590 	
2024-11-02 13:14:06,693 Test-Epoch[5/160]Batch[0]	Speed 1124.6 (+2269.4) sample/sec 	RMSE = 32.21950, RULscore = 1123.60515, CLIP_Loss = 1.39333 	
2024-11-02 13:14:06,728 Test-Epoch[5/160]Batch[3]	Speed 6579.6 (+403.7) sample/sec 	RMSE = 32.62446, RULscore = 4638.40501, CLIP_Loss = 1.34403 	
2024-11-02 13:14:06,728 Test-Epoch[5/160]Batch[3]	RMSE = 32.62446, RULscore = 4638.40501, CLIP_Loss = 1.34403 	
2024-11-02 13:14:06,728 Final_Epoch [5]   time cost: 9.08 sec (0.00 h)
2024-11-02 13:14:06,728 Train_RMSE = 23.81068, Train_RULscore = 1175400.02931, Train_CLIP_Loss = 1.02590, Test_RMSE = 32.62446, Test_RULscore = 4638.40501, Test_CLIP_Loss = 1.34403, Train_RMSE_cor = 23.81068, Train_RULscore_min = 1175400.02931, Test_RMSE_cor = 32.09753, Test_RULscore_min = 4508.40816, Model_ID = 2.00000 	
2024-11-02 13:14:06,736 Checkpoint (model & optimizer) saved to: /home/qchenax/astar/rul_prompt/output/clip/FD004/exp_202411021313_bilstm_clip_ep-0006.pth
2024-11-02 13:14:06,832 Train-Epoch[6/160]Batch[0]	Speed 1427.5 (+1606.3) sample/sec 	RMSE = 22.18371, RULscore = 3271.25646, CLIP_Loss = 1.00548 	
2024-11-02 13:14:08,169 Train-Epoch[6/160]Batch[50]	Speed 4785.0 (+31.4) sample/sec 	RMSE = 22.63230, RULscore = 211683.16304, CLIP_Loss = 1.03355 	
2024-11-02 13:14:09,459 Train-Epoch[6/160]Batch[100]	Speed 4963.8 (+33.6) sample/sec 	RMSE = 24.05458, RULscore = 360866.16620, CLIP_Loss = 1.03462 	
2024-11-02 13:14:10,869 Train-Epoch[6/160]Batch[150]	Speed 4539.0 (+27.6) sample/sec 	RMSE = 23.75111, RULscore = 536904.78589, CLIP_Loss = 1.03305 	
2024-11-02 13:14:12,250 Train-Epoch[6/160]Batch[200]	Speed 4633.6 (+27.1) sample/sec 	RMSE = 23.77046, RULscore = 716374.98691, CLIP_Loss = 1.03314 	
2024-11-02 13:14:13,565 Train-Epoch[6/160]Batch[250]	Speed 4866.0 (+30.9) sample/sec 	RMSE = 23.50852, RULscore = 859083.25576, CLIP_Loss = 1.02855 	
2024-11-02 13:14:14,883 Train-Epoch[6/160]Batch[300]	Speed 4857.3 (+31.7) sample/sec 	RMSE = 23.42969, RULscore = 1006963.68156, CLIP_Loss = 1.02625 	
2024-11-02 13:14:15,883 Train-Epoch[6/160]Batch[339]	Speed 4825.4 (+31.5) sample/sec 	RMSE = 23.39952, RULscore = 1124977.93501, CLIP_Loss = 1.02403 	
2024-11-02 13:14:15,938 Test-Epoch[6/160]Batch[0]	Speed 1140.9 (+3780.6) sample/sec 	RMSE = 31.34003, RULscore = 1039.69408, CLIP_Loss = 1.39022 	
2024-11-02 13:14:15,976 Test-Epoch[6/160]Batch[3]	Speed 5881.6 (+388.9) sample/sec 	RMSE = 31.71475, RULscore = 4322.46961, CLIP_Loss = 1.34130 	
2024-11-02 13:14:15,976 Test-Epoch[6/160]Batch[3]	RMSE = 31.71475, RULscore = 4322.46961, CLIP_Loss = 1.34130 	
2024-11-02 13:14:15,976 Final_Epoch [6]   time cost: 9.24 sec (0.00 h)
2024-11-02 13:14:15,976 Train_RMSE = 23.39952, Train_RULscore = 1124977.93501, Train_CLIP_Loss = 1.02403, Test_RMSE = 31.71475, Test_RULscore = 4322.46961, Test_CLIP_Loss = 1.34130, Train_RMSE_cor = 23.39952, Train_RULscore_min = 1124977.93501, Test_RMSE_cor = 31.71475, Test_RULscore_min = 4322.46961, Model_ID = 7.00000 	
2024-11-02 13:14:15,982 Checkpoint (model & optimizer) saved to: /home/qchenax/astar/rul_prompt/output/clip/FD004/exp_202411021313_bilstm_clip_ep-0007.pth
2024-11-02 13:14:16,080 Train-Epoch[7/160]Batch[0]	Speed 1390.8 (+1707.5) sample/sec 	RMSE = 22.74863, RULscore = 3673.46432, CLIP_Loss = 1.00718 	
2024-11-02 13:14:17,377 Train-Epoch[7/160]Batch[50]	Speed 4935.6 (+34.1) sample/sec 	RMSE = 24.25374, RULscore = 184565.33821, CLIP_Loss = 1.02705 	
2024-11-02 13:14:18,744 Train-Epoch[7/160]Batch[100]	Speed 4680.4 (+28.1) sample/sec 	RMSE = 25.10889, RULscore = 338387.57905, CLIP_Loss = 1.02931 	
2024-11-02 13:14:20,031 Train-Epoch[7/160]Batch[150]	Speed 4975.7 (+33.3) sample/sec 	RMSE = 24.58144, RULscore = 509414.01601, CLIP_Loss = 1.02786 	
2024-11-02 13:14:21,236 Train-Epoch[7/160]Batch[200]	Speed 5310.1 (+37.8) sample/sec 	RMSE = 24.27218, RULscore = 675599.57947, CLIP_Loss = 1.02956 	
2024-11-02 13:14:22,521 Train-Epoch[7/160]Batch[250]	Speed 4981.1 (+31.4) sample/sec 	RMSE = 23.91830, RULscore = 831283.61392, CLIP_Loss = 1.02551 	
2024-11-02 13:14:23,772 Train-Epoch[7/160]Batch[300]	Speed 5114.6 (+35.8) sample/sec 	RMSE = 23.97651, RULscore = 978011.34321, CLIP_Loss = 1.02356 	
2024-11-02 13:14:24,808 Train-Epoch[7/160]Batch[339]	Speed 4663.7 (+30.3) sample/sec 	RMSE = 23.92315, RULscore = 1117697.06448, CLIP_Loss = 1.02233 	
2024-11-02 13:14:24,858 Test-Epoch[7/160]Batch[0]	Speed 1263.8 (+3080.6) sample/sec 	RMSE = 33.85429, RULscore = 1337.53883, CLIP_Loss = 1.38962 	
2024-11-02 13:14:24,911 Test-Epoch[7/160]Batch[3]	Speed 4246.6 (+202.5) sample/sec 	RMSE = 34.43281, RULscore = 5703.48070, CLIP_Loss = 1.34160 	
2024-11-02 13:14:24,911 Test-Epoch[7/160]Batch[3]	RMSE = 34.43281, RULscore = 5703.48070, CLIP_Loss = 1.34160 	
2024-11-02 13:14:24,911 Final_Epoch [7]   time cost: 8.93 sec (0.00 h)
2024-11-02 13:14:24,911 Train_RMSE = 23.92315, Train_RULscore = 1117697.06448, Train_CLIP_Loss = 1.02233, Test_RMSE = 34.43281, Test_RULscore = 5703.48070, Test_CLIP_Loss = 1.34160, Train_RMSE_cor = 23.92315, Train_RULscore_min = 1117697.06448, Test_RMSE_cor = 31.71475, Test_RULscore_min = 4322.46961, Model_ID = 7.00000 	
2024-11-02 13:14:24,920 Checkpoint (model & optimizer) saved to: /home/qchenax/astar/rul_prompt/output/clip/FD004/exp_202411021313_bilstm_clip_ep-0008.pth
2024-11-02 13:14:25,047 Train-Epoch[8/160]Batch[0]	Speed 1067.7 (+926.6) sample/sec 	RMSE = 22.75618, RULscore = 2179.57228, CLIP_Loss = 1.00172 	
2024-11-02 13:14:26,454 Train-Epoch[8/160]Batch[50]	Speed 4546.1 (+27.2) sample/sec 	RMSE = 25.85364, RULscore = 208068.33856, CLIP_Loss = 1.02956 	
2024-11-02 13:14:27,743 Train-Epoch[8/160]Batch[100]	Speed 4967.7 (+31.9) sample/sec 	RMSE = 25.56317, RULscore = 350186.60522, CLIP_Loss = 1.02847 	
2024-11-02 13:14:29,083 Train-Epoch[8/160]Batch[150]	Speed 4776.9 (+29.4) sample/sec 	RMSE = 24.50183, RULscore = 527018.06509, CLIP_Loss = 1.02966 	
2024-11-02 13:14:30,340 Train-Epoch[8/160]Batch[200]	Speed 5090.5 (+32.6) sample/sec 	RMSE = 24.39302, RULscore = 667993.44887, CLIP_Loss = 1.02972 	
2024-11-02 13:14:31,532 Train-Epoch[8/160]Batch[250]	Speed 5366.5 (+37.1) sample/sec 	RMSE = 24.26164, RULscore = 813142.48944, CLIP_Loss = 1.02563 	
2024-11-02 13:14:32,765 Train-Epoch[8/160]Batch[300]	Speed 5194.2 (+34.5) sample/sec 	RMSE = 24.21632, RULscore = 958953.40007, CLIP_Loss = 1.02447 	
2024-11-02 13:14:33,740 Train-Epoch[8/160]Batch[339]	Speed 4979.4 (+34.4) sample/sec 	RMSE = 24.35539, RULscore = 1101575.48102, CLIP_Loss = 1.02198 	
2024-11-02 13:14:33,787 Test-Epoch[8/160]Batch[0]	Speed 1352.3 (+3175.7) sample/sec 	RMSE = 32.30219, RULscore = 1136.17044, CLIP_Loss = 1.38973 	
2024-11-02 13:14:33,823 Test-Epoch[8/160]Batch[3]	Speed 6518.4 (+544.1) sample/sec 	RMSE = 32.83878, RULscore = 4792.73497, CLIP_Loss = 1.34446 	
2024-11-02 13:14:33,823 Test-Epoch[8/160]Batch[3]	RMSE = 32.83878, RULscore = 4792.73497, CLIP_Loss = 1.34446 	
2024-11-02 13:14:33,823 Final_Epoch [8]   time cost: 8.90 sec (0.00 h)
2024-11-02 13:14:33,824 Train_RMSE = 24.35539, Train_RULscore = 1101575.48102, Train_CLIP_Loss = 1.02198, Test_RMSE = 32.83878, Test_RULscore = 4792.73497, Test_CLIP_Loss = 1.34446, Train_RMSE_cor = 24.35539, Train_RULscore_min = 1101575.48102, Test_RMSE_cor = 31.71475, Test_RULscore_min = 4322.46961, Model_ID = 7.00000 	
2024-11-02 13:14:33,833 Checkpoint (model & optimizer) saved to: /home/qchenax/astar/rul_prompt/output/clip/FD004/exp_202411021313_bilstm_clip_ep-0009.pth
2024-11-02 13:14:33,939 Train-Epoch[9/160]Batch[0]	Speed 1289.2 (+1392.1) sample/sec 	RMSE = 21.89499, RULscore = 2826.10305, CLIP_Loss = 1.00963 	
2024-11-02 13:14:35,208 Train-Epoch[9/160]Batch[50]	Speed 5043.4 (+35.6) sample/sec 	RMSE = 23.17090, RULscore = 191158.10546, CLIP_Loss = 1.02407 	
2024-11-02 13:14:36,403 Train-Epoch[9/160]Batch[100]	Speed 5356.0 (+36.5) sample/sec 	RMSE = 23.38561, RULscore = 320146.61035, CLIP_Loss = 1.02687 	
2024-11-02 13:14:37,657 Train-Epoch[9/160]Batch[150]	Speed 5101.2 (+34.3) sample/sec 	RMSE = 23.16118, RULscore = 475997.56013, CLIP_Loss = 1.02529 	
2024-11-02 13:14:38,923 Train-Epoch[9/160]Batch[200]	Speed 5057.0 (+32.8) sample/sec 	RMSE = 23.04835, RULscore = 618300.48973, CLIP_Loss = 1.02777 	
2024-11-02 13:14:40,075 Train-Epoch[9/160]Batch[250]	Speed 5557.6 (+39.9) sample/sec 	RMSE = 22.95605, RULscore = 759389.66259, CLIP_Loss = 1.02362 	
2024-11-02 13:14:41,353 Train-Epoch[9/160]Batch[300]	Speed 5007.6 (+32.3) sample/sec 	RMSE = 23.15203, RULscore = 912063.25840, CLIP_Loss = 1.02194 	
2024-11-02 13:14:42,399 Train-Epoch[9/160]Batch[339]	Speed 4586.9 (+29.9) sample/sec 	RMSE = 23.18905, RULscore = 1021170.55785, CLIP_Loss = 1.01943 	
2024-11-02 13:14:42,455 Test-Epoch[9/160]Batch[0]	Speed 1138.2 (+2495.1) sample/sec 	RMSE = 33.09276, RULscore = 1257.00209, CLIP_Loss = 1.38553 	
2024-11-02 13:14:42,498 Test-Epoch[9/160]Batch[3]	Speed 4941.8 (+297.7) sample/sec 	RMSE = 33.79896, RULscore = 5479.08689, CLIP_Loss = 1.33701 	
2024-11-02 13:14:42,498 Test-Epoch[9/160]Batch[3]	RMSE = 33.79896, RULscore = 5479.08689, CLIP_Loss = 1.33701 	
2024-11-02 13:14:42,498 Final_Epoch [9]   time cost: 8.66 sec (0.00 h)
2024-11-02 13:14:42,498 Train_RMSE = 23.18905, Train_RULscore = 1021170.55785, Train_CLIP_Loss = 1.01943, Test_RMSE = 33.79896, Test_RULscore = 5479.08689, Test_CLIP_Loss = 1.33701, Train_RMSE_cor = 23.18905, Train_RULscore_min = 1021170.55785, Test_RMSE_cor = 31.71475, Test_RULscore_min = 4322.46961, Model_ID = 7.00000 	
2024-11-02 13:14:42,504 Checkpoint (model & optimizer) saved to: /home/qchenax/astar/rul_prompt/output/clip/FD004/exp_202411021313_bilstm_clip_ep-0010.pth
2024-11-02 13:14:42,606 Train-Epoch[10/160]Batch[0]	Speed 1342.3 (+1581.9) sample/sec 	RMSE = 28.78992, RULscore = 1518.25798, CLIP_Loss = 0.99984 	
2024-11-02 13:14:43,933 Train-Epoch[10/160]Batch[50]	Speed 4820.7 (+33.4) sample/sec 	RMSE = 24.25502, RULscore = 188360.79646, CLIP_Loss = 1.02472 	
2024-11-02 13:14:45,250 Train-Epoch[10/160]Batch[100]	Speed 4859.0 (+30.9) sample/sec 	RMSE = 24.79104, RULscore = 315733.17229, CLIP_Loss = 1.02845 	
2024-11-02 13:14:46,473 Train-Epoch[10/160]Batch[150]	Speed 5234.6 (+35.9) sample/sec 	RMSE = 24.35153, RULscore = 445338.67656, CLIP_Loss = 1.02776 	
2024-11-02 13:14:47,824 Train-Epoch[10/160]Batch[200]	Speed 4738.0 (+29.7) sample/sec 	RMSE = 24.45793, RULscore = 587088.36682, CLIP_Loss = 1.02804 	
2024-11-02 13:14:49,085 Train-Epoch[10/160]Batch[250]	Speed 5075.0 (+32.8) sample/sec 	RMSE = 24.43627, RULscore = 719160.98717, CLIP_Loss = 1.02381 	
2024-11-02 13:14:50,282 Train-Epoch[10/160]Batch[300]	Speed 5347.4 (+37.2) sample/sec 	RMSE = 24.40488, RULscore = 850318.71072, CLIP_Loss = 1.02201 	
2024-11-02 13:14:51,251 Train-Epoch[10/160]Batch[339]	Speed 4988.8 (+32.7) sample/sec 	RMSE = 24.18512, RULscore = 949959.51977, CLIP_Loss = 1.02034 	
2024-11-02 13:14:51,305 Test-Epoch[10/160]Batch[0]	Speed 1177.7 (+2424.3) sample/sec 	RMSE = 32.14353, RULscore = 1121.97752, CLIP_Loss = 1.38289 	
2024-11-02 13:14:51,344 Test-Epoch[10/160]Batch[3]	Speed 5970.1 (+416.6) sample/sec 	RMSE = 32.64624, RULscore = 4697.31640, CLIP_Loss = 1.33602 	
2024-11-02 13:14:51,344 Test-Epoch[10/160]Batch[3]	RMSE = 32.64624, RULscore = 4697.31640, CLIP_Loss = 1.33602 	
2024-11-02 13:14:51,345 Final_Epoch [10]   time cost: 8.84 sec (0.00 h)
2024-11-02 13:14:51,345 Train_RMSE = 24.18512, Train_RULscore = 949959.51977, Train_CLIP_Loss = 1.02034, Test_RMSE = 32.64624, Test_RULscore = 4697.31640, Test_CLIP_Loss = 1.33602, Train_RMSE_cor = 24.18512, Train_RULscore_min = 949959.51977, Test_RMSE_cor = 31.71475, Test_RULscore_min = 4322.46961, Model_ID = 7.00000 	
2024-11-02 13:14:51,353 Checkpoint (model & optimizer) saved to: /home/qchenax/astar/rul_prompt/output/clip/FD004/exp_202411021313_bilstm_clip_ep-0011.pth
2024-11-02 13:14:51,471 Train-Epoch[11/160]Batch[0]	Speed 1141.3 (+1201.5) sample/sec 	RMSE = 21.44178, RULscore = 3805.98818, CLIP_Loss = 1.00565 	
2024-11-02 13:14:52,819 Train-Epoch[11/160]Batch[50]	Speed 4748.2 (+30.8) sample/sec 	RMSE = 23.24646, RULscore = 168223.11784, CLIP_Loss = 1.02690 	
2024-11-02 13:14:54,064 Train-Epoch[11/160]Batch[100]	Speed 5142.9 (+33.9) sample/sec 	RMSE = 23.05130, RULscore = 285620.23896, CLIP_Loss = 1.02787 	
2024-11-02 13:14:55,328 Train-Epoch[11/160]Batch[150]	Speed 5062.0 (+33.0) sample/sec 	RMSE = 22.97102, RULscore = 427203.21473, CLIP_Loss = 1.02654 	
2024-11-02 13:14:56,655 Train-Epoch[11/160]Batch[200]	Speed 4823.5 (+30.3) sample/sec 	RMSE = 23.41971, RULscore = 581928.83288, CLIP_Loss = 1.02656 	
2024-11-02 13:14:58,064 Train-Epoch[11/160]Batch[250]	Speed 4541.4 (+26.7) sample/sec 	RMSE = 23.47243, RULscore = 706204.30188, CLIP_Loss = 1.02220 	
2024-11-02 13:14:59,414 Train-Epoch[11/160]Batch[300]	Speed 4742.4 (+27.8) sample/sec 	RMSE = 23.64641, RULscore = 895253.88590, CLIP_Loss = 1.02034 	
2024-11-02 13:15:00,430 Train-Epoch[11/160]Batch[339]	Speed 4730.8 (+32.5) sample/sec 	RMSE = 23.68784, RULscore = 1000003.00752, CLIP_Loss = 1.01815 	
2024-11-02 13:15:00,491 Test-Epoch[11/160]Batch[0]	Speed 1043.0 (+3225.8) sample/sec 	RMSE = 31.98341, RULscore = 1115.11936, CLIP_Loss = 1.38080 	
2024-11-02 13:15:00,528 Test-Epoch[11/160]Batch[3]	Speed 6018.3 (+370.6) sample/sec 	RMSE = 32.45084, RULscore = 4690.60419, CLIP_Loss = 1.33718 	
2024-11-02 13:15:00,528 Test-Epoch[11/160]Batch[3]	RMSE = 32.45084, RULscore = 4690.60419, CLIP_Loss = 1.33718 	
2024-11-02 13:15:00,528 Final_Epoch [11]   time cost: 9.18 sec (0.00 h)
2024-11-02 13:15:00,528 Train_RMSE = 23.68784, Train_RULscore = 1000003.00752, Train_CLIP_Loss = 1.01815, Test_RMSE = 32.45084, Test_RULscore = 4690.60419, Test_CLIP_Loss = 1.33718, Train_RMSE_cor = 24.18512, Train_RULscore_min = 949959.51977, Test_RMSE_cor = 31.71475, Test_RULscore_min = 4322.46961, Model_ID = 7.00000 	
2024-11-02 13:15:00,533 Checkpoint (model & optimizer) saved to: /home/qchenax/astar/rul_prompt/output/clip/FD004/exp_202411021313_bilstm_clip_ep-0012.pth
2024-11-02 13:15:00,622 Train-Epoch[12/160]Batch[0]	Speed 1544.2 (+2104.3) sample/sec 	RMSE = 21.67246, RULscore = 2575.92221, CLIP_Loss = 1.00242 	
2024-11-02 13:15:01,912 Train-Epoch[12/160]Batch[50]	Speed 4962.2 (+33.3) sample/sec 	RMSE = 22.99193, RULscore = 130620.41898, CLIP_Loss = 1.02152 	
2024-11-02 13:15:03,202 Train-Epoch[12/160]Batch[100]	Speed 4961.1 (+32.4) sample/sec 	RMSE = 23.15629, RULscore = 254350.07474, CLIP_Loss = 1.02278 	
2024-11-02 13:15:04,393 Train-Epoch[12/160]Batch[150]	Speed 5372.8 (+37.3) sample/sec 	RMSE = 23.44444, RULscore = 386859.10591, CLIP_Loss = 1.02162 	
2024-11-02 13:15:05,697 Train-Epoch[12/160]Batch[200]	Speed 4910.5 (+31.1) sample/sec 	RMSE = 23.63959, RULscore = 517251.57689, CLIP_Loss = 1.02337 	
2024-11-02 13:15:06,888 Train-Epoch[12/160]Batch[250]	Speed 5373.1 (+38.2) sample/sec 	RMSE = 23.58417, RULscore = 660757.47209, CLIP_Loss = 1.01949 	
2024-11-02 13:15:08,176 Train-Epoch[12/160]Batch[300]	Speed 4968.2 (+33.0) sample/sec 	RMSE = 23.64929, RULscore = 792525.92530, CLIP_Loss = 1.01730 	
2024-11-02 13:15:09,213 Train-Epoch[12/160]Batch[339]	Speed 4641.5 (+30.9) sample/sec 	RMSE = 23.70543, RULscore = 903106.92901, CLIP_Loss = 1.01622 	
2024-11-02 13:15:09,267 Test-Epoch[12/160]Batch[0]	Speed 1174.0 (+4015.0) sample/sec 	RMSE = 31.79698, RULscore = 1091.47348, CLIP_Loss = 1.38480 	
2024-11-02 13:15:09,300 Test-Epoch[12/160]Batch[3]	Speed 7165.9 (+413.0) sample/sec 	RMSE = 32.30501, RULscore = 4565.06420, CLIP_Loss = 1.34003 	
2024-11-02 13:15:09,300 Test-Epoch[12/160]Batch[3]	RMSE = 32.30501, RULscore = 4565.06420, CLIP_Loss = 1.34003 	
2024-11-02 13:15:09,300 Final_Epoch [12]   time cost: 8.77 sec (0.00 h)
2024-11-02 13:15:09,300 Train_RMSE = 23.70543, Train_RULscore = 903106.92901, Train_CLIP_Loss = 1.01622, Test_RMSE = 32.30501, Test_RULscore = 4565.06420, Test_CLIP_Loss = 1.34003, Train_RMSE_cor = 23.70543, Train_RULscore_min = 903106.92901, Test_RMSE_cor = 31.71475, Test_RULscore_min = 4322.46961, Model_ID = 7.00000 	
2024-11-02 13:15:09,306 Checkpoint (model & optimizer) saved to: /home/qchenax/astar/rul_prompt/output/clip/FD004/exp_202411021313_bilstm_clip_ep-0013.pth
2024-11-02 13:15:09,423 Train-Epoch[13/160]Batch[0]	Speed 1158.1 (+896.3) sample/sec 	RMSE = 20.06240, RULscore = 2287.48596, CLIP_Loss = 1.00772 	
2024-11-02 13:15:10,915 Train-Epoch[13/160]Batch[50]	Speed 4288.2 (+26.6) sample/sec 	RMSE = 25.55116, RULscore = 189749.51222, CLIP_Loss = 1.02468 	
2024-11-02 13:15:12,236 Train-Epoch[13/160]Batch[100]	Speed 4843.1 (+32.7) sample/sec 	RMSE = 23.94447, RULscore = 302634.07950, CLIP_Loss = 1.02287 	
2024-11-02 13:15:13,571 Train-Epoch[13/160]Batch[150]	Speed 4794.4 (+31.3) sample/sec 	RMSE = 23.62667, RULscore = 432995.11688, CLIP_Loss = 1.02397 	
2024-11-02 13:15:14,822 Train-Epoch[13/160]Batch[200]	Speed 5119.6 (+34.0) sample/sec 	RMSE = 23.94629, RULscore = 569546.68729, CLIP_Loss = 1.02382 	
2024-11-02 13:15:16,131 Train-Epoch[13/160]Batch[250]	Speed 4886.4 (+31.5) sample/sec 	RMSE = 24.13987, RULscore = 715012.82317, CLIP_Loss = 1.02019 	
2024-11-02 13:15:17,420 Train-Epoch[13/160]Batch[300]	Speed 4967.1 (+31.5) sample/sec 	RMSE = 24.15966, RULscore = 859178.18101, CLIP_Loss = 1.01916 	
2024-11-02 13:15:18,475 Train-Epoch[13/160]Batch[339]	Speed 4548.7 (+30.1) sample/sec 	RMSE = 24.31497, RULscore = 979980.93130, CLIP_Loss = 1.01679 	
2024-11-02 13:15:18,526 Test-Epoch[13/160]Batch[0]	Speed 1220.2 (+2930.2) sample/sec 	RMSE = 31.55817, RULscore = 1058.89666, CLIP_Loss = 1.37159 	
2024-11-02 13:15:18,567 Test-Epoch[13/160]Batch[3]	Speed 5359.7 (+303.8) sample/sec 	RMSE = 32.00124, RULscore = 4390.43958, CLIP_Loss = 1.33302 	
2024-11-02 13:15:18,567 Test-Epoch[13/160]Batch[3]	RMSE = 32.00124, RULscore = 4390.43958, CLIP_Loss = 1.33302 	
2024-11-02 13:15:18,567 Final_Epoch [13]   time cost: 9.26 sec (0.00 h)
2024-11-02 13:15:18,567 Train_RMSE = 24.31497, Train_RULscore = 979980.93130, Train_CLIP_Loss = 1.01679, Test_RMSE = 32.00124, Test_RULscore = 4390.43958, Test_CLIP_Loss = 1.33302, Train_RMSE_cor = 23.70543, Train_RULscore_min = 903106.92901, Test_RMSE_cor = 31.71475, Test_RULscore_min = 4322.46961, Model_ID = 7.00000 	
2024-11-02 13:15:18,573 Checkpoint (model & optimizer) saved to: /home/qchenax/astar/rul_prompt/output/clip/FD004/exp_202411021313_bilstm_clip_ep-0014.pth
2024-11-02 13:15:18,677 Train-Epoch[14/160]Batch[0]	Speed 1309.6 (+1569.5) sample/sec 	RMSE = 22.40274, RULscore = 1894.23595, CLIP_Loss = 1.00032 	
2024-11-02 13:15:19,935 Train-Epoch[14/160]Batch[50]	Speed 5085.8 (+36.7) sample/sec 	RMSE = 24.49360, RULscore = 177196.10553, CLIP_Loss = 1.01924 	
2024-11-02 13:15:21,335 Train-Epoch[14/160]Batch[100]	Speed 4571.6 (+33.2) sample/sec 	RMSE = 24.01603, RULscore = 284739.52835, CLIP_Loss = 1.02173 	
2024-11-02 13:15:22,734 Train-Epoch[14/160]Batch[150]	Speed 4573.2 (+32.8) sample/sec 	RMSE = 23.86679, RULscore = 422246.87870, CLIP_Loss = 1.02046 	
2024-11-02 13:15:24,037 Train-Epoch[14/160]Batch[200]	Speed 4912.3 (+32.6) sample/sec 	RMSE = 23.83838, RULscore = 542827.21806, CLIP_Loss = 1.02310 	
2024-11-02 13:15:25,355 Train-Epoch[14/160]Batch[250]	Speed 4855.2 (+33.8) sample/sec 	RMSE = 23.88330, RULscore = 686653.38275, CLIP_Loss = 1.01947 	
2024-11-02 13:15:26,703 Train-Epoch[14/160]Batch[300]	Speed 4747.6 (+31.4) sample/sec 	RMSE = 23.91205, RULscore = 825503.74011, CLIP_Loss = 1.01783 	
2024-11-02 13:15:27,816 Train-Epoch[14/160]Batch[339]	Speed 4290.7 (+27.1) sample/sec 	RMSE = 23.77495, RULscore = 930748.96027, CLIP_Loss = 1.01542 	
2024-11-02 13:15:27,868 Test-Epoch[14/160]Batch[0]	Speed 1216.4 (+4423.1) sample/sec 	RMSE = 32.41025, RULscore = 1170.26171, CLIP_Loss = 1.37426 	
2024-11-02 13:15:27,914 Test-Epoch[14/160]Batch[3]	Speed 4838.1 (+241.7) sample/sec 	RMSE = 32.97992, RULscore = 4928.25184, CLIP_Loss = 1.33226 	
2024-11-02 13:15:27,914 Test-Epoch[14/160]Batch[3]	RMSE = 32.97992, RULscore = 4928.25184, CLIP_Loss = 1.33226 	
2024-11-02 13:15:27,914 Final_Epoch [14]   time cost: 9.34 sec (0.00 h)
2024-11-02 13:15:27,914 Train_RMSE = 23.77495, Train_RULscore = 930748.96027, Train_CLIP_Loss = 1.01542, Test_RMSE = 32.97992, Test_RULscore = 4928.25184, Test_CLIP_Loss = 1.33226, Train_RMSE_cor = 23.70543, Train_RULscore_min = 903106.92901, Test_RMSE_cor = 31.71475, Test_RULscore_min = 4322.46961, Model_ID = 7.00000 	
2024-11-02 13:15:27,924 Checkpoint (model & optimizer) saved to: /home/qchenax/astar/rul_prompt/output/clip/FD004/exp_202411021313_bilstm_clip_ep-0015.pth
2024-11-02 13:15:28,036 Train-Epoch[15/160]Batch[0]	Speed 1208.5 (+1467.8) sample/sec 	RMSE = 19.29074, RULscore = 1252.26872, CLIP_Loss = 0.99310 	
2024-11-02 13:15:29,467 Train-Epoch[15/160]Batch[50]	Speed 4471.4 (+32.8) sample/sec 	RMSE = 23.39491, RULscore = 172381.25526, CLIP_Loss = 1.02112 	
2024-11-02 13:15:30,754 Train-Epoch[15/160]Batch[100]	Speed 4974.6 (+34.0) sample/sec 	RMSE = 23.15014, RULscore = 267023.93850, CLIP_Loss = 1.02449 	
2024-11-02 13:15:32,148 Train-Epoch[15/160]Batch[150]	Speed 4590.0 (+28.4) sample/sec 	RMSE = 23.31719, RULscore = 386384.63491, CLIP_Loss = 1.02367 	
2024-11-02 13:15:33,606 Train-Epoch[15/160]Batch[200]	Speed 4388.7 (+26.5) sample/sec 	RMSE = 23.46282, RULscore = 515915.65653, CLIP_Loss = 1.02347 	
2024-11-02 13:15:34,875 Train-Epoch[15/160]Batch[250]	Speed 5044.5 (+34.5) sample/sec 	RMSE = 23.69431, RULscore = 645201.29615, CLIP_Loss = 1.01938 	
2024-11-02 13:15:36,351 Train-Epoch[15/160]Batch[300]	Speed 4335.2 (+24.9) sample/sec 	RMSE = 23.69489, RULscore = 760082.67351, CLIP_Loss = 1.01752 	
2024-11-02 13:15:37,403 Train-Epoch[15/160]Batch[339]	Speed 4542.7 (+29.4) sample/sec 	RMSE = 23.57676, RULscore = 854877.43129, CLIP_Loss = 1.01590 	
2024-11-02 13:15:37,458 Test-Epoch[15/160]Batch[0]	Speed 1138.3 (+1824.4) sample/sec 	RMSE = 32.36619, RULscore = 1157.76030, CLIP_Loss = 1.37144 	
2024-11-02 13:15:37,490 Test-Epoch[15/160]Batch[3]	Speed 7503.4 (+719.4) sample/sec 	RMSE = 32.97405, RULscore = 4847.55408, CLIP_Loss = 1.33230 	
2024-11-02 13:15:37,490 Test-Epoch[15/160]Batch[3]	RMSE = 32.97405, RULscore = 4847.55408, CLIP_Loss = 1.33230 	
2024-11-02 13:15:37,491 Final_Epoch [15]   time cost: 9.57 sec (0.00 h)
2024-11-02 13:15:37,491 Train_RMSE = 23.57676, Train_RULscore = 854877.43129, Train_CLIP_Loss = 1.01590, Test_RMSE = 32.97405, Test_RULscore = 4847.55408, Test_CLIP_Loss = 1.33230, Train_RMSE_cor = 23.57676, Train_RULscore_min = 854877.43129, Test_RMSE_cor = 31.71475, Test_RULscore_min = 4322.46961, Model_ID = 7.00000 	
2024-11-02 13:15:37,496 Checkpoint (model & optimizer) saved to: /home/qchenax/astar/rul_prompt/output/clip/FD004/exp_202411021313_bilstm_clip_ep-0016.pth
2024-11-02 13:15:37,609 Train-Epoch[16/160]Batch[0]	Speed 1197.8 (+1213.2) sample/sec 	RMSE = 19.36976, RULscore = 1903.66394, CLIP_Loss = 1.00538 	
2024-11-02 13:15:38,906 Train-Epoch[16/160]Batch[50]	Speed 4934.3 (+33.5) sample/sec 	RMSE = 23.60311, RULscore = 160987.31489, CLIP_Loss = 1.02367 	
2024-11-02 13:15:40,220 Train-Epoch[16/160]Batch[100]	Speed 4869.5 (+32.7) sample/sec 	RMSE = 23.03075, RULscore = 264379.41644, CLIP_Loss = 1.02487 	
2024-11-02 13:15:41,533 Train-Epoch[16/160]Batch[150]	Speed 4873.9 (+38.5) sample/sec 	RMSE = 23.58214, RULscore = 392929.19739, CLIP_Loss = 1.02351 	
2024-11-02 13:15:42,943 Train-Epoch[16/160]Batch[200]	Speed 4540.8 (+27.7) sample/sec 	RMSE = 23.52786, RULscore = 529457.41618, CLIP_Loss = 1.02311 	
2024-11-02 13:15:44,284 Train-Epoch[16/160]Batch[250]	Speed 4771.7 (+31.1) sample/sec 	RMSE = 23.38915, RULscore = 647288.00655, CLIP_Loss = 1.01881 	
2024-11-02 13:15:45,562 Train-Epoch[16/160]Batch[300]	Speed 5008.5 (+32.1) sample/sec 	RMSE = 23.48038, RULscore = 803928.52689, CLIP_Loss = 1.01707 	
2024-11-02 13:15:46,526 Train-Epoch[16/160]Batch[339]	Speed 5013.2 (+34.9) sample/sec 	RMSE = 23.48801, RULscore = 897561.57581, CLIP_Loss = 1.01484 	
2024-11-02 13:15:46,573 Test-Epoch[16/160]Batch[0]	Speed 1355.7 (+3259.6) sample/sec 	RMSE = 31.88860, RULscore = 1117.52960, CLIP_Loss = 1.36873 	
2024-11-02 13:15:46,614 Test-Epoch[16/160]Batch[3]	Speed 5438.2 (+393.8) sample/sec 	RMSE = 32.45469, RULscore = 4659.55238, CLIP_Loss = 1.32752 	
2024-11-02 13:15:46,614 Test-Epoch[16/160]Batch[3]	RMSE = 32.45469, RULscore = 4659.55238, CLIP_Loss = 1.32752 	
2024-11-02 13:15:46,614 Final_Epoch [16]   time cost: 9.12 sec (0.00 h)
2024-11-02 13:15:46,614 Train_RMSE = 23.48801, Train_RULscore = 897561.57581, Train_CLIP_Loss = 1.01484, Test_RMSE = 32.45469, Test_RULscore = 4659.55238, Test_CLIP_Loss = 1.32752, Train_RMSE_cor = 23.57676, Train_RULscore_min = 854877.43129, Test_RMSE_cor = 31.71475, Test_RULscore_min = 4322.46961, Model_ID = 7.00000 	
2024-11-02 13:15:46,620 Checkpoint (model & optimizer) saved to: /home/qchenax/astar/rul_prompt/output/clip/FD004/exp_202411021313_bilstm_clip_ep-0017.pth
2024-11-02 13:15:46,727 Train-Epoch[17/160]Batch[0]	Speed 1289.5 (+1414.4) sample/sec 	RMSE = 19.02876, RULscore = 1493.25937, CLIP_Loss = 0.99794 	
2024-11-02 13:15:48,007 Train-Epoch[17/160]Batch[50]	Speed 4998.2 (+34.3) sample/sec 	RMSE = 22.98539, RULscore = 121859.63235, CLIP_Loss = 1.01733 	
2024-11-02 13:15:49,231 Train-Epoch[17/160]Batch[100]	Speed 5229.5 (+37.5) sample/sec 	RMSE = 23.57236, RULscore = 224556.80652, CLIP_Loss = 1.01953 	
2024-11-02 13:15:50,563 Train-Epoch[17/160]Batch[150]	Speed 4803.9 (+29.3) sample/sec 	RMSE = 23.73919, RULscore = 341575.09937, CLIP_Loss = 1.01870 	
2024-11-02 13:15:51,926 Train-Epoch[17/160]Batch[200]	Speed 4696.6 (+29.4) sample/sec 	RMSE = 23.68168, RULscore = 458943.09120, CLIP_Loss = 1.02027 	
2024-11-02 13:15:53,342 Train-Epoch[17/160]Batch[250]	Speed 4519.8 (+27.3) sample/sec 	RMSE = 23.48093, RULscore = 587544.92114, CLIP_Loss = 1.01620 	
2024-11-02 13:15:54,755 Train-Epoch[17/160]Batch[300]	Speed 4527.9 (+27.2) sample/sec 	RMSE = 23.43028, RULscore = 712921.02364, CLIP_Loss = 1.01411 	
2024-11-02 13:15:55,742 Train-Epoch[17/160]Batch[339]	Speed 4913.5 (+33.4) sample/sec 	RMSE = 23.43505, RULscore = 811713.87119, CLIP_Loss = 1.01289 	
2024-11-02 13:15:55,791 Test-Epoch[17/160]Batch[0]	Speed 1287.7 (+4237.1) sample/sec 	RMSE = 32.08481, RULscore = 1138.46734, CLIP_Loss = 1.37227 	
2024-11-02 13:15:55,828 Test-Epoch[17/160]Batch[3]	Speed 5990.1 (+342.8) sample/sec 	RMSE = 32.43801, RULscore = 4713.62487, CLIP_Loss = 1.32766 	
2024-11-02 13:15:55,829 Test-Epoch[17/160]Batch[3]	RMSE = 32.43801, RULscore = 4713.62487, CLIP_Loss = 1.32766 	
2024-11-02 13:15:55,829 Final_Epoch [17]   time cost: 9.21 sec (0.00 h)
2024-11-02 13:15:55,829 Train_RMSE = 23.43505, Train_RULscore = 811713.87119, Train_CLIP_Loss = 1.01289, Test_RMSE = 32.43801, Test_RULscore = 4713.62487, Test_CLIP_Loss = 1.32766, Train_RMSE_cor = 23.43505, Train_RULscore_min = 811713.87119, Test_RMSE_cor = 31.71475, Test_RULscore_min = 4322.46961, Model_ID = 7.00000 	
2024-11-02 13:15:55,835 Checkpoint (model & optimizer) saved to: /home/qchenax/astar/rul_prompt/output/clip/FD004/exp_202411021313_bilstm_clip_ep-0018.pth
2024-11-02 13:15:55,918 Train-Epoch[18/160]Batch[0]	Speed 1649.5 (+2273.3) sample/sec 	RMSE = 22.93094, RULscore = 3391.90097, CLIP_Loss = 0.99348 	
2024-11-02 13:15:57,263 Train-Epoch[18/160]Batch[50]	Speed 4761.0 (+32.3) sample/sec 	RMSE = 23.71094, RULscore = 157842.00131, CLIP_Loss = 1.02095 	
2024-11-02 13:15:58,547 Train-Epoch[18/160]Batch[100]	Speed 4983.3 (+34.9) sample/sec 	RMSE = 22.80958, RULscore = 255302.56761, CLIP_Loss = 1.01922 	
2024-11-02 13:15:59,918 Train-Epoch[18/160]Batch[150]	Speed 4668.8 (+28.6) sample/sec 	RMSE = 22.52066, RULscore = 395022.42259, CLIP_Loss = 1.02076 	
2024-11-02 13:16:01,217 Train-Epoch[18/160]Batch[200]	Speed 4926.4 (+32.8) sample/sec 	RMSE = 23.09331, RULscore = 510198.75258, CLIP_Loss = 1.02055 	
2024-11-02 13:16:02,579 Train-Epoch[18/160]Batch[250]	Speed 4699.7 (+27.9) sample/sec 	RMSE = 23.20896, RULscore = 648268.49659, CLIP_Loss = 1.01679 	
2024-11-02 13:16:03,863 Train-Epoch[18/160]Batch[300]	Speed 4984.5 (+32.6) sample/sec 	RMSE = 23.38599, RULscore = 788987.44346, CLIP_Loss = 1.01584 	
2024-11-02 13:16:04,843 Train-Epoch[18/160]Batch[339]	Speed 4925.0 (+33.2) sample/sec 	RMSE = 23.55631, RULscore = 904431.96395, CLIP_Loss = 1.01335 	
2024-11-02 13:16:04,900 Test-Epoch[18/160]Batch[0]	Speed 1114.5 (+2286.4) sample/sec 	RMSE = 30.45806, RULscore = 948.81371, CLIP_Loss = 1.37158 	
2024-11-02 13:16:04,941 Test-Epoch[18/160]Batch[3]	Speed 5847.0 (+359.6) sample/sec 	RMSE = 30.97915, RULscore = 3936.19723, CLIP_Loss = 1.33056 	
2024-11-02 13:16:04,941 Test-Epoch[18/160]Batch[3]	RMSE = 30.97915, RULscore = 3936.19723, CLIP_Loss = 1.33056 	
2024-11-02 13:16:04,941 Final_Epoch [18]   time cost: 9.11 sec (0.00 h)
2024-11-02 13:16:04,942 Train_RMSE = 23.55631, Train_RULscore = 904431.96395, Train_CLIP_Loss = 1.01335, Test_RMSE = 30.97915, Test_RULscore = 3936.19723, Test_CLIP_Loss = 1.33056, Train_RMSE_cor = 23.43505, Train_RULscore_min = 811713.87119, Test_RMSE_cor = 30.97915, Test_RULscore_min = 3936.19723, Model_ID = 19.00000 	
2024-11-02 13:16:04,947 Checkpoint (model & optimizer) saved to: /home/qchenax/astar/rul_prompt/output/clip/FD004/exp_202411021313_bilstm_clip_ep-0019.pth
2024-11-02 13:16:05,056 Train-Epoch[19/160]Batch[0]	Speed 1246.0 (+1274.6) sample/sec 	RMSE = 18.00260, RULscore = 1396.46983, CLIP_Loss = 0.99644 	
2024-11-02 13:16:06,405 Train-Epoch[19/160]Batch[50]	Speed 4743.7 (+32.4) sample/sec 	RMSE = 23.33393, RULscore = 169305.89519, CLIP_Loss = 1.01601 	
2024-11-02 13:16:07,596 Train-Epoch[19/160]Batch[100]	Speed 5372.3 (+38.0) sample/sec 	RMSE = 23.06174, RULscore = 255900.84983, CLIP_Loss = 1.01793 	
2024-11-02 13:16:08,859 Train-Epoch[19/160]Batch[150]	Speed 5066.4 (+33.9) sample/sec 	RMSE = 23.21166, RULscore = 390342.12226, CLIP_Loss = 1.01699 	
2024-11-02 13:16:10,170 Train-Epoch[19/160]Batch[200]	Speed 4882.7 (+32.1) sample/sec 	RMSE = 23.29733, RULscore = 500209.57664, CLIP_Loss = 1.01955 	
2024-11-02 13:16:11,539 Train-Epoch[19/160]Batch[250]	Speed 4675.8 (+30.9) sample/sec 	RMSE = 23.25005, RULscore = 634179.83774, CLIP_Loss = 1.01582 	
2024-11-02 13:16:12,900 Train-Epoch[19/160]Batch[300]	Speed 4700.7 (+30.1) sample/sec 	RMSE = 23.24891, RULscore = 755966.50541, CLIP_Loss = 1.01425 	
2024-11-02 13:16:13,982 Train-Epoch[19/160]Batch[339]	Speed 4464.8 (+29.3) sample/sec 	RMSE = 23.15221, RULscore = 860371.24775, CLIP_Loss = 1.01192 	
2024-11-02 13:16:14,033 Test-Epoch[19/160]Batch[0]	Speed 1239.0 (+2301.2) sample/sec 	RMSE = 33.08198, RULscore = 1250.62418, CLIP_Loss = 1.37154 	
2024-11-02 13:16:14,073 Test-Epoch[19/160]Batch[3]	Speed 5554.7 (+311.1) sample/sec 	RMSE = 33.69968, RULscore = 5194.77201, CLIP_Loss = 1.33284 	
2024-11-02 13:16:14,074 Test-Epoch[19/160]Batch[3]	RMSE = 33.69968, RULscore = 5194.77201, CLIP_Loss = 1.33284 	
2024-11-02 13:16:14,074 Final_Epoch [19]   time cost: 9.13 sec (0.00 h)
2024-11-02 13:16:14,074 Train_RMSE = 23.15221, Train_RULscore = 860371.24775, Train_CLIP_Loss = 1.01192, Test_RMSE = 33.69968, Test_RULscore = 5194.77201, Test_CLIP_Loss = 1.33284, Train_RMSE_cor = 23.43505, Train_RULscore_min = 811713.87119, Test_RMSE_cor = 30.97915, Test_RULscore_min = 3936.19723, Model_ID = 19.00000 	
2024-11-02 13:16:14,082 Checkpoint (model & optimizer) saved to: /home/qchenax/astar/rul_prompt/output/clip/FD004/exp_202411021313_bilstm_clip_ep-0020.pth
2024-11-02 13:16:14,180 Train-Epoch[20/160]Batch[0]	Speed 1405.2 (+1706.6) sample/sec 	RMSE = 17.83124, RULscore = 1010.52696, CLIP_Loss = 0.99978 	
2024-11-02 13:16:15,510 Train-Epoch[20/160]Batch[50]	Speed 4809.1 (+32.6) sample/sec 	RMSE = 23.63900, RULscore = 166230.21438, CLIP_Loss = 1.01854 	
2024-11-02 13:16:16,783 Train-Epoch[20/160]Batch[100]	Speed 5029.7 (+31.6) sample/sec 	RMSE = 22.50487, RULscore = 248694.52374, CLIP_Loss = 1.02134 	
2024-11-02 13:16:18,009 Train-Epoch[20/160]Batch[150]	Speed 5218.4 (+36.1) sample/sec 	RMSE = 22.86358, RULscore = 359398.35376, CLIP_Loss = 1.02120 	
2024-11-02 13:16:19,284 Train-Epoch[20/160]Batch[200]	Speed 5021.8 (+32.2) sample/sec 	RMSE = 22.92099, RULscore = 480930.62562, CLIP_Loss = 1.02106 	
2024-11-02 13:16:20,532 Train-Epoch[20/160]Batch[250]	Speed 5127.5 (+35.4) sample/sec 	RMSE = 22.98521, RULscore = 590084.63956, CLIP_Loss = 1.01675 	
2024-11-02 13:16:21,768 Train-Epoch[20/160]Batch[300]	Speed 5178.4 (+35.6) sample/sec 	RMSE = 22.97473, RULscore = 695964.74481, CLIP_Loss = 1.01485 	
2024-11-02 13:16:22,731 Train-Epoch[20/160]Batch[339]	Speed 5021.6 (+33.8) sample/sec 	RMSE = 22.87397, RULscore = 789863.66854, CLIP_Loss = 1.01321 	
2024-11-02 13:16:22,782 Test-Epoch[20/160]Batch[0]	Speed 1251.9 (+2839.9) sample/sec 	RMSE = 31.77470, RULscore = 1082.96508, CLIP_Loss = 1.37097 	
2024-11-02 13:16:22,810 Test-Epoch[20/160]Batch[3]	Speed 8462.8 (+743.0) sample/sec 	RMSE = 32.44896, RULscore = 4526.87695, CLIP_Loss = 1.33215 	
2024-11-02 13:16:22,810 Test-Epoch[20/160]Batch[3]	RMSE = 32.44896, RULscore = 4526.87695, CLIP_Loss = 1.33215 	
2024-11-02 13:16:22,810 Final_Epoch [20]   time cost: 8.73 sec (0.00 h)
2024-11-02 13:16:22,810 Train_RMSE = 22.87397, Train_RULscore = 789863.66854, Train_CLIP_Loss = 1.01321, Test_RMSE = 32.44896, Test_RULscore = 4526.87695, Test_CLIP_Loss = 1.33215, Train_RMSE_cor = 22.87397, Train_RULscore_min = 789863.66854, Test_RMSE_cor = 30.97915, Test_RULscore_min = 3936.19723, Model_ID = 19.00000 	
2024-11-02 13:16:22,816 Checkpoint (model & optimizer) saved to: /home/qchenax/astar/rul_prompt/output/clip/FD004/exp_202411021313_bilstm_clip_ep-0021.pth
2024-11-02 13:16:22,917 Train-Epoch[21/160]Batch[0]	Speed 1365.6 (+1303.6) sample/sec 	RMSE = 19.55781, RULscore = 1801.13840, CLIP_Loss = 1.00114 	
2024-11-02 13:16:24,203 Train-Epoch[21/160]Batch[50]	Speed 4975.7 (+34.9) sample/sec 	RMSE = 22.31437, RULscore = 153189.90210, CLIP_Loss = 1.02189 	
2024-11-02 13:16:25,401 Train-Epoch[21/160]Batch[100]	Speed 5340.7 (+38.8) sample/sec 	RMSE = 21.83226, RULscore = 242748.11546, CLIP_Loss = 1.02242 	
2024-11-02 13:16:26,635 Train-Epoch[21/160]Batch[150]	Speed 5186.0 (+37.1) sample/sec 	RMSE = 22.41861, RULscore = 363778.11268, CLIP_Loss = 1.02084 	
2024-11-02 13:16:27,849 Train-Epoch[21/160]Batch[200]	Speed 5271.0 (+37.8) sample/sec 	RMSE = 22.64300, RULscore = 489587.44865, CLIP_Loss = 1.02060 	
2024-11-02 13:16:29,026 Train-Epoch[21/160]Batch[250]	Speed 5439.6 (+38.0) sample/sec 	RMSE = 22.72469, RULscore = 607218.67993, CLIP_Loss = 1.01624 	
2024-11-02 13:16:30,293 Train-Epoch[21/160]Batch[300]	Speed 5053.0 (+32.0) sample/sec 	RMSE = 22.69516, RULscore = 738052.85292, CLIP_Loss = 1.01433 	
2024-11-02 13:16:31,208 Train-Epoch[21/160]Batch[339]	Speed 5315.9 (+38.0) sample/sec 	RMSE = 22.61317, RULscore = 829273.08073, CLIP_Loss = 1.01208 	
2024-11-02 13:16:31,274 Test-Epoch[21/160]Batch[0]	Speed 958.0 (+1929.8) sample/sec 	RMSE = 31.59961, RULscore = 1089.89103, CLIP_Loss = 1.36432 	
2024-11-02 13:16:31,319 Test-Epoch[21/160]Batch[3]	Speed 4749.8 (+245.7) sample/sec 	RMSE = 32.24180, RULscore = 4538.58857, CLIP_Loss = 1.32558 	
2024-11-02 13:16:31,320 Test-Epoch[21/160]Batch[3]	RMSE = 32.24180, RULscore = 4538.58857, CLIP_Loss = 1.32558 	
2024-11-02 13:16:31,320 Final_Epoch [21]   time cost: 8.50 sec (0.00 h)
2024-11-02 13:16:31,320 Train_RMSE = 22.61317, Train_RULscore = 829273.08073, Train_CLIP_Loss = 1.01208, Test_RMSE = 32.24180, Test_RULscore = 4538.58857, Test_CLIP_Loss = 1.32558, Train_RMSE_cor = 22.87397, Train_RULscore_min = 789863.66854, Test_RMSE_cor = 30.97915, Test_RULscore_min = 3936.19723, Model_ID = 19.00000 	
2024-11-02 13:16:31,325 Checkpoint (model & optimizer) saved to: /home/qchenax/astar/rul_prompt/output/clip/FD004/exp_202411021313_bilstm_clip_ep-0022.pth
2024-11-02 13:16:31,430 Train-Epoch[22/160]Batch[0]	Speed 1284.5 (+1222.8) sample/sec 	RMSE = 18.99116, RULscore = 1532.93914, CLIP_Loss = 0.99286 	
2024-11-02 13:16:32,708 Train-Epoch[22/160]Batch[50]	Speed 5007.3 (+36.3) sample/sec 	RMSE = 22.53717, RULscore = 129269.56284, CLIP_Loss = 1.01580 	
2024-11-02 13:16:33,923 Train-Epoch[22/160]Batch[100]	Speed 5269.5 (+37.2) sample/sec 	RMSE = 22.25527, RULscore = 213884.84256, CLIP_Loss = 1.01725 	
2024-11-02 13:16:35,187 Train-Epoch[22/160]Batch[150]	Speed 5063.6 (+34.1) sample/sec 	RMSE = 22.66944, RULscore = 323809.15537, CLIP_Loss = 1.01637 	
2024-11-02 13:16:36,537 Train-Epoch[22/160]Batch[200]	Speed 4742.5 (+31.2) sample/sec 	RMSE = 22.71114, RULscore = 438564.08701, CLIP_Loss = 1.01796 	
2024-11-02 13:16:37,745 Train-Epoch[22/160]Batch[250]	Speed 5297.2 (+35.0) sample/sec 	RMSE = 22.62175, RULscore = 547843.87606, CLIP_Loss = 1.01372 	
2024-11-02 13:16:38,997 Train-Epoch[22/160]Batch[300]	Speed 5110.3 (+34.2) sample/sec 	RMSE = 22.66000, RULscore = 658375.07717, CLIP_Loss = 1.01167 	
2024-11-02 13:16:39,923 Train-Epoch[22/160]Batch[339]	Speed 5201.4 (+36.8) sample/sec 	RMSE = 22.59435, RULscore = 759988.24875, CLIP_Loss = 1.01053 	
2024-11-02 13:16:39,975 Test-Epoch[22/160]Batch[0]	Speed 1222.0 (+2941.1) sample/sec 	RMSE = 31.13174, RULscore = 1027.98240, CLIP_Loss = 1.36834 	
2024-11-02 13:16:40,013 Test-Epoch[22/160]Batch[3]	Speed 6263.9 (+374.6) sample/sec 	RMSE = 31.58140, RULscore = 4249.25539, CLIP_Loss = 1.32634 	
2024-11-02 13:16:40,013 Test-Epoch[22/160]Batch[3]	RMSE = 31.58140, RULscore = 4249.25539, CLIP_Loss = 1.32634 	
2024-11-02 13:16:40,014 Final_Epoch [22]   time cost: 8.69 sec (0.00 h)
2024-11-02 13:16:40,014 Train_RMSE = 22.59435, Train_RULscore = 759988.24875, Train_CLIP_Loss = 1.01053, Test_RMSE = 31.58140, Test_RULscore = 4249.25539, Test_CLIP_Loss = 1.32634, Train_RMSE_cor = 22.59435, Train_RULscore_min = 759988.24875, Test_RMSE_cor = 30.97915, Test_RULscore_min = 3936.19723, Model_ID = 19.00000 	
2024-11-02 13:16:40,023 Checkpoint (model & optimizer) saved to: /home/qchenax/astar/rul_prompt/output/clip/FD004/exp_202411021313_bilstm_clip_ep-0023.pth
2024-11-02 13:16:40,124 Train-Epoch[23/160]Batch[0]	Speed 1342.8 (+1623.5) sample/sec 	RMSE = 18.22665, RULscore = 1320.06717, CLIP_Loss = 0.99253 	
2024-11-02 13:16:41,465 Train-Epoch[23/160]Batch[50]	Speed 4775.7 (+31.3) sample/sec 	RMSE = 22.53506, RULscore = 144381.28442, CLIP_Loss = 1.01762 	
2024-11-02 13:16:42,671 Train-Epoch[23/160]Batch[100]	Speed 5305.2 (+37.5) sample/sec 	RMSE = 22.13853, RULscore = 240210.30247, CLIP_Loss = 1.01638 	
2024-11-02 13:16:43,996 Train-Epoch[23/160]Batch[150]	Speed 4830.6 (+31.8) sample/sec 	RMSE = 22.10194, RULscore = 369161.82246, CLIP_Loss = 1.01812 	
2024-11-02 13:16:45,158 Train-Epoch[23/160]Batch[200]	Speed 5506.9 (+39.0) sample/sec 	RMSE = 22.82453, RULscore = 488614.71535, CLIP_Loss = 1.01802 	
2024-11-02 13:16:46,438 Train-Epoch[23/160]Batch[250]	Speed 5000.7 (+32.7) sample/sec 	RMSE = 22.92854, RULscore = 610982.20932, CLIP_Loss = 1.01432 	
2024-11-02 13:16:47,610 Train-Epoch[23/160]Batch[300]	Speed 5460.1 (+38.4) sample/sec 	RMSE = 23.01715, RULscore = 751497.77588, CLIP_Loss = 1.01354 	
2024-11-02 13:16:48,625 Train-Epoch[23/160]Batch[339]	Speed 4733.9 (+31.7) sample/sec 	RMSE = 23.04694, RULscore = 860506.98212, CLIP_Loss = 1.01106 	
2024-11-02 13:16:48,682 Test-Epoch[23/160]Batch[0]	Speed 1117.3 (+3075.4) sample/sec 	RMSE = 30.28571, RULscore = 935.88484, CLIP_Loss = 1.36352 	
2024-11-02 13:16:48,724 Test-Epoch[23/160]Batch[3]	Speed 5282.5 (+284.9) sample/sec 	RMSE = 30.80348, RULscore = 3855.51746, CLIP_Loss = 1.32528 	
2024-11-02 13:16:48,724 Test-Epoch[23/160]Batch[3]	RMSE = 30.80348, RULscore = 3855.51746, CLIP_Loss = 1.32528 	
2024-11-02 13:16:48,724 Final_Epoch [23]   time cost: 8.70 sec (0.00 h)
2024-11-02 13:16:48,724 Train_RMSE = 23.04694, Train_RULscore = 860506.98212, Train_CLIP_Loss = 1.01106, Test_RMSE = 30.80348, Test_RULscore = 3855.51746, Test_CLIP_Loss = 1.32528, Train_RMSE_cor = 22.59435, Train_RULscore_min = 759988.24875, Test_RMSE_cor = 30.80348, Test_RULscore_min = 3855.51746, Model_ID = 24.00000 	
2024-11-02 13:16:48,730 Checkpoint (model & optimizer) saved to: /home/qchenax/astar/rul_prompt/output/clip/FD004/exp_202411021313_bilstm_clip_ep-0024.pth
2024-11-02 13:16:48,828 Train-Epoch[24/160]Batch[0]	Speed 1389.4 (+2004.6) sample/sec 	RMSE = 21.27168, RULscore = 1885.28752, CLIP_Loss = 0.99609 	
2024-11-02 13:16:49,955 Train-Epoch[24/160]Batch[50]	Speed 5680.4 (+44.7) sample/sec 	RMSE = 22.58433, RULscore = 158455.98548, CLIP_Loss = 1.01374 	
2024-11-02 13:16:51,201 Train-Epoch[24/160]Batch[100]	Speed 5133.5 (+34.5) sample/sec 	RMSE = 21.90974, RULscore = 235625.38215, CLIP_Loss = 1.01596 	
2024-11-02 13:16:52,456 Train-Epoch[24/160]Batch[150]	Speed 5099.8 (+35.2) sample/sec 	RMSE = 21.90224, RULscore = 359846.63481, CLIP_Loss = 1.01483 	
2024-11-02 13:16:53,641 Train-Epoch[24/160]Batch[200]	Speed 5403.2 (+37.5) sample/sec 	RMSE = 22.10493, RULscore = 466377.32915, CLIP_Loss = 1.01730 	
2024-11-02 13:16:54,887 Train-Epoch[24/160]Batch[250]	Speed 5135.4 (+34.6) sample/sec 	RMSE = 22.25929, RULscore = 585420.92687, CLIP_Loss = 1.01354 	
2024-11-02 13:16:56,103 Train-Epoch[24/160]Batch[300]	Speed 5265.2 (+38.1) sample/sec 	RMSE = 22.45366, RULscore = 710161.72951, CLIP_Loss = 1.01227 	
2024-11-02 13:16:57,078 Train-Epoch[24/160]Batch[339]	Speed 4927.3 (+33.4) sample/sec 	RMSE = 22.34403, RULscore = 812854.55159, CLIP_Loss = 1.00993 	
2024-11-02 13:16:57,124 Test-Epoch[24/160]Batch[0]	Speed 1368.6 (+3430.2) sample/sec 	RMSE = 32.09831, RULscore = 1135.59494, CLIP_Loss = 1.36458 	
2024-11-02 13:16:57,158 Test-Epoch[24/160]Batch[3]	Speed 6758.7 (+547.1) sample/sec 	RMSE = 32.72741, RULscore = 4729.27517, CLIP_Loss = 1.32637 	
2024-11-02 13:16:57,158 Test-Epoch[24/160]Batch[3]	RMSE = 32.72741, RULscore = 4729.27517, CLIP_Loss = 1.32637 	
2024-11-02 13:16:57,158 Final_Epoch [24]   time cost: 8.43 sec (0.00 h)
2024-11-02 13:16:57,158 Train_RMSE = 22.34403, Train_RULscore = 812854.55159, Train_CLIP_Loss = 1.00993, Test_RMSE = 32.72741, Test_RULscore = 4729.27517, Test_CLIP_Loss = 1.32637, Train_RMSE_cor = 22.59435, Train_RULscore_min = 759988.24875, Test_RMSE_cor = 30.80348, Test_RULscore_min = 3855.51746, Model_ID = 24.00000 	
2024-11-02 13:16:57,164 Checkpoint (model & optimizer) saved to: /home/qchenax/astar/rul_prompt/output/clip/FD004/exp_202411021313_bilstm_clip_ep-0025.pth
2024-11-02 13:16:57,276 Train-Epoch[25/160]Batch[0]	Speed 1220.8 (+1513.5) sample/sec 	RMSE = 17.42192, RULscore = 1035.78908, CLIP_Loss = 0.99303 	
2024-11-02 13:16:58,616 Train-Epoch[25/160]Batch[50]	Speed 4772.9 (+31.7) sample/sec 	RMSE = 22.81572, RULscore = 170694.23731, CLIP_Loss = 1.01616 	
2024-11-02 13:16:59,850 Train-Epoch[25/160]Batch[100]	Speed 5187.2 (+34.5) sample/sec 	RMSE = 22.86226, RULscore = 254666.31731, CLIP_Loss = 1.01922 	
2024-11-02 13:17:01,160 Train-Epoch[25/160]Batch[150]	Speed 4885.5 (+30.9) sample/sec 	RMSE = 23.10746, RULscore = 360668.56079, CLIP_Loss = 1.01912 	
2024-11-02 13:17:02,403 Train-Epoch[25/160]Batch[200]	Speed 5150.9 (+34.9) sample/sec 	RMSE = 23.07570, RULscore = 482359.43678, CLIP_Loss = 1.01905 	
2024-11-02 13:17:03,538 Train-Epoch[25/160]Batch[250]	Speed 5639.6 (+40.8) sample/sec 	RMSE = 23.08717, RULscore = 594421.09555, CLIP_Loss = 1.01478 	
2024-11-02 13:17:04,911 Train-Epoch[25/160]Batch[300]	Speed 4659.5 (+28.9) sample/sec 	RMSE = 23.12572, RULscore = 706708.77229, CLIP_Loss = 1.01281 	
2024-11-02 13:17:05,900 Train-Epoch[25/160]Batch[339]	Speed 4908.6 (+32.6) sample/sec 	RMSE = 22.86275, RULscore = 796147.92738, CLIP_Loss = 1.01105 	
2024-11-02 13:17:05,957 Test-Epoch[25/160]Batch[0]	Speed 1108.7 (+3009.9) sample/sec 	RMSE = 32.52611, RULscore = 1162.97573, CLIP_Loss = 1.37261 	
2024-11-02 13:17:05,989 Test-Epoch[25/160]Batch[3]	Speed 7215.1 (+523.2) sample/sec 	RMSE = 33.17710, RULscore = 4815.50067, CLIP_Loss = 1.33521 	
2024-11-02 13:17:05,989 Test-Epoch[25/160]Batch[3]	RMSE = 33.17710, RULscore = 4815.50067, CLIP_Loss = 1.33521 	
2024-11-02 13:17:05,989 Final_Epoch [25]   time cost: 8.82 sec (0.00 h)
2024-11-02 13:17:05,989 Train_RMSE = 22.86275, Train_RULscore = 796147.92738, Train_CLIP_Loss = 1.01105, Test_RMSE = 33.17710, Test_RULscore = 4815.50067, Test_CLIP_Loss = 1.33521, Train_RMSE_cor = 22.59435, Train_RULscore_min = 759988.24875, Test_RMSE_cor = 30.80348, Test_RULscore_min = 3855.51746, Model_ID = 24.00000 	
2024-11-02 13:17:05,995 Checkpoint (model & optimizer) saved to: /home/qchenax/astar/rul_prompt/output/clip/FD004/exp_202411021313_bilstm_clip_ep-0026.pth
2024-11-02 13:17:06,083 Train-Epoch[26/160]Batch[0]	Speed 1563.6 (+1757.2) sample/sec 	RMSE = 21.01562, RULscore = 3103.91859, CLIP_Loss = 1.00293 	
2024-11-02 13:17:07,363 Train-Epoch[26/160]Batch[50]	Speed 5000.8 (+35.3) sample/sec 	RMSE = 21.15852, RULscore = 135799.19440, CLIP_Loss = 1.02013 	
2024-11-02 13:17:08,686 Train-Epoch[26/160]Batch[100]	Speed 4837.4 (+30.7) sample/sec 	RMSE = 20.68701, RULscore = 219451.22528, CLIP_Loss = 1.02031 	
2024-11-02 13:17:09,891 Train-Epoch[26/160]Batch[150]	Speed 5310.0 (+37.1) sample/sec 	RMSE = 21.81120, RULscore = 346582.42383, CLIP_Loss = 1.01907 	
2024-11-02 13:17:11,179 Train-Epoch[26/160]Batch[200]	Speed 4967.5 (+32.5) sample/sec 	RMSE = 22.06600, RULscore = 471507.53585, CLIP_Loss = 1.01894 	
2024-11-02 13:17:12,462 Train-Epoch[26/160]Batch[250]	Speed 4989.5 (+32.3) sample/sec 	RMSE = 22.08415, RULscore = 585240.55943, CLIP_Loss = 1.01457 	
2024-11-02 13:17:13,788 Train-Epoch[26/160]Batch[300]	Speed 4827.5 (+31.8) sample/sec 	RMSE = 22.15155, RULscore = 713418.44400, CLIP_Loss = 1.01273 	
2024-11-02 13:17:14,811 Train-Epoch[26/160]Batch[339]	Speed 4703.5 (+32.9) sample/sec 	RMSE = 22.02646, RULscore = 796851.25192, CLIP_Loss = 1.01049 	
2024-11-02 13:17:14,873 Test-Epoch[26/160]Batch[0]	Speed 1012.9 (+1852.4) sample/sec 	RMSE = 33.07600, RULscore = 1291.96797, CLIP_Loss = 1.36124 	
2024-11-02 13:17:14,910 Test-Epoch[26/160]Batch[3]	Speed 6324.0 (+483.7) sample/sec 	RMSE = 33.68057, RULscore = 5290.46338, CLIP_Loss = 1.32421 	
2024-11-02 13:17:14,911 Test-Epoch[26/160]Batch[3]	RMSE = 33.68057, RULscore = 5290.46338, CLIP_Loss = 1.32421 	
2024-11-02 13:17:14,911 Final_Epoch [26]   time cost: 8.92 sec (0.00 h)
2024-11-02 13:17:14,911 Train_RMSE = 22.02646, Train_RULscore = 796851.25192, Train_CLIP_Loss = 1.01049, Test_RMSE = 33.68057, Test_RULscore = 5290.46338, Test_CLIP_Loss = 1.32421, Train_RMSE_cor = 22.59435, Train_RULscore_min = 759988.24875, Test_RMSE_cor = 30.80348, Test_RULscore_min = 3855.51746, Model_ID = 24.00000 	
2024-11-02 13:17:14,916 Checkpoint (model & optimizer) saved to: /home/qchenax/astar/rul_prompt/output/clip/FD004/exp_202411021313_bilstm_clip_ep-0027.pth
2024-11-02 13:17:15,037 Train-Epoch[27/160]Batch[0]	Speed 1120.4 (+972.9) sample/sec 	RMSE = 21.99698, RULscore = 2687.20639, CLIP_Loss = 0.99327 	
2024-11-02 13:17:16,430 Train-Epoch[27/160]Batch[50]	Speed 4595.1 (+34.9) sample/sec 	RMSE = 22.24076, RULscore = 114953.55186, CLIP_Loss = 1.01369 	
2024-11-02 13:17:17,669 Train-Epoch[27/160]Batch[100]	Speed 5164.0 (+36.1) sample/sec 	RMSE = 22.52565, RULscore = 208023.38763, CLIP_Loss = 1.01529 	
2024-11-02 13:17:18,964 Train-Epoch[27/160]Batch[150]	Speed 4940.6 (+30.2) sample/sec 	RMSE = 22.57565, RULscore = 324025.02683, CLIP_Loss = 1.01459 	
2024-11-02 13:17:20,435 Train-Epoch[27/160]Batch[200]	Speed 4353.2 (+24.7) sample/sec 	RMSE = 22.44301, RULscore = 433944.48970, CLIP_Loss = 1.01644 	
2024-11-02 13:17:21,719 Train-Epoch[27/160]Batch[250]	Speed 4983.2 (+31.8) sample/sec 	RMSE = 22.27997, RULscore = 548205.37788, CLIP_Loss = 1.01228 	
2024-11-02 13:17:22,886 Train-Epoch[27/160]Batch[300]	Speed 5486.2 (+38.6) sample/sec 	RMSE = 22.48239, RULscore = 658472.35078, CLIP_Loss = 1.01032 	
2024-11-02 13:17:23,835 Train-Epoch[27/160]Batch[339]	Speed 5086.9 (+35.7) sample/sec 	RMSE = 22.41999, RULscore = 748191.03331, CLIP_Loss = 1.00909 	
2024-11-02 13:17:23,885 Test-Epoch[27/160]Batch[0]	Speed 1281.0 (+2208.1) sample/sec 	RMSE = 31.06799, RULscore = 1016.70602, CLIP_Loss = 1.36526 	
2024-11-02 13:17:23,936 Test-Epoch[27/160]Batch[3]	Speed 4149.2 (+254.3) sample/sec 	RMSE = 31.60202, RULscore = 4175.38094, CLIP_Loss = 1.32762 	
2024-11-02 13:17:23,936 Test-Epoch[27/160]Batch[3]	RMSE = 31.60202, RULscore = 4175.38094, CLIP_Loss = 1.32762 	
2024-11-02 13:17:23,936 Final_Epoch [27]   time cost: 9.02 sec (0.00 h)
2024-11-02 13:17:23,937 Train_RMSE = 22.41999, Train_RULscore = 748191.03331, Train_CLIP_Loss = 1.00909, Test_RMSE = 31.60202, Test_RULscore = 4175.38094, Test_CLIP_Loss = 1.32762, Train_RMSE_cor = 22.41999, Train_RULscore_min = 748191.03331, Test_RMSE_cor = 30.80348, Test_RULscore_min = 3855.51746, Model_ID = 24.00000 	
2024-11-02 13:17:23,946 Checkpoint (model & optimizer) saved to: /home/qchenax/astar/rul_prompt/output/clip/FD004/exp_202411021313_bilstm_clip_ep-0028.pth
2024-11-02 13:17:24,043 Train-Epoch[28/160]Batch[0]	Speed 1407.6 (+1418.0) sample/sec 	RMSE = 17.84744, RULscore = 1362.58217, CLIP_Loss = 0.99238 	
2024-11-02 13:17:25,262 Train-Epoch[28/160]Batch[50]	Speed 5247.7 (+39.2) sample/sec 	RMSE = 21.90955, RULscore = 154997.73992, CLIP_Loss = 1.01711 	
2024-11-02 13:17:26,502 Train-Epoch[28/160]Batch[100]	Speed 5162.0 (+33.4) sample/sec 	RMSE = 21.00932, RULscore = 243842.97788, CLIP_Loss = 1.01569 	
2024-11-02 13:17:27,904 Train-Epoch[28/160]Batch[150]	Speed 4564.8 (+34.1) sample/sec 	RMSE = 20.99668, RULscore = 375285.15016, CLIP_Loss = 1.01713 	
2024-11-02 13:17:29,186 Train-Epoch[28/160]Batch[200]	Speed 4991.5 (+35.3) sample/sec 	RMSE = 21.69668, RULscore = 493994.72293, CLIP_Loss = 1.01717 	
2024-11-02 13:17:30,377 Train-Epoch[28/160]Batch[250]	Speed 5375.1 (+37.6) sample/sec 	RMSE = 21.91950, RULscore = 614948.64209, CLIP_Loss = 1.01327 	
2024-11-02 13:17:31,651 Train-Epoch[28/160]Batch[300]	Speed 5024.2 (+34.2) sample/sec 	RMSE = 22.03605, RULscore = 735170.96966, CLIP_Loss = 1.01230 	
2024-11-02 13:17:32,587 Train-Epoch[28/160]Batch[339]	Speed 5143.5 (+35.5) sample/sec 	RMSE = 22.10671, RULscore = 850630.56982, CLIP_Loss = 1.00974 	
2024-11-02 13:17:32,642 Test-Epoch[28/160]Batch[0]	Speed 1152.9 (+2024.8) sample/sec 	RMSE = 31.40302, RULscore = 1060.81072, CLIP_Loss = 1.36140 	
2024-11-02 13:17:32,691 Test-Epoch[28/160]Batch[3]	Speed 4333.1 (+255.3) sample/sec 	RMSE = 31.93504, RULscore = 4319.29965, CLIP_Loss = 1.32672 	
2024-11-02 13:17:32,692 Test-Epoch[28/160]Batch[3]	RMSE = 31.93504, RULscore = 4319.29965, CLIP_Loss = 1.32672 	
2024-11-02 13:17:32,692 Final_Epoch [28]   time cost: 8.75 sec (0.00 h)
2024-11-02 13:17:32,692 Train_RMSE = 22.10671, Train_RULscore = 850630.56982, Train_CLIP_Loss = 1.00974, Test_RMSE = 31.93504, Test_RULscore = 4319.29965, Test_CLIP_Loss = 1.32672, Train_RMSE_cor = 22.41999, Train_RULscore_min = 748191.03331, Test_RMSE_cor = 30.80348, Test_RULscore_min = 3855.51746, Model_ID = 24.00000 	
2024-11-02 13:17:32,697 Checkpoint (model & optimizer) saved to: /home/qchenax/astar/rul_prompt/output/clip/FD004/exp_202411021313_bilstm_clip_ep-0029.pth
2024-11-02 13:17:32,792 Train-Epoch[29/160]Batch[0]	Speed 1436.1 (+2117.2) sample/sec 	RMSE = 19.23031, RULscore = 1246.43765, CLIP_Loss = 0.99587 	
2024-11-02 13:17:34,017 Train-Epoch[29/160]Batch[50]	Speed 5224.9 (+39.2) sample/sec 	RMSE = 22.78782, RULscore = 165811.97787, CLIP_Loss = 1.01322 	
2024-11-02 13:17:35,143 Train-Epoch[29/160]Batch[100]	Speed 5684.0 (+41.7) sample/sec 	RMSE = 21.74459, RULscore = 250090.49153, CLIP_Loss = 1.01472 	
2024-11-02 13:17:36,331 Train-Epoch[29/160]Batch[150]	Speed 5389.5 (+40.2) sample/sec 	RMSE = 21.89080, RULscore = 372565.33021, CLIP_Loss = 1.01386 	
2024-11-02 13:17:37,584 Train-Epoch[29/160]Batch[200]	Speed 5106.8 (+34.5) sample/sec 	RMSE = 21.90618, RULscore = 472105.15178, CLIP_Loss = 1.01641 	
2024-11-02 13:17:38,868 Train-Epoch[29/160]Batch[250]	Speed 4984.0 (+32.8) sample/sec 	RMSE = 21.83446, RULscore = 588472.89425, CLIP_Loss = 1.01255 	
2024-11-02 13:17:40,116 Train-Epoch[29/160]Batch[300]	Speed 5130.0 (+34.3) sample/sec 	RMSE = 21.82415, RULscore = 700489.62306, CLIP_Loss = 1.01103 	
2024-11-02 13:17:41,087 Train-Epoch[29/160]Batch[339]	Speed 4978.1 (+33.8) sample/sec 	RMSE = 21.74708, RULscore = 795457.41597, CLIP_Loss = 1.00865 	
2024-11-02 13:17:41,142 Test-Epoch[29/160]Batch[0]	Speed 1138.6 (+2286.4) sample/sec 	RMSE = 32.32357, RULscore = 1178.34665, CLIP_Loss = 1.36129 	
2024-11-02 13:17:41,183 Test-Epoch[29/160]Batch[3]	Speed 5434.1 (+334.1) sample/sec 	RMSE = 32.94037, RULscore = 4824.43104, CLIP_Loss = 1.32557 	
2024-11-02 13:17:41,183 Test-Epoch[29/160]Batch[3]	RMSE = 32.94037, RULscore = 4824.43104, CLIP_Loss = 1.32557 	
2024-11-02 13:17:41,183 Final_Epoch [29]   time cost: 8.49 sec (0.00 h)
2024-11-02 13:17:41,183 Train_RMSE = 21.74708, Train_RULscore = 795457.41597, Train_CLIP_Loss = 1.00865, Test_RMSE = 32.94037, Test_RULscore = 4824.43104, Test_CLIP_Loss = 1.32557, Train_RMSE_cor = 22.41999, Train_RULscore_min = 748191.03331, Test_RMSE_cor = 30.80348, Test_RULscore_min = 3855.51746, Model_ID = 24.00000 	
2024-11-02 13:17:41,189 Checkpoint (model & optimizer) saved to: /home/qchenax/astar/rul_prompt/output/clip/FD004/exp_202411021313_bilstm_clip_ep-0030.pth
2024-11-02 13:17:41,284 Train-Epoch[30/160]Batch[0]	Speed 1437.2 (+2530.5) sample/sec 	RMSE = 17.57062, RULscore = 893.52945, CLIP_Loss = 0.98984 	
2024-11-02 13:17:42,501 Train-Epoch[30/160]Batch[50]	Speed 5260.9 (+36.5) sample/sec 	RMSE = 22.31149, RULscore = 159631.11987, CLIP_Loss = 1.01468 	
2024-11-02 13:17:43,672 Train-Epoch[30/160]Batch[100]	Speed 5462.6 (+40.9) sample/sec 	RMSE = 21.10214, RULscore = 229937.54055, CLIP_Loss = 1.01708 	
2024-11-02 13:17:44,940 Train-Epoch[30/160]Batch[150]	Speed 5050.8 (+34.8) sample/sec 	RMSE = 21.55479, RULscore = 337736.84920, CLIP_Loss = 1.01757 	
2024-11-02 13:17:46,276 Train-Epoch[30/160]Batch[200]	Speed 4790.4 (+30.2) sample/sec 	RMSE = 21.63064, RULscore = 455109.01479, CLIP_Loss = 1.01755 	
2024-11-02 13:17:47,491 Train-Epoch[30/160]Batch[250]	Speed 5264.4 (+36.9) sample/sec 	RMSE = 21.85440, RULscore = 555873.34111, CLIP_Loss = 1.01334 	
2024-11-02 13:17:48,752 Train-Epoch[30/160]Batch[300]	Speed 5075.6 (+34.1) sample/sec 	RMSE = 21.95760, RULscore = 652850.94703, CLIP_Loss = 1.01134 	
2024-11-02 13:17:49,822 Train-Epoch[30/160]Batch[339]	Speed 4508.3 (+29.7) sample/sec 	RMSE = 21.79065, RULscore = 731058.45672, CLIP_Loss = 1.00962 	
2024-11-02 13:17:49,876 Test-Epoch[30/160]Batch[0]	Speed 1173.5 (+2621.0) sample/sec 	RMSE = 31.52536, RULscore = 1065.23349, CLIP_Loss = 1.36221 	
2024-11-02 13:17:49,906 Test-Epoch[30/160]Batch[3]	Speed 7973.3 (+732.3) sample/sec 	RMSE = 32.18941, RULscore = 4411.54206, CLIP_Loss = 1.32657 	
2024-11-02 13:17:49,906 Test-Epoch[30/160]Batch[3]	RMSE = 32.18941, RULscore = 4411.54206, CLIP_Loss = 1.32657 	
2024-11-02 13:17:49,906 Final_Epoch [30]   time cost: 8.72 sec (0.00 h)
2024-11-02 13:17:49,906 Train_RMSE = 21.79065, Train_RULscore = 731058.45672, Train_CLIP_Loss = 1.00962, Test_RMSE = 32.18941, Test_RULscore = 4411.54206, Test_CLIP_Loss = 1.32657, Train_RMSE_cor = 21.79065, Train_RULscore_min = 731058.45672, Test_RMSE_cor = 30.80348, Test_RULscore_min = 3855.51746, Model_ID = 24.00000 	
2024-11-02 13:17:49,912 Checkpoint (model & optimizer) saved to: /home/qchenax/astar/rul_prompt/output/clip/FD004/exp_202411021313_bilstm_clip_ep-0031.pth
2024-11-02 13:17:50,027 Train-Epoch[31/160]Batch[0]	Speed 1179.8 (+979.0) sample/sec 	RMSE = 21.49600, RULscore = 2805.48240, CLIP_Loss = 0.99999 	
2024-11-02 13:17:51,328 Train-Epoch[31/160]Batch[50]	Speed 4917.0 (+34.5) sample/sec 	RMSE = 21.14128, RULscore = 141487.55889, CLIP_Loss = 1.01774 	
2024-11-02 13:17:52,690 Train-Epoch[31/160]Batch[100]	Speed 4699.5 (+29.2) sample/sec 	RMSE = 20.71013, RULscore = 227142.93564, CLIP_Loss = 1.01858 	
2024-11-02 13:17:53,921 Train-Epoch[31/160]Batch[150]	Speed 5200.7 (+35.5) sample/sec 	RMSE = 21.32911, RULscore = 344668.59986, CLIP_Loss = 1.01748 	
2024-11-02 13:17:55,103 Train-Epoch[31/160]Batch[200]	Speed 5416.1 (+39.0) sample/sec 	RMSE = 21.72669, RULscore = 465792.05652, CLIP_Loss = 1.01747 	
2024-11-02 13:17:56,303 Train-Epoch[31/160]Batch[250]	Speed 5330.1 (+36.3) sample/sec 	RMSE = 21.97772, RULscore = 587298.16840, CLIP_Loss = 1.01321 	
2024-11-02 13:17:57,610 Train-Epoch[31/160]Batch[300]	Speed 4899.8 (+31.4) sample/sec 	RMSE = 21.95688, RULscore = 722045.25988, CLIP_Loss = 1.01088 	
2024-11-02 13:17:58,686 Train-Epoch[31/160]Batch[339]	Speed 4508.5 (+27.7) sample/sec 	RMSE = 21.63680, RULscore = 791807.64490, CLIP_Loss = 1.00788 	
2024-11-02 13:17:58,740 Test-Epoch[31/160]Batch[0]	Speed 1186.1 (+3440.7) sample/sec 	RMSE = 29.78542, RULscore = 933.03154, CLIP_Loss = 1.33909 	
2024-11-02 13:17:58,775 Test-Epoch[31/160]Batch[3]	Speed 6787.9 (+471.4) sample/sec 	RMSE = 30.92060, RULscore = 4052.13339, CLIP_Loss = 1.30411 	
2024-11-02 13:17:58,775 Test-Epoch[31/160]Batch[3]	RMSE = 30.92060, RULscore = 4052.13339, CLIP_Loss = 1.30411 	
2024-11-02 13:17:58,775 Final_Epoch [31]   time cost: 8.86 sec (0.00 h)
2024-11-02 13:17:58,775 Train_RMSE = 21.63680, Train_RULscore = 791807.64490, Train_CLIP_Loss = 1.00788, Test_RMSE = 30.92060, Test_RULscore = 4052.13339, Test_CLIP_Loss = 1.30411, Train_RMSE_cor = 21.79065, Train_RULscore_min = 731058.45672, Test_RMSE_cor = 30.80348, Test_RULscore_min = 3855.51746, Model_ID = 24.00000 	
2024-11-02 13:17:58,781 Checkpoint (model & optimizer) saved to: /home/qchenax/astar/rul_prompt/output/clip/FD004/exp_202411021313_bilstm_clip_ep-0032.pth
2024-11-02 13:17:58,879 Train-Epoch[32/160]Batch[0]	Speed 1419.6 (+1729.3) sample/sec 	RMSE = 18.02797, RULscore = 1276.26480, CLIP_Loss = 0.98145 	
2024-11-02 13:18:00,228 Train-Epoch[32/160]Batch[50]	Speed 4741.6 (+35.9) sample/sec 	RMSE = 20.53483, RULscore = 114777.87756, CLIP_Loss = 1.00553 	
2024-11-02 13:18:01,631 Train-Epoch[32/160]Batch[100]	Speed 4561.7 (+30.8) sample/sec 	RMSE = 19.98082, RULscore = 180143.87692, CLIP_Loss = 1.00640 	
2024-11-02 13:18:02,925 Train-Epoch[32/160]Batch[150]	Speed 4947.1 (+32.0) sample/sec 	RMSE = 20.02175, RULscore = 274255.48872, CLIP_Loss = 1.00531 	
2024-11-02 13:18:04,182 Train-Epoch[32/160]Batch[200]	Speed 5092.4 (+32.6) sample/sec 	RMSE = 19.99656, RULscore = 374548.21175, CLIP_Loss = 1.00687 	
2024-11-02 13:18:05,429 Train-Epoch[32/160]Batch[250]	Speed 5129.6 (+33.6) sample/sec 	RMSE = 19.98710, RULscore = 480988.71184, CLIP_Loss = 1.00244 	
2024-11-02 13:18:06,689 Train-Epoch[32/160]Batch[300]	Speed 5082.9 (+33.3) sample/sec 	RMSE = 20.20209, RULscore = 580431.85263, CLIP_Loss = 1.00041 	
2024-11-02 13:18:07,681 Train-Epoch[32/160]Batch[339]	Speed 4866.9 (+33.2) sample/sec 	RMSE = 20.07545, RULscore = 652531.91465, CLIP_Loss = 0.99881 	
2024-11-02 13:18:07,734 Test-Epoch[32/160]Batch[0]	Speed 1202.2 (+2213.5) sample/sec 	RMSE = 32.87185, RULscore = 1363.18494, CLIP_Loss = 1.34054 	
2024-11-02 13:18:07,773 Test-Epoch[32/160]Batch[3]	Speed 6100.5 (+558.5) sample/sec 	RMSE = 33.98377, RULscore = 5888.79582, CLIP_Loss = 1.30488 	
2024-11-02 13:18:07,773 Test-Epoch[32/160]Batch[3]	RMSE = 33.98377, RULscore = 5888.79582, CLIP_Loss = 1.30488 	
2024-11-02 13:18:07,773 Final_Epoch [32]   time cost: 8.99 sec (0.00 h)
2024-11-02 13:18:07,773 Train_RMSE = 20.07545, Train_RULscore = 652531.91465, Train_CLIP_Loss = 0.99881, Test_RMSE = 33.98377, Test_RULscore = 5888.79582, Test_CLIP_Loss = 1.30488, Train_RMSE_cor = 20.07545, Train_RULscore_min = 652531.91465, Test_RMSE_cor = 30.80348, Test_RULscore_min = 3855.51746, Model_ID = 24.00000 	
2024-11-02 13:18:07,784 Checkpoint (model & optimizer) saved to: /home/qchenax/astar/rul_prompt/output/clip/FD004/exp_202411021313_bilstm_clip_ep-0033.pth
2024-11-02 13:18:07,894 Train-Epoch[33/160]Batch[0]	Speed 1239.0 (+1083.8) sample/sec 	RMSE = 17.92061, RULscore = 1307.06508, CLIP_Loss = 0.97950 	
2024-11-02 13:18:09,295 Train-Epoch[33/160]Batch[50]	Speed 4568.7 (+29.6) sample/sec 	RMSE = 20.49037, RULscore = 130453.91642, CLIP_Loss = 1.00562 	
2024-11-02 13:18:10,538 Train-Epoch[33/160]Batch[100]	Speed 5149.5 (+35.1) sample/sec 	RMSE = 19.67338, RULscore = 199990.86994, CLIP_Loss = 1.00310 	
2024-11-02 13:18:11,773 Train-Epoch[33/160]Batch[150]	Speed 5180.9 (+34.8) sample/sec 	RMSE = 19.52338, RULscore = 307760.59057, CLIP_Loss = 1.00566 	
2024-11-02 13:18:12,947 Train-Epoch[33/160]Batch[200]	Speed 5450.0 (+39.5) sample/sec 	RMSE = 19.67926, RULscore = 399411.47190, CLIP_Loss = 1.00561 	
2024-11-02 13:18:14,168 Train-Epoch[33/160]Batch[250]	Speed 5244.3 (+35.1) sample/sec 	RMSE = 19.66261, RULscore = 517740.72596, CLIP_Loss = 1.00150 	
2024-11-02 13:18:15,425 Train-Epoch[33/160]Batch[300]	Speed 5090.0 (+34.3) sample/sec 	RMSE = 19.71555, RULscore = 612555.94236, CLIP_Loss = 1.00058 	
2024-11-02 13:18:16,410 Train-Epoch[33/160]Batch[339]	Speed 4913.3 (+34.2) sample/sec 	RMSE = 19.75383, RULscore = 698859.57240, CLIP_Loss = 0.99804 	
2024-11-02 13:18:16,467 Test-Epoch[33/160]Batch[0]	Speed 1102.9 (+1831.7) sample/sec 	RMSE = 33.22066, RULscore = 1407.04205, CLIP_Loss = 1.33813 	
2024-11-02 13:18:16,504 Test-Epoch[33/160]Batch[3]	Speed 5911.1 (+368.7) sample/sec 	RMSE = 34.32832, RULscore = 6060.51684, CLIP_Loss = 1.30676 	
2024-11-02 13:18:16,505 Test-Epoch[33/160]Batch[3]	RMSE = 34.32832, RULscore = 6060.51684, CLIP_Loss = 1.30676 	
2024-11-02 13:18:16,505 Final_Epoch [33]   time cost: 8.72 sec (0.00 h)
2024-11-02 13:18:16,505 Train_RMSE = 19.75383, Train_RULscore = 698859.57240, Train_CLIP_Loss = 0.99804, Test_RMSE = 34.32832, Test_RULscore = 6060.51684, Test_CLIP_Loss = 1.30676, Train_RMSE_cor = 20.07545, Train_RULscore_min = 652531.91465, Test_RMSE_cor = 30.80348, Test_RULscore_min = 3855.51746, Model_ID = 24.00000 	
2024-11-02 13:18:16,511 Checkpoint (model & optimizer) saved to: /home/qchenax/astar/rul_prompt/output/clip/FD004/exp_202411021313_bilstm_clip_ep-0034.pth
2024-11-02 13:18:16,603 Train-Epoch[34/160]Batch[0]	Speed 1492.4 (+2303.3) sample/sec 	RMSE = 14.87526, RULscore = 1275.59064, CLIP_Loss = 0.98417 	
2024-11-02 13:18:17,998 Train-Epoch[34/160]Batch[50]	Speed 4587.1 (+29.7) sample/sec 	RMSE = 20.57674, RULscore = 140392.27917, CLIP_Loss = 1.00125 	
2024-11-02 13:18:19,232 Train-Epoch[34/160]Batch[100]	Speed 5187.6 (+35.4) sample/sec 	RMSE = 19.71890, RULscore = 199375.16706, CLIP_Loss = 1.00209 	
2024-11-02 13:18:20,512 Train-Epoch[34/160]Batch[150]	Speed 4999.1 (+33.8) sample/sec 	RMSE = 19.38370, RULscore = 304536.65486, CLIP_Loss = 1.00099 	
2024-11-02 13:18:21,855 Train-Epoch[34/160]Batch[200]	Speed 4764.8 (+30.0) sample/sec 	RMSE = 19.45799, RULscore = 392061.50656, CLIP_Loss = 1.00372 	
2024-11-02 13:18:23,152 Train-Epoch[34/160]Batch[250]	Speed 4934.8 (+35.7) sample/sec 	RMSE = 19.42748, RULscore = 502279.38869, CLIP_Loss = 0.99967 	
2024-11-02 13:18:24,580 Train-Epoch[34/160]Batch[300]	Speed 4481.9 (+30.6) sample/sec 	RMSE = 19.60043, RULscore = 604908.14028, CLIP_Loss = 0.99817 	
2024-11-02 13:18:25,691 Train-Epoch[34/160]Batch[339]	Speed 4324.1 (+32.7) sample/sec 	RMSE = 19.62725, RULscore = 691052.67860, CLIP_Loss = 0.99584 	
2024-11-02 13:18:25,744 Test-Epoch[34/160]Batch[0]	Speed 1181.8 (+2624.4) sample/sec 	RMSE = 33.66969, RULscore = 1492.75610, CLIP_Loss = 1.33634 	
2024-11-02 13:18:25,796 Test-Epoch[34/160]Batch[3]	Speed 4013.4 (+207.5) sample/sec 	RMSE = 34.66378, RULscore = 6309.02837, CLIP_Loss = 1.30142 	
2024-11-02 13:18:25,797 Test-Epoch[34/160]Batch[3]	RMSE = 34.66378, RULscore = 6309.02837, CLIP_Loss = 1.30142 	
2024-11-02 13:18:25,797 Final_Epoch [34]   time cost: 9.29 sec (0.00 h)
2024-11-02 13:18:25,797 Train_RMSE = 19.62725, Train_RULscore = 691052.67860, Train_CLIP_Loss = 0.99584, Test_RMSE = 34.66378, Test_RULscore = 6309.02837, Test_CLIP_Loss = 1.30142, Train_RMSE_cor = 20.07545, Train_RULscore_min = 652531.91465, Test_RMSE_cor = 30.80348, Test_RULscore_min = 3855.51746, Model_ID = 24.00000 	
2024-11-02 13:18:25,803 Checkpoint (model & optimizer) saved to: /home/qchenax/astar/rul_prompt/output/clip/FD004/exp_202411021313_bilstm_clip_ep-0035.pth
2024-11-02 13:18:25,926 Train-Epoch[35/160]Batch[0]	Speed 1089.6 (+873.3) sample/sec 	RMSE = 14.56827, RULscore = 570.40113, CLIP_Loss = 0.97612 	
2024-11-02 13:18:27,471 Train-Epoch[35/160]Batch[50]	Speed 4141.6 (+25.6) sample/sec 	RMSE = 20.82059, RULscore = 135106.19622, CLIP_Loss = 1.00098 	
2024-11-02 13:18:28,794 Train-Epoch[35/160]Batch[100]	Speed 4837.9 (+35.3) sample/sec 	RMSE = 19.66970, RULscore = 199995.53278, CLIP_Loss = 1.00353 	
2024-11-02 13:18:30,020 Train-Epoch[35/160]Batch[150]	Speed 5220.7 (+35.3) sample/sec 	RMSE = 19.62464, RULscore = 283178.47968, CLIP_Loss = 1.00379 	
2024-11-02 13:18:31,416 Train-Epoch[35/160]Batch[200]	Speed 4585.2 (+30.7) sample/sec 	RMSE = 19.40837, RULscore = 375882.39552, CLIP_Loss = 1.00407 	
2024-11-02 13:18:32,618 Train-Epoch[35/160]Batch[250]	Speed 5324.7 (+38.1) sample/sec 	RMSE = 19.34660, RULscore = 467296.62233, CLIP_Loss = 0.99962 	
2024-11-02 13:18:34,028 Train-Epoch[35/160]Batch[300]	Speed 4539.9 (+28.2) sample/sec 	RMSE = 19.47184, RULscore = 543551.01933, CLIP_Loss = 0.99785 	
2024-11-02 13:18:35,019 Train-Epoch[35/160]Batch[339]	Speed 4856.9 (+35.1) sample/sec 	RMSE = 19.50730, RULscore = 613008.84153, CLIP_Loss = 0.99629 	
2024-11-02 13:18:35,074 Test-Epoch[35/160]Batch[0]	Speed 1134.7 (+1997.5) sample/sec 	RMSE = 33.60258, RULscore = 1412.20761, CLIP_Loss = 1.34999 	
2024-11-02 13:18:35,120 Test-Epoch[35/160]Batch[3]	Speed 4822.5 (+247.6) sample/sec 	RMSE = 34.68213, RULscore = 6087.78276, CLIP_Loss = 1.31848 	
2024-11-02 13:18:35,120 Test-Epoch[35/160]Batch[3]	RMSE = 34.68213, RULscore = 6087.78276, CLIP_Loss = 1.31848 	
2024-11-02 13:18:35,121 Final_Epoch [35]   time cost: 9.32 sec (0.00 h)
2024-11-02 13:18:35,121 Train_RMSE = 19.50730, Train_RULscore = 613008.84153, Train_CLIP_Loss = 0.99629, Test_RMSE = 34.68213, Test_RULscore = 6087.78276, Test_CLIP_Loss = 1.31848, Train_RMSE_cor = 19.50730, Train_RULscore_min = 613008.84153, Test_RMSE_cor = 30.80348, Test_RULscore_min = 3855.51746, Model_ID = 24.00000 	
2024-11-02 13:18:35,126 Checkpoint (model & optimizer) saved to: /home/qchenax/astar/rul_prompt/output/clip/FD004/exp_202411021313_bilstm_clip_ep-0036.pth
2024-11-02 13:18:35,221 Train-Epoch[36/160]Batch[0]	Speed 1451.1 (+1908.6) sample/sec 	RMSE = 16.32243, RULscore = 1461.46295, CLIP_Loss = 0.99133 	
2024-11-02 13:18:36,485 Train-Epoch[36/160]Batch[50]	Speed 5061.9 (+35.8) sample/sec 	RMSE = 19.61086, RULscore = 106728.76990, CLIP_Loss = 1.00498 	
2024-11-02 13:18:37,811 Train-Epoch[36/160]Batch[100]	Speed 4826.9 (+31.5) sample/sec 	RMSE = 19.53943, RULscore = 177062.08162, CLIP_Loss = 1.00496 	
2024-11-02 13:18:39,092 Train-Epoch[36/160]Batch[150]	Speed 4994.3 (+32.6) sample/sec 	RMSE = 19.36485, RULscore = 271928.62475, CLIP_Loss = 1.00382 	
2024-11-02 13:18:40,380 Train-Epoch[36/160]Batch[200]	Speed 4969.0 (+33.7) sample/sec 	RMSE = 19.44806, RULscore = 373804.81067, CLIP_Loss = 1.00382 	
2024-11-02 13:18:41,742 Train-Epoch[36/160]Batch[250]	Speed 4698.9 (+30.8) sample/sec 	RMSE = 19.27831, RULscore = 468647.03830, CLIP_Loss = 0.99929 	
2024-11-02 13:18:43,066 Train-Epoch[36/160]Batch[300]	Speed 4834.0 (+30.8) sample/sec 	RMSE = 19.45471, RULscore = 566093.95733, CLIP_Loss = 0.99753 	
2024-11-02 13:18:44,134 Train-Epoch[36/160]Batch[339]	Speed 4519.4 (+29.7) sample/sec 	RMSE = 19.39947, RULscore = 637115.78321, CLIP_Loss = 0.99522 	
2024-11-02 13:18:44,192 Test-Epoch[36/160]Batch[0]	Speed 1079.2 (+2021.2) sample/sec 	RMSE = 33.81652, RULscore = 1510.38742, CLIP_Loss = 1.33925 	
2024-11-02 13:18:44,238 Test-Epoch[36/160]Batch[3]	Speed 4721.5 (+278.6) sample/sec 	RMSE = 34.77329, RULscore = 6381.38587, CLIP_Loss = 1.30469 	
2024-11-02 13:18:44,238 Test-Epoch[36/160]Batch[3]	RMSE = 34.77329, RULscore = 6381.38587, CLIP_Loss = 1.30469 	
2024-11-02 13:18:44,238 Final_Epoch [36]   time cost: 9.11 sec (0.00 h)
2024-11-02 13:18:44,238 Train_RMSE = 19.39947, Train_RULscore = 637115.78321, Train_CLIP_Loss = 0.99522, Test_RMSE = 34.77329, Test_RULscore = 6381.38587, Test_CLIP_Loss = 1.30469, Train_RMSE_cor = 19.50730, Train_RULscore_min = 613008.84153, Test_RMSE_cor = 30.80348, Test_RULscore_min = 3855.51746, Model_ID = 24.00000 	
2024-11-02 13:18:44,246 Checkpoint (model & optimizer) saved to: /home/qchenax/astar/rul_prompt/output/clip/FD004/exp_202411021313_bilstm_clip_ep-0037.pth
2024-11-02 13:18:44,341 Train-Epoch[37/160]Batch[0]	Speed 1445.8 (+1801.3) sample/sec 	RMSE = 16.59796, RULscore = 793.24986, CLIP_Loss = 0.97734 	
2024-11-02 13:18:45,671 Train-Epoch[37/160]Batch[50]	Speed 4810.5 (+31.7) sample/sec 	RMSE = 19.31614, RULscore = 107505.43689, CLIP_Loss = 0.99888 	
2024-11-02 13:18:47,135 Train-Epoch[37/160]Batch[100]	Speed 4372.8 (+26.4) sample/sec 	RMSE = 19.10730, RULscore = 170916.74958, CLIP_Loss = 0.99936 	
2024-11-02 13:18:48,467 Train-Epoch[37/160]Batch[150]	Speed 4806.1 (+32.8) sample/sec 	RMSE = 19.22479, RULscore = 260312.66126, CLIP_Loss = 0.99855 	
2024-11-02 13:18:49,931 Train-Epoch[37/160]Batch[200]	Speed 4371.9 (+29.5) sample/sec 	RMSE = 19.27657, RULscore = 347892.70745, CLIP_Loss = 1.00081 	
2024-11-02 13:18:51,430 Train-Epoch[37/160]Batch[250]	Speed 4268.7 (+25.4) sample/sec 	RMSE = 19.07503, RULscore = 439602.16235, CLIP_Loss = 0.99659 	
2024-11-02 13:18:52,871 Train-Epoch[37/160]Batch[300]	Speed 4440.1 (+35.2) sample/sec 	RMSE = 19.37795, RULscore = 533879.08711, CLIP_Loss = 0.99476 	
2024-11-02 13:18:53,930 Train-Epoch[37/160]Batch[339]	Speed 4500.7 (+39.4) sample/sec 	RMSE = 19.46649, RULscore = 609322.13340, CLIP_Loss = 0.99332 	
2024-11-02 13:18:53,994 Test-Epoch[37/160]Batch[0]	Speed 970.8 (+2832.9) sample/sec 	RMSE = 32.79181, RULscore = 1342.02797, CLIP_Loss = 1.33508 	
2024-11-02 13:18:54,027 Test-Epoch[37/160]Batch[3]	Speed 7749.5 (+448.3) sample/sec 	RMSE = 33.84821, RULscore = 5750.68731, CLIP_Loss = 1.30061 	
2024-11-02 13:18:54,028 Test-Epoch[37/160]Batch[3]	RMSE = 33.84821, RULscore = 5750.68731, CLIP_Loss = 1.30061 	
2024-11-02 13:18:54,028 Final_Epoch [37]   time cost: 9.78 sec (0.00 h)
2024-11-02 13:18:54,028 Train_RMSE = 19.46649, Train_RULscore = 609322.13340, Train_CLIP_Loss = 0.99332, Test_RMSE = 33.84821, Test_RULscore = 5750.68731, Test_CLIP_Loss = 1.30061, Train_RMSE_cor = 19.46649, Train_RULscore_min = 609322.13340, Test_RMSE_cor = 30.80348, Test_RULscore_min = 3855.51746, Model_ID = 24.00000 	
2024-11-02 13:18:54,036 Checkpoint (model & optimizer) saved to: /home/qchenax/astar/rul_prompt/output/clip/FD004/exp_202411021313_bilstm_clip_ep-0038.pth
2024-11-02 13:18:54,138 Train-Epoch[38/160]Batch[0]	Speed 1341.2 (+1579.5) sample/sec 	RMSE = 15.04343, RULscore = 827.40237, CLIP_Loss = 0.97579 	
2024-11-02 13:18:55,713 Train-Epoch[38/160]Batch[50]	Speed 4065.2 (+26.8) sample/sec 	RMSE = 19.15406, RULscore = 122325.66537, CLIP_Loss = 1.00110 	
2024-11-02 13:18:56,914 Train-Epoch[38/160]Batch[100]	Speed 5327.6 (+37.4) sample/sec 	RMSE = 18.81366, RULscore = 188521.66683, CLIP_Loss = 0.99881 	
2024-11-02 13:18:58,338 Train-Epoch[38/160]Batch[150]	Speed 4495.4 (+27.6) sample/sec 	RMSE = 18.99480, RULscore = 295905.19706, CLIP_Loss = 1.00098 	
2024-11-02 13:18:59,750 Train-Epoch[38/160]Batch[200]	Speed 4532.8 (+35.6) sample/sec 	RMSE = 19.46141, RULscore = 385647.79003, CLIP_Loss = 1.00141 	
2024-11-02 13:19:01,074 Train-Epoch[38/160]Batch[250]	Speed 4833.9 (+53.4) sample/sec 	RMSE = 19.43803, RULscore = 504572.52872, CLIP_Loss = 0.99720 	
2024-11-02 13:19:02,356 Train-Epoch[38/160]Batch[300]	Speed 4989.0 (+40.8) sample/sec 	RMSE = 19.49309, RULscore = 589450.39804, CLIP_Loss = 0.99642 	
2024-11-02 13:19:03,385 Train-Epoch[38/160]Batch[339]	Speed 4647.4 (+30.1) sample/sec 	RMSE = 19.61347, RULscore = 678867.37455, CLIP_Loss = 0.99387 	
2024-11-02 13:19:03,443 Test-Epoch[38/160]Batch[0]	Speed 1105.5 (+4141.1) sample/sec 	RMSE = 32.95860, RULscore = 1353.58552, CLIP_Loss = 1.34025 	
2024-11-02 13:19:03,482 Test-Epoch[38/160]Batch[3]	Speed 6163.0 (+404.4) sample/sec 	RMSE = 34.01836, RULscore = 5809.63840, CLIP_Loss = 1.30983 	
2024-11-02 13:19:03,482 Test-Epoch[38/160]Batch[3]	RMSE = 34.01836, RULscore = 5809.63840, CLIP_Loss = 1.30983 	
2024-11-02 13:19:03,483 Final_Epoch [38]   time cost: 9.45 sec (0.00 h)
2024-11-02 13:19:03,483 Train_RMSE = 19.61347, Train_RULscore = 678867.37455, Train_CLIP_Loss = 0.99387, Test_RMSE = 34.01836, Test_RULscore = 5809.63840, Test_CLIP_Loss = 1.30983, Train_RMSE_cor = 19.46649, Train_RULscore_min = 609322.13340, Test_RMSE_cor = 30.80348, Test_RULscore_min = 3855.51746, Model_ID = 24.00000 	
2024-11-02 13:19:03,493 Checkpoint (model & optimizer) saved to: /home/qchenax/astar/rul_prompt/output/clip/FD004/exp_202411021313_bilstm_clip_ep-0039.pth
2024-11-02 13:19:03,607 Train-Epoch[39/160]Batch[0]	Speed 1196.8 (+980.4) sample/sec 	RMSE = 17.00459, RULscore = 2048.34649, CLIP_Loss = 0.98528 	
2024-11-02 13:19:04,933 Train-Epoch[39/160]Batch[50]	Speed 4822.7 (+32.5) sample/sec 	RMSE = 19.49739, RULscore = 133500.56267, CLIP_Loss = 0.99725 	
2024-11-02 13:19:06,307 Train-Epoch[39/160]Batch[100]	Speed 4660.5 (+29.5) sample/sec 	RMSE = 19.07235, RULscore = 190941.56962, CLIP_Loss = 0.99865 	
2024-11-02 13:19:07,719 Train-Epoch[39/160]Batch[150]	Speed 4530.5 (+29.6) sample/sec 	RMSE = 18.94870, RULscore = 298495.40696, CLIP_Loss = 0.99788 	
