2024-11-02 16:50:31,473 training config:{'data': {'input_type': '',
          'max_rul': 125,
          'num_worker': 4,
          'root': './data',
          'seq_len': 30,
          'set': 'FD004',
          'test_id': 0},
 'dist_backend': 'nccl',
 'dist_url': 'tcp://224.66.41.62:23456',
 'distributed': False,
 'gpu': '0',
 'multiprocessing_distributed': False,
 'net': {'aux_dim': 4,
         'hand_craft': False,
         'hand_dim': 28,
         'input_dim': 14,
         'name': 'bilstm_clip',
         'num_hidden': 18},
 'output_pt': '/home/qchenax/astar/rul_prompt/output/clip/FD004',
 'rank': -1,
 'save_frequency': 1,
 'seed': 5000,
 'task': 't1',
 'test': {'model_name': 'exp_202110121100_cnn_pe_ep-0050.pth',
          'model_path': './output/basic/FD004'},
 'train': {'batch_size': 128,
           'callback_freq': 50,
           'end_epoch': 160,
           'fine_tune': True,
           'lr': 0.001,
           'lr_epoch': [50, 100],
           'lr_factor': 0.1,
           'lr_mult': 0.2,
           'optimizer': 'adam',
           'resume_epoch': 0,
           'warmup_iters': 0},
 'world_size': -1}

2024-11-02 16:50:32,060 CMPDataIter:: iterator initialized (train dataset: 'FD004', shape: (61249, 26))
2024-11-02 16:50:32,060 CMPDataIter:: iterator initialized (test dataset: 'FD004', shape: (41214, 26))
2024-11-02 16:50:32,229 CMPDataIter:: iterator initialized (train engine number: 249)
2024-11-02 16:50:32,350 CMPDataIter:: iterator initialized (test engine number: 248)
2024-11-02 16:50:32,394 CMPDataIter:: data includes multi operating conditions
2024-11-02 16:50:32,604 CMPDataIter:: iterator initialized (train data shape: 54028)
2024-11-02 16:50:32,604 CMPDataIter:: iterator initialized (train operation shape: 54028)
2024-11-02 16:50:32,604 CMPDataIter:: iterator initialized (train label shape: 54028)
2024-11-02 16:50:32,604 CMPDataIter:: iterator initialized (test data shape: 248)
2024-11-02 16:50:32,604 CMPDataIter:: iterator initialized (test operation shape: 248)
2024-11-02 16:50:32,604 CMPDataIter:: iterator initialized (test label shape: 248)
2024-11-02 16:50:32,660 CMPDataIter:: initialize the dataset
2024-11-02 16:50:34,416 Train-Epoch[0/160]Batch[0]	Speed 129.0 (+264.3) sample/sec 	RMSE = 75.21952, RULscore = 133102.98955, CLIP_Loss = 1.08964 	
