2024-11-01 23:58:45,585 training config:{'data': {'input_type': '',
          'max_rul': 125,
          'num_worker': 4,
          'root': './data',
          'seq_len': 30,
          'set': 'FD004',
          'test_id': 0},
 'dist_backend': 'nccl',
 'dist_url': 'tcp://224.66.41.62:23456',
 'distributed': False,
 'gpu': '0',
 'multiprocessing_distributed': False,
 'net': {'aux_dim': 4,
         'hand_craft': False,
         'hand_dim': 28,
         'input_dim': 14,
         'name': 'bilstm_clip',
         'num_hidden': 18},
 'output_pt': '/home/qchenax/astar/rul_prompt/output/clip/FD004',
 'rank': -1,
 'save_frequency': 1,
 'seed': 3000,
 'task': 't1',
 'test': {'model_name': 'exp_202110121100_cnn_pe_ep-0050.pth',
          'model_path': './output/basic/FD004'},
 'train': {'batch_size': 128,
           'callback_freq': 50,
           'end_epoch': 160,
           'fine_tune': True,
           'lr': 0.001,
           'lr_epoch': [1000],
           'lr_factor': 0.1,
           'lr_mult': 0.2,
           'optimizer': 'adam',
           'resume_epoch': 0,
           'warmup_iters': 0},
 'world_size': -1}

2024-11-01 23:58:46,160 CMPDataIter:: iterator initialized (train dataset: 'FD004', shape: (61249, 26))
2024-11-01 23:58:46,160 CMPDataIter:: iterator initialized (test dataset: 'FD004', shape: (41214, 26))
2024-11-01 23:58:46,324 CMPDataIter:: iterator initialized (train engine number: 249)
2024-11-01 23:58:46,445 CMPDataIter:: iterator initialized (test engine number: 248)
2024-11-01 23:58:46,488 CMPDataIter:: data includes multi operating conditions
2024-11-01 23:58:46,704 CMPDataIter:: iterator initialized (train data shape: 54028)
2024-11-01 23:58:46,704 CMPDataIter:: iterator initialized (train operation shape: 54028)
2024-11-01 23:58:46,704 CMPDataIter:: iterator initialized (train label shape: 54028)
2024-11-01 23:58:46,704 CMPDataIter:: iterator initialized (test data shape: 248)
2024-11-01 23:58:46,704 CMPDataIter:: iterator initialized (test operation shape: 248)
2024-11-01 23:58:46,704 CMPDataIter:: iterator initialized (test label shape: 248)
2024-11-01 23:58:46,758 CMPDataIter:: initialize the dataset
2024-11-01 23:58:48,427 Train-Epoch[0/160]Batch[0]	Speed 121.1 (+262.4) sample/sec 	RMSE = 76.29220, RULscore = 149796.63019, CLIP_Loss = 1.06167 	
2024-11-01 23:58:49,727 Train-Epoch[0/160]Batch[50]	Speed 4923.5 (+29.4) sample/sec 	RMSE = 63.14883, RULscore = 7822033.52359, CLIP_Loss = 1.08959 	
2024-11-01 23:58:51,011 Train-Epoch[0/160]Batch[100]	Speed 4986.9 (+30.2) sample/sec 	RMSE = 51.08945, RULscore = 8689911.24102, CLIP_Loss = 1.07798 	
2024-11-01 23:58:52,234 Train-Epoch[0/160]Batch[150]	Speed 5229.6 (+32.2) sample/sec 	RMSE = 44.74164, RULscore = 8934786.90340, CLIP_Loss = 1.07406 	
2024-11-01 23:58:53,411 Train-Epoch[0/160]Batch[200]	Speed 5438.1 (+36.8) sample/sec 	RMSE = 41.18855, RULscore = 9200832.35506, CLIP_Loss = 1.07076 	
2024-11-01 23:58:54,600 Train-Epoch[0/160]Batch[250]	Speed 5383.0 (+38.3) sample/sec 	RMSE = 38.47978, RULscore = 9446386.74168, CLIP_Loss = 1.06866 	
2024-11-01 23:58:55,745 Train-Epoch[0/160]Batch[300]	Speed 5588.4 (+36.5) sample/sec 	RMSE = 36.58927, RULscore = 9682397.59103, CLIP_Loss = 1.06355 	
2024-11-01 23:58:56,665 Train-Epoch[0/160]Batch[339]	Speed 5187.5 (+32.7) sample/sec 	RMSE = 35.64119, RULscore = 9797780.45178, CLIP_Loss = 1.06021 	
2024-11-01 23:58:56,740 Test-Epoch[0/160]Batch[0]	Speed 845.1 (+559.1) sample/sec 	RMSE = 24.09882, RULscore = 1617.80761, CLIP_Loss = 1.42869 	
2024-11-01 23:58:56,774 Test-Epoch[0/160]Batch[3]	Speed 6315.5 (+356.8) sample/sec 	RMSE = 23.55078, RULscore = 6164.64944, CLIP_Loss = 1.37071 	
2024-11-01 23:58:56,775 Test-Epoch[0/160]Batch[3]	RMSE = 23.55078, RULscore = 6164.64944, CLIP_Loss = 1.37071 	
2024-11-01 23:58:56,775 Final_Epoch [0]   time cost: 9.41 sec (0.00 h)
2024-11-01 23:58:56,775 Train_RMSE = 35.64119, Train_RULscore = 9797780.45178, Train_CLIP_Loss = 1.06021, Test_RMSE = 23.55078, Test_RULscore = 6164.64944, Test_CLIP_Loss = 1.37071, Train_RMSE_cor = 35.64119, Train_RULscore_min = 9797780.45178, Test_RMSE_cor = 23.55078, Test_RULscore_min = 6164.64944, Model_ID = 1.00000 	
2024-11-01 23:58:56,781 Checkpoint (model & optimizer) saved to: /home/qchenax/astar/rul_prompt/output/clip/FD004/exp_202411012358_bilstm_clip_ep-0001.pth
2024-11-01 23:58:56,885 Train-Epoch[1/160]Batch[0]	Speed 1323.6 (+1559.6) sample/sec 	RMSE = 23.71329, RULscore = 1910.45840, CLIP_Loss = 1.03266 	
2024-11-01 23:58:58,059 Train-Epoch[1/160]Batch[50]	Speed 5449.1 (+40.1) sample/sec 	RMSE = 24.41949, RULscore = 188177.75970, CLIP_Loss = 1.05677 	
2024-11-01 23:58:59,158 Train-Epoch[1/160]Batch[100]	Speed 5825.3 (+42.1) sample/sec 	RMSE = 24.15819, RULscore = 416038.82730, CLIP_Loss = 1.05384 	
2024-11-01 23:59:00,390 Train-Epoch[1/160]Batch[150]	Speed 5193.6 (+31.3) sample/sec 	RMSE = 24.32990, RULscore = 619301.07098, CLIP_Loss = 1.05050 	
2024-11-01 23:59:01,596 Train-Epoch[1/160]Batch[200]	Speed 5306.6 (+34.0) sample/sec 	RMSE = 24.05524, RULscore = 812969.26403, CLIP_Loss = 1.05364 	
2024-11-01 23:59:02,761 Train-Epoch[1/160]Batch[250]	Speed 5492.2 (+34.7) sample/sec 	RMSE = 23.86507, RULscore = 996661.81650, CLIP_Loss = 1.05369 	
2024-11-01 23:59:03,970 Train-Epoch[1/160]Batch[300]	Speed 5297.5 (+33.8) sample/sec 	RMSE = 23.84569, RULscore = 1146691.44992, CLIP_Loss = 1.05134 	
2024-11-01 23:59:05,035 Train-Epoch[1/160]Batch[339]	Speed 4496.5 (+25.0) sample/sec 	RMSE = 23.77695, RULscore = 1231006.65322, CLIP_Loss = 1.04821 	
2024-11-01 23:59:05,081 Test-Epoch[1/160]Batch[0]	Speed 1363.5 (+4642.0) sample/sec 	RMSE = 23.29645, RULscore = 1149.35457, CLIP_Loss = 1.41005 	
2024-11-01 23:59:05,105 Test-Epoch[1/160]Batch[3]	Speed 9660.3 (+762.7) sample/sec 	RMSE = 22.13221, RULscore = 3151.41633, CLIP_Loss = 1.36061 	
2024-11-01 23:59:05,106 Test-Epoch[1/160]Batch[3]	RMSE = 22.13221, RULscore = 3151.41633, CLIP_Loss = 1.36061 	
2024-11-01 23:59:05,106 Final_Epoch [1]   time cost: 8.32 sec (0.00 h)
2024-11-01 23:59:05,106 Train_RMSE = 23.77695, Train_RULscore = 1231006.65322, Train_CLIP_Loss = 1.04821, Test_RMSE = 22.13221, Test_RULscore = 3151.41633, Test_CLIP_Loss = 1.36061, Train_RMSE_cor = 23.77695, Train_RULscore_min = 1231006.65322, Test_RMSE_cor = 22.13221, Test_RULscore_min = 3151.41633, Model_ID = 2.00000 	
2024-11-01 23:59:05,113 Checkpoint (model & optimizer) saved to: /home/qchenax/astar/rul_prompt/output/clip/FD004/exp_202411012358_bilstm_clip_ep-0002.pth
2024-11-01 23:59:05,208 Train-Epoch[2/160]Batch[0]	Speed 1428.9 (+2480.0) sample/sec 	RMSE = 22.44507, RULscore = 1228.76671, CLIP_Loss = 1.02617 	
2024-11-01 23:59:06,358 Train-Epoch[2/160]Batch[50]	Speed 5567.2 (+39.8) sample/sec 	RMSE = 23.59508, RULscore = 117471.34629, CLIP_Loss = 1.04634 	
2024-11-01 23:59:07,494 Train-Epoch[2/160]Batch[100]	Speed 5629.6 (+38.0) sample/sec 	RMSE = 23.46154, RULscore = 327689.48804, CLIP_Loss = 1.04345 	
2024-11-01 23:59:08,628 Train-Epoch[2/160]Batch[150]	Speed 5645.7 (+38.6) sample/sec 	RMSE = 23.10989, RULscore = 541604.64740, CLIP_Loss = 1.04351 	
2024-11-01 23:59:09,793 Train-Epoch[2/160]Batch[200]	Speed 5495.8 (+37.2) sample/sec 	RMSE = 23.12592, RULscore = 675031.33104, CLIP_Loss = 1.04723 	
2024-11-01 23:59:10,969 Train-Epoch[2/160]Batch[250]	Speed 5441.1 (+35.1) sample/sec 	RMSE = 22.95194, RULscore = 819601.18294, CLIP_Loss = 1.04718 	
2024-11-01 23:59:12,214 Train-Epoch[2/160]Batch[300]	Speed 5139.3 (+34.5) sample/sec 	RMSE = 22.88325, RULscore = 930401.02657, CLIP_Loss = 1.04365 	
2024-11-01 23:59:13,362 Train-Epoch[2/160]Batch[339]	Speed 4184.7 (+23.6) sample/sec 	RMSE = 22.77630, RULscore = 984716.94748, CLIP_Loss = 1.04015 	
2024-11-01 23:59:13,416 Test-Epoch[2/160]Batch[0]	Speed 1184.0 (+2383.9) sample/sec 	RMSE = 23.07957, RULscore = 1013.36276, CLIP_Loss = 1.40591 	
2024-11-01 23:59:13,446 Test-Epoch[2/160]Batch[3]	Speed 7747.3 (+772.5) sample/sec 	RMSE = 21.68872, RULscore = 2746.24912, CLIP_Loss = 1.35565 	
2024-11-01 23:59:13,446 Test-Epoch[2/160]Batch[3]	RMSE = 21.68872, RULscore = 2746.24912, CLIP_Loss = 1.35565 	
2024-11-01 23:59:13,446 Final_Epoch [2]   time cost: 8.33 sec (0.00 h)
2024-11-01 23:59:13,446 Train_RMSE = 22.77630, Train_RULscore = 984716.94748, Train_CLIP_Loss = 1.04015, Test_RMSE = 21.68872, Test_RULscore = 2746.24912, Test_CLIP_Loss = 1.35565, Train_RMSE_cor = 22.77630, Train_RULscore_min = 984716.94748, Test_RMSE_cor = 21.68872, Test_RULscore_min = 2746.24912, Model_ID = 3.00000 	
2024-11-01 23:59:13,451 Checkpoint (model & optimizer) saved to: /home/qchenax/astar/rul_prompt/output/clip/FD004/exp_202411012358_bilstm_clip_ep-0003.pth
2024-11-01 23:59:13,574 Train-Epoch[3/160]Batch[0]	Speed 1097.1 (+918.3) sample/sec 	RMSE = 21.97122, RULscore = 1125.74686, CLIP_Loss = 1.01991 	
2024-11-01 23:59:14,822 Train-Epoch[3/160]Batch[50]	Speed 5127.2 (+37.5) sample/sec 	RMSE = 21.99318, RULscore = 122739.09022, CLIP_Loss = 1.04085 	
2024-11-01 23:59:16,169 Train-Epoch[3/160]Batch[100]	Speed 4749.8 (+29.8) sample/sec 	RMSE = 22.01662, RULscore = 276778.54441, CLIP_Loss = 1.04133 	
2024-11-01 23:59:17,615 Train-Epoch[3/160]Batch[150]	Speed 4427.3 (+25.9) sample/sec 	RMSE = 21.84129, RULscore = 455669.93420, CLIP_Loss = 1.04079 	
2024-11-01 23:59:18,969 Train-Epoch[3/160]Batch[200]	Speed 4725.2 (+31.6) sample/sec 	RMSE = 21.75489, RULscore = 596665.99474, CLIP_Loss = 1.04417 	
2024-11-01 23:59:20,260 Train-Epoch[3/160]Batch[250]	Speed 4959.4 (+33.2) sample/sec 	RMSE = 21.79261, RULscore = 749480.55784, CLIP_Loss = 1.04523 	
2024-11-01 23:59:21,667 Train-Epoch[3/160]Batch[300]	Speed 4549.5 (+27.6) sample/sec 	RMSE = 21.82974, RULscore = 846721.77237, CLIP_Loss = 1.04143 	
2024-11-01 23:59:22,780 Train-Epoch[3/160]Batch[339]	Speed 4320.6 (+26.8) sample/sec 	RMSE = 21.84757, RULscore = 922580.44253, CLIP_Loss = 1.03859 	
2024-11-01 23:59:22,838 Test-Epoch[3/160]Batch[0]	Speed 1093.6 (+2203.7) sample/sec 	RMSE = 27.58010, RULscore = 970.75773, CLIP_Loss = 1.40837 	
2024-11-01 23:59:22,878 Test-Epoch[3/160]Batch[3]	Speed 5660.9 (+428.7) sample/sec 	RMSE = 26.03985, RULscore = 3648.16768, CLIP_Loss = 1.35798 	
2024-11-01 23:59:22,879 Test-Epoch[3/160]Batch[3]	RMSE = 26.03985, RULscore = 3648.16768, CLIP_Loss = 1.35798 	
2024-11-01 23:59:22,879 Final_Epoch [3]   time cost: 9.43 sec (0.00 h)
2024-11-01 23:59:22,879 Train_RMSE = 21.84757, Train_RULscore = 922580.44253, Train_CLIP_Loss = 1.03859, Test_RMSE = 26.03985, Test_RULscore = 3648.16768, Test_CLIP_Loss = 1.35798, Train_RMSE_cor = 21.84757, Train_RULscore_min = 922580.44253, Test_RMSE_cor = 21.68872, Test_RULscore_min = 2746.24912, Model_ID = 3.00000 	
2024-11-01 23:59:22,890 Checkpoint (model & optimizer) saved to: /home/qchenax/astar/rul_prompt/output/clip/FD004/exp_202411012358_bilstm_clip_ep-0004.pth
2024-11-01 23:59:22,999 Train-Epoch[4/160]Batch[0]	Speed 1245.5 (+1223.4) sample/sec 	RMSE = 28.60398, RULscore = 2447.53711, CLIP_Loss = 1.02800 	
2024-11-01 23:59:24,279 Train-Epoch[4/160]Batch[50]	Speed 5002.9 (+37.1) sample/sec 	RMSE = 22.56600, RULscore = 115167.46232, CLIP_Loss = 1.04750 	
2024-11-01 23:59:25,687 Train-Epoch[4/160]Batch[100]	Speed 4545.6 (+27.7) sample/sec 	RMSE = 21.91956, RULscore = 276757.00444, CLIP_Loss = 1.04223 	
2024-11-01 23:59:26,954 Train-Epoch[4/160]Batch[150]	Speed 5050.2 (+34.4) sample/sec 	RMSE = 21.97277, RULscore = 454553.25640, CLIP_Loss = 1.03953 	
2024-11-01 23:59:28,263 Train-Epoch[4/160]Batch[200]	Speed 4890.3 (+35.2) sample/sec 	RMSE = 21.91011, RULscore = 567011.11064, CLIP_Loss = 1.04089 	
2024-11-01 23:59:29,645 Train-Epoch[4/160]Batch[250]	Speed 4629.5 (+27.3) sample/sec 	RMSE = 21.76131, RULscore = 705350.06002, CLIP_Loss = 1.04309 	
2024-11-01 23:59:31,175 Train-Epoch[4/160]Batch[300]	Speed 4182.2 (+24.0) sample/sec 	RMSE = 21.73977, RULscore = 796811.76849, CLIP_Loss = 1.03980 	
2024-11-01 23:59:32,277 Train-Epoch[4/160]Batch[339]	Speed 4363.6 (+28.1) sample/sec 	RMSE = 21.70466, RULscore = 870957.66119, CLIP_Loss = 1.03638 	
2024-11-01 23:59:32,324 Test-Epoch[4/160]Batch[0]	Speed 1335.0 (+2281.2) sample/sec 	RMSE = 24.80217, RULscore = 696.40807, CLIP_Loss = 1.40292 	
2024-11-01 23:59:32,362 Test-Epoch[4/160]Batch[3]	Speed 6253.1 (+443.4) sample/sec 	RMSE = 23.94260, RULscore = 2639.14580, CLIP_Loss = 1.35191 	
2024-11-01 23:59:32,362 Test-Epoch[4/160]Batch[3]	RMSE = 23.94260, RULscore = 2639.14580, CLIP_Loss = 1.35191 	
2024-11-01 23:59:32,362 Final_Epoch [4]   time cost: 9.47 sec (0.00 h)
2024-11-01 23:59:32,362 Train_RMSE = 21.70466, Train_RULscore = 870957.66119, Train_CLIP_Loss = 1.03638, Test_RMSE = 23.94260, Test_RULscore = 2639.14580, Test_CLIP_Loss = 1.35191, Train_RMSE_cor = 21.70466, Train_RULscore_min = 870957.66119, Test_RMSE_cor = 23.94260, Test_RULscore_min = 2639.14580, Model_ID = 5.00000 	
2024-11-01 23:59:32,369 Checkpoint (model & optimizer) saved to: /home/qchenax/astar/rul_prompt/output/clip/FD004/exp_202411012358_bilstm_clip_ep-0005.pth
2024-11-01 23:59:32,468 Train-Epoch[5/160]Batch[0]	Speed 1380.3 (+1885.3) sample/sec 	RMSE = 25.77123, RULscore = 4537.62793, CLIP_Loss = 1.01699 	
2024-11-01 23:59:33,812 Train-Epoch[5/160]Batch[50]	Speed 4761.3 (+31.0) sample/sec 	RMSE = 21.28708, RULscore = 120779.77406, CLIP_Loss = 1.04448 	
2024-11-01 23:59:35,333 Train-Epoch[5/160]Batch[100]	Speed 4206.8 (+23.8) sample/sec 	RMSE = 21.65722, RULscore = 304605.45533, CLIP_Loss = 1.04145 	
2024-11-01 23:59:36,760 Train-Epoch[5/160]Batch[150]	Speed 4487.5 (+29.2) sample/sec 	RMSE = 21.84408, RULscore = 440016.89313, CLIP_Loss = 1.04321 	
2024-11-01 23:59:38,102 Train-Epoch[5/160]Batch[200]	Speed 4767.6 (+30.9) sample/sec 	RMSE = 21.69226, RULscore = 550637.34190, CLIP_Loss = 1.04312 	
2024-11-01 23:59:39,446 Train-Epoch[5/160]Batch[250]	Speed 4762.3 (+30.2) sample/sec 	RMSE = 21.69294, RULscore = 680817.82721, CLIP_Loss = 1.04371 	
2024-11-01 23:59:40,790 Train-Epoch[5/160]Batch[300]	Speed 4761.5 (+30.8) sample/sec 	RMSE = 21.62299, RULscore = 766792.79846, CLIP_Loss = 1.04051 	
2024-11-01 23:59:41,787 Train-Epoch[5/160]Batch[339]	Speed 4816.3 (+34.0) sample/sec 	RMSE = 21.54619, RULscore = 841489.58070, CLIP_Loss = 1.03828 	
2024-11-01 23:59:41,833 Test-Epoch[5/160]Batch[0]	Speed 1365.9 (+3212.3) sample/sec 	RMSE = 22.93460, RULscore = 735.93425, CLIP_Loss = 1.40088 	
2024-11-01 23:59:41,869 Test-Epoch[5/160]Batch[3]	Speed 6245.9 (+387.1) sample/sec 	RMSE = 22.01132, RULscore = 2491.85324, CLIP_Loss = 1.35036 	
2024-11-01 23:59:41,870 Test-Epoch[5/160]Batch[3]	RMSE = 22.01132, RULscore = 2491.85324, CLIP_Loss = 1.35036 	
2024-11-01 23:59:41,870 Final_Epoch [5]   time cost: 9.50 sec (0.00 h)
2024-11-01 23:59:41,870 Train_RMSE = 21.54619, Train_RULscore = 841489.58070, Train_CLIP_Loss = 1.03828, Test_RMSE = 22.01132, Test_RULscore = 2491.85324, Test_CLIP_Loss = 1.35036, Train_RMSE_cor = 21.54619, Train_RULscore_min = 841489.58070, Test_RMSE_cor = 22.01132, Test_RULscore_min = 2491.85324, Model_ID = 6.00000 	
2024-11-01 23:59:41,880 Checkpoint (model & optimizer) saved to: /home/qchenax/astar/rul_prompt/output/clip/FD004/exp_202411012358_bilstm_clip_ep-0006.pth
2024-11-01 23:59:41,969 Train-Epoch[6/160]Batch[0]	Speed 1568.6 (+1431.5) sample/sec 	RMSE = 21.37244, RULscore = 1108.87662, CLIP_Loss = 1.01861 	
2024-11-01 23:59:43,370 Train-Epoch[6/160]Batch[50]	Speed 4566.8 (+30.2) sample/sec 	RMSE = 21.15411, RULscore = 106568.60619, CLIP_Loss = 1.04556 	
2024-11-01 23:59:44,595 Train-Epoch[6/160]Batch[100]	Speed 5225.9 (+36.4) sample/sec 	RMSE = 21.53091, RULscore = 252065.98569, CLIP_Loss = 1.04358 	
2024-11-01 23:59:45,944 Train-Epoch[6/160]Batch[150]	Speed 4746.0 (+29.6) sample/sec 	RMSE = 21.79025, RULscore = 392714.32358, CLIP_Loss = 1.04065 	
2024-11-01 23:59:47,260 Train-Epoch[6/160]Batch[200]	Speed 4860.7 (+29.8) sample/sec 	RMSE = 21.57542, RULscore = 507647.50239, CLIP_Loss = 1.04397 	
2024-11-01 23:59:48,610 Train-Epoch[6/160]Batch[250]	Speed 4742.0 (+32.0) sample/sec 	RMSE = 21.57959, RULscore = 636754.09537, CLIP_Loss = 1.04418 	
2024-11-01 23:59:49,905 Train-Epoch[6/160]Batch[300]	Speed 4941.7 (+31.9) sample/sec 	RMSE = 21.49841, RULscore = 705383.29455, CLIP_Loss = 1.04162 	
2024-11-01 23:59:50,884 Train-Epoch[6/160]Batch[339]	Speed 4907.5 (+34.3) sample/sec 	RMSE = 21.43153, RULscore = 777649.47568, CLIP_Loss = 1.03871 	
2024-11-01 23:59:50,933 Test-Epoch[6/160]Batch[0]	Speed 1280.1 (+2853.9) sample/sec 	RMSE = 22.12744, RULscore = 685.89970, CLIP_Loss = 1.40022 	
2024-11-01 23:59:50,960 Test-Epoch[6/160]Batch[3]	Speed 8782.0 (+729.1) sample/sec 	RMSE = 21.63137, RULscore = 2461.88193, CLIP_Loss = 1.34815 	
2024-11-01 23:59:50,960 Test-Epoch[6/160]Batch[3]	RMSE = 21.63137, RULscore = 2461.88193, CLIP_Loss = 1.34815 	
2024-11-01 23:59:50,960 Final_Epoch [6]   time cost: 9.08 sec (0.00 h)
2024-11-01 23:59:50,960 Train_RMSE = 21.43153, Train_RULscore = 777649.47568, Train_CLIP_Loss = 1.03871, Test_RMSE = 21.63137, Test_RULscore = 2461.88193, Test_CLIP_Loss = 1.34815, Train_RMSE_cor = 21.43153, Train_RULscore_min = 777649.47568, Test_RMSE_cor = 21.63137, Test_RULscore_min = 2461.88193, Model_ID = 7.00000 	
2024-11-01 23:59:50,965 Checkpoint (model & optimizer) saved to: /home/qchenax/astar/rul_prompt/output/clip/FD004/exp_202411012358_bilstm_clip_ep-0007.pth
2024-11-01 23:59:51,060 Train-Epoch[7/160]Batch[0]	Speed 1447.5 (+2047.6) sample/sec 	RMSE = 21.15216, RULscore = 979.34892, CLIP_Loss = 1.01468 	
2024-11-01 23:59:52,384 Train-Epoch[7/160]Batch[50]	Speed 4831.6 (+33.6) sample/sec 	RMSE = 21.41977, RULscore = 92121.46832, CLIP_Loss = 1.03691 	
2024-11-01 23:59:53,706 Train-Epoch[7/160]Batch[100]	Speed 4842.6 (+31.5) sample/sec 	RMSE = 22.02353, RULscore = 258337.99320, CLIP_Loss = 1.03479 	
2024-11-01 23:59:54,994 Train-Epoch[7/160]Batch[150]	Speed 4968.2 (+33.0) sample/sec 	RMSE = 21.57468, RULscore = 394270.64972, CLIP_Loss = 1.03533 	
2024-11-01 23:59:56,386 Train-Epoch[7/160]Batch[200]	Speed 4598.4 (+28.0) sample/sec 	RMSE = 21.23266, RULscore = 505207.43716, CLIP_Loss = 1.03877 	
2024-11-01 23:59:57,705 Train-Epoch[7/160]Batch[250]	Speed 4852.8 (+31.9) sample/sec 	RMSE = 21.15789, RULscore = 625764.11437, CLIP_Loss = 1.03857 	
2024-11-01 23:59:59,035 Train-Epoch[7/160]Batch[300]	Speed 4811.4 (+30.6) sample/sec 	RMSE = 21.04843, RULscore = 721194.61574, CLIP_Loss = 1.03501 	
2024-11-02 00:00:00,156 Train-Epoch[7/160]Batch[339]	Speed 4278.5 (+26.1) sample/sec 	RMSE = 20.98420, RULscore = 772665.02147, CLIP_Loss = 1.03160 	
2024-11-02 00:00:00,211 Test-Epoch[7/160]Batch[0]	Speed 1152.6 (+3742.4) sample/sec 	RMSE = 26.33894, RULscore = 834.11659, CLIP_Loss = 1.40336 	
2024-11-02 00:00:00,242 Test-Epoch[7/160]Batch[3]	Speed 7962.4 (+618.2) sample/sec 	RMSE = 25.29476, RULscore = 3385.87510, CLIP_Loss = 1.35058 	
2024-11-02 00:00:00,243 Test-Epoch[7/160]Batch[3]	RMSE = 25.29476, RULscore = 3385.87510, CLIP_Loss = 1.35058 	
2024-11-02 00:00:00,243 Final_Epoch [7]   time cost: 9.28 sec (0.00 h)
2024-11-02 00:00:00,243 Train_RMSE = 20.98420, Train_RULscore = 772665.02147, Train_CLIP_Loss = 1.03160, Test_RMSE = 25.29476, Test_RULscore = 3385.87510, Test_CLIP_Loss = 1.35058, Train_RMSE_cor = 20.98420, Train_RULscore_min = 772665.02147, Test_RMSE_cor = 21.63137, Test_RULscore_min = 2461.88193, Model_ID = 7.00000 	
2024-11-02 00:00:00,249 Checkpoint (model & optimizer) saved to: /home/qchenax/astar/rul_prompt/output/clip/FD004/exp_202411012358_bilstm_clip_ep-0008.pth
2024-11-02 00:00:00,344 Train-Epoch[8/160]Batch[0]	Speed 1435.2 (+2006.3) sample/sec 	RMSE = 25.73847, RULscore = 1898.80878, CLIP_Loss = 1.01888 	
2024-11-02 00:00:01,660 Train-Epoch[8/160]Batch[50]	Speed 4861.9 (+33.2) sample/sec 	RMSE = 20.43431, RULscore = 101416.78114, CLIP_Loss = 1.03340 	
2024-11-02 00:00:03,048 Train-Epoch[8/160]Batch[100]	Speed 4611.5 (+29.3) sample/sec 	RMSE = 20.79315, RULscore = 250273.64034, CLIP_Loss = 1.03394 	
2024-11-02 00:00:04,344 Train-Epoch[8/160]Batch[150]	Speed 4939.8 (+32.9) sample/sec 	RMSE = 20.49412, RULscore = 394481.16712, CLIP_Loss = 1.03309 	
2024-11-02 00:00:05,770 Train-Epoch[8/160]Batch[200]	Speed 4488.7 (+27.5) sample/sec 	RMSE = 20.30409, RULscore = 531757.60021, CLIP_Loss = 1.03629 	
2024-11-02 00:00:07,193 Train-Epoch[8/160]Batch[250]	Speed 4496.9 (+26.1) sample/sec 	RMSE = 20.39671, RULscore = 683678.74539, CLIP_Loss = 1.03712 	
2024-11-02 00:00:08,527 Train-Epoch[8/160]Batch[300]	Speed 4798.4 (+30.5) sample/sec 	RMSE = 20.47937, RULscore = 808659.80581, CLIP_Loss = 1.03330 	
2024-11-02 00:00:09,647 Train-Epoch[8/160]Batch[339]	Speed 4317.2 (+26.2) sample/sec 	RMSE = 20.40493, RULscore = 911095.11217, CLIP_Loss = 1.03055 	
2024-11-02 00:00:09,700 Test-Epoch[8/160]Batch[0]	Speed 1177.7 (+2942.6) sample/sec 	RMSE = 19.81495, RULscore = 501.93513, CLIP_Loss = 1.39270 	
2024-11-02 00:00:09,740 Test-Epoch[8/160]Batch[3]	Speed 5472.8 (+306.5) sample/sec 	RMSE = 19.47687, RULscore = 1758.22139, CLIP_Loss = 1.34471 	
2024-11-02 00:00:09,740 Test-Epoch[8/160]Batch[3]	RMSE = 19.47687, RULscore = 1758.22139, CLIP_Loss = 1.34471 	
2024-11-02 00:00:09,741 Final_Epoch [8]   time cost: 9.49 sec (0.00 h)
2024-11-02 00:00:09,741 Train_RMSE = 20.40493, Train_RULscore = 911095.11217, Train_CLIP_Loss = 1.03055, Test_RMSE = 19.47687, Test_RULscore = 1758.22139, Test_CLIP_Loss = 1.34471, Train_RMSE_cor = 20.98420, Train_RULscore_min = 772665.02147, Test_RMSE_cor = 19.47687, Test_RULscore_min = 1758.22139, Model_ID = 9.00000 	
2024-11-02 00:00:09,750 Checkpoint (model & optimizer) saved to: /home/qchenax/astar/rul_prompt/output/clip/FD004/exp_202411012358_bilstm_clip_ep-0009.pth
2024-11-02 00:00:09,857 Train-Epoch[9/160]Batch[0]	Speed 1297.5 (+1661.9) sample/sec 	RMSE = 19.31422, RULscore = 1042.98835, CLIP_Loss = 1.01303 	
2024-11-02 00:00:11,328 Train-Epoch[9/160]Batch[50]	Speed 4348.3 (+26.8) sample/sec 	RMSE = 21.23149, RULscore = 161401.32083, CLIP_Loss = 1.04001 	
2024-11-02 00:00:12,631 Train-Epoch[9/160]Batch[100]	Speed 4912.0 (+31.7) sample/sec 	RMSE = 20.81945, RULscore = 354910.73715, CLIP_Loss = 1.03490 	
2024-11-02 00:00:14,043 Train-Epoch[9/160]Batch[150]	Speed 4532.5 (+27.9) sample/sec 	RMSE = 20.63009, RULscore = 560251.82293, CLIP_Loss = 1.03142 	
2024-11-02 00:00:15,396 Train-Epoch[9/160]Batch[200]	Speed 4732.0 (+29.2) sample/sec 	RMSE = 20.36448, RULscore = 686258.75803, CLIP_Loss = 1.03288 	
2024-11-02 00:00:16,672 Train-Epoch[9/160]Batch[250]	Speed 5015.3 (+32.4) sample/sec 	RMSE = 20.33431, RULscore = 833439.52782, CLIP_Loss = 1.03539 	
2024-11-02 00:00:18,083 Train-Epoch[9/160]Batch[300]	Speed 4535.5 (+27.5) sample/sec 	RMSE = 20.25387, RULscore = 920804.88946, CLIP_Loss = 1.03183 	
2024-11-02 00:00:19,234 Train-Epoch[9/160]Batch[339]	Speed 4179.6 (+24.8) sample/sec 	RMSE = 20.18273, RULscore = 1006185.04727, CLIP_Loss = 1.02847 	
2024-11-02 00:00:19,288 Test-Epoch[9/160]Batch[0]	Speed 1161.7 (+3390.6) sample/sec 	RMSE = 20.86851, RULscore = 478.08948, CLIP_Loss = 1.38887 	
2024-11-02 00:00:19,324 Test-Epoch[9/160]Batch[3]	Speed 6947.2 (+458.3) sample/sec 	RMSE = 20.64232, RULscore = 1781.48120, CLIP_Loss = 1.33931 	
2024-11-02 00:00:19,325 Test-Epoch[9/160]Batch[3]	RMSE = 20.64232, RULscore = 1781.48120, CLIP_Loss = 1.33931 	
2024-11-02 00:00:19,325 Final_Epoch [9]   time cost: 9.57 sec (0.00 h)
2024-11-02 00:00:19,325 Train_RMSE = 20.18273, Train_RULscore = 1006185.04727, Train_CLIP_Loss = 1.02847, Test_RMSE = 20.64232, Test_RULscore = 1781.48120, Test_CLIP_Loss = 1.33931, Train_RMSE_cor = 20.98420, Train_RULscore_min = 772665.02147, Test_RMSE_cor = 19.47687, Test_RULscore_min = 1758.22139, Model_ID = 9.00000 	
2024-11-02 00:00:19,330 Checkpoint (model & optimizer) saved to: /home/qchenax/astar/rul_prompt/output/clip/FD004/exp_202411012358_bilstm_clip_ep-0010.pth
2024-11-02 00:00:19,429 Train-Epoch[10/160]Batch[0]	Speed 1376.1 (+2574.5) sample/sec 	RMSE = 20.48761, RULscore = 3326.80056, CLIP_Loss = 1.00692 	
2024-11-02 00:00:20,792 Train-Epoch[10/160]Batch[50]	Speed 4697.8 (+29.8) sample/sec 	RMSE = 19.77436, RULscore = 146314.80558, CLIP_Loss = 1.03635 	
2024-11-02 00:00:22,203 Train-Epoch[10/160]Batch[100]	Speed 4534.5 (+30.3) sample/sec 	RMSE = 20.07057, RULscore = 359305.78051, CLIP_Loss = 1.03304 	
2024-11-02 00:00:23,572 Train-Epoch[10/160]Batch[150]	Speed 4674.4 (+28.1) sample/sec 	RMSE = 20.30568, RULscore = 538486.19567, CLIP_Loss = 1.03431 	
2024-11-02 00:00:24,866 Train-Epoch[10/160]Batch[200]	Speed 4947.9 (+31.5) sample/sec 	RMSE = 20.05598, RULscore = 687440.28525, CLIP_Loss = 1.03484 	
2024-11-02 00:00:26,227 Train-Epoch[10/160]Batch[250]	Speed 4701.2 (+28.3) sample/sec 	RMSE = 20.10663, RULscore = 858228.61001, CLIP_Loss = 1.03543 	
2024-11-02 00:00:27,606 Train-Epoch[10/160]Batch[300]	Speed 4641.2 (+28.0) sample/sec 	RMSE = 19.93341, RULscore = 937382.15358, CLIP_Loss = 1.03206 	
2024-11-02 00:00:28,605 Train-Epoch[10/160]Batch[339]	Speed 4828.0 (+33.6) sample/sec 	RMSE = 20.03860, RULscore = 1054887.22743, CLIP_Loss = 1.02996 	
2024-11-02 00:00:28,657 Test-Epoch[10/160]Batch[0]	Speed 1214.0 (+1935.2) sample/sec 	RMSE = 20.67615, RULscore = 528.40509, CLIP_Loss = 1.39348 	
2024-11-02 00:00:28,690 Test-Epoch[10/160]Batch[3]	Speed 6991.2 (+602.1) sample/sec 	RMSE = 20.56173, RULscore = 2015.07387, CLIP_Loss = 1.34283 	
2024-11-02 00:00:28,690 Test-Epoch[10/160]Batch[3]	RMSE = 20.56173, RULscore = 2015.07387, CLIP_Loss = 1.34283 	
2024-11-02 00:00:28,690 Final_Epoch [10]   time cost: 9.36 sec (0.00 h)
2024-11-02 00:00:28,690 Train_RMSE = 20.03860, Train_RULscore = 1054887.22743, Train_CLIP_Loss = 1.02996, Test_RMSE = 20.56173, Test_RULscore = 2015.07387, Test_CLIP_Loss = 1.34283, Train_RMSE_cor = 20.98420, Train_RULscore_min = 772665.02147, Test_RMSE_cor = 19.47687, Test_RULscore_min = 1758.22139, Model_ID = 9.00000 	
2024-11-02 00:00:28,697 Checkpoint (model & optimizer) saved to: /home/qchenax/astar/rul_prompt/output/clip/FD004/exp_202411012358_bilstm_clip_ep-0011.pth
2024-11-02 00:00:28,799 Train-Epoch[11/160]Batch[0]	Speed 1346.3 (+1622.5) sample/sec 	RMSE = 24.96482, RULscore = 2879.99067, CLIP_Loss = 1.01069 	
2024-11-02 00:00:30,137 Train-Epoch[11/160]Batch[50]	Speed 4783.1 (+30.8) sample/sec 	RMSE = 20.52332, RULscore = 189544.57794, CLIP_Loss = 1.03743 	
2024-11-02 00:00:31,441 Train-Epoch[11/160]Batch[100]	Speed 4906.4 (+31.6) sample/sec 	RMSE = 20.56465, RULscore = 372335.68245, CLIP_Loss = 1.03603 	
2024-11-02 00:00:32,886 Train-Epoch[11/160]Batch[150]	Speed 4428.8 (+26.6) sample/sec 	RMSE = 20.38947, RULscore = 556804.46531, CLIP_Loss = 1.03330 	
2024-11-02 00:00:34,366 Train-Epoch[11/160]Batch[200]	Speed 4325.3 (+27.5) sample/sec 	RMSE = 20.06134, RULscore = 704132.45495, CLIP_Loss = 1.03653 	
2024-11-02 00:00:35,779 Train-Epoch[11/160]Batch[250]	Speed 4527.3 (+35.3) sample/sec 	RMSE = 19.90597, RULscore = 848723.00189, CLIP_Loss = 1.03674 	
2024-11-02 00:00:37,197 Train-Epoch[11/160]Batch[300]	Speed 4515.9 (+31.3) sample/sec 	RMSE = 19.82185, RULscore = 953185.16317, CLIP_Loss = 1.03438 	
2024-11-02 00:00:38,390 Train-Epoch[11/160]Batch[339]	Speed 4033.5 (+26.7) sample/sec 	RMSE = 19.70407, RULscore = 1062362.42308, CLIP_Loss = 1.03153 	
2024-11-02 00:00:38,441 Test-Epoch[11/160]Batch[0]	Speed 1236.2 (+3181.7) sample/sec 	RMSE = 20.11784, RULscore = 494.45641, CLIP_Loss = 1.38885 	
2024-11-02 00:00:38,486 Test-Epoch[11/160]Batch[3]	Speed 5222.2 (+303.3) sample/sec 	RMSE = 20.08318, RULscore = 1933.37693, CLIP_Loss = 1.33891 	
2024-11-02 00:00:38,486 Test-Epoch[11/160]Batch[3]	RMSE = 20.08318, RULscore = 1933.37693, CLIP_Loss = 1.33891 	
2024-11-02 00:00:38,486 Final_Epoch [11]   time cost: 9.79 sec (0.00 h)
2024-11-02 00:00:38,486 Train_RMSE = 19.70407, Train_RULscore = 1062362.42308, Train_CLIP_Loss = 1.03153, Test_RMSE = 20.08318, Test_RULscore = 1933.37693, Test_CLIP_Loss = 1.33891, Train_RMSE_cor = 20.98420, Train_RULscore_min = 772665.02147, Test_RMSE_cor = 19.47687, Test_RULscore_min = 1758.22139, Model_ID = 9.00000 	
2024-11-02 00:00:38,492 Checkpoint (model & optimizer) saved to: /home/qchenax/astar/rul_prompt/output/clip/FD004/exp_202411012358_bilstm_clip_ep-0012.pth
2024-11-02 00:00:38,596 Train-Epoch[12/160]Batch[0]	Speed 1317.7 (+1273.0) sample/sec 	RMSE = 19.59153, RULscore = 957.83170, CLIP_Loss = 1.00807 	
2024-11-02 00:00:40,285 Train-Epoch[12/160]Batch[50]	Speed 3790.4 (+25.0) sample/sec 	RMSE = 19.27786, RULscore = 155516.85862, CLIP_Loss = 1.03037 	
2024-11-02 00:00:41,886 Train-Epoch[12/160]Batch[100]	Speed 3997.6 (+26.5) sample/sec 	RMSE = 19.79428, RULscore = 373465.88363, CLIP_Loss = 1.02805 	
2024-11-02 00:00:43,538 Train-Epoch[12/160]Batch[150]	Speed 3873.7 (+25.6) sample/sec 	RMSE = 19.87834, RULscore = 663535.11476, CLIP_Loss = 1.02830 	
2024-11-02 00:00:45,085 Train-Epoch[12/160]Batch[200]	Speed 4137.9 (+31.9) sample/sec 	RMSE = 19.64739, RULscore = 829956.50371, CLIP_Loss = 1.03209 	
2024-11-02 00:00:46,425 Train-Epoch[12/160]Batch[250]	Speed 4773.9 (+37.7) sample/sec 	RMSE = 19.81768, RULscore = 1007773.13677, CLIP_Loss = 1.03244 	
2024-11-02 00:00:48,005 Train-Epoch[12/160]Batch[300]	Speed 4052.2 (+30.3) sample/sec 	RMSE = 19.80495, RULscore = 1153648.02346, CLIP_Loss = 1.02896 	
2024-11-02 00:00:49,344 Train-Epoch[12/160]Batch[339]	Speed 3585.7 (+25.5) sample/sec 	RMSE = 19.74753, RULscore = 1244240.81643, CLIP_Loss = 1.02574 	
2024-11-02 00:00:49,420 Test-Epoch[12/160]Batch[0]	Speed 830.0 (+1454.9) sample/sec 	RMSE = 22.54018, RULscore = 593.91027, CLIP_Loss = 1.38647 	
2024-11-02 00:00:49,465 Test-Epoch[12/160]Batch[3]	Speed 4959.6 (+275.9) sample/sec 	RMSE = 21.76404, RULscore = 2188.67316, CLIP_Loss = 1.33568 	
2024-11-02 00:00:49,465 Test-Epoch[12/160]Batch[3]	RMSE = 21.76404, RULscore = 2188.67316, CLIP_Loss = 1.33568 	
2024-11-02 00:00:49,465 Final_Epoch [12]   time cost: 10.97 sec (0.00 h)
2024-11-02 00:00:49,465 Train_RMSE = 19.74753, Train_RULscore = 1244240.81643, Train_CLIP_Loss = 1.02574, Test_RMSE = 21.76404, Test_RULscore = 2188.67316, Test_CLIP_Loss = 1.33568, Train_RMSE_cor = 20.98420, Train_RULscore_min = 772665.02147, Test_RMSE_cor = 19.47687, Test_RULscore_min = 1758.22139, Model_ID = 9.00000 	
2024-11-02 00:00:49,474 Checkpoint (model & optimizer) saved to: /home/qchenax/astar/rul_prompt/output/clip/FD004/exp_202411012358_bilstm_clip_ep-0013.pth
2024-11-02 00:00:49,592 Train-Epoch[13/160]Batch[0]	Speed 1153.7 (+1075.1) sample/sec 	RMSE = 22.47029, RULscore = 1152.92690, CLIP_Loss = 1.01072 	
2024-11-02 00:00:51,296 Train-Epoch[13/160]Batch[50]	Speed 3757.0 (+29.3) sample/sec 	RMSE = 20.03949, RULscore = 191936.35456, CLIP_Loss = 1.02729 	
2024-11-02 00:00:52,871 Train-Epoch[13/160]Batch[100]	Speed 4063.5 (+28.5) sample/sec 	RMSE = 20.50336, RULscore = 424926.61446, CLIP_Loss = 1.02824 	
2024-11-02 00:00:54,321 Train-Epoch[13/160]Batch[150]	Speed 4412.1 (+32.1) sample/sec 	RMSE = 20.37795, RULscore = 692252.39491, CLIP_Loss = 1.02813 	
2024-11-02 00:00:55,712 Train-Epoch[13/160]Batch[200]	Speed 4600.7 (+33.2) sample/sec 	RMSE = 19.94793, RULscore = 848892.11963, CLIP_Loss = 1.03136 	
2024-11-02 00:00:57,300 Train-Epoch[13/160]Batch[250]	Speed 4031.3 (+29.0) sample/sec 	RMSE = 19.85090, RULscore = 1017007.35097, CLIP_Loss = 1.03269 	
2024-11-02 00:00:58,750 Train-Epoch[13/160]Batch[300]	Speed 4412.3 (+32.3) sample/sec 	RMSE = 19.99761, RULscore = 1176948.56569, CLIP_Loss = 1.02876 	
2024-11-02 00:00:59,858 Train-Epoch[13/160]Batch[339]	Speed 4343.3 (+32.0) sample/sec 	RMSE = 19.96911, RULscore = 1290921.24998, CLIP_Loss = 1.02591 	
2024-11-02 00:00:59,910 Test-Epoch[13/160]Batch[0]	Speed 1214.9 (+3267.6) sample/sec 	RMSE = 22.58908, RULscore = 603.77886, CLIP_Loss = 1.38351 	
2024-11-02 00:00:59,952 Test-Epoch[13/160]Batch[3]	Speed 5366.8 (+326.0) sample/sec 	RMSE = 22.08403, RULscore = 2220.35149, CLIP_Loss = 1.33531 	
2024-11-02 00:00:59,952 Test-Epoch[13/160]Batch[3]	RMSE = 22.08403, RULscore = 2220.35149, CLIP_Loss = 1.33531 	
2024-11-02 00:00:59,952 Final_Epoch [13]   time cost: 10.48 sec (0.00 h)
2024-11-02 00:00:59,953 Train_RMSE = 19.96911, Train_RULscore = 1290921.24998, Train_CLIP_Loss = 1.02591, Test_RMSE = 22.08403, Test_RULscore = 2220.35149, Test_CLIP_Loss = 1.33531, Train_RMSE_cor = 20.98420, Train_RULscore_min = 772665.02147, Test_RMSE_cor = 19.47687, Test_RULscore_min = 1758.22139, Model_ID = 9.00000 	
2024-11-02 00:00:59,958 Checkpoint (model & optimizer) saved to: /home/qchenax/astar/rul_prompt/output/clip/FD004/exp_202411012358_bilstm_clip_ep-0014.pth
2024-11-02 00:01:00,095 Train-Epoch[14/160]Batch[0]	Speed 976.9 (+767.5) sample/sec 	RMSE = 22.41773, RULscore = 1114.38662, CLIP_Loss = 1.01191 	
2024-11-02 00:01:01,508 Train-Epoch[14/160]Batch[50]	Speed 4529.4 (+38.5) sample/sec 	RMSE = 19.90798, RULscore = 163362.68406, CLIP_Loss = 1.03430 	
2024-11-02 00:01:02,922 Train-Epoch[14/160]Batch[100]	Speed 4525.5 (+33.2) sample/sec 	RMSE = 19.85089, RULscore = 363257.19385, CLIP_Loss = 1.02951 	
2024-11-02 00:01:04,303 Train-Epoch[14/160]Batch[150]	Speed 4635.1 (+35.1) sample/sec 	RMSE = 19.88712, RULscore = 642297.36893, CLIP_Loss = 1.02647 	
2024-11-02 00:01:05,656 Train-Epoch[14/160]Batch[200]	Speed 4729.4 (+35.2) sample/sec 	RMSE = 19.64909, RULscore = 769674.23996, CLIP_Loss = 1.02821 	
2024-11-02 00:01:07,023 Train-Epoch[14/160]Batch[250]	Speed 4681.3 (+35.5) sample/sec 	RMSE = 19.51060, RULscore = 896174.72694, CLIP_Loss = 1.03075 	
2024-11-02 00:01:08,520 Train-Epoch[14/160]Batch[300]	Speed 4275.2 (+30.0) sample/sec 	RMSE = 19.46604, RULscore = 1009005.38411, CLIP_Loss = 1.02732 	
2024-11-02 00:01:09,614 Train-Epoch[14/160]Batch[339]	Speed 4402.8 (+34.9) sample/sec 	RMSE = 19.42130, RULscore = 1127054.44893, CLIP_Loss = 1.02398 	
2024-11-02 00:01:09,663 Test-Epoch[14/160]Batch[0]	Speed 1277.8 (+2294.9) sample/sec 	RMSE = 18.81028, RULscore = 409.72685, CLIP_Loss = 1.38123 	
2024-11-02 00:01:09,710 Test-Epoch[14/160]Batch[3]	Speed 4791.9 (+318.9) sample/sec 	RMSE = 18.56487, RULscore = 1509.43167, CLIP_Loss = 1.33410 	
2024-11-02 00:01:09,711 Test-Epoch[14/160]Batch[3]	RMSE = 18.56487, RULscore = 1509.43167, CLIP_Loss = 1.33410 	
2024-11-02 00:01:09,711 Final_Epoch [14]   time cost: 9.75 sec (0.00 h)
2024-11-02 00:01:09,711 Train_RMSE = 19.42130, Train_RULscore = 1127054.44893, Train_CLIP_Loss = 1.02398, Test_RMSE = 18.56487, Test_RULscore = 1509.43167, Test_CLIP_Loss = 1.33410, Train_RMSE_cor = 20.98420, Train_RULscore_min = 772665.02147, Test_RMSE_cor = 18.56487, Test_RULscore_min = 1509.43167, Model_ID = 15.00000 	
2024-11-02 00:01:09,716 Checkpoint (model & optimizer) saved to: /home/qchenax/astar/rul_prompt/output/clip/FD004/exp_202411012358_bilstm_clip_ep-0015.pth
2024-11-02 00:01:09,827 Train-Epoch[15/160]Batch[0]	Speed 1219.2 (+995.7) sample/sec 	RMSE = 19.30593, RULscore = 4381.59819, CLIP_Loss = 1.00197 	
2024-11-02 00:01:11,145 Train-Epoch[15/160]Batch[50]	Speed 4855.7 (+40.0) sample/sec 	RMSE = 19.57361, RULscore = 201069.81692, CLIP_Loss = 1.03262 	
2024-11-02 00:01:12,604 Train-Epoch[15/160]Batch[100]	Speed 4386.8 (+32.5) sample/sec 	RMSE = 19.62753, RULscore = 459473.24663, CLIP_Loss = 1.02895 	
2024-11-02 00:01:14,022 Train-Epoch[15/160]Batch[150]	Speed 4512.4 (+33.1) sample/sec 	RMSE = 20.00294, RULscore = 697708.89239, CLIP_Loss = 1.03016 	
2024-11-02 00:01:15,491 Train-Epoch[15/160]Batch[200]	Speed 4356.2 (+30.1) sample/sec 	RMSE = 19.59484, RULscore = 865655.63045, CLIP_Loss = 1.03070 	
2024-11-02 00:01:16,871 Train-Epoch[15/160]Batch[250]	Speed 4637.4 (+35.1) sample/sec 	RMSE = 19.54365, RULscore = 1038325.26725, CLIP_Loss = 1.03148 	
2024-11-02 00:01:18,388 Train-Epoch[15/160]Batch[300]	Speed 4220.1 (+30.4) sample/sec 	RMSE = 19.32524, RULscore = 1120948.00416, CLIP_Loss = 1.02816 	
2024-11-02 00:01:19,442 Train-Epoch[15/160]Batch[339]	Speed 4592.9 (+34.4) sample/sec 	RMSE = 19.39127, RULscore = 1251161.67120, CLIP_Loss = 1.02614 	
2024-11-02 00:01:19,499 Test-Epoch[15/160]Batch[0]	Speed 1113.7 (+2216.3) sample/sec 	RMSE = 20.52239, RULscore = 455.98655, CLIP_Loss = 1.38872 	
2024-11-02 00:01:19,536 Test-Epoch[15/160]Batch[3]	Speed 6387.9 (+448.9) sample/sec 	RMSE = 21.66503, RULscore = 2137.73390, CLIP_Loss = 1.33940 	
2024-11-02 00:01:19,537 Test-Epoch[15/160]Batch[3]	RMSE = 21.66503, RULscore = 2137.73390, CLIP_Loss = 1.33940 	
2024-11-02 00:01:19,537 Final_Epoch [15]   time cost: 9.82 sec (0.00 h)
2024-11-02 00:01:19,537 Train_RMSE = 19.39127, Train_RULscore = 1251161.67120, Train_CLIP_Loss = 1.02614, Test_RMSE = 21.66503, Test_RULscore = 2137.73390, Test_CLIP_Loss = 1.33940, Train_RMSE_cor = 20.98420, Train_RULscore_min = 772665.02147, Test_RMSE_cor = 18.56487, Test_RULscore_min = 1509.43167, Model_ID = 15.00000 	
2024-11-02 00:01:19,541 Checkpoint (model & optimizer) saved to: /home/qchenax/astar/rul_prompt/output/clip/FD004/exp_202411012358_bilstm_clip_ep-0016.pth
2024-11-02 00:01:19,642 Train-Epoch[16/160]Batch[0]	Speed 1362.0 (+1899.6) sample/sec 	RMSE = 28.94310, RULscore = 4881.99365, CLIP_Loss = 1.00982 	
2024-11-02 00:01:21,106 Train-Epoch[16/160]Batch[50]	Speed 4369.1 (+31.4) sample/sec 	RMSE = 19.18628, RULscore = 177600.50427, CLIP_Loss = 1.03392 	
2024-11-02 00:01:22,622 Train-Epoch[16/160]Batch[100]	Speed 4222.2 (+30.0) sample/sec 	RMSE = 19.80350, RULscore = 409843.59151, CLIP_Loss = 1.03239 	
2024-11-02 00:01:23,988 Train-Epoch[16/160]Batch[150]	Speed 4686.8 (+35.6) sample/sec 	RMSE = 19.79154, RULscore = 656182.10303, CLIP_Loss = 1.02962 	
2024-11-02 00:01:25,406 Train-Epoch[16/160]Batch[200]	Speed 4513.1 (+31.6) sample/sec 	RMSE = 19.54482, RULscore = 818520.37315, CLIP_Loss = 1.03298 	
2024-11-02 00:01:26,776 Train-Epoch[16/160]Batch[250]	Speed 4670.3 (+32.9) sample/sec 	RMSE = 19.58273, RULscore = 1026996.29616, CLIP_Loss = 1.03347 	
2024-11-02 00:01:28,092 Train-Epoch[16/160]Batch[300]	Speed 4862.9 (+37.4) sample/sec 	RMSE = 19.41741, RULscore = 1153745.35727, CLIP_Loss = 1.03107 	
2024-11-02 00:01:29,274 Train-Epoch[16/160]Batch[339]	Speed 4061.2 (+29.1) sample/sec 	RMSE = 19.33105, RULscore = 1257862.01615, CLIP_Loss = 1.02826 	
2024-11-02 00:01:29,330 Test-Epoch[16/160]Batch[0]	Speed 1126.7 (+2065.1) sample/sec 	RMSE = 20.78195, RULscore = 472.96234, CLIP_Loss = 1.38672 	
2024-11-02 00:01:29,378 Test-Epoch[16/160]Batch[3]	Speed 4659.7 (+266.9) sample/sec 	RMSE = 20.58119, RULscore = 1933.06336, CLIP_Loss = 1.33563 	
2024-11-02 00:01:29,379 Test-Epoch[16/160]Batch[3]	RMSE = 20.58119, RULscore = 1933.06336, CLIP_Loss = 1.33563 	
2024-11-02 00:01:29,379 Final_Epoch [16]   time cost: 9.84 sec (0.00 h)
2024-11-02 00:01:29,379 Train_RMSE = 19.33105, Train_RULscore = 1257862.01615, Train_CLIP_Loss = 1.02826, Test_RMSE = 20.58119, Test_RULscore = 1933.06336, Test_CLIP_Loss = 1.33563, Train_RMSE_cor = 20.98420, Train_RULscore_min = 772665.02147, Test_RMSE_cor = 18.56487, Test_RULscore_min = 1509.43167, Model_ID = 15.00000 	
2024-11-02 00:01:29,384 Checkpoint (model & optimizer) saved to: /home/qchenax/astar/rul_prompt/output/clip/FD004/exp_202411012358_bilstm_clip_ep-0017.pth
2024-11-02 00:01:29,477 Train-Epoch[17/160]Batch[0]	Speed 1472.5 (+1880.6) sample/sec 	RMSE = 20.94431, RULscore = 1034.47453, CLIP_Loss = 1.00947 	
2024-11-02 00:01:30,923 Train-Epoch[17/160]Batch[50]	Speed 4426.5 (+31.6) sample/sec 	RMSE = 18.91881, RULscore = 175470.50450, CLIP_Loss = 1.02790 	
2024-11-02 00:01:32,224 Train-Epoch[17/160]Batch[100]	Speed 4920.7 (+32.9) sample/sec 	RMSE = 19.65174, RULscore = 448785.43966, CLIP_Loss = 1.02543 	
2024-11-02 00:01:33,644 Train-Epoch[17/160]Batch[150]	Speed 4505.0 (+34.1) sample/sec 	RMSE = 19.90744, RULscore = 744795.21660, CLIP_Loss = 1.02568 	
2024-11-02 00:01:35,073 Train-Epoch[17/160]Batch[200]	Speed 4479.0 (+32.1) sample/sec 	RMSE = 19.68511, RULscore = 935670.60051, CLIP_Loss = 1.02932 	
2024-11-02 00:01:36,478 Train-Epoch[17/160]Batch[250]	Speed 4555.0 (+32.3) sample/sec 	RMSE = 19.66293, RULscore = 1112172.27619, CLIP_Loss = 1.02993 	
2024-11-02 00:01:37,896 Train-Epoch[17/160]Batch[300]	Speed 4513.0 (+32.1) sample/sec 	RMSE = 19.65104, RULscore = 1244330.35626, CLIP_Loss = 1.02666 	
2024-11-02 00:01:39,001 Train-Epoch[17/160]Batch[339]	Speed 4354.4 (+31.7) sample/sec 	RMSE = 19.51734, RULscore = 1369451.91915, CLIP_Loss = 1.02333 	
2024-11-02 00:01:39,052 Test-Epoch[17/160]Batch[0]	Speed 1246.9 (+2659.0) sample/sec 	RMSE = 19.02545, RULscore = 386.28825, CLIP_Loss = 1.38458 	
2024-11-02 00:01:39,087 Test-Epoch[17/160]Batch[3]	Speed 6900.2 (+471.9) sample/sec 	RMSE = 19.06257, RULscore = 1559.99599, CLIP_Loss = 1.33622 	
2024-11-02 00:01:39,088 Test-Epoch[17/160]Batch[3]	RMSE = 19.06257, RULscore = 1559.99599, CLIP_Loss = 1.33622 	
2024-11-02 00:01:39,088 Final_Epoch [17]   time cost: 9.70 sec (0.00 h)
2024-11-02 00:01:39,088 Train_RMSE = 19.51734, Train_RULscore = 1369451.91915, Train_CLIP_Loss = 1.02333, Test_RMSE = 19.06257, Test_RULscore = 1559.99599, Test_CLIP_Loss = 1.33622, Train_RMSE_cor = 20.98420, Train_RULscore_min = 772665.02147, Test_RMSE_cor = 18.56487, Test_RULscore_min = 1509.43167, Model_ID = 15.00000 	
2024-11-02 00:01:39,098 Checkpoint (model & optimizer) saved to: /home/qchenax/astar/rul_prompt/output/clip/FD004/exp_202411012358_bilstm_clip_ep-0018.pth
2024-11-02 00:01:39,226 Train-Epoch[18/160]Batch[0]	Speed 1063.3 (+847.9) sample/sec 	RMSE = 18.50971, RULscore = 775.46569, CLIP_Loss = 1.01191 	
2024-11-02 00:01:40,735 Train-Epoch[18/160]Batch[50]	Speed 4241.2 (+30.0) sample/sec 	RMSE = 19.11591, RULscore = 235917.20733, CLIP_Loss = 1.02584 	
2024-11-02 00:01:42,148 Train-Epoch[18/160]Batch[100]	Speed 4526.5 (+31.7) sample/sec 	RMSE = 19.52790, RULscore = 435355.01885, CLIP_Loss = 1.02650 	
2024-11-02 00:01:43,638 Train-Epoch[18/160]Batch[150]	Speed 4295.4 (+29.5) sample/sec 	RMSE = 19.39280, RULscore = 674218.50273, CLIP_Loss = 1.02582 	
2024-11-02 00:01:44,977 Train-Epoch[18/160]Batch[200]	Speed 4781.9 (+29.4) sample/sec 	RMSE = 19.22238, RULscore = 858284.50939, CLIP_Loss = 1.02910 	
2024-11-02 00:01:46,429 Train-Epoch[18/160]Batch[250]	Speed 4407.1 (+26.0) sample/sec 	RMSE = 19.26146, RULscore = 1040441.36403, CLIP_Loss = 1.03027 	
2024-11-02 00:01:47,602 Train-Epoch[18/160]Batch[300]	Speed 5456.2 (+40.5) sample/sec 	RMSE = 19.14097, RULscore = 1194967.84589, CLIP_Loss = 1.02629 	
2024-11-02 00:01:48,742 Train-Epoch[18/160]Batch[339]	Speed 4196.8 (+25.5) sample/sec 	RMSE = 19.11635, RULscore = 1349624.34848, CLIP_Loss = 1.02349 	
2024-11-02 00:01:48,806 Test-Epoch[18/160]Batch[0]	Speed 986.6 (+3025.3) sample/sec 	RMSE = 21.88660, RULscore = 564.48275, CLIP_Loss = 1.38423 	
2024-11-02 00:01:48,847 Test-Epoch[18/160]Batch[3]	Speed 5270.5 (+173.2) sample/sec 	RMSE = 21.59402, RULscore = 2210.68836, CLIP_Loss = 1.33588 	
2024-11-02 00:01:48,848 Test-Epoch[18/160]Batch[3]	RMSE = 21.59402, RULscore = 2210.68836, CLIP_Loss = 1.33588 	
2024-11-02 00:01:48,848 Final_Epoch [18]   time cost: 9.75 sec (0.00 h)
2024-11-02 00:01:48,848 Train_RMSE = 19.11635, Train_RULscore = 1349624.34848, Train_CLIP_Loss = 1.02349, Test_RMSE = 21.59402, Test_RULscore = 2210.68836, Test_CLIP_Loss = 1.33588, Train_RMSE_cor = 20.98420, Train_RULscore_min = 772665.02147, Test_RMSE_cor = 18.56487, Test_RULscore_min = 1509.43167, Model_ID = 15.00000 	
2024-11-02 00:01:48,854 Checkpoint (model & optimizer) saved to: /home/qchenax/astar/rul_prompt/output/clip/FD004/exp_202411012358_bilstm_clip_ep-0019.pth
2024-11-02 00:01:48,949 Train-Epoch[19/160]Batch[0]	Speed 1431.7 (+1901.3) sample/sec 	RMSE = 22.00089, RULscore = 1194.93793, CLIP_Loss = 1.01151 	
2024-11-02 00:01:50,232 Train-Epoch[19/160]Batch[50]	Speed 4989.4 (+52.7) sample/sec 	RMSE = 19.03204, RULscore = 232534.62622, CLIP_Loss = 1.03270 	
2024-11-02 00:01:51,667 Train-Epoch[19/160]Batch[100]	Speed 4458.2 (+27.4) sample/sec 	RMSE = 19.41806, RULscore = 532313.37112, CLIP_Loss = 1.02816 	
2024-11-02 00:01:53,000 Train-Epoch[19/160]Batch[150]	Speed 4803.8 (+32.8) sample/sec 	RMSE = 19.23310, RULscore = 725453.79395, CLIP_Loss = 1.02492 	
2024-11-02 00:01:54,332 Train-Epoch[19/160]Batch[200]	Speed 4803.1 (+32.0) sample/sec 	RMSE = 19.19039, RULscore = 866878.84597, CLIP_Loss = 1.02638 	
2024-11-02 00:01:55,724 Train-Epoch[19/160]Batch[250]	Speed 4597.0 (+28.5) sample/sec 	RMSE = 19.08311, RULscore = 1043854.54786, CLIP_Loss = 1.02893 	
2024-11-02 00:01:56,981 Train-Epoch[19/160]Batch[300]	Speed 5092.2 (+34.6) sample/sec 	RMSE = 18.92771, RULscore = 1184560.95290, CLIP_Loss = 1.02546 	
2024-11-02 00:01:58,066 Train-Epoch[19/160]Batch[339]	Speed 4413.4 (+26.4) sample/sec 	RMSE = 18.96751, RULscore = 1326624.45381, CLIP_Loss = 1.02210 	
2024-11-02 00:01:58,117 Test-Epoch[19/160]Batch[0]	Speed 1238.5 (+3554.8) sample/sec 	RMSE = 19.77434, RULscore = 420.66113, CLIP_Loss = 1.38168 	
2024-11-02 00:01:58,145 Test-Epoch[19/160]Batch[3]	Speed 8681.3 (+820.5) sample/sec 	RMSE = 20.01837, RULscore = 1786.80771, CLIP_Loss = 1.33408 	
2024-11-02 00:01:58,146 Test-Epoch[19/160]Batch[3]	RMSE = 20.01837, RULscore = 1786.80771, CLIP_Loss = 1.33408 	
2024-11-02 00:01:58,146 Final_Epoch [19]   time cost: 9.29 sec (0.00 h)
2024-11-02 00:01:58,146 Train_RMSE = 18.96751, Train_RULscore = 1326624.45381, Train_CLIP_Loss = 1.02210, Test_RMSE = 20.01837, Test_RULscore = 1786.80771, Test_CLIP_Loss = 1.33408, Train_RMSE_cor = 20.98420, Train_RULscore_min = 772665.02147, Test_RMSE_cor = 18.56487, Test_RULscore_min = 1509.43167, Model_ID = 15.00000 	
2024-11-02 00:01:58,153 Checkpoint (model & optimizer) saved to: /home/qchenax/astar/rul_prompt/output/clip/FD004/exp_202411012358_bilstm_clip_ep-0020.pth
2024-11-02 00:01:58,248 Train-Epoch[20/160]Batch[0]	Speed 1447.3 (+2411.8) sample/sec 	RMSE = 19.66298, RULscore = 8289.05131, CLIP_Loss = 0.99919 	
2024-11-02 00:01:59,737 Train-Epoch[20/160]Batch[50]	Speed 4296.2 (+25.4) sample/sec 	RMSE = 18.66211, RULscore = 192333.37273, CLIP_Loss = 1.03131 	
2024-11-02 00:02:01,147 Train-Epoch[20/160]Batch[100]	Speed 4538.8 (+29.6) sample/sec 	RMSE = 18.80284, RULscore = 421949.88528, CLIP_Loss = 1.02757 	
2024-11-02 00:02:02,514 Train-Epoch[20/160]Batch[150]	Speed 4684.2 (+29.1) sample/sec 	RMSE = 19.16456, RULscore = 692179.12384, CLIP_Loss = 1.02865 	
2024-11-02 00:02:03,875 Train-Epoch[20/160]Batch[200]	Speed 4701.8 (+28.6) sample/sec 	RMSE = 19.02393, RULscore = 893754.19424, CLIP_Loss = 1.02920 	
2024-11-02 00:02:05,220 Train-Epoch[20/160]Batch[250]	Speed 4756.6 (+29.1) sample/sec 	RMSE = 18.93611, RULscore = 1086876.43750, CLIP_Loss = 1.02991 	
2024-11-02 00:02:06,558 Train-Epoch[20/160]Batch[300]	Speed 4783.9 (+29.5) sample/sec 	RMSE = 18.80761, RULscore = 1201420.67474, CLIP_Loss = 1.02659 	
2024-11-02 00:02:07,614 Train-Epoch[20/160]Batch[339]	Speed 4559.3 (+28.3) sample/sec 	RMSE = 18.80528, RULscore = 1348862.19839, CLIP_Loss = 1.02446 	
2024-11-02 00:02:07,668 Test-Epoch[20/160]Batch[0]	Speed 1162.8 (+2045.3) sample/sec 	RMSE = 20.17695, RULscore = 411.43455, CLIP_Loss = 1.38440 	
2024-11-02 00:02:07,709 Test-Epoch[20/160]Batch[3]	Speed 6025.1 (+300.4) sample/sec 	RMSE = 20.61875, RULscore = 1801.87640, CLIP_Loss = 1.33431 	
2024-11-02 00:02:07,710 Test-Epoch[20/160]Batch[3]	RMSE = 20.61875, RULscore = 1801.87640, CLIP_Loss = 1.33431 	
2024-11-02 00:02:07,710 Final_Epoch [20]   time cost: 9.56 sec (0.00 h)
2024-11-02 00:02:07,710 Train_RMSE = 18.80528, Train_RULscore = 1348862.19839, Train_CLIP_Loss = 1.02446, Test_RMSE = 20.61875, Test_RULscore = 1801.87640, Test_CLIP_Loss = 1.33431, Train_RMSE_cor = 20.98420, Train_RULscore_min = 772665.02147, Test_RMSE_cor = 18.56487, Test_RULscore_min = 1509.43167, Model_ID = 15.00000 	
2024-11-02 00:02:07,715 Checkpoint (model & optimizer) saved to: /home/qchenax/astar/rul_prompt/output/clip/FD004/exp_202411012358_bilstm_clip_ep-0021.pth
2024-11-02 00:02:07,820 Train-Epoch[21/160]Batch[0]	Speed 1300.8 (+1478.6) sample/sec 	RMSE = 23.23000, RULscore = 2149.37388, CLIP_Loss = 1.01046 	
2024-11-02 00:02:09,175 Train-Epoch[21/160]Batch[50]	Speed 4723.3 (+32.0) sample/sec 	RMSE = 19.77170, RULscore = 248959.44339, CLIP_Loss = 1.03248 	
2024-11-02 00:02:10,480 Train-Epoch[21/160]Batch[100]	Speed 4902.3 (+33.4) sample/sec 	RMSE = 19.47266, RULscore = 432528.80282, CLIP_Loss = 1.03048 	
2024-11-02 00:02:11,869 Train-Epoch[21/160]Batch[150]	Speed 4608.4 (+28.8) sample/sec 	RMSE = 19.54468, RULscore = 683200.14665, CLIP_Loss = 1.02750 	
2024-11-02 00:02:13,166 Train-Epoch[21/160]Batch[200]	Speed 4935.5 (+32.3) sample/sec 	RMSE = 19.31338, RULscore = 863915.16019, CLIP_Loss = 1.03116 	
2024-11-02 00:02:14,531 Train-Epoch[21/160]Batch[250]	Speed 4686.5 (+30.4) sample/sec 	RMSE = 19.27007, RULscore = 1029955.17309, CLIP_Loss = 1.03158 	
2024-11-02 00:02:15,900 Train-Epoch[21/160]Batch[300]	Speed 4674.6 (+29.5) sample/sec 	RMSE = 19.25633, RULscore = 1202550.50535, CLIP_Loss = 1.02924 	
2024-11-02 00:02:17,002 Train-Epoch[21/160]Batch[339]	Speed 4368.9 (+27.6) sample/sec 	RMSE = 19.09035, RULscore = 1299959.28466, CLIP_Loss = 1.02637 	
2024-11-02 00:02:17,053 Test-Epoch[21/160]Batch[0]	Speed 1231.9 (+2475.4) sample/sec 	RMSE = 20.15800, RULscore = 448.94444, CLIP_Loss = 1.38418 	
2024-11-02 00:02:17,089 Test-Epoch[21/160]Batch[3]	Speed 6264.8 (+425.0) sample/sec 	RMSE = 20.70872, RULscore = 2089.42006, CLIP_Loss = 1.33649 	
2024-11-02 00:02:17,089 Test-Epoch[21/160]Batch[3]	RMSE = 20.70872, RULscore = 2089.42006, CLIP_Loss = 1.33649 	
2024-11-02 00:02:17,089 Final_Epoch [21]   time cost: 9.37 sec (0.00 h)
2024-11-02 00:02:17,089 Train_RMSE = 19.09035, Train_RULscore = 1299959.28466, Train_CLIP_Loss = 1.02637, Test_RMSE = 20.70872, Test_RULscore = 2089.42006, Test_CLIP_Loss = 1.33649, Train_RMSE_cor = 20.98420, Train_RULscore_min = 772665.02147, Test_RMSE_cor = 18.56487, Test_RULscore_min = 1509.43167, Model_ID = 15.00000 	
2024-11-02 00:02:17,094 Checkpoint (model & optimizer) saved to: /home/qchenax/astar/rul_prompt/output/clip/FD004/exp_202411012358_bilstm_clip_ep-0022.pth
2024-11-02 00:02:17,189 Train-Epoch[22/160]Batch[0]	Speed 1443.5 (+2362.4) sample/sec 	RMSE = 21.28490, RULscore = 1207.20095, CLIP_Loss = 1.00940 	
2024-11-02 00:02:18,540 Train-Epoch[22/160]Batch[50]	Speed 4737.2 (+33.1) sample/sec 	RMSE = 18.87855, RULscore = 201976.05398, CLIP_Loss = 1.02675 	
2024-11-02 00:02:19,865 Train-Epoch[22/160]Batch[100]	Speed 4829.6 (+31.1) sample/sec 	RMSE = 19.42790, RULscore = 457618.75248, CLIP_Loss = 1.02386 	
2024-11-02 00:02:21,215 Train-Epoch[22/160]Batch[150]	Speed 4743.0 (+59.0) sample/sec 	RMSE = 20.44130, RULscore = 891952.67844, CLIP_Loss = 1.02402 	
2024-11-02 00:02:22,486 Train-Epoch[22/160]Batch[200]	Speed 5033.4 (+34.6) sample/sec 	RMSE = 20.12768, RULscore = 1135316.37349, CLIP_Loss = 1.02781 	
2024-11-02 00:02:23,787 Train-Epoch[22/160]Batch[250]	Speed 4920.8 (+34.2) sample/sec 	RMSE = 19.78883, RULscore = 1342501.72710, CLIP_Loss = 1.02813 	
2024-11-02 00:02:25,054 Train-Epoch[22/160]Batch[300]	Speed 5049.3 (+34.9) sample/sec 	RMSE = 19.57790, RULscore = 1507969.95913, CLIP_Loss = 1.02475 	
2024-11-02 00:02:26,155 Train-Epoch[22/160]Batch[339]	Speed 4358.7 (+31.4) sample/sec 	RMSE = 19.47787, RULscore = 1696848.53305, CLIP_Loss = 1.02147 	
2024-11-02 00:02:26,203 Test-Epoch[22/160]Batch[0]	Speed 1308.3 (+3036.4) sample/sec 	RMSE = 19.83928, RULscore = 408.45794, CLIP_Loss = 1.38480 	
2024-11-02 00:02:26,236 Test-Epoch[22/160]Batch[3]	Speed 7315.0 (+576.1) sample/sec 	RMSE = 20.13177, RULscore = 1763.71300, CLIP_Loss = 1.33406 	
2024-11-02 00:02:26,236 Test-Epoch[22/160]Batch[3]	RMSE = 20.13177, RULscore = 1763.71300, CLIP_Loss = 1.33406 	
2024-11-02 00:02:26,236 Final_Epoch [22]   time cost: 9.14 sec (0.00 h)
2024-11-02 00:02:26,236 Train_RMSE = 19.47787, Train_RULscore = 1696848.53305, Train_CLIP_Loss = 1.02147, Test_RMSE = 20.13177, Test_RULscore = 1763.71300, Test_CLIP_Loss = 1.33406, Train_RMSE_cor = 20.98420, Train_RULscore_min = 772665.02147, Test_RMSE_cor = 18.56487, Test_RULscore_min = 1509.43167, Model_ID = 15.00000 	
2024-11-02 00:02:26,245 Checkpoint (model & optimizer) saved to: /home/qchenax/astar/rul_prompt/output/clip/FD004/exp_202411012358_bilstm_clip_ep-0023.pth
2024-11-02 00:02:26,360 Train-Epoch[23/160]Batch[0]	Speed 1194.0 (+1377.9) sample/sec 	RMSE = 21.57273, RULscore = 1148.84985, CLIP_Loss = 1.01150 	
2024-11-02 00:02:27,736 Train-Epoch[23/160]Batch[50]	Speed 4651.3 (+36.6) sample/sec 	RMSE = 19.20366, RULscore = 305736.55826, CLIP_Loss = 1.02457 	
2024-11-02 00:02:29,133 Train-Epoch[23/160]Batch[100]	Speed 4578.7 (+28.6) sample/sec 	RMSE = 19.45104, RULscore = 552947.99319, CLIP_Loss = 1.02492 	
2024-11-02 00:02:30,417 Train-Epoch[23/160]Batch[150]	Speed 4987.7 (+34.0) sample/sec 	RMSE = 19.42339, RULscore = 842526.39105, CLIP_Loss = 1.02427 	
2024-11-02 00:02:31,658 Train-Epoch[23/160]Batch[200]	Speed 5156.5 (+35.1) sample/sec 	RMSE = 19.34085, RULscore = 1028500.64475, CLIP_Loss = 1.02776 	
2024-11-02 00:02:32,866 Train-Epoch[23/160]Batch[250]	Speed 5298.0 (+38.5) sample/sec 	RMSE = 19.43990, RULscore = 1265401.06897, CLIP_Loss = 1.02898 	
2024-11-02 00:02:34,213 Train-Epoch[23/160]Batch[300]	Speed 4749.5 (+30.0) sample/sec 	RMSE = 19.23364, RULscore = 1423498.38506, CLIP_Loss = 1.02496 	
2024-11-02 00:02:35,240 Train-Epoch[23/160]Batch[339]	Speed 4698.8 (+32.4) sample/sec 	RMSE = 19.32420, RULscore = 1684167.37954, CLIP_Loss = 1.02210 	
2024-11-02 00:02:35,294 Test-Epoch[23/160]Batch[0]	Speed 1165.3 (+2130.9) sample/sec 	RMSE = 20.28862, RULscore = 431.21086, CLIP_Loss = 1.38389 	
2024-11-02 00:02:35,331 Test-Epoch[23/160]Batch[3]	Speed 6463.1 (+391.7) sample/sec 	RMSE = 20.78002, RULscore = 1957.80625, CLIP_Loss = 1.33674 	
2024-11-02 00:02:35,331 Test-Epoch[23/160]Batch[3]	RMSE = 20.78002, RULscore = 1957.80625, CLIP_Loss = 1.33674 	
2024-11-02 00:02:35,331 Final_Epoch [23]   time cost: 9.09 sec (0.00 h)
2024-11-02 00:02:35,331 Train_RMSE = 19.32420, Train_RULscore = 1684167.37954, Train_CLIP_Loss = 1.02210, Test_RMSE = 20.78002, Test_RULscore = 1957.80625, Test_CLIP_Loss = 1.33674, Train_RMSE_cor = 20.98420, Train_RULscore_min = 772665.02147, Test_RMSE_cor = 18.56487, Test_RULscore_min = 1509.43167, Model_ID = 15.00000 	
2024-11-02 00:02:35,336 Checkpoint (model & optimizer) saved to: /home/qchenax/astar/rul_prompt/output/clip/FD004/exp_202411012358_bilstm_clip_ep-0024.pth
2024-11-02 00:02:35,450 Train-Epoch[24/160]Batch[0]	Speed 1188.2 (+1282.6) sample/sec 	RMSE = 20.42918, RULscore = 998.69340, CLIP_Loss = 1.01029 	
2024-11-02 00:02:36,766 Train-Epoch[24/160]Batch[50]	Speed 4861.5 (+34.5) sample/sec 	RMSE = 18.84206, RULscore = 292822.63470, CLIP_Loss = 1.03031 	
2024-11-02 00:02:38,136 Train-Epoch[24/160]Batch[100]	Speed 4673.2 (+34.5) sample/sec 	RMSE = 19.52132, RULscore = 539688.07695, CLIP_Loss = 1.02572 	
2024-11-02 00:02:39,404 Train-Epoch[24/160]Batch[150]	Speed 5048.0 (+33.8) sample/sec 	RMSE = 19.53086, RULscore = 826342.91248, CLIP_Loss = 1.02291 	
2024-11-02 00:02:40,818 Train-Epoch[24/160]Batch[200]	Speed 4525.9 (+28.4) sample/sec 	RMSE = 19.37813, RULscore = 1008585.53733, CLIP_Loss = 1.02469 	
2024-11-02 00:02:42,217 Train-Epoch[24/160]Batch[250]	Speed 4574.0 (+30.5) sample/sec 	RMSE = 19.12212, RULscore = 1178728.71996, CLIP_Loss = 1.02711 	
2024-11-02 00:02:43,640 Train-Epoch[24/160]Batch[300]	Speed 4497.5 (+31.3) sample/sec 	RMSE = 18.93923, RULscore = 1361344.47268, CLIP_Loss = 1.02367 	
2024-11-02 00:02:44,740 Train-Epoch[24/160]Batch[339]	Speed 4327.9 (+30.2) sample/sec 	RMSE = 18.96835, RULscore = 1564476.15058, CLIP_Loss = 1.02033 	
2024-11-02 00:02:44,807 Test-Epoch[24/160]Batch[0]	Speed 931.2 (+2360.6) sample/sec 	RMSE = 18.12243, RULscore = 322.22259, CLIP_Loss = 1.37858 	
2024-11-02 00:02:44,837 Test-Epoch[24/160]Batch[3]	Speed 7762.0 (+607.4) sample/sec 	RMSE = 18.55606, RULscore = 1462.71281, CLIP_Loss = 1.32966 	
2024-11-02 00:02:44,837 Test-Epoch[24/160]Batch[3]	RMSE = 18.55606, RULscore = 1462.71281, CLIP_Loss = 1.32966 	
2024-11-02 00:02:44,837 Final_Epoch [24]   time cost: 9.50 sec (0.00 h)
2024-11-02 00:02:44,837 Train_RMSE = 18.96835, Train_RULscore = 1564476.15058, Train_CLIP_Loss = 1.02033, Test_RMSE = 18.55606, Test_RULscore = 1462.71281, Test_CLIP_Loss = 1.32966, Train_RMSE_cor = 20.98420, Train_RULscore_min = 772665.02147, Test_RMSE_cor = 18.55606, Test_RULscore_min = 1462.71281, Model_ID = 25.00000 	
2024-11-02 00:02:44,844 Checkpoint (model & optimizer) saved to: /home/qchenax/astar/rul_prompt/output/clip/FD004/exp_202411012358_bilstm_clip_ep-0025.pth
2024-11-02 00:02:44,941 Train-Epoch[25/160]Batch[0]	Speed 1409.8 (+1992.9) sample/sec 	RMSE = 19.77570, RULscore = 8138.40775, CLIP_Loss = 0.99947 	
2024-11-02 00:02:46,256 Train-Epoch[25/160]Batch[50]	Speed 4868.7 (+33.7) sample/sec 	RMSE = 18.52644, RULscore = 224404.30075, CLIP_Loss = 1.02970 	
2024-11-02 00:02:47,609 Train-Epoch[25/160]Batch[100]	Speed 4730.4 (+30.3) sample/sec 	RMSE = 18.56186, RULscore = 429653.43613, CLIP_Loss = 1.02578 	
2024-11-02 00:02:48,889 Train-Epoch[25/160]Batch[150]	Speed 4997.2 (+33.2) sample/sec 	RMSE = 19.05370, RULscore = 745121.93100, CLIP_Loss = 1.02701 	
2024-11-02 00:02:50,212 Train-Epoch[25/160]Batch[200]	Speed 4839.1 (+33.4) sample/sec 	RMSE = 18.68622, RULscore = 909493.73126, CLIP_Loss = 1.02716 	
2024-11-02 00:02:51,515 Train-Epoch[25/160]Batch[250]	Speed 4913.3 (+33.9) sample/sec 	RMSE = 18.72774, RULscore = 1099814.98528, CLIP_Loss = 1.02807 	
2024-11-02 00:02:52,908 Train-Epoch[25/160]Batch[300]	Speed 4593.8 (+28.8) sample/sec 	RMSE = 18.53862, RULscore = 1215371.89776, CLIP_Loss = 1.02488 	
2024-11-02 00:02:54,092 Train-Epoch[25/160]Batch[339]	Speed 4059.1 (+26.5) sample/sec 	RMSE = 18.47046, RULscore = 1343042.66039, CLIP_Loss = 1.02279 	
2024-11-02 00:02:54,142 Test-Epoch[25/160]Batch[0]	Speed 1262.2 (+2017.7) sample/sec 	RMSE = 19.55720, RULscore = 332.92511, CLIP_Loss = 1.38188 	
2024-11-02 00:02:54,180 Test-Epoch[25/160]Batch[3]	Speed 6250.8 (+433.7) sample/sec 	RMSE = 20.20772, RULscore = 1668.99038, CLIP_Loss = 1.33177 	
2024-11-02 00:02:54,181 Test-Epoch[25/160]Batch[3]	RMSE = 20.20772, RULscore = 1668.99038, CLIP_Loss = 1.33177 	
2024-11-02 00:02:54,181 Final_Epoch [25]   time cost: 9.34 sec (0.00 h)
2024-11-02 00:02:54,181 Train_RMSE = 18.47046, Train_RULscore = 1343042.66039, Train_CLIP_Loss = 1.02279, Test_RMSE = 20.20772, Test_RULscore = 1668.99038, Test_CLIP_Loss = 1.33177, Train_RMSE_cor = 20.98420, Train_RULscore_min = 772665.02147, Test_RMSE_cor = 18.55606, Test_RULscore_min = 1462.71281, Model_ID = 25.00000 	
2024-11-02 00:02:54,190 Checkpoint (model & optimizer) saved to: /home/qchenax/astar/rul_prompt/output/clip/FD004/exp_202411012358_bilstm_clip_ep-0026.pth
2024-11-02 00:02:54,285 Train-Epoch[26/160]Batch[0]	Speed 1452.7 (+1932.8) sample/sec 	RMSE = 23.30102, RULscore = 2383.37908, CLIP_Loss = 1.00926 	
2024-11-02 00:02:55,756 Train-Epoch[26/160]Batch[50]	Speed 4350.7 (+27.9) sample/sec 	RMSE = 18.92548, RULscore = 322882.67148, CLIP_Loss = 1.03057 	
2024-11-02 00:02:57,106 Train-Epoch[26/160]Batch[100]	Speed 4740.4 (+30.7) sample/sec 	RMSE = 18.63414, RULscore = 485500.17589, CLIP_Loss = 1.02902 	
2024-11-02 00:02:58,537 Train-Epoch[26/160]Batch[150]	Speed 4473.1 (+27.8) sample/sec 	RMSE = 18.61937, RULscore = 686113.15347, CLIP_Loss = 1.02634 	
2024-11-02 00:02:59,928 Train-Epoch[26/160]Batch[200]	Speed 4598.0 (+27.5) sample/sec 	RMSE = 18.68743, RULscore = 907178.30330, CLIP_Loss = 1.02995 	
2024-11-02 00:03:01,448 Train-Epoch[26/160]Batch[250]	Speed 4211.2 (+27.3) sample/sec 	RMSE = 18.62386, RULscore = 1093168.26559, CLIP_Loss = 1.03029 	
2024-11-02 00:03:02,796 Train-Epoch[26/160]Batch[300]	Speed 4747.8 (+30.4) sample/sec 	RMSE = 18.57082, RULscore = 1254204.71278, CLIP_Loss = 1.02791 	
2024-11-02 00:03:03,832 Train-Epoch[26/160]Batch[339]	Speed 4636.9 (+30.6) sample/sec 	RMSE = 18.48574, RULscore = 1357348.81223, CLIP_Loss = 1.02507 	
2024-11-02 00:03:03,881 Test-Epoch[26/160]Batch[0]	Speed 1294.6 (+2751.5) sample/sec 	RMSE = 20.48362, RULscore = 465.60922, CLIP_Loss = 1.38300 	
2024-11-02 00:03:03,918 Test-Epoch[26/160]Batch[3]	Speed 6530.8 (+438.9) sample/sec 	RMSE = 20.99687, RULscore = 2072.04922, CLIP_Loss = 1.33514 	
2024-11-02 00:03:03,918 Test-Epoch[26/160]Batch[3]	RMSE = 20.99687, RULscore = 2072.04922, CLIP_Loss = 1.33514 	
2024-11-02 00:03:03,918 Final_Epoch [26]   time cost: 9.73 sec (0.00 h)
2024-11-02 00:03:03,919 Train_RMSE = 18.48574, Train_RULscore = 1357348.81223, Train_CLIP_Loss = 1.02507, Test_RMSE = 20.99687, Test_RULscore = 2072.04922, Test_CLIP_Loss = 1.33514, Train_RMSE_cor = 20.98420, Train_RULscore_min = 772665.02147, Test_RMSE_cor = 18.55606, Test_RULscore_min = 1462.71281, Model_ID = 25.00000 	
2024-11-02 00:03:03,926 Checkpoint (model & optimizer) saved to: /home/qchenax/astar/rul_prompt/output/clip/FD004/exp_202411012358_bilstm_clip_ep-0027.pth
2024-11-02 00:03:04,032 Train-Epoch[27/160]Batch[0]	Speed 1282.2 (+1428.4) sample/sec 	RMSE = 20.57057, RULscore = 1201.36582, CLIP_Loss = 1.00817 	
2024-11-02 00:03:05,353 Train-Epoch[27/160]Batch[50]	Speed 4844.8 (+33.4) sample/sec 	RMSE = 18.26478, RULscore = 230070.46105, CLIP_Loss = 1.02607 	
2024-11-02 00:03:06,690 Train-Epoch[27/160]Batch[100]	Speed 4785.0 (+30.2) sample/sec 	RMSE = 19.05024, RULscore = 453376.56995, CLIP_Loss = 1.02286 	
2024-11-02 00:03:07,963 Train-Epoch[27/160]Batch[150]	Speed 5027.5 (+33.2) sample/sec 	RMSE = 19.06144, RULscore = 699732.55621, CLIP_Loss = 1.02278 	
2024-11-02 00:03:09,346 Train-Epoch[27/160]Batch[200]	Speed 4629.1 (+30.0) sample/sec 	RMSE = 18.92189, RULscore = 886929.62640, CLIP_Loss = 1.02665 	
2024-11-02 00:03:10,862 Train-Epoch[27/160]Batch[250]	Speed 4222.4 (+29.7) sample/sec 	RMSE = 18.73901, RULscore = 1060040.06159, CLIP_Loss = 1.02686 	
2024-11-02 00:03:12,304 Train-Epoch[27/160]Batch[300]	Speed 4436.2 (+30.5) sample/sec 	RMSE = 18.61173, RULscore = 1191205.40183, CLIP_Loss = 1.02347 	
2024-11-02 00:03:13,363 Train-Epoch[27/160]Batch[339]	Speed 4546.1 (+32.5) sample/sec 	RMSE = 18.47722, RULscore = 1262923.04427, CLIP_Loss = 1.02010 	
2024-11-02 00:03:13,419 Test-Epoch[27/160]Batch[0]	Speed 1124.7 (+1924.3) sample/sec 	RMSE = 19.89595, RULscore = 440.54197, CLIP_Loss = 1.38283 	
2024-11-02 00:03:13,452 Test-Epoch[27/160]Batch[3]	Speed 7512.3 (+529.3) sample/sec 	RMSE = 19.92984, RULscore = 1822.35724, CLIP_Loss = 1.33335 	
2024-11-02 00:03:13,452 Test-Epoch[27/160]Batch[3]	RMSE = 19.92984, RULscore = 1822.35724, CLIP_Loss = 1.33335 	
2024-11-02 00:03:13,452 Final_Epoch [27]   time cost: 9.53 sec (0.00 h)
2024-11-02 00:03:13,452 Train_RMSE = 18.47722, Train_RULscore = 1262923.04427, Train_CLIP_Loss = 1.02010, Test_RMSE = 19.92984, Test_RULscore = 1822.35724, Test_CLIP_Loss = 1.33335, Train_RMSE_cor = 20.98420, Train_RULscore_min = 772665.02147, Test_RMSE_cor = 18.55606, Test_RULscore_min = 1462.71281, Model_ID = 25.00000 	
2024-11-02 00:03:13,462 Checkpoint (model & optimizer) saved to: /home/qchenax/astar/rul_prompt/output/clip/FD004/exp_202411012358_bilstm_clip_ep-0028.pth
2024-11-02 00:03:13,583 Train-Epoch[28/160]Batch[0]	Speed 1137.3 (+937.8) sample/sec 	RMSE = 20.34065, RULscore = 1089.47829, CLIP_Loss = 1.00763 	
2024-11-02 00:03:14,947 Train-Epoch[28/160]Batch[50]	Speed 4688.8 (+34.5) sample/sec 	RMSE = 18.09481, RULscore = 211141.71567, CLIP_Loss = 1.02323 	
2024-11-02 00:03:16,476 Train-Epoch[28/160]Batch[100]	Speed 4187.4 (+29.9) sample/sec 	RMSE = 18.40638, RULscore = 424191.75924, CLIP_Loss = 1.02381 	
2024-11-02 00:03:17,895 Train-Epoch[28/160]Batch[150]	Speed 4511.1 (+30.6) sample/sec 	RMSE = 18.26020, RULscore = 615268.03811, CLIP_Loss = 1.02297 	
2024-11-02 00:03:19,466 Train-Epoch[28/160]Batch[200]	Speed 4072.7 (+31.7) sample/sec 	RMSE = 18.27542, RULscore = 747244.34698, CLIP_Loss = 1.02631 	
2024-11-02 00:03:20,827 Train-Epoch[28/160]Batch[250]	Speed 4701.1 (+32.5) sample/sec 	RMSE = 18.36361, RULscore = 929321.55890, CLIP_Loss = 1.02752 	
2024-11-02 00:03:22,339 Train-Epoch[28/160]Batch[300]	Speed 4234.4 (+29.1) sample/sec 	RMSE = 18.21110, RULscore = 1037534.63205, CLIP_Loss = 1.02351 	
2024-11-02 00:03:23,398 Train-Epoch[28/160]Batch[339]	Speed 4555.1 (+34.1) sample/sec 	RMSE = 18.17494, RULscore = 1150364.13825, CLIP_Loss = 1.02059 	
2024-11-02 00:03:23,445 Test-Epoch[28/160]Batch[0]	Speed 1331.6 (+3516.4) sample/sec 	RMSE = 21.87471, RULscore = 557.23914, CLIP_Loss = 1.38721 	
2024-11-02 00:03:23,474 Test-Epoch[28/160]Batch[3]	Speed 8450.5 (+761.4) sample/sec 	RMSE = 21.89740, RULscore = 2381.22202, CLIP_Loss = 1.33800 	
2024-11-02 00:03:23,475 Test-Epoch[28/160]Batch[3]	RMSE = 21.89740, RULscore = 2381.22202, CLIP_Loss = 1.33800 	
2024-11-02 00:03:23,475 Final_Epoch [28]   time cost: 10.01 sec (0.00 h)
2024-11-02 00:03:23,475 Train_RMSE = 18.17494, Train_RULscore = 1150364.13825, Train_CLIP_Loss = 1.02059, Test_RMSE = 21.89740, Test_RULscore = 2381.22202, Test_CLIP_Loss = 1.33800, Train_RMSE_cor = 20.98420, Train_RULscore_min = 772665.02147, Test_RMSE_cor = 18.55606, Test_RULscore_min = 1462.71281, Model_ID = 25.00000 	
2024-11-02 00:03:23,480 Checkpoint (model & optimizer) saved to: /home/qchenax/astar/rul_prompt/output/clip/FD004/exp_202411012358_bilstm_clip_ep-0029.pth
2024-11-02 00:03:23,589 Train-Epoch[29/160]Batch[0]	Speed 1254.4 (+1793.8) sample/sec 	RMSE = 22.01420, RULscore = 1465.09382, CLIP_Loss = 1.01316 	
2024-11-02 00:03:25,309 Train-Epoch[29/160]Batch[50]	Speed 3721.1 (+25.7) sample/sec 	RMSE = 18.25883, RULscore = 140516.10945, CLIP_Loss = 1.02983 	
2024-11-02 00:03:26,943 Train-Epoch[29/160]Batch[100]	Speed 3916.7 (+27.0) sample/sec 	RMSE = 18.29786, RULscore = 332085.18623, CLIP_Loss = 1.02473 	
2024-11-02 00:03:28,486 Train-Epoch[29/160]Batch[150]	Speed 4147.9 (+29.6) sample/sec 	RMSE = 18.36013, RULscore = 553840.60510, CLIP_Loss = 1.02163 	
2024-11-02 00:03:30,002 Train-Epoch[29/160]Batch[200]	Speed 4220.2 (+29.7) sample/sec 	RMSE = 18.30357, RULscore = 686656.80182, CLIP_Loss = 1.02336 	
2024-11-02 00:03:31,430 Train-Epoch[29/160]Batch[250]	Speed 4483.3 (+28.9) sample/sec 	RMSE = 18.20129, RULscore = 819440.80371, CLIP_Loss = 1.02597 	
2024-11-02 00:03:32,850 Train-Epoch[29/160]Batch[300]	Speed 4505.3 (+28.3) sample/sec 	RMSE = 18.00887, RULscore = 951874.63945, CLIP_Loss = 1.02240 	
2024-11-02 00:03:33,998 Train-Epoch[29/160]Batch[339]	Speed 4170.6 (+25.2) sample/sec 	RMSE = 17.93980, RULscore = 1039886.96686, CLIP_Loss = 1.01893 	
2024-11-02 00:03:34,061 Test-Epoch[29/160]Batch[0]	Speed 999.2 (+4916.0) sample/sec 	RMSE = 19.27087, RULscore = 409.53301, CLIP_Loss = 1.37802 	
2024-11-02 00:03:34,099 Test-Epoch[29/160]Batch[3]	Speed 6456.1 (+255.3) sample/sec 	RMSE = 18.96055, RULscore = 1579.69145, CLIP_Loss = 1.32933 	
2024-11-02 00:03:34,099 Test-Epoch[29/160]Batch[3]	RMSE = 18.96055, RULscore = 1579.69145, CLIP_Loss = 1.32933 	
2024-11-02 00:03:34,099 Final_Epoch [29]   time cost: 10.62 sec (0.00 h)
2024-11-02 00:03:34,099 Train_RMSE = 17.93980, Train_RULscore = 1039886.96686, Train_CLIP_Loss = 1.01893, Test_RMSE = 18.96055, Test_RULscore = 1579.69145, Test_CLIP_Loss = 1.32933, Train_RMSE_cor = 20.98420, Train_RULscore_min = 772665.02147, Test_RMSE_cor = 18.55606, Test_RULscore_min = 1462.71281, Model_ID = 25.00000 	
2024-11-02 00:03:34,109 Checkpoint (model & optimizer) saved to: /home/qchenax/astar/rul_prompt/output/clip/FD004/exp_202411012358_bilstm_clip_ep-0030.pth
2024-11-02 00:03:34,217 Train-Epoch[30/160]Batch[0]	Speed 1254.5 (+1388.8) sample/sec 	RMSE = 19.40280, RULscore = 8137.35728, CLIP_Loss = 0.99533 	
2024-11-02 00:03:35,642 Train-Epoch[30/160]Batch[50]	Speed 4492.5 (+29.2) sample/sec 	RMSE = 17.40541, RULscore = 135895.78742, CLIP_Loss = 1.02765 	
2024-11-02 00:03:36,974 Train-Epoch[30/160]Batch[100]	Speed 4805.3 (+31.1) sample/sec 	RMSE = 17.93377, RULscore = 362079.74397, CLIP_Loss = 1.02409 	
2024-11-02 00:03:38,266 Train-Epoch[30/160]Batch[150]	Speed 4953.5 (+32.2) sample/sec 	RMSE = 17.95666, RULscore = 587370.09314, CLIP_Loss = 1.02546 	
2024-11-02 00:03:39,580 Train-Epoch[30/160]Batch[200]	Speed 4868.2 (+31.8) sample/sec 	RMSE = 17.84534, RULscore = 703937.95227, CLIP_Loss = 1.02613 	
2024-11-02 00:03:41,004 Train-Epoch[30/160]Batch[250]	Speed 4495.8 (+26.8) sample/sec 	RMSE = 17.88593, RULscore = 843650.74513, CLIP_Loss = 1.02715 	
2024-11-02 00:03:42,317 Train-Epoch[30/160]Batch[300]	Speed 4875.9 (+30.5) sample/sec 	RMSE = 17.77149, RULscore = 952151.29796, CLIP_Loss = 1.02388 	
2024-11-02 00:03:43,410 Train-Epoch[30/160]Batch[339]	Speed 4400.0 (+27.2) sample/sec 	RMSE = 17.73155, RULscore = 1072298.11430, CLIP_Loss = 1.02162 	
2024-11-02 00:03:43,463 Test-Epoch[30/160]Batch[0]	Speed 1196.8 (+2526.6) sample/sec 	RMSE = 19.06107, RULscore = 337.78550, CLIP_Loss = 1.38158 	
2024-11-02 00:03:43,502 Test-Epoch[30/160]Batch[3]	Speed 5566.1 (+405.3) sample/sec 	RMSE = 19.56408, RULscore = 1518.41748, CLIP_Loss = 1.33075 	
2024-11-02 00:03:43,503 Test-Epoch[30/160]Batch[3]	RMSE = 19.56408, RULscore = 1518.41748, CLIP_Loss = 1.33075 	
2024-11-02 00:03:43,503 Final_Epoch [30]   time cost: 9.39 sec (0.00 h)
2024-11-02 00:03:43,503 Train_RMSE = 17.73155, Train_RULscore = 1072298.11430, Train_CLIP_Loss = 1.02162, Test_RMSE = 19.56408, Test_RULscore = 1518.41748, Test_CLIP_Loss = 1.33075, Train_RMSE_cor = 20.98420, Train_RULscore_min = 772665.02147, Test_RMSE_cor = 18.55606, Test_RULscore_min = 1462.71281, Model_ID = 25.00000 	
2024-11-02 00:03:43,508 Checkpoint (model & optimizer) saved to: /home/qchenax/astar/rul_prompt/output/clip/FD004/exp_202411012358_bilstm_clip_ep-0031.pth
2024-11-02 00:03:43,596 Train-Epoch[31/160]Batch[0]	Speed 1550.9 (+2397.5) sample/sec 	RMSE = 19.43961, RULscore = 856.82885, CLIP_Loss = 1.00626 	
2024-11-02 00:03:44,990 Train-Epoch[31/160]Batch[50]	Speed 4592.4 (+29.4) sample/sec 	RMSE = 17.52343, RULscore = 183806.42114, CLIP_Loss = 1.02943 	
2024-11-02 00:03:46,379 Train-Epoch[31/160]Batch[100]	Speed 4606.9 (+29.0) sample/sec 	RMSE = 17.71262, RULscore = 332877.86947, CLIP_Loss = 1.02799 	
2024-11-02 00:03:47,764 Train-Epoch[31/160]Batch[150]	Speed 4621.3 (+28.9) sample/sec 	RMSE = 17.82494, RULscore = 534887.60749, CLIP_Loss = 1.02509 	
2024-11-02 00:03:49,107 Train-Epoch[31/160]Batch[200]	Speed 4764.0 (+31.3) sample/sec 	RMSE = 17.91041, RULscore = 735737.42436, CLIP_Loss = 1.02860 	
2024-11-02 00:03:50,557 Train-Epoch[31/160]Batch[250]	Speed 4415.5 (+26.2) sample/sec 	RMSE = 17.86216, RULscore = 855151.09225, CLIP_Loss = 1.02904 	
2024-11-02 00:03:51,818 Train-Epoch[31/160]Batch[300]	Speed 5074.5 (+33.6) sample/sec 	RMSE = 17.84719, RULscore = 970765.65718, CLIP_Loss = 1.02668 	
2024-11-02 00:03:52,872 Train-Epoch[31/160]Batch[339]	Speed 4572.7 (+28.8) sample/sec 	RMSE = 17.71841, RULscore = 1025796.25979, CLIP_Loss = 1.02373 	
2024-11-02 00:03:52,915 Test-Epoch[31/160]Batch[0]	Speed 1458.4 (+3989.9) sample/sec 	RMSE = 20.01395, RULscore = 446.61952, CLIP_Loss = 1.37789 	
2024-11-02 00:03:52,949 Test-Epoch[31/160]Batch[3]	Speed 6818.5 (+440.4) sample/sec 	RMSE = 19.93775, RULscore = 1744.31650, CLIP_Loss = 1.32993 	
2024-11-02 00:03:52,949 Test-Epoch[31/160]Batch[3]	RMSE = 19.93775, RULscore = 1744.31650, CLIP_Loss = 1.32993 	
2024-11-02 00:03:52,949 Final_Epoch [31]   time cost: 9.44 sec (0.00 h)
2024-11-02 00:03:52,950 Train_RMSE = 17.71841, Train_RULscore = 1025796.25979, Train_CLIP_Loss = 1.02373, Test_RMSE = 19.93775, Test_RULscore = 1744.31650, Test_CLIP_Loss = 1.32993, Train_RMSE_cor = 20.98420, Train_RULscore_min = 772665.02147, Test_RMSE_cor = 18.55606, Test_RULscore_min = 1462.71281, Model_ID = 25.00000 	
2024-11-02 00:03:52,955 Checkpoint (model & optimizer) saved to: /home/qchenax/astar/rul_prompt/output/clip/FD004/exp_202411012358_bilstm_clip_ep-0032.pth
2024-11-02 00:03:53,052 Train-Epoch[32/160]Batch[0]	Speed 1421.9 (+1279.9) sample/sec 	RMSE = 20.67815, RULscore = 1143.68642, CLIP_Loss = 1.00578 	
2024-11-02 00:03:54,300 Train-Epoch[32/160]Batch[50]	Speed 5125.4 (+36.1) sample/sec 	RMSE = 17.54832, RULscore = 107748.60005, CLIP_Loss = 1.02413 	
2024-11-02 00:03:55,772 Train-Epoch[32/160]Batch[100]	Speed 4350.0 (+26.4) sample/sec 	RMSE = 18.47925, RULscore = 311024.70090, CLIP_Loss = 1.02142 	
2024-11-02 00:03:57,193 Train-Epoch[32/160]Batch[150]	Speed 4503.0 (+28.6) sample/sec 	RMSE = 18.43255, RULscore = 517534.10190, CLIP_Loss = 1.02145 	
2024-11-02 00:03:58,507 Train-Epoch[32/160]Batch[200]	Speed 4868.1 (+30.3) sample/sec 	RMSE = 18.50909, RULscore = 719894.85501, CLIP_Loss = 1.02553 	
2024-11-02 00:04:00,010 Train-Epoch[32/160]Batch[250]	Speed 4260.4 (+24.7) sample/sec 	RMSE = 18.28428, RULscore = 875635.75859, CLIP_Loss = 1.02568 	
2024-11-02 00:04:01,373 Train-Epoch[32/160]Batch[300]	Speed 4693.5 (+28.9) sample/sec 	RMSE = 18.13757, RULscore = 1037280.06561, CLIP_Loss = 1.02225 	
2024-11-02 00:04:02,519 Train-Epoch[32/160]Batch[339]	Speed 4176.9 (+24.3) sample/sec 	RMSE = 18.03117, RULscore = 1090592.21663, CLIP_Loss = 1.01888 	
2024-11-02 00:04:02,572 Test-Epoch[32/160]Batch[0]	Speed 1196.9 (+2904.1) sample/sec 	RMSE = 18.63661, RULscore = 356.04504, CLIP_Loss = 1.37972 	
2024-11-02 00:04:02,612 Test-Epoch[32/160]Batch[3]	Speed 5775.0 (+334.6) sample/sec 	RMSE = 18.34333, RULscore = 1419.58696, CLIP_Loss = 1.32905 	
2024-11-02 00:04:02,613 Test-Epoch[32/160]Batch[3]	RMSE = 18.34333, RULscore = 1419.58696, CLIP_Loss = 1.32905 	
2024-11-02 00:04:02,613 Final_Epoch [32]   time cost: 9.66 sec (0.00 h)
2024-11-02 00:04:02,613 Train_RMSE = 18.03117, Train_RULscore = 1090592.21663, Train_CLIP_Loss = 1.01888, Test_RMSE = 18.34333, Test_RULscore = 1419.58696, Test_CLIP_Loss = 1.32905, Train_RMSE_cor = 20.98420, Train_RULscore_min = 772665.02147, Test_RMSE_cor = 18.34333, Test_RULscore_min = 1419.58696, Model_ID = 33.00000 	
2024-11-02 00:04:02,618 Checkpoint (model & optimizer) saved to: /home/qchenax/astar/rul_prompt/output/clip/FD004/exp_202411012358_bilstm_clip_ep-0033.pth
2024-11-02 00:04:02,712 Train-Epoch[33/160]Batch[0]	Speed 1464.3 (+1804.8) sample/sec 	RMSE = 18.43083, RULscore = 792.53084, CLIP_Loss = 1.00623 	
2024-11-02 00:04:04,039 Train-Epoch[33/160]Batch[50]	Speed 4821.3 (+32.7) sample/sec 	RMSE = 17.25767, RULscore = 124162.90837, CLIP_Loss = 1.02200 	
2024-11-02 00:04:05,449 Train-Epoch[33/160]Batch[100]	Speed 4540.5 (+27.6) sample/sec 	RMSE = 17.95612, RULscore = 347213.07800, CLIP_Loss = 1.02262 	
2024-11-02 00:04:06,841 Train-Epoch[33/160]Batch[150]	Speed 4597.7 (+28.1) sample/sec 	RMSE = 17.72073, RULscore = 509512.93662, CLIP_Loss = 1.02179 	
2024-11-02 00:04:08,157 Train-Epoch[33/160]Batch[200]	Speed 4862.1 (+30.5) sample/sec 	RMSE = 17.64722, RULscore = 632775.86977, CLIP_Loss = 1.02508 	
2024-11-02 00:04:09,690 Train-Epoch[33/160]Batch[250]	Speed 4176.4 (+27.3) sample/sec 	RMSE = 17.56214, RULscore = 763890.71564, CLIP_Loss = 1.02619 	
2024-11-02 00:04:11,158 Train-Epoch[33/160]Batch[300]	Speed 4359.0 (+30.2) sample/sec 	RMSE = 17.51825, RULscore = 887031.22513, CLIP_Loss = 1.02229 	
2024-11-02 00:04:12,368 Train-Epoch[33/160]Batch[339]	Speed 3975.3 (+62.3) sample/sec 	RMSE = 17.52060, RULscore = 1008791.70373, CLIP_Loss = 1.01942 	
2024-11-02 00:04:12,422 Test-Epoch[33/160]Batch[0]	Speed 1168.1 (+3320.9) sample/sec 	RMSE = 21.40033, RULscore = 525.05981, CLIP_Loss = 1.38453 	
2024-11-02 00:04:12,465 Test-Epoch[33/160]Batch[3]	Speed 5444.8 (+287.4) sample/sec 	RMSE = 21.24945, RULscore = 2104.20138, CLIP_Loss = 1.33481 	
2024-11-02 00:04:12,465 Test-Epoch[33/160]Batch[3]	RMSE = 21.24945, RULscore = 2104.20138, CLIP_Loss = 1.33481 	
2024-11-02 00:04:12,466 Final_Epoch [33]   time cost: 9.85 sec (0.00 h)
2024-11-02 00:04:12,466 Train_RMSE = 17.52060, Train_RULscore = 1008791.70373, Train_CLIP_Loss = 1.01942, Test_RMSE = 21.24945, Test_RULscore = 2104.20138, Test_CLIP_Loss = 1.33481, Train_RMSE_cor = 20.98420, Train_RULscore_min = 772665.02147, Test_RMSE_cor = 18.34333, Test_RULscore_min = 1419.58696, Model_ID = 33.00000 	
2024-11-02 00:04:12,472 Checkpoint (model & optimizer) saved to: /home/qchenax/astar/rul_prompt/output/clip/FD004/exp_202411012358_bilstm_clip_ep-0034.pth
2024-11-02 00:04:12,570 Train-Epoch[34/160]Batch[0]	Speed 1431.6 (+1602.2) sample/sec 	RMSE = 22.06259, RULscore = 1393.08539, CLIP_Loss = 1.01111 	
2024-11-02 00:04:14,066 Train-Epoch[34/160]Batch[50]	Speed 4276.1 (+29.4) sample/sec 	RMSE = 17.39749, RULscore = 160863.31320, CLIP_Loss = 1.02862 	
2024-11-02 00:04:15,514 Train-Epoch[34/160]Batch[100]	Speed 4420.9 (+27.5) sample/sec 	RMSE = 17.49200, RULscore = 382542.93443, CLIP_Loss = 1.02328 	
2024-11-02 00:04:16,930 Train-Epoch[34/160]Batch[150]	Speed 4520.4 (+28.6) sample/sec 	RMSE = 17.82851, RULscore = 552451.40928, CLIP_Loss = 1.02099 	
2024-11-02 00:04:18,297 Train-Epoch[34/160]Batch[200]	Speed 4680.1 (+30.9) sample/sec 	RMSE = 17.72552, RULscore = 671389.16697, CLIP_Loss = 1.02247 	
2024-11-02 00:04:19,609 Train-Epoch[34/160]Batch[250]	Speed 4877.5 (+30.9) sample/sec 	RMSE = 17.63134, RULscore = 795669.63229, CLIP_Loss = 1.02492 	
2024-11-02 00:04:20,903 Train-Epoch[34/160]Batch[300]	Speed 4947.3 (+32.5) sample/sec 	RMSE = 17.48193, RULscore = 933491.59816, CLIP_Loss = 1.02135 	
2024-11-02 00:04:22,066 Train-Epoch[34/160]Batch[339]	Speed 4131.9 (+24.9) sample/sec 	RMSE = 17.43905, RULscore = 1006634.32412, CLIP_Loss = 1.01792 	
2024-11-02 00:04:22,122 Test-Epoch[34/160]Batch[0]	Speed 1120.5 (+1878.0) sample/sec 	RMSE = 19.99774, RULscore = 427.05885, CLIP_Loss = 1.37623 	
2024-11-02 00:04:22,161 Test-Epoch[34/160]Batch[3]	Speed 6127.6 (+557.7) sample/sec 	RMSE = 19.56769, RULscore = 1622.15808, CLIP_Loss = 1.32732 	
2024-11-02 00:04:22,161 Test-Epoch[34/160]Batch[3]	RMSE = 19.56769, RULscore = 1622.15808, CLIP_Loss = 1.32732 	
2024-11-02 00:04:22,161 Final_Epoch [34]   time cost: 9.69 sec (0.00 h)
2024-11-02 00:04:22,161 Train_RMSE = 17.43905, Train_RULscore = 1006634.32412, Train_CLIP_Loss = 1.01792, Test_RMSE = 19.56769, Test_RULscore = 1622.15808, Test_CLIP_Loss = 1.32732, Train_RMSE_cor = 20.98420, Train_RULscore_min = 772665.02147, Test_RMSE_cor = 18.34333, Test_RULscore_min = 1419.58696, Model_ID = 33.00000 	
2024-11-02 00:04:22,170 Checkpoint (model & optimizer) saved to: /home/qchenax/astar/rul_prompt/output/clip/FD004/exp_202411012358_bilstm_clip_ep-0035.pth
2024-11-02 00:04:22,268 Train-Epoch[35/160]Batch[0]	Speed 1421.9 (+1467.7) sample/sec 	RMSE = 18.55250, RULscore = 8045.65398, CLIP_Loss = 0.99685 	
2024-11-02 00:04:23,618 Train-Epoch[35/160]Batch[50]	Speed 4739.4 (+32.8) sample/sec 	RMSE = 17.18285, RULscore = 94130.33821, CLIP_Loss = 1.02653 	
2024-11-02 00:04:24,992 Train-Epoch[35/160]Batch[100]	Speed 4658.4 (+29.2) sample/sec 	RMSE = 17.57020, RULscore = 286364.66388, CLIP_Loss = 1.02318 	
2024-11-02 00:04:26,424 Train-Epoch[35/160]Batch[150]	Speed 4468.5 (+28.3) sample/sec 	RMSE = 17.51616, RULscore = 439329.90251, CLIP_Loss = 1.02452 	
2024-11-02 00:04:27,711 Train-Epoch[35/160]Batch[200]	Speed 4973.1 (+33.6) sample/sec 	RMSE = 17.40894, RULscore = 549364.24314, CLIP_Loss = 1.02503 	
2024-11-02 00:04:29,031 Train-Epoch[35/160]Batch[250]	Speed 4847.8 (+31.3) sample/sec 	RMSE = 17.41917, RULscore = 678827.23872, CLIP_Loss = 1.02593 	
2024-11-02 00:04:30,488 Train-Epoch[35/160]Batch[300]	Speed 4393.2 (+25.2) sample/sec 	RMSE = 17.30135, RULscore = 768127.72307, CLIP_Loss = 1.02265 	
2024-11-02 00:04:31,570 Train-Epoch[35/160]Batch[339]	Speed 4433.9 (+28.3) sample/sec 	RMSE = 17.22586, RULscore = 824248.03760, CLIP_Loss = 1.02042 	
2024-11-02 00:04:31,621 Test-Epoch[35/160]Batch[0]	Speed 1229.2 (+4061.3) sample/sec 	RMSE = 19.25111, RULscore = 357.88247, CLIP_Loss = 1.37716 	
2024-11-02 00:04:31,661 Test-Epoch[35/160]Batch[3]	Speed 5545.2 (+303.4) sample/sec 	RMSE = 18.97949, RULscore = 1485.48066, CLIP_Loss = 1.32674 	
2024-11-02 00:04:31,661 Test-Epoch[35/160]Batch[3]	RMSE = 18.97949, RULscore = 1485.48066, CLIP_Loss = 1.32674 	
2024-11-02 00:04:31,661 Final_Epoch [35]   time cost: 9.49 sec (0.00 h)
2024-11-02 00:04:31,661 Train_RMSE = 17.22586, Train_RULscore = 824248.03760, Train_CLIP_Loss = 1.02042, Test_RMSE = 18.97949, Test_RULscore = 1485.48066, Test_CLIP_Loss = 1.32674, Train_RMSE_cor = 20.98420, Train_RULscore_min = 772665.02147, Test_RMSE_cor = 18.34333, Test_RULscore_min = 1419.58696, Model_ID = 33.00000 	
2024-11-02 00:04:31,666 Checkpoint (model & optimizer) saved to: /home/qchenax/astar/rul_prompt/output/clip/FD004/exp_202411012358_bilstm_clip_ep-0036.pth
2024-11-02 00:04:31,756 Train-Epoch[36/160]Batch[0]	Speed 1541.0 (+2019.0) sample/sec 	RMSE = 18.69910, RULscore = 789.02071, CLIP_Loss = 1.00345 	
2024-11-02 00:04:33,158 Train-Epoch[36/160]Batch[50]	Speed 4562.5 (+30.0) sample/sec 	RMSE = 16.90112, RULscore = 109376.63095, CLIP_Loss = 1.02871 	
2024-11-02 00:04:34,496 Train-Epoch[36/160]Batch[100]	Speed 4783.9 (+31.4) sample/sec 	RMSE = 17.20349, RULscore = 267970.73158, CLIP_Loss = 1.02700 	
2024-11-02 00:04:35,749 Train-Epoch[36/160]Batch[150]	Speed 5106.9 (+35.4) sample/sec 	RMSE = 37.30791, RULscore = 33448222.10099, CLIP_Loss = nan 	
2024-11-02 00:04:37,025 Train-Epoch[36/160]Batch[200]	Speed 5019.2 (+34.1) sample/sec 	RMSE = 43.11247, RULscore = 74574738.98466, CLIP_Loss = nan 	
2024-11-02 00:04:38,384 Train-Epoch[36/160]Batch[250]	Speed 4706.4 (+29.9) sample/sec 	RMSE = 45.67195, RULscore = 114514304.45932, CLIP_Loss = nan 	
2024-11-02 00:04:39,613 Train-Epoch[36/160]Batch[300]	Speed 5209.4 (+34.7) sample/sec 	RMSE = 48.23364, RULscore = 155196335.20646, CLIP_Loss = nan 	
2024-11-02 00:04:40,680 Train-Epoch[36/160]Batch[339]	Speed 4490.5 (+30.7) sample/sec 	RMSE = 48.82253, RULscore = 186496826.27373, CLIP_Loss = nan 	
2024-11-02 00:04:40,728 Test-Epoch[36/160]Batch[0]	Speed 1306.5 (+3994.2) sample/sec 	RMSE = nan, RULscore = nan, CLIP_Loss = nan 	
2024-11-02 00:04:40,766 Test-Epoch[36/160]Batch[3]	Speed 6249.6 (+379.1) sample/sec 	RMSE = nan, RULscore = nan, CLIP_Loss = nan 	
2024-11-02 00:04:40,767 Test-Epoch[36/160]Batch[3]	RMSE = nan, RULscore = nan, CLIP_Loss = nan 	
2024-11-02 00:04:40,767 Final_Epoch [36]   time cost: 9.10 sec (0.00 h)
2024-11-02 00:04:40,767 Train_RMSE = 48.82253, Train_RULscore = 186496826.27373, Train_CLIP_Loss = nan, Test_RMSE = nan, Test_RULscore = nan, Test_CLIP_Loss = nan, Train_RMSE_cor = 20.98420, Train_RULscore_min = 772665.02147, Test_RMSE_cor = 18.34333, Test_RULscore_min = 1419.58696, Model_ID = 33.00000 	
2024-11-02 00:04:40,776 Checkpoint (model & optimizer) saved to: /home/qchenax/astar/rul_prompt/output/clip/FD004/exp_202411012358_bilstm_clip_ep-0037.pth
2024-11-02 00:04:40,868 Train-Epoch[37/160]Batch[0]	Speed 1489.1 (+2168.1) sample/sec 	RMSE = 44.87430, RULscore = 164437.24178, CLIP_Loss = nan 	
2024-11-02 00:04:42,176 Train-Epoch[37/160]Batch[50]	Speed 4894.4 (+35.3) sample/sec 	RMSE = 57.02853, RULscore = 37107996.58624, CLIP_Loss = nan 	
2024-11-02 00:04:43,607 Train-Epoch[37/160]Batch[100]	Speed 4471.7 (+29.6) sample/sec 	RMSE = 56.75079, RULscore = 86158237.92829, CLIP_Loss = nan 	
2024-11-02 00:04:44,792 Train-Epoch[37/160]Batch[150]	Speed 5400.6 (+39.2) sample/sec 	RMSE = 57.67748, RULscore = 127974582.34840, CLIP_Loss = nan 	
2024-11-02 00:04:46,258 Train-Epoch[37/160]Batch[200]	Speed 4364.8 (+25.0) sample/sec 	RMSE = 57.75931, RULscore = 176861815.67698, CLIP_Loss = nan 	
2024-11-02 00:04:47,681 Train-Epoch[37/160]Batch[250]	Speed 4498.7 (+26.7) sample/sec 	RMSE = 57.40459, RULscore = 217560397.65710, CLIP_Loss = nan 	
2024-11-02 00:04:48,971 Train-Epoch[37/160]Batch[300]	Speed 4962.9 (+32.3) sample/sec 	RMSE = 57.85811, RULscore = 259974444.12207, CLIP_Loss = nan 	
2024-11-02 00:04:50,008 Train-Epoch[37/160]Batch[339]	Speed 4626.2 (+30.0) sample/sec 	RMSE = 57.73737, RULscore = 289389958.55928, CLIP_Loss = nan 	
2024-11-02 00:04:50,052 Test-Epoch[37/160]Batch[0]	Speed 1421.5 (+3447.1) sample/sec 	RMSE = nan, RULscore = nan, CLIP_Loss = nan 	
2024-11-02 00:04:50,099 Test-Epoch[37/160]Batch[3]	Speed 4621.4 (+230.5) sample/sec 	RMSE = nan, RULscore = nan, CLIP_Loss = nan 	
2024-11-02 00:04:50,100 Test-Epoch[37/160]Batch[3]	RMSE = nan, RULscore = nan, CLIP_Loss = nan 	
2024-11-02 00:04:50,100 Final_Epoch [37]   time cost: 9.32 sec (0.00 h)
2024-11-02 00:04:50,100 Train_RMSE = 57.73737, Train_RULscore = 289389958.55928, Train_CLIP_Loss = nan, Test_RMSE = nan, Test_RULscore = nan, Test_CLIP_Loss = nan, Train_RMSE_cor = 20.98420, Train_RULscore_min = 772665.02147, Test_RMSE_cor = 18.34333, Test_RULscore_min = 1419.58696, Model_ID = 33.00000 	
2024-11-02 00:04:50,105 Checkpoint (model & optimizer) saved to: /home/qchenax/astar/rul_prompt/output/clip/FD004/exp_202411012358_bilstm_clip_ep-0038.pth
2024-11-02 00:04:50,200 Train-Epoch[38/160]Batch[0]	Speed 1443.9 (+2334.9) sample/sec 	RMSE = 44.87430, RULscore = 164437.24178, CLIP_Loss = nan 	
2024-11-02 00:04:51,624 Train-Epoch[38/160]Batch[50]	Speed 4495.0 (+29.6) sample/sec 	RMSE = 56.80747, RULscore = 38821375.82509, CLIP_Loss = nan 	
2024-11-02 00:04:52,948 Train-Epoch[38/160]Batch[100]	Speed 4833.5 (+32.3) sample/sec 	RMSE = 57.68666, RULscore = 85395271.36486, CLIP_Loss = nan 	
2024-11-02 00:04:54,376 Train-Epoch[38/160]Batch[150]	Speed 4481.0 (+27.3) sample/sec 	RMSE = 58.26531, RULscore = 131844441.10624, CLIP_Loss = nan 	
2024-11-02 00:04:55,831 Train-Epoch[38/160]Batch[200]	Speed 4399.2 (+28.1) sample/sec 	RMSE = 58.31715, RULscore = 176235659.80925, CLIP_Loss = nan 	
