2024-11-01 22:47:49,355 training config:{'data': {'input_type': '',
          'max_rul': 125,
          'num_worker': 4,
          'root': './data',
          'seq_len': 30,
          'set': 'FD001',
          'test_id': 0},
 'dist_backend': 'nccl',
 'dist_url': 'tcp://224.66.41.62:23456',
 'distributed': False,
 'gpu': '0',
 'multiprocessing_distributed': False,
 'net': {'aux_dim': 4,
         'hand_craft': False,
         'hand_dim': 28,
         'input_dim': 14,
         'name': 'bilstm_clip',
         'num_hidden': 18},
 'output_pt': '/home/qchenax/astar/rul_prompt/output/clip/FD001',
 'rank': -1,
 'save_frequency': 1,
 'seed': 3000,
 'task': 't1',
 'test': {'model_name': 'exp_202110121100_cnn_pe_ep-0050.pth',
          'model_path': './output/basic/FD004'},
 'train': {'batch_size': 128,
           'callback_freq': 50,
           'end_epoch': 160,
           'fine_tune': True,
           'lr': 0.001,
           'lr_epoch': [1000],
           'lr_factor': 0.1,
           'lr_mult': 0.2,
           'optimizer': 'adam',
           'resume_epoch': 0,
           'warmup_iters': 0},
 'world_size': -1}

2024-11-01 22:47:49,639 CMPDataIter:: iterator initialized (train dataset: 'FD001', shape: (20631, 26))
2024-11-01 22:47:49,639 CMPDataIter:: iterator initialized (test dataset: 'FD001', shape: (13096, 26))
2024-11-01 22:47:49,717 CMPDataIter:: iterator initialized (train engine number: 100)
2024-11-01 22:47:49,749 CMPDataIter:: iterator initialized (test engine number: 100)
2024-11-01 22:47:49,763 CMPDataIter:: data includes single operating conditions
2024-11-01 22:47:49,837 CMPDataIter:: iterator initialized (train data shape: 17731)
2024-11-01 22:47:49,838 CMPDataIter:: iterator initialized (train operation shape: 17731)
2024-11-01 22:47:49,838 CMPDataIter:: iterator initialized (train label shape: 17731)
2024-11-01 22:47:49,838 CMPDataIter:: iterator initialized (test data shape: 100)
2024-11-01 22:47:49,838 CMPDataIter:: iterator initialized (test operation shape: 100)
2024-11-01 22:47:49,838 CMPDataIter:: iterator initialized (test label shape: 100)
2024-11-01 22:47:49,843 CMPDataIter:: initialize the dataset
