2024-11-01 11:29:13,192 training config:{'data': {'input_type': '',
          'max_rul': 125,
          'num_worker': 4,
          'root': './data',
          'seq_len': 30,
          'set': 'FD001',
          'test_id': 0},
 'dist_backend': 'nccl',
 'dist_url': 'tcp://224.66.41.62:23456',
 'distributed': False,
 'gpu': '0',
 'multiprocessing_distributed': False,
 'net': {'aux_dim': 4,
         'hand_craft': False,
         'hand_dim': 28,
         'input_dim': 14,
         'name': 'bilstm',
         'num_hidden': 18},
 'output_pt': '/home/qchenax/astar/rul_prompt/output/basic/FD001',
 'rank': -1,
 'save_frequency': 1,
 'seed': 3000,
 'task': 't1',
 'test': {'model_name': 'exp_202110121100_cnn_pe_ep-0050.pth',
          'model_path': './output/basic/FD004'},
 'train': {'batch_size': 128,
           'callback_freq': 50,
           'end_epoch': 160,
           'fine_tune': True,
           'lr': 0.001,
           'lr_epoch': [1000],
           'lr_factor': 0.1,
           'lr_mult': 0.2,
           'optimizer': 'adam',
           'resume_epoch': 0,
           'warmup_iters': 0},
 'world_size': -1}

2024-11-01 11:29:13,481 CMPDataIter:: iterator initialized (train dataset: 'FD001', shape: (20631, 26))
2024-11-01 11:29:13,481 CMPDataIter:: iterator initialized (test dataset: 'FD001', shape: (13096, 26))
2024-11-01 11:29:13,558 CMPDataIter:: iterator initialized (train engine number: 100)
2024-11-01 11:29:13,590 CMPDataIter:: iterator initialized (test engine number: 100)
2024-11-01 11:29:13,602 CMPDataIter:: data includes single operating conditions
2024-11-01 11:29:13,673 CMPDataIter:: iterator initialized (train data shape: 17731)
2024-11-01 11:29:13,674 CMPDataIter:: iterator initialized (train operation shape: 17731)
2024-11-01 11:29:13,674 CMPDataIter:: iterator initialized (train label shape: 17731)
2024-11-01 11:29:13,674 CMPDataIter:: iterator initialized (test data shape: 100)
2024-11-01 11:29:13,674 CMPDataIter:: iterator initialized (test operation shape: 100)
2024-11-01 11:29:13,674 CMPDataIter:: iterator initialized (test label shape: 100)
2024-11-01 11:29:13,678 CMPDataIter:: initialize the dataset
2024-11-01 11:29:15,258 Train-Epoch[0/160]Batch[0]	Speed 147.5 (+532.2) sample/sec 	RMSE = 113.95981, RULscore = 3991083.81111 	
2024-11-01 11:29:16,415 Train-Epoch[0/160]Batch[50]	Speed 5533.5 (+32.1) sample/sec 	RMSE = 71.74963, RULscore = 35527895.11006 	
2024-11-01 11:29:17,449 Train-Epoch[0/160]Batch[100]	Speed 6189.3 (+40.0) sample/sec 	RMSE = 57.33144, RULscore = 36328034.35003 	
2024-11-01 11:29:17,693 Train-Epoch[0/160]Batch[111]	Speed 5410.6 (+36.7) sample/sec 	RMSE = 55.32469, RULscore = 36394602.18696 	
2024-11-01 11:29:17,731 Test-Epoch[0/160]Batch[0]	Speed 659.1 (+1549.8) sample/sec 	RMSE = 22.58934, RULscore = 1979.48040 	
2024-11-01 11:29:17,751 Test-Epoch[0/160]Batch[3]	Speed 4975.4 (+335.8) sample/sec 	RMSE = 25.88234, RULscore = 11490.82984 	
2024-11-01 11:29:17,751 Test-Epoch[0/160]Batch[3]	RMSE = 25.88234, RULscore = 11490.82984 	
2024-11-01 11:29:17,751 Final_Epoch [0]   time cost: 3.36 sec (0.00 h)
2024-11-01 11:29:17,751 Train_RMSE = 55.32469, Train_RULscore = 36394602.18696, Test_RMSE = 25.88234, Test_RULscore = 11490.82984, Train_RMSE_cor = 55.32469, Train_RULscore_min = 36394602.18696, Test_RMSE_cor = 25.88234, Test_RULscore_min = 11490.82984, Model_ID = 1.00000 	
2024-11-01 11:29:17,758 Checkpoint (model & optimizer) saved to: /home/qchenax/astar/rul_prompt/output/basic/FD001/exp_202411011129_bilstm_ep-0001.pth
2024-11-01 11:29:17,816 Train-Epoch[1/160]Batch[0]	Speed 2258.4 (+2092.1) sample/sec 	RMSE = 28.12185, RULscore = 9371.64306 	
2024-11-01 11:29:18,821 Train-Epoch[1/160]Batch[50]	Speed 6366.1 (+41.8) sample/sec 	RMSE = 25.77428, RULscore = 261034.45324 	
2024-11-01 11:29:19,830 Train-Epoch[1/160]Batch[100]	Speed 6345.4 (+41.0) sample/sec 	RMSE = 25.58537, RULscore = 485868.30017 	
2024-11-01 11:29:20,069 Train-Epoch[1/160]Batch[111]	Speed 5500.0 (+40.0) sample/sec 	RMSE = 25.54813, RULscore = 544337.00022 	
2024-11-01 11:29:20,099 Test-Epoch[1/160]Batch[0]	Speed 862.3 (+2527.9) sample/sec 	RMSE = 22.25788, RULscore = 1601.19191 	
2024-11-01 11:29:20,123 Test-Epoch[1/160]Batch[3]	Speed 3752.4 (+270.8) sample/sec 	RMSE = 25.78416, RULscore = 11378.98694 	
2024-11-01 11:29:20,124 Test-Epoch[1/160]Batch[3]	RMSE = 25.78416, RULscore = 11378.98694 	
2024-11-01 11:29:20,124 Final_Epoch [1]   time cost: 2.37 sec (0.00 h)
2024-11-01 11:29:20,124 Train_RMSE = 25.54813, Train_RULscore = 544337.00022, Test_RMSE = 25.78416, Test_RULscore = 11378.98694, Train_RMSE_cor = 25.54813, Train_RULscore_min = 544337.00022, Test_RMSE_cor = 25.78416, Test_RULscore_min = 11378.98694, Model_ID = 2.00000 	
2024-11-01 11:29:20,128 Checkpoint (model & optimizer) saved to: /home/qchenax/astar/rul_prompt/output/basic/FD001/exp_202411011129_bilstm_ep-0002.pth
2024-11-01 11:29:20,191 Train-Epoch[2/160]Batch[0]	Speed 2077.5 (+1836.0) sample/sec 	RMSE = 23.99719, RULscore = 2809.18584 	
2024-11-01 11:29:21,219 Train-Epoch[2/160]Batch[50]	Speed 6223.0 (+42.2) sample/sec 	RMSE = 25.21496, RULscore = 199940.26944 	
2024-11-01 11:29:22,301 Train-Epoch[2/160]Batch[100]	Speed 5914.5 (+36.1) sample/sec 	RMSE = 24.81366, RULscore = 390954.12115 	
2024-11-01 11:29:22,545 Train-Epoch[2/160]Batch[111]	Speed 5355.5 (+37.7) sample/sec 	RMSE = 24.81085, RULscore = 430207.03685 	
2024-11-01 11:29:22,578 Test-Epoch[2/160]Batch[0]	Speed 779.3 (+2819.3) sample/sec 	RMSE = 19.79036, RULscore = 714.47091 	
2024-11-01 11:29:22,605 Test-Epoch[2/160]Batch[3]	Speed 3338.1 (+164.9) sample/sec 	RMSE = 23.70408, RULscore = 6718.78209 	
2024-11-01 11:29:22,605 Test-Epoch[2/160]Batch[3]	RMSE = 23.70408, RULscore = 6718.78209 	
2024-11-01 11:29:22,605 Final_Epoch [2]   time cost: 2.48 sec (0.00 h)
2024-11-01 11:29:22,605 Train_RMSE = 24.81085, Train_RULscore = 430207.03685, Test_RMSE = 23.70408, Test_RULscore = 6718.78209, Train_RMSE_cor = 24.81085, Train_RULscore_min = 430207.03685, Test_RMSE_cor = 23.70408, Test_RULscore_min = 6718.78209, Model_ID = 3.00000 	
2024-11-01 11:29:22,608 Checkpoint (model & optimizer) saved to: /home/qchenax/astar/rul_prompt/output/basic/FD001/exp_202411011129_bilstm_ep-0003.pth
2024-11-01 11:29:22,674 Train-Epoch[3/160]Batch[0]	Speed 1992.1 (+1952.0) sample/sec 	RMSE = 23.89563, RULscore = 3577.83560 	
2024-11-01 11:29:23,759 Train-Epoch[3/160]Batch[50]	Speed 5898.0 (+37.5) sample/sec 	RMSE = 24.01989, RULscore = 170222.22946 	
2024-11-01 11:29:24,770 Train-Epoch[3/160]Batch[100]	Speed 6330.9 (+40.7) sample/sec 	RMSE = 23.79695, RULscore = 313628.76416 	
2024-11-01 11:29:25,011 Train-Epoch[3/160]Batch[111]	Speed 5426.5 (+39.5) sample/sec 	RMSE = 23.82890, RULscore = 351024.00604 	
2024-11-01 11:29:25,042 Test-Epoch[3/160]Batch[0]	Speed 811.7 (+2054.2) sample/sec 	RMSE = 20.95140, RULscore = 853.97025 	
2024-11-01 11:29:25,063 Test-Epoch[3/160]Batch[3]	Speed 4558.0 (+389.2) sample/sec 	RMSE = 24.47117, RULscore = 8662.09523 	
2024-11-01 11:29:25,063 Test-Epoch[3/160]Batch[3]	RMSE = 24.47117, RULscore = 8662.09523 	
2024-11-01 11:29:25,063 Final_Epoch [3]   time cost: 2.45 sec (0.00 h)
2024-11-01 11:29:25,063 Train_RMSE = 23.82890, Train_RULscore = 351024.00604, Test_RMSE = 24.47117, Test_RULscore = 8662.09523, Train_RMSE_cor = 23.82890, Train_RULscore_min = 351024.00604, Test_RMSE_cor = 23.70408, Test_RULscore_min = 6718.78209, Model_ID = 3.00000 	
2024-11-01 11:29:25,067 Checkpoint (model & optimizer) saved to: /home/qchenax/astar/rul_prompt/output/basic/FD001/exp_202411011129_bilstm_ep-0004.pth
2024-11-01 11:29:25,129 Train-Epoch[4/160]Batch[0]	Speed 2131.6 (+2098.6) sample/sec 	RMSE = 23.89236, RULscore = 3918.52529 	
2024-11-01 11:29:26,150 Train-Epoch[4/160]Batch[50]	Speed 6266.6 (+43.5) sample/sec 	RMSE = 22.93001, RULscore = 155017.89467 	
2024-11-01 11:29:27,147 Train-Epoch[4/160]Batch[100]	Speed 6417.1 (+41.6) sample/sec 	RMSE = 22.82545, RULscore = 309584.36269 	
2024-11-01 11:29:27,393 Train-Epoch[4/160]Batch[111]	Speed 5275.0 (+38.2) sample/sec 	RMSE = 22.97365, RULscore = 349324.22636 	
2024-11-01 11:29:27,421 Test-Epoch[4/160]Batch[0]	Speed 904.3 (+2498.9) sample/sec 	RMSE = 21.42983, RULscore = 692.24709 	
2024-11-01 11:29:27,445 Test-Epoch[4/160]Batch[3]	Speed 3915.6 (+268.1) sample/sec 	RMSE = 23.82657, RULscore = 8893.70039 	
2024-11-01 11:29:27,445 Test-Epoch[4/160]Batch[3]	RMSE = 23.82657, RULscore = 8893.70039 	
2024-11-01 11:29:27,445 Final_Epoch [4]   time cost: 2.38 sec (0.00 h)
2024-11-01 11:29:27,445 Train_RMSE = 22.97365, Train_RULscore = 349324.22636, Test_RMSE = 23.82657, Test_RULscore = 8893.70039, Train_RMSE_cor = 22.97365, Train_RULscore_min = 349324.22636, Test_RMSE_cor = 23.70408, Test_RULscore_min = 6718.78209, Model_ID = 3.00000 	
2024-11-01 11:29:27,449 Checkpoint (model & optimizer) saved to: /home/qchenax/astar/rul_prompt/output/basic/FD001/exp_202411011129_bilstm_ep-0005.pth
2024-11-01 11:29:27,506 Train-Epoch[5/160]Batch[0]	Speed 2327.8 (+3074.2) sample/sec 	RMSE = 24.11193, RULscore = 5471.24773 	
2024-11-01 11:29:28,537 Train-Epoch[5/160]Batch[50]	Speed 6207.6 (+42.2) sample/sec 	RMSE = 22.50016, RULscore = 132252.13706 	
2024-11-01 11:29:29,551 Train-Epoch[5/160]Batch[100]	Speed 6310.8 (+41.6) sample/sec 	RMSE = 22.28354, RULscore = 252533.83677 	
2024-11-01 11:29:29,774 Train-Epoch[5/160]Batch[111]	Speed 5870.4 (+46.6) sample/sec 	RMSE = 22.26492, RULscore = 273978.24013 	
2024-11-01 11:29:29,804 Test-Epoch[5/160]Batch[0]	Speed 839.3 (+2750.7) sample/sec 	RMSE = 18.23692, RULscore = 350.69577 	
2024-11-01 11:29:29,824 Test-Epoch[5/160]Batch[3]	Speed 4677.5 (+442.0) sample/sec 	RMSE = 21.67393, RULscore = 4435.29899 	
2024-11-01 11:29:29,825 Test-Epoch[5/160]Batch[3]	RMSE = 21.67393, RULscore = 4435.29899 	
2024-11-01 11:29:29,825 Final_Epoch [5]   time cost: 2.38 sec (0.00 h)
2024-11-01 11:29:29,825 Train_RMSE = 22.26492, Train_RULscore = 273978.24013, Test_RMSE = 21.67393, Test_RULscore = 4435.29899, Train_RMSE_cor = 22.26492, Train_RULscore_min = 273978.24013, Test_RMSE_cor = 21.67393, Test_RULscore_min = 4435.29899, Model_ID = 6.00000 	
2024-11-01 11:29:29,829 Checkpoint (model & optimizer) saved to: /home/qchenax/astar/rul_prompt/output/basic/FD001/exp_202411011129_bilstm_ep-0006.pth
2024-11-01 11:29:29,881 Train-Epoch[6/160]Batch[0]	Speed 2520.0 (+2569.9) sample/sec 	RMSE = 20.30979, RULscore = 1366.55487 	
2024-11-01 11:29:30,956 Train-Epoch[6/160]Batch[50]	Speed 5954.7 (+38.5) sample/sec 	RMSE = 21.22009, RULscore = 119519.12325 	
2024-11-01 11:29:32,037 Train-Epoch[6/160]Batch[100]	Speed 5918.7 (+35.9) sample/sec 	RMSE = 21.37900, RULscore = 242581.89544 	
2024-11-01 11:29:32,283 Train-Epoch[6/160]Batch[111]	Speed 5370.8 (+37.8) sample/sec 	RMSE = 21.47345, RULscore = 269006.09308 	
2024-11-01 11:29:32,309 Test-Epoch[6/160]Batch[0]	Speed 958.7 (+2073.5) sample/sec 	RMSE = 17.88963, RULscore = 259.32612 	
2024-11-01 11:29:32,335 Test-Epoch[6/160]Batch[3]	Speed 3467.0 (+1457.0) sample/sec 	RMSE = 20.72301, RULscore = 2563.29394 	
2024-11-01 11:29:32,336 Test-Epoch[6/160]Batch[3]	RMSE = 20.72301, RULscore = 2563.29394 	
2024-11-01 11:29:32,336 Final_Epoch [6]   time cost: 2.51 sec (0.00 h)
2024-11-01 11:29:32,336 Train_RMSE = 21.47345, Train_RULscore = 269006.09308, Test_RMSE = 20.72301, Test_RULscore = 2563.29394, Train_RMSE_cor = 21.47345, Train_RULscore_min = 269006.09308, Test_RMSE_cor = 20.72301, Test_RULscore_min = 2563.29394, Model_ID = 7.00000 	
2024-11-01 11:29:32,341 Checkpoint (model & optimizer) saved to: /home/qchenax/astar/rul_prompt/output/basic/FD001/exp_202411011129_bilstm_ep-0007.pth
2024-11-01 11:29:32,397 Train-Epoch[7/160]Batch[0]	Speed 2329.0 (+3106.0) sample/sec 	RMSE = 20.37655, RULscore = 1890.02482 	
2024-11-01 11:29:33,500 Train-Epoch[7/160]Batch[50]	Speed 5801.2 (+36.2) sample/sec 	RMSE = 21.17490, RULscore = 94610.16186 	
2024-11-01 11:29:34,557 Train-Epoch[7/160]Batch[100]	Speed 6058.9 (+40.7) sample/sec 	RMSE = 21.17494, RULscore = 190436.26928 	
2024-11-01 11:29:34,803 Train-Epoch[7/160]Batch[111]	Speed 5325.2 (+36.8) sample/sec 	RMSE = 21.22151, RULscore = 213486.66088 	
2024-11-01 11:29:34,832 Test-Epoch[7/160]Batch[0]	Speed 870.9 (+2661.5) sample/sec 	RMSE = 16.60741, RULscore = 184.37020 	
2024-11-01 11:29:34,857 Test-Epoch[7/160]Batch[3]	Speed 3788.5 (+293.4) sample/sec 	RMSE = 19.66126, RULscore = 1953.67070 	
2024-11-01 11:29:34,857 Test-Epoch[7/160]Batch[3]	RMSE = 19.66126, RULscore = 1953.67070 	
2024-11-01 11:29:34,857 Final_Epoch [7]   time cost: 2.52 sec (0.00 h)
2024-11-01 11:29:34,857 Train_RMSE = 21.22151, Train_RULscore = 213486.66088, Test_RMSE = 19.66126, Test_RULscore = 1953.67070, Train_RMSE_cor = 21.22151, Train_RULscore_min = 213486.66088, Test_RMSE_cor = 19.66126, Test_RULscore_min = 1953.67070, Model_ID = 8.00000 	
2024-11-01 11:29:34,864 Checkpoint (model & optimizer) saved to: /home/qchenax/astar/rul_prompt/output/basic/FD001/exp_202411011129_bilstm_ep-0008.pth
2024-11-01 11:29:34,925 Train-Epoch[8/160]Batch[0]	Speed 2130.6 (+2471.6) sample/sec 	RMSE = 20.48258, RULscore = 2390.79688 	
2024-11-01 11:29:36,038 Train-Epoch[8/160]Batch[50]	Speed 5751.2 (+36.3) sample/sec 	RMSE = 20.86808, RULscore = 96604.41278 	
2024-11-01 11:29:37,105 Train-Epoch[8/160]Batch[100]	Speed 5996.3 (+36.7) sample/sec 	RMSE = 21.01307, RULscore = 198856.75248 	
2024-11-01 11:29:37,359 Train-Epoch[8/160]Batch[111]	Speed 5149.1 (+35.8) sample/sec 	RMSE = 21.05560, RULscore = 221755.51642 	
2024-11-01 11:29:37,386 Test-Epoch[8/160]Batch[0]	Speed 956.7 (+2447.2) sample/sec 	RMSE = 17.01197, RULscore = 189.83624 	
2024-11-01 11:29:37,407 Test-Epoch[8/160]Batch[3]	Speed 4378.1 (+344.7) sample/sec 	RMSE = 19.48094, RULscore = 1982.24517 	
2024-11-01 11:29:37,407 Test-Epoch[8/160]Batch[3]	RMSE = 19.48094, RULscore = 1982.24517 	
2024-11-01 11:29:37,407 Final_Epoch [8]   time cost: 2.54 sec (0.00 h)
2024-11-01 11:29:37,407 Train_RMSE = 21.05560, Train_RULscore = 221755.51642, Test_RMSE = 19.48094, Test_RULscore = 1982.24517, Train_RMSE_cor = 21.22151, Train_RULscore_min = 213486.66088, Test_RMSE_cor = 19.66126, Test_RULscore_min = 1953.67070, Model_ID = 8.00000 	
2024-11-01 11:29:37,411 Checkpoint (model & optimizer) saved to: /home/qchenax/astar/rul_prompt/output/basic/FD001/exp_202411011129_bilstm_ep-0009.pth
2024-11-01 11:29:37,470 Train-Epoch[9/160]Batch[0]	Speed 2224.7 (+2438.0) sample/sec 	RMSE = 18.54180, RULscore = 1373.19595 	
2024-11-01 11:29:38,586 Train-Epoch[9/160]Batch[50]	Speed 5736.4 (+36.0) sample/sec 	RMSE = 20.43741, RULscore = 91084.41387 	
2024-11-01 11:29:39,679 Train-Epoch[9/160]Batch[100]	Speed 5855.1 (+35.1) sample/sec 	RMSE = 20.27468, RULscore = 181260.36349 	
2024-11-01 11:29:39,921 Train-Epoch[9/160]Batch[111]	Speed 5407.1 (+37.2) sample/sec 	RMSE = 20.26585, RULscore = 195988.27512 	
2024-11-01 11:29:39,951 Test-Epoch[9/160]Batch[0]	Speed 843.7 (+2791.7) sample/sec 	RMSE = 15.75235, RULscore = 106.13710 	
2024-11-01 11:29:39,972 Test-Epoch[9/160]Batch[3]	Speed 4427.2 (+293.6) sample/sec 	RMSE = 17.96017, RULscore = 676.48142 	
2024-11-01 11:29:39,973 Test-Epoch[9/160]Batch[3]	RMSE = 17.96017, RULscore = 676.48142 	
2024-11-01 11:29:39,973 Final_Epoch [9]   time cost: 2.56 sec (0.00 h)
2024-11-01 11:29:39,973 Train_RMSE = 20.26585, Train_RULscore = 195988.27512, Test_RMSE = 17.96017, Test_RULscore = 676.48142, Train_RMSE_cor = 20.26585, Train_RULscore_min = 195988.27512, Test_RMSE_cor = 17.96017, Test_RULscore_min = 676.48142, Model_ID = 10.00000 	
2024-11-01 11:29:39,977 Checkpoint (model & optimizer) saved to: /home/qchenax/astar/rul_prompt/output/basic/FD001/exp_202411011129_bilstm_ep-0010.pth
2024-11-01 11:29:40,034 Train-Epoch[10/160]Batch[0]	Speed 2306.3 (+2014.5) sample/sec 	RMSE = 21.32808, RULscore = 1063.80937 	
2024-11-01 11:29:41,107 Train-Epoch[10/160]Batch[50]	Speed 5963.4 (+37.9) sample/sec 	RMSE = 18.79975, RULscore = 59683.79787 	
2024-11-01 11:29:42,195 Train-Epoch[10/160]Batch[100]	Speed 5883.5 (+34.8) sample/sec 	RMSE = 18.57057, RULscore = 112900.96645 	
2024-11-01 11:29:42,451 Train-Epoch[10/160]Batch[111]	Speed 5095.6 (+32.4) sample/sec 	RMSE = 18.48369, RULscore = 121541.42951 	
2024-11-01 11:29:42,480 Test-Epoch[10/160]Batch[0]	Speed 868.8 (+2091.7) sample/sec 	RMSE = 16.88913, RULscore = 128.29970 	
2024-11-01 11:29:42,503 Test-Epoch[10/160]Batch[3]	Speed 4224.5 (+293.9) sample/sec 	RMSE = 16.29597, RULscore = 680.49091 	
2024-11-01 11:29:42,503 Test-Epoch[10/160]Batch[3]	RMSE = 16.29597, RULscore = 680.49091 	
2024-11-01 11:29:42,503 Final_Epoch [10]   time cost: 2.53 sec (0.00 h)
2024-11-01 11:29:42,503 Train_RMSE = 18.48369, Train_RULscore = 121541.42951, Test_RMSE = 16.29597, Test_RULscore = 680.49091, Train_RMSE_cor = 18.48369, Train_RULscore_min = 121541.42951, Test_RMSE_cor = 17.96017, Test_RULscore_min = 676.48142, Model_ID = 10.00000 	
2024-11-01 11:29:42,507 Checkpoint (model & optimizer) saved to: /home/qchenax/astar/rul_prompt/output/basic/FD001/exp_202411011129_bilstm_ep-0011.pth
2024-11-01 11:29:42,566 Train-Epoch[11/160]Batch[0]	Speed 2203.3 (+2434.4) sample/sec 	RMSE = 16.80382, RULscore = 900.42822 	
2024-11-01 11:29:43,628 Train-Epoch[11/160]Batch[50]	Speed 6029.4 (+39.4) sample/sec 	RMSE = 17.86831, RULscore = 56708.05032 	
2024-11-01 11:29:44,715 Train-Epoch[11/160]Batch[100]	Speed 5887.8 (+36.7) sample/sec 	RMSE = 17.72549, RULscore = 102341.61394 	
2024-11-01 11:29:44,973 Train-Epoch[11/160]Batch[111]	Speed 5099.1 (+33.7) sample/sec 	RMSE = 17.69866, RULscore = 110405.18010 	
2024-11-01 11:29:45,002 Test-Epoch[11/160]Batch[0]	Speed 879.8 (+2017.1) sample/sec 	RMSE = 16.66995, RULscore = 123.40895 	
2024-11-01 11:29:45,024 Test-Epoch[11/160]Batch[3]	Speed 4636.7 (+364.6) sample/sec 	RMSE = 15.87224, RULscore = 573.25545 	
2024-11-01 11:29:45,024 Test-Epoch[11/160]Batch[3]	RMSE = 15.87224, RULscore = 573.25545 	
2024-11-01 11:29:45,024 Final_Epoch [11]   time cost: 2.52 sec (0.00 h)
2024-11-01 11:29:45,024 Train_RMSE = 17.69866, Train_RULscore = 110405.18010, Test_RMSE = 15.87224, Test_RULscore = 573.25545, Train_RMSE_cor = 17.69866, Train_RULscore_min = 110405.18010, Test_RMSE_cor = 15.87224, Test_RULscore_min = 573.25545, Model_ID = 12.00000 	
2024-11-01 11:29:45,030 Checkpoint (model & optimizer) saved to: /home/qchenax/astar/rul_prompt/output/basic/FD001/exp_202411011129_bilstm_ep-0012.pth
2024-11-01 11:29:45,092 Train-Epoch[12/160]Batch[0]	Speed 2106.0 (+2706.8) sample/sec 	RMSE = 16.25257, RULscore = 712.33418 	
2024-11-01 11:29:46,244 Train-Epoch[12/160]Batch[50]	Speed 5555.0 (+32.0) sample/sec 	RMSE = 18.46416, RULscore = 58013.38412 	
2024-11-01 11:29:47,298 Train-Epoch[12/160]Batch[100]	Speed 6071.9 (+37.1) sample/sec 	RMSE = 17.78940, RULscore = 99453.02532 	
2024-11-01 11:29:47,537 Train-Epoch[12/160]Batch[111]	Speed 5464.3 (+38.9) sample/sec 	RMSE = 17.67786, RULscore = 106305.70996 	
2024-11-01 11:29:47,567 Test-Epoch[12/160]Batch[0]	Speed 849.6 (+2040.5) sample/sec 	RMSE = 14.47192, RULscore = 88.96330 	
2024-11-01 11:29:47,588 Test-Epoch[12/160]Batch[3]	Speed 4451.1 (+335.0) sample/sec 	RMSE = 15.08143, RULscore = 540.41019 	
2024-11-01 11:29:47,588 Test-Epoch[12/160]Batch[3]	RMSE = 15.08143, RULscore = 540.41019 	
2024-11-01 11:29:47,588 Final_Epoch [12]   time cost: 2.56 sec (0.00 h)
2024-11-01 11:29:47,588 Train_RMSE = 17.67786, Train_RULscore = 106305.70996, Test_RMSE = 15.08143, Test_RULscore = 540.41019, Train_RMSE_cor = 17.67786, Train_RULscore_min = 106305.70996, Test_RMSE_cor = 15.08143, Test_RULscore_min = 540.41019, Model_ID = 13.00000 	
2024-11-01 11:29:47,592 Checkpoint (model & optimizer) saved to: /home/qchenax/astar/rul_prompt/output/basic/FD001/exp_202411011129_bilstm_ep-0013.pth
2024-11-01 11:29:47,651 Train-Epoch[13/160]Batch[0]	Speed 2214.2 (+2168.5) sample/sec 	RMSE = 15.38032, RULscore = 578.13761 	
2024-11-01 11:29:48,748 Train-Epoch[13/160]Batch[50]	Speed 5836.5 (+36.9) sample/sec 	RMSE = 16.90047, RULscore = 40486.83935 	
2024-11-01 11:29:49,811 Train-Epoch[13/160]Batch[100]	Speed 6020.7 (+36.9) sample/sec 	RMSE = 16.83562, RULscore = 77946.71173 	
2024-11-01 11:29:50,058 Train-Epoch[13/160]Batch[111]	Speed 5280.8 (+36.9) sample/sec 	RMSE = 16.89333, RULscore = 85453.25677 	
2024-11-01 11:29:50,088 Test-Epoch[13/160]Batch[0]	Speed 846.6 (+2571.7) sample/sec 	RMSE = 17.46901, RULscore = 167.22676 	
2024-11-01 11:29:50,108 Test-Epoch[13/160]Batch[3]	Speed 4701.9 (+367.6) sample/sec 	RMSE = 16.80175, RULscore = 839.43326 	
2024-11-01 11:29:50,108 Test-Epoch[13/160]Batch[3]	RMSE = 16.80175, RULscore = 839.43326 	
2024-11-01 11:29:50,108 Final_Epoch [13]   time cost: 2.52 sec (0.00 h)
2024-11-01 11:29:50,108 Train_RMSE = 16.89333, Train_RULscore = 85453.25677, Test_RMSE = 16.80175, Test_RULscore = 839.43326, Train_RMSE_cor = 16.89333, Train_RULscore_min = 85453.25677, Test_RMSE_cor = 15.08143, Test_RULscore_min = 540.41019, Model_ID = 13.00000 	
2024-11-01 11:29:50,113 Checkpoint (model & optimizer) saved to: /home/qchenax/astar/rul_prompt/output/basic/FD001/exp_202411011129_bilstm_ep-0014.pth
2024-11-01 11:29:50,174 Train-Epoch[14/160]Batch[0]	Speed 2141.8 (+2823.8) sample/sec 	RMSE = 16.44625, RULscore = 833.13510 	
2024-11-01 11:29:51,212 Train-Epoch[14/160]Batch[50]	Speed 6164.9 (+40.0) sample/sec 	RMSE = 16.43200, RULscore = 36206.87285 	
2024-11-01 11:29:52,245 Train-Epoch[14/160]Batch[100]	Speed 6191.6 (+40.1) sample/sec 	RMSE = 16.51250, RULscore = 74775.27265 	
2024-11-01 11:29:52,475 Train-Epoch[14/160]Batch[111]	Speed 5740.4 (+46.1) sample/sec 	RMSE = 16.44817, RULscore = 80446.13703 	
2024-11-01 11:29:52,505 Test-Epoch[14/160]Batch[0]	Speed 862.6 (+2582.8) sample/sec 	RMSE = 14.25930, RULscore = 75.17159 	
2024-11-01 11:29:52,529 Test-Epoch[14/160]Batch[3]	Speed 3891.1 (+255.5) sample/sec 	RMSE = 14.43862, RULscore = 372.81247 	
2024-11-01 11:29:52,529 Test-Epoch[14/160]Batch[3]	RMSE = 14.43862, RULscore = 372.81247 	
2024-11-01 11:29:52,529 Final_Epoch [14]   time cost: 2.42 sec (0.00 h)
2024-11-01 11:29:52,529 Train_RMSE = 16.44817, Train_RULscore = 80446.13703, Test_RMSE = 14.43862, Test_RULscore = 372.81247, Train_RMSE_cor = 16.44817, Train_RULscore_min = 80446.13703, Test_RMSE_cor = 14.43862, Test_RULscore_min = 372.81247, Model_ID = 15.00000 	
2024-11-01 11:29:52,533 Checkpoint (model & optimizer) saved to: /home/qchenax/astar/rul_prompt/output/basic/FD001/exp_202411011129_bilstm_ep-0015.pth
2024-11-01 11:29:52,590 Train-Epoch[15/160]Batch[0]	Speed 2316.2 (+3230.8) sample/sec 	RMSE = 17.49950, RULscore = 618.14087 	
2024-11-01 11:29:53,627 Train-Epoch[15/160]Batch[50]	Speed 6166.6 (+40.9) sample/sec 	RMSE = 16.88474, RULscore = 40540.55464 	
2024-11-01 11:29:54,667 Train-Epoch[15/160]Batch[100]	Speed 6155.8 (+37.0) sample/sec 	RMSE = 16.87656, RULscore = 84302.92331 	
2024-11-01 11:29:54,903 Train-Epoch[15/160]Batch[111]	Speed 5666.3 (+42.5) sample/sec 	RMSE = 16.82798, RULscore = 90895.97753 	
2024-11-01 11:29:54,933 Test-Epoch[15/160]Batch[0]	Speed 872.2 (+2245.1) sample/sec 	RMSE = 13.31141, RULscore = 69.67502 	
2024-11-01 11:29:54,954 Test-Epoch[15/160]Batch[3]	Speed 4365.0 (+351.2) sample/sec 	RMSE = 14.38403, RULscore = 420.70361 	
2024-11-01 11:29:54,955 Test-Epoch[15/160]Batch[3]	RMSE = 14.38403, RULscore = 420.70361 	
2024-11-01 11:29:54,955 Final_Epoch [15]   time cost: 2.42 sec (0.00 h)
2024-11-01 11:29:54,955 Train_RMSE = 16.82798, Train_RULscore = 90895.97753, Test_RMSE = 14.38403, Test_RULscore = 420.70361, Train_RMSE_cor = 16.44817, Train_RULscore_min = 80446.13703, Test_RMSE_cor = 14.43862, Test_RULscore_min = 372.81247, Model_ID = 15.00000 	
2024-11-01 11:29:54,959 Checkpoint (model & optimizer) saved to: /home/qchenax/astar/rul_prompt/output/basic/FD001/exp_202411011129_bilstm_ep-0016.pth
2024-11-01 11:29:55,012 Train-Epoch[16/160]Batch[0]	Speed 2482.2 (+2754.6) sample/sec 	RMSE = 14.23440, RULscore = 455.05046 	
2024-11-01 11:29:56,079 Train-Epoch[16/160]Batch[50]	Speed 5998.1 (+43.5) sample/sec 	RMSE = 16.10023, RULscore = 33926.77997 	
2024-11-01 11:29:57,102 Train-Epoch[16/160]Batch[100]	Speed 6252.9 (+50.3) sample/sec 	RMSE = 16.03517, RULscore = 66701.64915 	
2024-11-01 11:29:57,330 Train-Epoch[16/160]Batch[111]	Speed 5807.0 (+49.6) sample/sec 	RMSE = 16.02132, RULscore = 73160.18409 	
2024-11-01 11:29:57,358 Test-Epoch[16/160]Batch[0]	Speed 909.7 (+1859.7) sample/sec 	RMSE = 14.31046, RULscore = 83.25453 	
2024-11-01 11:29:57,390 Test-Epoch[16/160]Batch[3]	Speed 2848.7 (+267.9) sample/sec 	RMSE = 14.30337, RULscore = 409.61915 	
2024-11-01 11:29:57,390 Test-Epoch[16/160]Batch[3]	RMSE = 14.30337, RULscore = 409.61915 	
2024-11-01 11:29:57,390 Final_Epoch [16]   time cost: 2.43 sec (0.00 h)
2024-11-01 11:29:57,390 Train_RMSE = 16.02132, Train_RULscore = 73160.18409, Test_RMSE = 14.30337, Test_RULscore = 409.61915, Train_RMSE_cor = 16.02132, Train_RULscore_min = 73160.18409, Test_RMSE_cor = 14.43862, Test_RULscore_min = 372.81247, Model_ID = 15.00000 	
2024-11-01 11:29:57,394 Checkpoint (model & optimizer) saved to: /home/qchenax/astar/rul_prompt/output/basic/FD001/exp_202411011129_bilstm_ep-0017.pth
2024-11-01 11:29:57,450 Train-Epoch[17/160]Batch[0]	Speed 2325.0 (+3312.6) sample/sec 	RMSE = 14.02303, RULscore = 471.19898 	
2024-11-01 11:29:58,482 Train-Epoch[17/160]Batch[50]	Speed 6200.6 (+47.4) sample/sec 	RMSE = 16.04839, RULscore = 36134.70122 	
2024-11-01 11:29:59,488 Train-Epoch[17/160]Batch[100]	Speed 6366.9 (+50.8) sample/sec 	RMSE = 15.82679, RULscore = 66650.90681 	
2024-11-01 11:29:59,736 Train-Epoch[17/160]Batch[111]	Speed 5338.8 (+39.9) sample/sec 	RMSE = 15.81207, RULscore = 72311.71414 	
2024-11-01 11:29:59,765 Test-Epoch[17/160]Batch[0]	Speed 861.1 (+2044.0) sample/sec 	RMSE = 13.16932, RULscore = 61.72864 	
2024-11-01 11:29:59,787 Test-Epoch[17/160]Batch[3]	Speed 4326.2 (+333.7) sample/sec 	RMSE = 14.11968, RULscore = 339.15337 	
2024-11-01 11:29:59,787 Test-Epoch[17/160]Batch[3]	RMSE = 14.11968, RULscore = 339.15337 	
2024-11-01 11:29:59,787 Final_Epoch [17]   time cost: 2.39 sec (0.00 h)
2024-11-01 11:29:59,788 Train_RMSE = 15.81207, Train_RULscore = 72311.71414, Test_RMSE = 14.11968, Test_RULscore = 339.15337, Train_RMSE_cor = 15.81207, Train_RULscore_min = 72311.71414, Test_RMSE_cor = 14.11968, Test_RULscore_min = 339.15337, Model_ID = 18.00000 	
2024-11-01 11:29:59,791 Checkpoint (model & optimizer) saved to: /home/qchenax/astar/rul_prompt/output/basic/FD001/exp_202411011129_bilstm_ep-0018.pth
2024-11-01 11:29:59,848 Train-Epoch[18/160]Batch[0]	Speed 2329.8 (+3019.1) sample/sec 	RMSE = 13.09560, RULscore = 401.63754 	
2024-11-01 11:30:00,871 Train-Epoch[18/160]Batch[50]	Speed 6255.6 (+44.0) sample/sec 	RMSE = 15.70896, RULscore = 33027.26761 	
2024-11-01 11:30:01,883 Train-Epoch[18/160]Batch[100]	Speed 6324.5 (+44.6) sample/sec 	RMSE = 15.91429, RULscore = 68008.83122 	
2024-11-01 11:30:02,119 Train-Epoch[18/160]Batch[111]	Speed 5597.0 (+41.2) sample/sec 	RMSE = 15.93780, RULscore = 73939.15998 	
2024-11-01 11:30:02,151 Test-Epoch[18/160]Batch[0]	Speed 796.4 (+2889.7) sample/sec 	RMSE = 13.32109, RULscore = 65.55968 	
2024-11-01 11:30:02,173 Test-Epoch[18/160]Batch[3]	Speed 4368.0 (+290.4) sample/sec 	RMSE = 14.07191, RULscore = 366.70778 	
2024-11-01 11:30:02,173 Test-Epoch[18/160]Batch[3]	RMSE = 14.07191, RULscore = 366.70778 	
2024-11-01 11:30:02,173 Final_Epoch [18]   time cost: 2.38 sec (0.00 h)
2024-11-01 11:30:02,173 Train_RMSE = 15.93780, Train_RULscore = 73939.15998, Test_RMSE = 14.07191, Test_RULscore = 366.70778, Train_RMSE_cor = 15.81207, Train_RULscore_min = 72311.71414, Test_RMSE_cor = 14.11968, Test_RULscore_min = 339.15337, Model_ID = 18.00000 	
2024-11-01 11:30:02,177 Checkpoint (model & optimizer) saved to: /home/qchenax/astar/rul_prompt/output/basic/FD001/exp_202411011129_bilstm_ep-0019.pth
2024-11-01 11:30:02,231 Train-Epoch[19/160]Batch[0]	Speed 2436.0 (+2445.0) sample/sec 	RMSE = 13.47557, RULscore = 469.48454 	
2024-11-01 11:30:03,274 Train-Epoch[19/160]Batch[50]	Speed 6136.0 (+47.3) sample/sec 	RMSE = 15.59268, RULscore = 33825.48353 	
2024-11-01 11:30:04,270 Train-Epoch[19/160]Batch[100]	Speed 6427.0 (+47.8) sample/sec 	RMSE = 15.82172, RULscore = 69144.52143 	
2024-11-01 11:30:04,503 Train-Epoch[19/160]Batch[111]	Speed 5679.0 (+46.8) sample/sec 	RMSE = 15.76122, RULscore = 74358.62921 	
2024-11-01 11:30:04,536 Test-Epoch[19/160]Batch[0]	Speed 773.6 (+2815.3) sample/sec 	RMSE = 14.17163, RULscore = 65.92499 	
2024-11-01 11:30:04,557 Test-Epoch[19/160]Batch[3]	Speed 4364.5 (+282.3) sample/sec 	RMSE = 14.72458, RULscore = 308.34177 	
2024-11-01 11:30:04,557 Test-Epoch[19/160]Batch[3]	RMSE = 14.72458, RULscore = 308.34177 	
2024-11-01 11:30:04,557 Final_Epoch [19]   time cost: 2.38 sec (0.00 h)
2024-11-01 11:30:04,557 Train_RMSE = 15.76122, Train_RULscore = 74358.62921, Test_RMSE = 14.72458, Test_RULscore = 308.34177, Train_RMSE_cor = 15.81207, Train_RULscore_min = 72311.71414, Test_RMSE_cor = 14.72458, Test_RULscore_min = 308.34177, Model_ID = 20.00000 	
2024-11-01 11:30:04,561 Checkpoint (model & optimizer) saved to: /home/qchenax/astar/rul_prompt/output/basic/FD001/exp_202411011129_bilstm_ep-0020.pth
2024-11-01 11:30:04,618 Train-Epoch[20/160]Batch[0]	Speed 2285.8 (+2701.7) sample/sec 	RMSE = 16.51077, RULscore = 474.92230 	
2024-11-01 11:30:05,604 Train-Epoch[20/160]Batch[50]	Speed 6495.6 (+47.1) sample/sec 	RMSE = 15.15442, RULscore = 29267.06818 	
2024-11-01 11:30:06,584 Train-Epoch[20/160]Batch[100]	Speed 6527.8 (+47.4) sample/sec 	RMSE = 15.43745, RULscore = 62691.93945 	
2024-11-01 11:30:06,808 Train-Epoch[20/160]Batch[111]	Speed 5866.6 (+46.8) sample/sec 	RMSE = 15.41613, RULscore = 67550.70291 	
2024-11-01 11:30:06,837 Test-Epoch[20/160]Batch[0]	Speed 897.1 (+1920.3) sample/sec 	RMSE = 13.34883, RULscore = 68.76772 	
2024-11-01 11:30:06,861 Test-Epoch[20/160]Batch[3]	Speed 3775.5 (+317.8) sample/sec 	RMSE = 14.04460, RULscore = 404.54151 	
2024-11-01 11:30:06,861 Test-Epoch[20/160]Batch[3]	RMSE = 14.04460, RULscore = 404.54151 	
2024-11-01 11:30:06,861 Final_Epoch [20]   time cost: 2.30 sec (0.00 h)
2024-11-01 11:30:06,861 Train_RMSE = 15.41613, Train_RULscore = 67550.70291, Test_RMSE = 14.04460, Test_RULscore = 404.54151, Train_RMSE_cor = 15.41613, Train_RULscore_min = 67550.70291, Test_RMSE_cor = 14.72458, Test_RULscore_min = 308.34177, Model_ID = 20.00000 	
2024-11-01 11:30:06,865 Checkpoint (model & optimizer) saved to: /home/qchenax/astar/rul_prompt/output/basic/FD001/exp_202411011129_bilstm_ep-0021.pth
2024-11-01 11:30:06,922 Train-Epoch[21/160]Batch[0]	Speed 2287.7 (+2856.7) sample/sec 	RMSE = 12.02458, RULscore = 339.33781 	
2024-11-01 11:30:07,899 Train-Epoch[21/160]Batch[50]	Speed 6551.9 (+49.7) sample/sec 	RMSE = 15.10023, RULscore = 28676.96711 	
2024-11-01 11:30:08,970 Train-Epoch[21/160]Batch[100]	Speed 5975.1 (+40.4) sample/sec 	RMSE = 15.24570, RULscore = 58658.59072 	
2024-11-01 11:30:09,202 Train-Epoch[21/160]Batch[111]	Speed 5734.6 (+51.0) sample/sec 	RMSE = 15.25180, RULscore = 64300.90294 	
2024-11-01 11:30:09,241 Test-Epoch[21/160]Batch[0]	Speed 651.2 (+3428.4) sample/sec 	RMSE = 13.71157, RULscore = 70.93248 	
2024-11-01 11:30:09,260 Test-Epoch[21/160]Batch[3]	Speed 5421.5 (+322.9) sample/sec 	RMSE = 13.78255, RULscore = 325.45151 	
2024-11-01 11:30:09,260 Test-Epoch[21/160]Batch[3]	RMSE = 13.78255, RULscore = 325.45151 	
2024-11-01 11:30:09,260 Final_Epoch [21]   time cost: 2.39 sec (0.00 h)
2024-11-01 11:30:09,260 Train_RMSE = 15.25180, Train_RULscore = 64300.90294, Test_RMSE = 13.78255, Test_RULscore = 325.45151, Train_RMSE_cor = 15.25180, Train_RULscore_min = 64300.90294, Test_RMSE_cor = 14.72458, Test_RULscore_min = 308.34177, Model_ID = 20.00000 	
2024-11-01 11:30:09,266 Checkpoint (model & optimizer) saved to: /home/qchenax/astar/rul_prompt/output/basic/FD001/exp_202411011129_bilstm_ep-0022.pth
2024-11-01 11:30:09,327 Train-Epoch[22/160]Batch[0]	Speed 2163.9 (+2283.3) sample/sec 	RMSE = 12.24385, RULscore = 357.48017 	
2024-11-01 11:30:10,335 Train-Epoch[22/160]Batch[50]	Speed 6346.5 (+47.5) sample/sec 	RMSE = 14.99542, RULscore = 29371.21901 	
2024-11-01 11:30:11,393 Train-Epoch[22/160]Batch[100]	Speed 6050.8 (+45.0) sample/sec 	RMSE = 14.89915, RULscore = 58170.38833 	
2024-11-01 11:30:11,623 Train-Epoch[22/160]Batch[111]	Speed 5781.3 (+50.9) sample/sec 	RMSE = 14.93219, RULscore = 63144.29640 	
2024-11-01 11:30:11,662 Test-Epoch[22/160]Batch[0]	Speed 656.9 (+1885.5) sample/sec 	RMSE = 13.38628, RULscore = 68.81146 	
2024-11-01 11:30:11,681 Test-Epoch[22/160]Batch[3]	Speed 5241.3 (+326.5) sample/sec 	RMSE = 13.80098, RULscore = 342.08071 	
2024-11-01 11:30:11,681 Test-Epoch[22/160]Batch[3]	RMSE = 13.80098, RULscore = 342.08071 	
2024-11-01 11:30:11,681 Final_Epoch [22]   time cost: 2.42 sec (0.00 h)
2024-11-01 11:30:11,681 Train_RMSE = 14.93219, Train_RULscore = 63144.29640, Test_RMSE = 13.80098, Test_RULscore = 342.08071, Train_RMSE_cor = 14.93219, Train_RULscore_min = 63144.29640, Test_RMSE_cor = 14.72458, Test_RULscore_min = 308.34177, Model_ID = 20.00000 	
2024-11-01 11:30:11,685 Checkpoint (model & optimizer) saved to: /home/qchenax/astar/rul_prompt/output/basic/FD001/exp_202411011129_bilstm_ep-0023.pth
2024-11-01 11:30:11,746 Train-Epoch[23/160]Batch[0]	Speed 2174.5 (+2411.1) sample/sec 	RMSE = 12.53880, RULscore = 330.83663 	
2024-11-01 11:30:12,784 Train-Epoch[23/160]Batch[50]	Speed 6161.9 (+41.7) sample/sec 	RMSE = 15.01602, RULscore = 27968.75419 	
2024-11-01 11:30:13,824 Train-Epoch[23/160]Batch[100]	Speed 6154.0 (+41.2) sample/sec 	RMSE = 15.01695, RULscore = 54548.40412 	
2024-11-01 11:30:14,061 Train-Epoch[23/160]Batch[111]	Speed 5554.1 (+39.1) sample/sec 	RMSE = 15.03628, RULscore = 59927.11741 	
2024-11-01 11:30:14,089 Test-Epoch[23/160]Batch[0]	Speed 915.1 (+1944.2) sample/sec 	RMSE = 14.51915, RULscore = 96.12976 	
2024-11-01 11:30:14,112 Test-Epoch[23/160]Batch[3]	Speed 4649.2 (+488.0) sample/sec 	RMSE = 14.38654, RULscore = 460.19379 	
2024-11-01 11:30:14,112 Test-Epoch[23/160]Batch[3]	RMSE = 14.38654, RULscore = 460.19379 	
2024-11-01 11:30:14,112 Final_Epoch [23]   time cost: 2.43 sec (0.00 h)
2024-11-01 11:30:14,112 Train_RMSE = 15.03628, Train_RULscore = 59927.11741, Test_RMSE = 14.38654, Test_RULscore = 460.19379, Train_RMSE_cor = 15.03628, Train_RULscore_min = 59927.11741, Test_RMSE_cor = 14.72458, Test_RULscore_min = 308.34177, Model_ID = 20.00000 	
2024-11-01 11:30:14,116 Checkpoint (model & optimizer) saved to: /home/qchenax/astar/rul_prompt/output/basic/FD001/exp_202411011129_bilstm_ep-0024.pth
2024-11-01 11:30:14,172 Train-Epoch[24/160]Batch[0]	Speed 2367.2 (+2944.3) sample/sec 	RMSE = 12.91448, RULscore = 364.08828 	
2024-11-01 11:30:15,222 Train-Epoch[24/160]Batch[50]	Speed 6090.3 (+39.4) sample/sec 	RMSE = 15.26745, RULscore = 32482.67814 	
2024-11-01 11:30:16,298 Train-Epoch[24/160]Batch[100]	Speed 5951.4 (+35.6) sample/sec 	RMSE = 15.47228, RULscore = 64464.75893 	
2024-11-01 11:30:16,521 Train-Epoch[24/160]Batch[111]	Speed 5875.0 (+48.7) sample/sec 	RMSE = 15.44420, RULscore = 70230.05964 	
2024-11-01 11:30:16,548 Test-Epoch[24/160]Batch[0]	Speed 936.6 (+1847.9) sample/sec 	RMSE = 13.53584, RULscore = 60.15013 	
2024-11-01 11:30:16,570 Test-Epoch[24/160]Batch[3]	Speed 4386.2 (+357.6) sample/sec 	RMSE = 14.53368, RULscore = 314.27678 	
2024-11-01 11:30:16,570 Test-Epoch[24/160]Batch[3]	RMSE = 14.53368, RULscore = 314.27678 	
2024-11-01 11:30:16,570 Final_Epoch [24]   time cost: 2.45 sec (0.00 h)
2024-11-01 11:30:16,570 Train_RMSE = 15.44420, Train_RULscore = 70230.05964, Test_RMSE = 14.53368, Test_RULscore = 314.27678, Train_RMSE_cor = 15.03628, Train_RULscore_min = 59927.11741, Test_RMSE_cor = 14.72458, Test_RULscore_min = 308.34177, Model_ID = 20.00000 	
2024-11-01 11:30:16,574 Checkpoint (model & optimizer) saved to: /home/qchenax/astar/rul_prompt/output/basic/FD001/exp_202411011129_bilstm_ep-0025.pth
2024-11-01 11:30:16,629 Train-Epoch[25/160]Batch[0]	Speed 2382.5 (+2167.1) sample/sec 	RMSE = 16.00444, RULscore = 417.21096 	
2024-11-01 11:30:17,691 Train-Epoch[25/160]Batch[50]	Speed 6026.3 (+42.5) sample/sec 	RMSE = 14.60749, RULscore = 27758.33445 	
2024-11-01 11:30:18,760 Train-Epoch[25/160]Batch[100]	Speed 5986.7 (+38.0) sample/sec 	RMSE = 14.85678, RULscore = 57040.34907 	
2024-11-01 11:30:18,996 Train-Epoch[25/160]Batch[111]	Speed 5616.5 (+40.8) sample/sec 	RMSE = 14.87555, RULscore = 62803.99053 	
2024-11-01 11:30:19,025 Test-Epoch[25/160]Batch[0]	Speed 864.1 (+2712.0) sample/sec 	RMSE = 12.90736, RULscore = 54.26581 	
2024-11-01 11:30:19,051 Test-Epoch[25/160]Batch[3]	Speed 3613.0 (+204.6) sample/sec 	RMSE = 13.81829, RULscore = 274.51866 	
2024-11-01 11:30:19,051 Test-Epoch[25/160]Batch[3]	RMSE = 13.81829, RULscore = 274.51866 	
2024-11-01 11:30:19,051 Final_Epoch [25]   time cost: 2.48 sec (0.00 h)
2024-11-01 11:30:19,051 Train_RMSE = 14.87555, Train_RULscore = 62803.99053, Test_RMSE = 13.81829, Test_RULscore = 274.51866, Train_RMSE_cor = 15.03628, Train_RULscore_min = 59927.11741, Test_RMSE_cor = 13.81829, Test_RULscore_min = 274.51866, Model_ID = 26.00000 	
2024-11-01 11:30:19,055 Checkpoint (model & optimizer) saved to: /home/qchenax/astar/rul_prompt/output/basic/FD001/exp_202411011129_bilstm_ep-0026.pth
2024-11-01 11:30:19,109 Train-Epoch[26/160]Batch[0]	Speed 2393.9 (+2309.5) sample/sec 	RMSE = 13.10548, RULscore = 339.29779 	
2024-11-01 11:30:20,174 Train-Epoch[26/160]Batch[50]	Speed 6013.1 (+41.9) sample/sec 	RMSE = 14.79896, RULscore = 27547.57468 	
2024-11-01 11:30:21,200 Train-Epoch[26/160]Batch[100]	Speed 6237.4 (+43.3) sample/sec 	RMSE = 14.82714, RULscore = 53532.79354 	
2024-11-01 11:30:21,460 Train-Epoch[26/160]Batch[111]	Speed 5045.4 (+37.1) sample/sec 	RMSE = 14.83409, RULscore = 59305.17114 	
2024-11-01 11:30:21,490 Test-Epoch[26/160]Batch[0]	Speed 824.6 (+2968.7) sample/sec 	RMSE = 13.73844, RULscore = 62.34219 	
2024-11-01 11:30:21,515 Test-Epoch[26/160]Batch[3]	Speed 3781.1 (+212.7) sample/sec 	RMSE = 13.94157, RULscore = 270.12856 	
2024-11-01 11:30:21,515 Test-Epoch[26/160]Batch[3]	RMSE = 13.94157, RULscore = 270.12856 	
2024-11-01 11:30:21,515 Final_Epoch [26]   time cost: 2.46 sec (0.00 h)
2024-11-01 11:30:21,515 Train_RMSE = 14.83409, Train_RULscore = 59305.17114, Test_RMSE = 13.94157, Test_RULscore = 270.12856, Train_RMSE_cor = 14.83409, Train_RULscore_min = 59305.17114, Test_RMSE_cor = 13.94157, Test_RULscore_min = 270.12856, Model_ID = 27.00000 	
2024-11-01 11:30:21,520 Checkpoint (model & optimizer) saved to: /home/qchenax/astar/rul_prompt/output/basic/FD001/exp_202411011129_bilstm_ep-0027.pth
2024-11-01 11:30:21,576 Train-Epoch[27/160]Batch[0]	Speed 2336.4 (+2887.1) sample/sec 	RMSE = 12.87154, RULscore = 397.99712 	
2024-11-01 11:30:22,635 Train-Epoch[27/160]Batch[50]	Speed 6046.8 (+42.4) sample/sec 	RMSE = 14.45307, RULscore = 25901.31977 	
2024-11-01 11:30:23,656 Train-Epoch[27/160]Batch[100]	Speed 6265.2 (+49.6) sample/sec 	RMSE = 14.51641, RULscore = 51872.04653 	
